[32m2023-10-24 05:55:59.88 DEBUG    [DC4100_LED.py:69] Serial<id=0x21fdcb42c10, open=True>(port='COM5', baudrate=115200, bytesize=8, parity='N', stopbits=1, timeout=0.1, xonxoff=0, rtscts=0, dsrdtr=False)[0m
[32m2023-10-24 05:55:59.89 DEBUG    [DC4100_LED.py:89] DC4100: Sending o 0 0[0m
[32m2023-10-24 05:55:59.199 DEBUG    [DC4100_LED.py:92] DC4100: Received b''[0m
[32m2023-10-24 05:55:59.199 DEBUG    [DC4100_LED.py:89] DC4100: Sending o 1 0[0m
[32m2023-10-24 05:55:59.309 DEBUG    [DC4100_LED.py:92] DC4100: Received b''[0m
[32m2023-10-24 05:55:59.309 DEBUG    [DC4100_LED.py:89] DC4100: Sending o 2 0[0m
[32m2023-10-24 05:55:59.419 DEBUG    [DC4100_LED.py:92] DC4100: Received b''[0m
[32m2023-10-24 05:55:59.419 DEBUG    [DC4100_LED.py:89] DC4100: Sending o 3 0[0m
[32m2023-10-24 05:55:59.528 DEBUG    [DC4100_LED.py:92] DC4100: Received b''[0m
[1;35m2023-10-24 05:55:59.528 CRITICAL [DC4100_LED.py:164] setting mode[0m
[32m2023-10-24 05:55:59.528 DEBUG    [DC4100_LED.py:89] DC4100: Sending m 2[0m
[32m2023-10-24 05:55:59.640 DEBUG    [DC4100_LED.py:92] DC4100: Received b''[0m
[32m2023-10-24 05:56:00.651 DEBUG    [DC4100_LED.py:89] DC4100: Sending m?[0m
[32m2023-10-24 05:56:00.653 DEBUG    [DC4100_LED.py:92] DC4100: Received b'2\r\n'[0m
[36m2023-10-24 05:56:00.653 INFO     [DC4100_LED.py:215] External Control Mode[0m
[1;35m2023-10-24 05:56:00.653 CRITICAL [DC4100_LED.py:219] 1[0m
[32m2023-10-24 05:56:00.653 DEBUG    [DC4100_LED.py:89] DC4100: Sending o 0 1[0m
[32m2023-10-24 05:56:00.760 DEBUG    [DC4100_LED.py:92] DC4100: Received b''[0m
[1;35m2023-10-24 05:56:00.760 CRITICAL [DC4100_LED.py:219] 2[0m
[32m2023-10-24 05:56:00.760 DEBUG    [DC4100_LED.py:89] DC4100: Sending o 1 1[0m
[32m2023-10-24 05:56:00.870 DEBUG    [DC4100_LED.py:92] DC4100: Received b''[0m
[1;35m2023-10-24 05:56:00.870 CRITICAL [DC4100_LED.py:219] 3[0m
[32m2023-10-24 05:56:00.870 DEBUG    [DC4100_LED.py:89] DC4100: Sending o 2 1[0m
[32m2023-10-24 05:56:00.980 DEBUG    [DC4100_LED.py:92] DC4100: Received b''[0m
[1;35m2023-10-24 05:56:00.980 CRITICAL [DC4100_LED.py:219] 4[0m
[32m2023-10-24 05:56:00.980 DEBUG    [DC4100_LED.py:89] DC4100: Sending o 3 1[0m
[32m2023-10-24 05:56:01.88 DEBUG    [DC4100_LED.py:92] DC4100: Received b''[0m
[32m2023-10-24 05:56:01.88 DEBUG    [DC4100_LED.py:89] DC4100: Sending o 1 1[0m
[32m2023-10-24 05:56:01.195 DEBUG    [DC4100_LED.py:92] DC4100: Received b''[0m
[32m2023-10-24 05:56:01.195 DEBUG    [DC4100_LED.py:89] DC4100: Sending l 1 450[0m
[32m2023-10-24 05:56:01.305 DEBUG    [DC4100_LED.py:92] DC4100: Received b''[0m
[32m2023-10-24 05:56:01.305 DEBUG    [DC4100_LED.py:89] DC4100: Sending o 2 1[0m
[32m2023-10-24 05:56:01.413 DEBUG    [DC4100_LED.py:92] DC4100: Received b''[0m
[32m2023-10-24 05:56:01.413 DEBUG    [DC4100_LED.py:89] DC4100: Sending l 2 10[0m
[32m2023-10-24 05:56:01.520 DEBUG    [DC4100_LED.py:92] DC4100: Received b''[0m
[32m2023-10-24 05:56:01.520 DEBUG    [DC4100_LED.py:89] DC4100: Sending o 3 1[0m
[32m2023-10-24 05:56:01.628 DEBUG    [DC4100_LED.py:92] DC4100: Received b''[0m
[32m2023-10-24 05:56:01.628 DEBUG    [DC4100_LED.py:89] DC4100: Sending l 3 10[0m
[32m2023-10-24 05:56:01.738 DEBUG    [DC4100_LED.py:92] DC4100: Received b''[0m
[32m2023-10-24 05:56:01.738 DEBUG    [DC4100_LED.py:89] DC4100: Sending o 0 1[0m
[32m2023-10-24 05:56:01.845 DEBUG    [DC4100_LED.py:92] DC4100: Received b''[0m
[32m2023-10-24 05:56:01.845 DEBUG    [DC4100_LED.py:89] DC4100: Sending l 0 500[0m
[32m2023-10-24 05:56:01.954 DEBUG    [DC4100_LED.py:92] DC4100: Received b''[0m
[32m2023-10-24 05:56:03.121 DEBUG    [AcquisitionClass.py:124] 1000[0m
[32m2023-10-24 05:56:03.122 DEBUG    [AcquisitionClass.py:125] 1.0[0m
[32m2023-10-24 05:56:03.122 DEBUG    [AcquisitionClass.py:126] 10000[0m
[32m2023-10-24 05:56:03.122 DEBUG    [AcquisitionClass.py:127] 10[0m
[32m2023-10-24 05:56:03.123 DEBUG    [AcquisitionClass.py:128] 10000[0m
[32m2023-10-24 05:56:03.123 DEBUG    [AcquisitionClass.py:129] 10000[0m
[32m2023-10-24 05:56:03.123 DEBUG    [AcquisitionClass.py:130] 10000[0m
[36m2023-10-24 05:57:02.662 INFO     [AcquisitionClass.py:516] frequency: 10.000 
 amplitude 0.200 
 offset 1.000  
 acquisiton time 4932.000 
 points per period 1000.000 
 number of periods 10.000[0m
[1;31m2023-10-24 07:18:43.803 ERROR    [AcquisitionClass.py:529] Voltage saturation of the MPPC fluorescence reader[0m
