[32m2023-10-10 11:40:32.472 DEBUG    [DC4100_LED.py:69] Serial<id=0x19ab7312fd0, open=True>(port='COM5', baudrate=115200, bytesize=8, parity='N', stopbits=1, timeout=0.1, xonxoff=0, rtscts=0, dsrdtr=False)[0m
[32m2023-10-10 11:40:32.472 DEBUG    [DC4100_LED.py:89] DC4100: Sending o 0 0[0m
[32m2023-10-10 11:40:32.579 DEBUG    [DC4100_LED.py:92] DC4100: Received b''[0m
[32m2023-10-10 11:40:32.579 DEBUG    [DC4100_LED.py:89] DC4100: Sending o 1 0[0m
[32m2023-10-10 11:40:32.689 DEBUG    [DC4100_LED.py:92] DC4100: Received b''[0m
[32m2023-10-10 11:40:32.689 DEBUG    [DC4100_LED.py:89] DC4100: Sending o 2 0[0m
[32m2023-10-10 11:40:32.812 DEBUG    [DC4100_LED.py:92] DC4100: Received b''[0m
[32m2023-10-10 11:40:32.812 DEBUG    [DC4100_LED.py:89] DC4100: Sending o 3 0[0m
[32m2023-10-10 11:40:32.921 DEBUG    [DC4100_LED.py:92] DC4100: Received b''[0m
[1;35m2023-10-10 11:40:32.921 CRITICAL [DC4100_LED.py:164] setting mode[0m
[32m2023-10-10 11:40:32.921 DEBUG    [DC4100_LED.py:89] DC4100: Sending m 2[0m
[32m2023-10-10 11:40:33.32 DEBUG    [DC4100_LED.py:92] DC4100: Received b''[0m
[32m2023-10-10 11:40:34.43 DEBUG    [DC4100_LED.py:89] DC4100: Sending m?[0m
[32m2023-10-10 11:40:34.45 DEBUG    [DC4100_LED.py:92] DC4100: Received b'2\r\n'[0m
[36m2023-10-10 11:40:34.45 INFO     [DC4100_LED.py:215] External Control Mode[0m
[1;35m2023-10-10 11:40:34.45 CRITICAL [DC4100_LED.py:219] 1[0m
[32m2023-10-10 11:40:34.45 DEBUG    [DC4100_LED.py:89] DC4100: Sending o 0 1[0m
[32m2023-10-10 11:40:34.154 DEBUG    [DC4100_LED.py:92] DC4100: Received b''[0m
[1;35m2023-10-10 11:40:34.154 CRITICAL [DC4100_LED.py:219] 2[0m
[32m2023-10-10 11:40:34.154 DEBUG    [DC4100_LED.py:89] DC4100: Sending o 1 1[0m
[32m2023-10-10 11:40:34.263 DEBUG    [DC4100_LED.py:92] DC4100: Received b''[0m
[1;35m2023-10-10 11:40:34.263 CRITICAL [DC4100_LED.py:219] 3[0m
[32m2023-10-10 11:40:34.263 DEBUG    [DC4100_LED.py:89] DC4100: Sending o 2 1[0m
[32m2023-10-10 11:40:34.373 DEBUG    [DC4100_LED.py:92] DC4100: Received b''[0m
[1;35m2023-10-10 11:40:34.373 CRITICAL [DC4100_LED.py:219] 4[0m
[32m2023-10-10 11:40:34.373 DEBUG    [DC4100_LED.py:89] DC4100: Sending o 3 1[0m
[32m2023-10-10 11:40:34.481 DEBUG    [DC4100_LED.py:92] DC4100: Received b''[0m
[32m2023-10-10 11:40:34.481 DEBUG    [DC4100_LED.py:89] DC4100: Sending o 1 1[0m
[32m2023-10-10 11:40:34.589 DEBUG    [DC4100_LED.py:92] DC4100: Received b''[0m
[32m2023-10-10 11:40:34.589 DEBUG    [DC4100_LED.py:89] DC4100: Sending l 1 1000[0m
[32m2023-10-10 11:40:34.699 DEBUG    [DC4100_LED.py:92] DC4100: Received b''[0m
[32m2023-10-10 11:40:34.699 DEBUG    [DC4100_LED.py:89] DC4100: Sending o 2 0[0m
[32m2023-10-10 11:40:34.809 DEBUG    [DC4100_LED.py:92] DC4100: Received b''[0m
[32m2023-10-10 11:40:34.809 DEBUG    [DC4100_LED.py:89] DC4100: Sending o 3 0[0m
[32m2023-10-10 11:40:34.918 DEBUG    [DC4100_LED.py:92] DC4100: Received b''[0m
[32m2023-10-10 11:40:34.918 DEBUG    [DC4100_LED.py:89] DC4100: Sending o 0 0[0m
[32m2023-10-10 11:40:35.27 DEBUG    [DC4100_LED.py:92] DC4100: Received b''[0m
[32m2023-10-10 11:40:36.539 DEBUG    [AcquisitionClass.py:124] 1000[0m
[32m2023-10-10 11:40:36.539 DEBUG    [AcquisitionClass.py:125] 1.0[0m
[32m2023-10-10 11:40:36.540 DEBUG    [AcquisitionClass.py:126] 10000[0m
[32m2023-10-10 11:40:36.540 DEBUG    [AcquisitionClass.py:127] 10[0m
[32m2023-10-10 11:40:36.540 DEBUG    [AcquisitionClass.py:128] 10000[0m
[32m2023-10-10 11:40:36.540 DEBUG    [AcquisitionClass.py:129] 10000[0m
[32m2023-10-10 11:40:36.541 DEBUG    [AcquisitionClass.py:130] 10000[0m
