[32m2023-10-24 12:12:24.896 DEBUG    [DC4100_LED.py:69] Serial<id=0x183c4c92c40, open=True>(port='COM5', baudrate=115200, bytesize=8, parity='N', stopbits=1, timeout=0.1, xonxoff=0, rtscts=0, dsrdtr=False)[0m
[32m2023-10-24 12:12:24.896 DEBUG    [DC4100_LED.py:89] DC4100: Sending o 0 0[0m
[32m2023-10-24 12:12:25.4 DEBUG    [DC4100_LED.py:92] DC4100: Received b''[0m
[32m2023-10-24 12:12:25.4 DEBUG    [DC4100_LED.py:89] DC4100: Sending o 1 0[0m
[32m2023-10-24 12:12:25.112 DEBUG    [DC4100_LED.py:92] DC4100: Received b''[0m
[32m2023-10-24 12:12:25.112 DEBUG    [DC4100_LED.py:89] DC4100: Sending o 2 0[0m
[32m2023-10-24 12:12:25.219 DEBUG    [DC4100_LED.py:92] DC4100: Received b''[0m
[32m2023-10-24 12:12:25.219 DEBUG    [DC4100_LED.py:89] DC4100: Sending o 3 0[0m
[32m2023-10-24 12:12:25.325 DEBUG    [DC4100_LED.py:92] DC4100: Received b''[0m
[1;35m2023-10-24 12:12:25.325 CRITICAL [DC4100_LED.py:164] setting mode[0m
[32m2023-10-24 12:12:25.326 DEBUG    [DC4100_LED.py:89] DC4100: Sending m 2[0m
[32m2023-10-24 12:12:25.433 DEBUG    [DC4100_LED.py:92] DC4100: Received b''[0m
[32m2023-10-24 12:12:26.446 DEBUG    [DC4100_LED.py:89] DC4100: Sending m?[0m
[32m2023-10-24 12:12:26.447 DEBUG    [DC4100_LED.py:92] DC4100: Received b'2\r\n'[0m
[36m2023-10-24 12:12:26.448 INFO     [DC4100_LED.py:215] External Control Mode[0m
[1;35m2023-10-24 12:12:26.450 CRITICAL [DC4100_LED.py:219] 1[0m
[32m2023-10-24 12:12:26.450 DEBUG    [DC4100_LED.py:89] DC4100: Sending o 0 1[0m
[32m2023-10-24 12:12:26.555 DEBUG    [DC4100_LED.py:92] DC4100: Received b''[0m
[1;35m2023-10-24 12:12:26.555 CRITICAL [DC4100_LED.py:219] 2[0m
[32m2023-10-24 12:12:26.555 DEBUG    [DC4100_LED.py:89] DC4100: Sending o 1 1[0m
[32m2023-10-24 12:12:26.663 DEBUG    [DC4100_LED.py:92] DC4100: Received b''[0m
[1;35m2023-10-24 12:12:26.663 CRITICAL [DC4100_LED.py:219] 3[0m
[32m2023-10-24 12:12:26.663 DEBUG    [DC4100_LED.py:89] DC4100: Sending o 2 1[0m
[32m2023-10-24 12:12:26.771 DEBUG    [DC4100_LED.py:92] DC4100: Received b''[0m
[1;35m2023-10-24 12:12:26.771 CRITICAL [DC4100_LED.py:219] 4[0m
[32m2023-10-24 12:12:26.771 DEBUG    [DC4100_LED.py:89] DC4100: Sending o 3 1[0m
[32m2023-10-24 12:12:26.879 DEBUG    [DC4100_LED.py:92] DC4100: Received b''[0m
[32m2023-10-24 12:12:26.879 DEBUG    [DC4100_LED.py:89] DC4100: Sending o 1 1[0m
[32m2023-10-24 12:12:26.988 DEBUG    [DC4100_LED.py:92] DC4100: Received b''[0m
[32m2023-10-24 12:12:26.988 DEBUG    [DC4100_LED.py:89] DC4100: Sending l 1 150[0m
[32m2023-10-24 12:12:27.98 DEBUG    [DC4100_LED.py:92] DC4100: Received b''[0m
[32m2023-10-24 12:12:27.98 DEBUG    [DC4100_LED.py:89] DC4100: Sending o 2 1[0m
[32m2023-10-24 12:12:27.208 DEBUG    [DC4100_LED.py:92] DC4100: Received b''[0m
[32m2023-10-24 12:12:27.208 DEBUG    [DC4100_LED.py:89] DC4100: Sending l 2 10[0m
[32m2023-10-24 12:12:27.316 DEBUG    [DC4100_LED.py:92] DC4100: Received b''[0m
[32m2023-10-24 12:12:27.316 DEBUG    [DC4100_LED.py:89] DC4100: Sending o 3 1[0m
[32m2023-10-24 12:12:27.426 DEBUG    [DC4100_LED.py:92] DC4100: Received b''[0m
[32m2023-10-24 12:12:27.426 DEBUG    [DC4100_LED.py:89] DC4100: Sending l 3 10[0m
[32m2023-10-24 12:12:27.535 DEBUG    [DC4100_LED.py:92] DC4100: Received b''[0m
[32m2023-10-24 12:12:27.535 DEBUG    [DC4100_LED.py:89] DC4100: Sending o 0 1[0m
[32m2023-10-24 12:12:27.642 DEBUG    [DC4100_LED.py:92] DC4100: Received b''[0m
[32m2023-10-24 12:12:27.642 DEBUG    [DC4100_LED.py:89] DC4100: Sending l 0 500[0m
[32m2023-10-24 12:12:27.751 DEBUG    [DC4100_LED.py:92] DC4100: Received b''[0m
[32m2023-10-24 12:12:28.940 DEBUG    [AcquisitionClass.py:124] 1000[0m
[32m2023-10-24 12:12:28.940 DEBUG    [AcquisitionClass.py:125] 1.0[0m
[32m2023-10-24 12:12:28.941 DEBUG    [AcquisitionClass.py:126] 10000[0m
[32m2023-10-24 12:12:28.941 DEBUG    [AcquisitionClass.py:127] 10[0m
[32m2023-10-24 12:12:28.941 DEBUG    [AcquisitionClass.py:128] 10000[0m
[32m2023-10-24 12:12:28.943 DEBUG    [AcquisitionClass.py:129] 10000[0m
[32m2023-10-24 12:12:28.943 DEBUG    [AcquisitionClass.py:130] 10000[0m
[36m2023-10-24 12:13:28.481 INFO     [AcquisitionClass.py:516] frequency: 10.000 
 amplitude 0.200 
 offset 1.000  
 acquisiton time 2952.000 
 points per period 1000.000 
 number of periods 10.000[0m
[1;31m2023-10-24 13:02:09.554 ERROR    [AcquisitionClass.py:529] Voltage saturation of the MPPC fluorescence reader[0m
