[32m2023-10-24 13:02:52.415 DEBUG    [DC4100_LED.py:69] Serial<id=0x205e78d1c40, open=True>(port='COM5', baudrate=115200, bytesize=8, parity='N', stopbits=1, timeout=0.1, xonxoff=0, rtscts=0, dsrdtr=False)[0m
[32m2023-10-24 13:02:52.416 DEBUG    [DC4100_LED.py:89] DC4100: Sending o 0 0[0m
[32m2023-10-24 13:02:52.522 DEBUG    [DC4100_LED.py:92] DC4100: Received b''[0m
[32m2023-10-24 13:02:52.522 DEBUG    [DC4100_LED.py:89] DC4100: Sending o 1 0[0m
[32m2023-10-24 13:02:52.632 DEBUG    [DC4100_LED.py:92] DC4100: Received b''[0m
[32m2023-10-24 13:02:52.632 DEBUG    [DC4100_LED.py:89] DC4100: Sending o 2 0[0m
[32m2023-10-24 13:02:52.740 DEBUG    [DC4100_LED.py:92] DC4100: Received b''[0m
[32m2023-10-24 13:02:52.740 DEBUG    [DC4100_LED.py:89] DC4100: Sending o 3 0[0m
[32m2023-10-24 13:02:52.848 DEBUG    [DC4100_LED.py:92] DC4100: Received b''[0m
[1;35m2023-10-24 13:02:52.848 CRITICAL [DC4100_LED.py:164] setting mode[0m
[32m2023-10-24 13:02:52.848 DEBUG    [DC4100_LED.py:89] DC4100: Sending m 2[0m
[32m2023-10-24 13:02:52.956 DEBUG    [DC4100_LED.py:92] DC4100: Received b''[0m
[32m2023-10-24 13:02:53.970 DEBUG    [DC4100_LED.py:89] DC4100: Sending m?[0m
[32m2023-10-24 13:02:53.972 DEBUG    [DC4100_LED.py:92] DC4100: Received b'2\r\n'[0m
[36m2023-10-24 13:02:53.972 INFO     [DC4100_LED.py:215] External Control Mode[0m
[1;35m2023-10-24 13:02:53.972 CRITICAL [DC4100_LED.py:219] 1[0m
[32m2023-10-24 13:02:53.972 DEBUG    [DC4100_LED.py:89] DC4100: Sending o 0 1[0m
[32m2023-10-24 13:02:54.78 DEBUG    [DC4100_LED.py:92] DC4100: Received b''[0m
[1;35m2023-10-24 13:02:54.78 CRITICAL [DC4100_LED.py:219] 2[0m
[32m2023-10-24 13:02:54.78 DEBUG    [DC4100_LED.py:89] DC4100: Sending o 1 1[0m
[32m2023-10-24 13:02:54.186 DEBUG    [DC4100_LED.py:92] DC4100: Received b''[0m
[1;35m2023-10-24 13:02:54.186 CRITICAL [DC4100_LED.py:219] 3[0m
[32m2023-10-24 13:02:54.186 DEBUG    [DC4100_LED.py:89] DC4100: Sending o 2 1[0m
[32m2023-10-24 13:02:54.294 DEBUG    [DC4100_LED.py:92] DC4100: Received b''[0m
[1;35m2023-10-24 13:02:54.295 CRITICAL [DC4100_LED.py:219] 4[0m
[32m2023-10-24 13:02:54.295 DEBUG    [DC4100_LED.py:89] DC4100: Sending o 3 1[0m
[32m2023-10-24 13:02:54.403 DEBUG    [DC4100_LED.py:92] DC4100: Received b''[0m
[32m2023-10-24 13:02:54.403 DEBUG    [DC4100_LED.py:89] DC4100: Sending o 1 1[0m
[32m2023-10-24 13:02:54.511 DEBUG    [DC4100_LED.py:92] DC4100: Received b''[0m
[32m2023-10-24 13:02:54.511 DEBUG    [DC4100_LED.py:89] DC4100: Sending l 1 30[0m
[32m2023-10-24 13:02:54.622 DEBUG    [DC4100_LED.py:92] DC4100: Received b''[0m
[32m2023-10-24 13:02:54.622 DEBUG    [DC4100_LED.py:89] DC4100: Sending o 2 1[0m
[32m2023-10-24 13:02:54.733 DEBUG    [DC4100_LED.py:92] DC4100: Received b''[0m
[32m2023-10-24 13:02:54.733 DEBUG    [DC4100_LED.py:89] DC4100: Sending l 2 150[0m
[32m2023-10-24 13:02:54.843 DEBUG    [DC4100_LED.py:92] DC4100: Received b''[0m
[32m2023-10-24 13:02:54.843 DEBUG    [DC4100_LED.py:89] DC4100: Sending o 3 1[0m
[32m2023-10-24 13:02:54.950 DEBUG    [DC4100_LED.py:92] DC4100: Received b''[0m
[32m2023-10-24 13:02:54.950 DEBUG    [DC4100_LED.py:89] DC4100: Sending l 3 100[0m
[32m2023-10-24 13:02:55.60 DEBUG    [DC4100_LED.py:92] DC4100: Received b''[0m
[32m2023-10-24 13:02:55.60 DEBUG    [DC4100_LED.py:89] DC4100: Sending o 0 0[0m
[32m2023-10-24 13:02:55.169 DEBUG    [DC4100_LED.py:92] DC4100: Received b''[0m
[32m2023-10-24 13:02:56.457 DEBUG    [AcquisitionClass.py:124] 1000[0m
[32m2023-10-24 13:02:56.457 DEBUG    [AcquisitionClass.py:125] 1.0[0m
[32m2023-10-24 13:02:56.458 DEBUG    [AcquisitionClass.py:126] 10000[0m
[32m2023-10-24 13:02:56.458 DEBUG    [AcquisitionClass.py:127] 10[0m
[32m2023-10-24 13:02:56.458 DEBUG    [AcquisitionClass.py:128] 10000[0m
[32m2023-10-24 13:02:56.459 DEBUG    [AcquisitionClass.py:129] 10000[0m
[32m2023-10-24 13:02:56.459 DEBUG    [AcquisitionClass.py:130] 10000[0m
