[32m2023-10-23 23:16:12.365 DEBUG    [DC4100_LED.py:69] Serial<id=0x1b7a8955610, open=True>(port='COM5', baudrate=115200, bytesize=8, parity='N', stopbits=1, timeout=0.1, xonxoff=0, rtscts=0, dsrdtr=False)[0m
[32m2023-10-23 23:16:12.365 DEBUG    [DC4100_LED.py:89] DC4100: Sending o 0 0[0m
[32m2023-10-23 23:16:12.476 DEBUG    [DC4100_LED.py:92] DC4100: Received b''[0m
[32m2023-10-23 23:16:12.476 DEBUG    [DC4100_LED.py:89] DC4100: Sending o 1 0[0m
[32m2023-10-23 23:16:12.584 DEBUG    [DC4100_LED.py:92] DC4100: Received b''[0m
[32m2023-10-23 23:16:12.584 DEBUG    [DC4100_LED.py:89] DC4100: Sending o 2 0[0m
[32m2023-10-23 23:16:12.707 DEBUG    [DC4100_LED.py:92] DC4100: Received b''[0m
[32m2023-10-23 23:16:12.707 DEBUG    [DC4100_LED.py:89] DC4100: Sending o 3 0[0m
[32m2023-10-23 23:16:12.815 DEBUG    [DC4100_LED.py:92] DC4100: Received b''[0m
[1;35m2023-10-23 23:16:12.815 CRITICAL [DC4100_LED.py:164] setting mode[0m
[32m2023-10-23 23:16:12.815 DEBUG    [DC4100_LED.py:89] DC4100: Sending m 2[0m
[32m2023-10-23 23:16:12.924 DEBUG    [DC4100_LED.py:92] DC4100: Received b''[0m
[32m2023-10-23 23:16:13.934 DEBUG    [DC4100_LED.py:89] DC4100: Sending m?[0m
[32m2023-10-23 23:16:13.936 DEBUG    [DC4100_LED.py:92] DC4100: Received b'2\r\n'[0m
[36m2023-10-23 23:16:13.936 INFO     [DC4100_LED.py:215] External Control Mode[0m
[1;35m2023-10-23 23:16:13.936 CRITICAL [DC4100_LED.py:219] 1[0m
[32m2023-10-23 23:16:13.936 DEBUG    [DC4100_LED.py:89] DC4100: Sending o 0 1[0m
[32m2023-10-23 23:16:14.42 DEBUG    [DC4100_LED.py:92] DC4100: Received b''[0m
[1;35m2023-10-23 23:16:14.42 CRITICAL [DC4100_LED.py:219] 2[0m
[32m2023-10-23 23:16:14.42 DEBUG    [DC4100_LED.py:89] DC4100: Sending o 1 1[0m
[32m2023-10-23 23:16:14.151 DEBUG    [DC4100_LED.py:92] DC4100: Received b''[0m
[1;35m2023-10-23 23:16:14.151 CRITICAL [DC4100_LED.py:219] 3[0m
[32m2023-10-23 23:16:14.151 DEBUG    [DC4100_LED.py:89] DC4100: Sending o 2 1[0m
[32m2023-10-23 23:16:14.260 DEBUG    [DC4100_LED.py:92] DC4100: Received b''[0m
[1;35m2023-10-23 23:16:14.260 CRITICAL [DC4100_LED.py:219] 4[0m
[32m2023-10-23 23:16:14.260 DEBUG    [DC4100_LED.py:89] DC4100: Sending o 3 1[0m
[32m2023-10-23 23:16:14.368 DEBUG    [DC4100_LED.py:92] DC4100: Received b''[0m
[32m2023-10-23 23:16:14.368 DEBUG    [DC4100_LED.py:89] DC4100: Sending o 1 1[0m
[32m2023-10-23 23:16:14.477 DEBUG    [DC4100_LED.py:92] DC4100: Received b''[0m
[32m2023-10-23 23:16:14.477 DEBUG    [DC4100_LED.py:89] DC4100: Sending l 1 450[0m
[32m2023-10-23 23:16:14.587 DEBUG    [DC4100_LED.py:92] DC4100: Received b''[0m
[32m2023-10-23 23:16:14.587 DEBUG    [DC4100_LED.py:89] DC4100: Sending o 2 1[0m
[32m2023-10-23 23:16:14.694 DEBUG    [DC4100_LED.py:92] DC4100: Received b''[0m
[32m2023-10-23 23:16:14.694 DEBUG    [DC4100_LED.py:89] DC4100: Sending l 2 150[0m
[32m2023-10-23 23:16:14.803 DEBUG    [DC4100_LED.py:92] DC4100: Received b''[0m
[32m2023-10-23 23:16:14.803 DEBUG    [DC4100_LED.py:89] DC4100: Sending o 3 1[0m
[32m2023-10-23 23:16:14.911 DEBUG    [DC4100_LED.py:92] DC4100: Received b''[0m
[32m2023-10-23 23:16:14.911 DEBUG    [DC4100_LED.py:89] DC4100: Sending l 3 150[0m
[32m2023-10-23 23:16:15.18 DEBUG    [DC4100_LED.py:92] DC4100: Received b''[0m
[32m2023-10-23 23:16:15.18 DEBUG    [DC4100_LED.py:89] DC4100: Sending o 0 0[0m
[32m2023-10-23 23:16:15.127 DEBUG    [DC4100_LED.py:92] DC4100: Received b''[0m
[32m2023-10-23 23:16:16.402 DEBUG    [AcquisitionClass.py:124] 1000[0m
[32m2023-10-23 23:16:16.402 DEBUG    [AcquisitionClass.py:125] 1.0[0m
[32m2023-10-23 23:16:16.403 DEBUG    [AcquisitionClass.py:126] 10000[0m
[32m2023-10-23 23:16:16.403 DEBUG    [AcquisitionClass.py:127] 10[0m
[32m2023-10-23 23:16:16.404 DEBUG    [AcquisitionClass.py:128] 10000[0m
[32m2023-10-23 23:16:16.404 DEBUG    [AcquisitionClass.py:129] 10000[0m
[32m2023-10-23 23:16:16.404 DEBUG    [AcquisitionClass.py:130] 10000[0m
[32m2023-10-23 23:36:06.950 DEBUG    [DC4100_LED.py:89] DC4100: Sending o 1 0[0m
[32m2023-10-23 23:36:07.59 DEBUG    [DC4100_LED.py:92] DC4100: Received b''[0m
[36m2023-10-23 23:36:07.59 INFO     [AcquisitionClass.py:516] frequency: 10.000 
 amplitude 0.200 
 offset 1.000  
 acquisiton time 2052.000 
 points per period 1000.000 
 number of periods 10.000[0m
[1;31m2023-10-23 23:50:58.0 ERROR    [AcquisitionClass.py:529] Voltage saturation of the MPPC fluorescence reader[0m
[1;35m2023-10-23 23:51:09.815 CRITICAL [qE_OJIP_calib.py:139] 0.0011083183939993373[0m
