[32m2023-10-16 16:54:30.295 DEBUG    [DC4100_LED.py:69] Serial<id=0x28f87028100, open=True>(port='COM5', baudrate=115200, bytesize=8, parity='N', stopbits=1, timeout=0.1, xonxoff=0, rtscts=0, dsrdtr=False)[0m
[32m2023-10-16 16:54:30.295 DEBUG    [DC4100_LED.py:89] DC4100: Sending o 0 0[0m
[32m2023-10-16 16:54:30.400 DEBUG    [DC4100_LED.py:92] DC4100: Received b''[0m
[32m2023-10-16 16:54:30.400 DEBUG    [DC4100_LED.py:89] DC4100: Sending o 1 0[0m
[32m2023-10-16 16:54:30.510 DEBUG    [DC4100_LED.py:92] DC4100: Received b''[0m
[32m2023-10-16 16:54:30.510 DEBUG    [DC4100_LED.py:89] DC4100: Sending o 2 0[0m
[32m2023-10-16 16:54:30.619 DEBUG    [DC4100_LED.py:92] DC4100: Received b''[0m
[32m2023-10-16 16:54:30.619 DEBUG    [DC4100_LED.py:89] DC4100: Sending o 3 0[0m
[32m2023-10-16 16:54:30.727 DEBUG    [DC4100_LED.py:92] DC4100: Received b''[0m
[1;35m2023-10-16 16:54:30.727 CRITICAL [DC4100_LED.py:164] setting mode[0m
[32m2023-10-16 16:54:30.727 DEBUG    [DC4100_LED.py:89] DC4100: Sending m 2[0m
[32m2023-10-16 16:54:30.837 DEBUG    [DC4100_LED.py:92] DC4100: Received b''[0m
[32m2023-10-16 16:54:31.847 DEBUG    [DC4100_LED.py:89] DC4100: Sending m?[0m
[32m2023-10-16 16:54:31.849 DEBUG    [DC4100_LED.py:92] DC4100: Received b'2\r\n'[0m
[36m2023-10-16 16:54:31.849 INFO     [DC4100_LED.py:215] External Control Mode[0m
[1;35m2023-10-16 16:54:31.849 CRITICAL [DC4100_LED.py:219] 1[0m
[32m2023-10-16 16:54:31.849 DEBUG    [DC4100_LED.py:89] DC4100: Sending o 0 1[0m
[32m2023-10-16 16:54:31.956 DEBUG    [DC4100_LED.py:92] DC4100: Received b''[0m
[1;35m2023-10-16 16:54:31.956 CRITICAL [DC4100_LED.py:219] 2[0m
[32m2023-10-16 16:54:31.956 DEBUG    [DC4100_LED.py:89] DC4100: Sending o 1 1[0m
[32m2023-10-16 16:54:32.65 DEBUG    [DC4100_LED.py:92] DC4100: Received b''[0m
[1;35m2023-10-16 16:54:32.65 CRITICAL [DC4100_LED.py:219] 3[0m
[32m2023-10-16 16:54:32.65 DEBUG    [DC4100_LED.py:89] DC4100: Sending o 2 1[0m
[32m2023-10-16 16:54:32.175 DEBUG    [DC4100_LED.py:92] DC4100: Received b''[0m
[1;35m2023-10-16 16:54:32.175 CRITICAL [DC4100_LED.py:219] 4[0m
[32m2023-10-16 16:54:32.175 DEBUG    [DC4100_LED.py:89] DC4100: Sending o 3 1[0m
[32m2023-10-16 16:54:32.283 DEBUG    [DC4100_LED.py:92] DC4100: Received b''[0m
[32m2023-10-16 16:54:32.283 DEBUG    [DC4100_LED.py:89] DC4100: Sending o 1 1[0m
[32m2023-10-16 16:54:32.392 DEBUG    [DC4100_LED.py:92] DC4100: Received b''[0m
[32m2023-10-16 16:54:32.392 DEBUG    [DC4100_LED.py:89] DC4100: Sending l 1 400[0m
[32m2023-10-16 16:54:32.502 DEBUG    [DC4100_LED.py:92] DC4100: Received b''[0m
[32m2023-10-16 16:54:32.502 DEBUG    [DC4100_LED.py:89] DC4100: Sending o 2 1[0m
[32m2023-10-16 16:54:32.611 DEBUG    [DC4100_LED.py:92] DC4100: Received b''[0m
[32m2023-10-16 16:54:32.611 DEBUG    [DC4100_LED.py:89] DC4100: Sending l 2 150[0m
[32m2023-10-16 16:54:32.719 DEBUG    [DC4100_LED.py:92] DC4100: Received b''[0m
[32m2023-10-16 16:54:32.719 DEBUG    [DC4100_LED.py:89] DC4100: Sending o 3 1[0m
[32m2023-10-16 16:54:32.827 DEBUG    [DC4100_LED.py:92] DC4100: Received b''[0m
[32m2023-10-16 16:54:32.827 DEBUG    [DC4100_LED.py:89] DC4100: Sending l 3 250[0m
[32m2023-10-16 16:54:32.937 DEBUG    [DC4100_LED.py:92] DC4100: Received b''[0m
[32m2023-10-16 16:54:32.937 DEBUG    [DC4100_LED.py:89] DC4100: Sending o 0 0[0m
[32m2023-10-16 16:54:33.47 DEBUG    [DC4100_LED.py:92] DC4100: Received b''[0m
[32m2023-10-16 16:54:34.336 DEBUG    [AcquisitionClass.py:124] 1000[0m
[32m2023-10-16 16:54:34.336 DEBUG    [AcquisitionClass.py:125] 1.0[0m
[32m2023-10-16 16:54:34.337 DEBUG    [AcquisitionClass.py:126] 10000[0m
[32m2023-10-16 16:54:34.337 DEBUG    [AcquisitionClass.py:127] 10[0m
[32m2023-10-16 16:54:34.337 DEBUG    [AcquisitionClass.py:128] 10000[0m
[32m2023-10-16 16:54:34.338 DEBUG    [AcquisitionClass.py:129] 10000[0m
[32m2023-10-16 16:54:34.338 DEBUG    [AcquisitionClass.py:130] 10000[0m
[36m2023-10-16 16:54:50.889 INFO     [AcquisitionClass.py:516] frequency: 10.000 
 amplitude 0.200 
 offset 1.000  
 acquisiton time 12.000 
 points per period 30.000 
 number of periods 10.000[0m
[1;31m2023-10-16 16:55:04.142 ERROR    [AcquisitionClass.py:529] Voltage saturation of the MPPC fluorescence reader[0m
[36m2023-10-16 16:57:50.389 INFO     [AcquisitionClass.py:629] Shutting down all LEDs for 1 seconds[0m
[36m2023-10-16 16:57:50.389 INFO     [AcquisitionClass.py:365] Did not start analog generator, check generator_analog_channels[0m
[36m2023-10-16 16:57:50.389 INFO     [AcquisitionClass.py:370] Did not start digital generator, check generator_analog_channels[0m
