[32m2023-10-24 01:01:30.898 DEBUG    [DC4100_LED.py:69] Serial<id=0x2113f610c70, open=True>(port='COM5', baudrate=115200, bytesize=8, parity='N', stopbits=1, timeout=0.1, xonxoff=0, rtscts=0, dsrdtr=False)[0m
[32m2023-10-24 01:01:30.898 DEBUG    [DC4100_LED.py:89] DC4100: Sending o 0 0[0m
[32m2023-10-24 01:01:31.10 DEBUG    [DC4100_LED.py:92] DC4100: Received b''[0m
[32m2023-10-24 01:01:31.10 DEBUG    [DC4100_LED.py:89] DC4100: Sending o 1 0[0m
[32m2023-10-24 01:01:31.120 DEBUG    [DC4100_LED.py:92] DC4100: Received b''[0m
[32m2023-10-24 01:01:31.120 DEBUG    [DC4100_LED.py:89] DC4100: Sending o 2 0[0m
[32m2023-10-24 01:01:31.229 DEBUG    [DC4100_LED.py:92] DC4100: Received b''[0m
[32m2023-10-24 01:01:31.229 DEBUG    [DC4100_LED.py:89] DC4100: Sending o 3 0[0m
[32m2023-10-24 01:01:31.340 DEBUG    [DC4100_LED.py:92] DC4100: Received b''[0m
[1;35m2023-10-24 01:01:31.340 CRITICAL [DC4100_LED.py:164] setting mode[0m
[32m2023-10-24 01:01:31.340 DEBUG    [DC4100_LED.py:89] DC4100: Sending m 2[0m
[32m2023-10-24 01:01:31.447 DEBUG    [DC4100_LED.py:92] DC4100: Received b''[0m
[32m2023-10-24 01:01:32.455 DEBUG    [DC4100_LED.py:89] DC4100: Sending m?[0m
[32m2023-10-24 01:01:32.457 DEBUG    [DC4100_LED.py:92] DC4100: Received b'2\r\n'[0m
[36m2023-10-24 01:01:32.458 INFO     [DC4100_LED.py:215] External Control Mode[0m
[1;35m2023-10-24 01:01:32.458 CRITICAL [DC4100_LED.py:219] 1[0m
[32m2023-10-24 01:01:32.458 DEBUG    [DC4100_LED.py:89] DC4100: Sending o 0 1[0m
[32m2023-10-24 01:01:32.563 DEBUG    [DC4100_LED.py:92] DC4100: Received b''[0m
[1;35m2023-10-24 01:01:32.563 CRITICAL [DC4100_LED.py:219] 2[0m
[32m2023-10-24 01:01:32.563 DEBUG    [DC4100_LED.py:89] DC4100: Sending o 1 1[0m
[32m2023-10-24 01:01:32.672 DEBUG    [DC4100_LED.py:92] DC4100: Received b''[0m
[1;35m2023-10-24 01:01:32.672 CRITICAL [DC4100_LED.py:219] 3[0m
[32m2023-10-24 01:01:32.672 DEBUG    [DC4100_LED.py:89] DC4100: Sending o 2 1[0m
[32m2023-10-24 01:01:32.780 DEBUG    [DC4100_LED.py:92] DC4100: Received b''[0m
[1;35m2023-10-24 01:01:32.780 CRITICAL [DC4100_LED.py:219] 4[0m
[32m2023-10-24 01:01:32.780 DEBUG    [DC4100_LED.py:89] DC4100: Sending o 3 1[0m
[32m2023-10-24 01:01:32.889 DEBUG    [DC4100_LED.py:92] DC4100: Received b''[0m
[32m2023-10-24 01:01:32.889 DEBUG    [DC4100_LED.py:89] DC4100: Sending o 1 1[0m
[32m2023-10-24 01:01:32.997 DEBUG    [DC4100_LED.py:92] DC4100: Received b''[0m
[32m2023-10-24 01:01:32.997 DEBUG    [DC4100_LED.py:89] DC4100: Sending l 1 30[0m
[32m2023-10-24 01:01:33.106 DEBUG    [DC4100_LED.py:92] DC4100: Received b''[0m
[32m2023-10-24 01:01:33.106 DEBUG    [DC4100_LED.py:89] DC4100: Sending o 2 1[0m
[32m2023-10-24 01:01:33.215 DEBUG    [DC4100_LED.py:92] DC4100: Received b''[0m
[32m2023-10-24 01:01:33.215 DEBUG    [DC4100_LED.py:89] DC4100: Sending l 2 150[0m
[32m2023-10-24 01:01:33.323 DEBUG    [DC4100_LED.py:92] DC4100: Received b''[0m
[32m2023-10-24 01:01:33.323 DEBUG    [DC4100_LED.py:89] DC4100: Sending o 3 1[0m
[32m2023-10-24 01:01:33.431 DEBUG    [DC4100_LED.py:92] DC4100: Received b''[0m
[32m2023-10-24 01:01:33.431 DEBUG    [DC4100_LED.py:89] DC4100: Sending l 3 100[0m
[32m2023-10-24 01:01:33.541 DEBUG    [DC4100_LED.py:92] DC4100: Received b''[0m
[32m2023-10-24 01:01:33.541 DEBUG    [DC4100_LED.py:89] DC4100: Sending o 0 0[0m
[32m2023-10-24 01:01:33.651 DEBUG    [DC4100_LED.py:92] DC4100: Received b''[0m
[32m2023-10-24 01:01:34.945 DEBUG    [AcquisitionClass.py:124] 1000[0m
[32m2023-10-24 01:01:34.945 DEBUG    [AcquisitionClass.py:125] 1.0[0m
[32m2023-10-24 01:01:34.946 DEBUG    [AcquisitionClass.py:126] 10000[0m
[32m2023-10-24 01:01:34.946 DEBUG    [AcquisitionClass.py:127] 10[0m
[32m2023-10-24 01:01:34.947 DEBUG    [AcquisitionClass.py:128] 10000[0m
[32m2023-10-24 01:01:34.947 DEBUG    [AcquisitionClass.py:129] 10000[0m
[32m2023-10-24 01:01:34.947 DEBUG    [AcquisitionClass.py:130] 10000[0m
