[32m2023-10-24 20:25:39.933 DEBUG    [DC4100_LED.py:69] Serial<id=0x1e9653a6610, open=True>(port='COM5', baudrate=115200, bytesize=8, parity='N', stopbits=1, timeout=0.1, xonxoff=0, rtscts=0, dsrdtr=False)[0m
[32m2023-10-24 20:25:39.933 DEBUG    [DC4100_LED.py:89] DC4100: Sending o 0 0[0m
[32m2023-10-24 20:25:40.46 DEBUG    [DC4100_LED.py:92] DC4100: Received b''[0m
[32m2023-10-24 20:25:40.46 DEBUG    [DC4100_LED.py:89] DC4100: Sending o 1 0[0m
[32m2023-10-24 20:25:40.156 DEBUG    [DC4100_LED.py:92] DC4100: Received b''[0m
[32m2023-10-24 20:25:40.156 DEBUG    [DC4100_LED.py:89] DC4100: Sending o 2 0[0m
[32m2023-10-24 20:25:40.266 DEBUG    [DC4100_LED.py:92] DC4100: Received b''[0m
[32m2023-10-24 20:25:40.266 DEBUG    [DC4100_LED.py:89] DC4100: Sending o 3 0[0m
[32m2023-10-24 20:25:40.376 DEBUG    [DC4100_LED.py:92] DC4100: Received b''[0m
[1;35m2023-10-24 20:25:40.376 CRITICAL [DC4100_LED.py:164] setting mode[0m
[32m2023-10-24 20:25:40.376 DEBUG    [DC4100_LED.py:89] DC4100: Sending m 2[0m
[32m2023-10-24 20:25:40.485 DEBUG    [DC4100_LED.py:92] DC4100: Received b''[0m
[32m2023-10-24 20:25:41.494 DEBUG    [DC4100_LED.py:89] DC4100: Sending m?[0m
[32m2023-10-24 20:25:41.496 DEBUG    [DC4100_LED.py:92] DC4100: Received b'2\r\n'[0m
[36m2023-10-24 20:25:41.496 INFO     [DC4100_LED.py:215] External Control Mode[0m
[1;35m2023-10-24 20:25:41.496 CRITICAL [DC4100_LED.py:219] 1[0m
[32m2023-10-24 20:25:41.496 DEBUG    [DC4100_LED.py:89] DC4100: Sending o 0 1[0m
[32m2023-10-24 20:25:41.605 DEBUG    [DC4100_LED.py:92] DC4100: Received b''[0m
[1;35m2023-10-24 20:25:41.605 CRITICAL [DC4100_LED.py:219] 2[0m
[32m2023-10-24 20:25:41.605 DEBUG    [DC4100_LED.py:89] DC4100: Sending o 1 1[0m
[32m2023-10-24 20:25:41.713 DEBUG    [DC4100_LED.py:92] DC4100: Received b''[0m
[1;35m2023-10-24 20:25:41.713 CRITICAL [DC4100_LED.py:219] 3[0m
[32m2023-10-24 20:25:41.713 DEBUG    [DC4100_LED.py:89] DC4100: Sending o 2 1[0m
[32m2023-10-24 20:25:41.821 DEBUG    [DC4100_LED.py:92] DC4100: Received b''[0m
[1;35m2023-10-24 20:25:41.821 CRITICAL [DC4100_LED.py:219] 4[0m
[32m2023-10-24 20:25:41.821 DEBUG    [DC4100_LED.py:89] DC4100: Sending o 3 1[0m
[32m2023-10-24 20:25:41.929 DEBUG    [DC4100_LED.py:92] DC4100: Received b''[0m
[32m2023-10-24 20:25:41.929 DEBUG    [DC4100_LED.py:89] DC4100: Sending o 1 1[0m
[32m2023-10-24 20:25:42.36 DEBUG    [DC4100_LED.py:92] DC4100: Received b''[0m
[32m2023-10-24 20:25:42.36 DEBUG    [DC4100_LED.py:89] DC4100: Sending l 1 450[0m
[32m2023-10-24 20:25:42.145 DEBUG    [DC4100_LED.py:92] DC4100: Received b''[0m
[32m2023-10-24 20:25:42.145 DEBUG    [DC4100_LED.py:89] DC4100: Sending o 2 1[0m
[32m2023-10-24 20:25:42.253 DEBUG    [DC4100_LED.py:92] DC4100: Received b''[0m
[32m2023-10-24 20:25:42.253 DEBUG    [DC4100_LED.py:89] DC4100: Sending l 2 150[0m
[32m2023-10-24 20:25:42.361 DEBUG    [DC4100_LED.py:92] DC4100: Received b''[0m
[32m2023-10-24 20:25:42.361 DEBUG    [DC4100_LED.py:89] DC4100: Sending o 3 1[0m
[32m2023-10-24 20:25:42.470 DEBUG    [DC4100_LED.py:92] DC4100: Received b''[0m
[32m2023-10-24 20:25:42.470 DEBUG    [DC4100_LED.py:89] DC4100: Sending l 3 150[0m
[32m2023-10-24 20:25:42.577 DEBUG    [DC4100_LED.py:92] DC4100: Received b''[0m
[32m2023-10-24 20:25:42.577 DEBUG    [DC4100_LED.py:89] DC4100: Sending o 0 0[0m
[32m2023-10-24 20:25:42.686 DEBUG    [DC4100_LED.py:92] DC4100: Received b''[0m
[32m2023-10-24 20:25:43.976 DEBUG    [AcquisitionClass.py:124] 1000[0m
[32m2023-10-24 20:25:43.976 DEBUG    [AcquisitionClass.py:125] 1.0[0m
[32m2023-10-24 20:25:43.977 DEBUG    [AcquisitionClass.py:126] 10000[0m
[32m2023-10-24 20:25:43.977 DEBUG    [AcquisitionClass.py:127] 10[0m
[32m2023-10-24 20:25:43.977 DEBUG    [AcquisitionClass.py:128] 10000[0m
[32m2023-10-24 20:25:43.978 DEBUG    [AcquisitionClass.py:129] 10000[0m
[32m2023-10-24 20:25:43.978 DEBUG    [AcquisitionClass.py:130] 10000[0m
[32m2023-10-24 20:45:34.514 DEBUG    [DC4100_LED.py:89] DC4100: Sending o 1 0[0m
[32m2023-10-24 20:45:34.624 DEBUG    [DC4100_LED.py:92] DC4100: Received b''[0m
[36m2023-10-24 20:45:34.624 INFO     [AcquisitionClass.py:516] frequency: 10.000 
 amplitude 0.200 
 offset 1.000  
 acquisiton time 2052.000 
 points per period 1000.000 
 number of periods 10.000[0m
[1;31m2023-10-24 21:00:25.563 ERROR    [AcquisitionClass.py:529] Voltage saturation of the MPPC fluorescence reader[0m
[1;35m2023-10-24 21:00:36.712 CRITICAL [qE_OJIP_calib.py:139] 0.00025926261380276313[0m
