[32m2023-10-24 16:00:51.350 DEBUG    [DC4100_LED.py:69] Serial<id=0x2e27a059f10, open=True>(port='COM5', baudrate=115200, bytesize=8, parity='N', stopbits=1, timeout=0.1, xonxoff=0, rtscts=0, dsrdtr=False)[0m
[32m2023-10-24 16:00:51.350 DEBUG    [DC4100_LED.py:89] DC4100: Sending o 0 0[0m
[32m2023-10-24 16:00:51.466 DEBUG    [DC4100_LED.py:92] DC4100: Received b''[0m
[32m2023-10-24 16:00:51.466 DEBUG    [DC4100_LED.py:89] DC4100: Sending o 1 0[0m
[32m2023-10-24 16:00:51.576 DEBUG    [DC4100_LED.py:92] DC4100: Received b''[0m
[32m2023-10-24 16:00:51.576 DEBUG    [DC4100_LED.py:89] DC4100: Sending o 2 0[0m
[32m2023-10-24 16:00:51.685 DEBUG    [DC4100_LED.py:92] DC4100: Received b''[0m
[32m2023-10-24 16:00:51.685 DEBUG    [DC4100_LED.py:89] DC4100: Sending o 3 0[0m
[32m2023-10-24 16:00:51.796 DEBUG    [DC4100_LED.py:92] DC4100: Received b''[0m
[1;35m2023-10-24 16:00:51.797 CRITICAL [DC4100_LED.py:164] setting mode[0m
[32m2023-10-24 16:00:51.797 DEBUG    [DC4100_LED.py:89] DC4100: Sending m 2[0m
[32m2023-10-24 16:00:51.906 DEBUG    [DC4100_LED.py:92] DC4100: Received b''[0m
[32m2023-10-24 16:00:52.907 DEBUG    [DC4100_LED.py:89] DC4100: Sending m?[0m
[32m2023-10-24 16:00:52.909 DEBUG    [DC4100_LED.py:92] DC4100: Received b'2\r\n'[0m
[36m2023-10-24 16:00:52.909 INFO     [DC4100_LED.py:215] External Control Mode[0m
[1;35m2023-10-24 16:00:52.909 CRITICAL [DC4100_LED.py:219] 1[0m
[32m2023-10-24 16:00:52.909 DEBUG    [DC4100_LED.py:89] DC4100: Sending o 0 1[0m
[32m2023-10-24 16:00:53.15 DEBUG    [DC4100_LED.py:92] DC4100: Received b''[0m
[1;35m2023-10-24 16:00:53.15 CRITICAL [DC4100_LED.py:219] 2[0m
[32m2023-10-24 16:00:53.16 DEBUG    [DC4100_LED.py:89] DC4100: Sending o 1 1[0m
[32m2023-10-24 16:00:53.125 DEBUG    [DC4100_LED.py:92] DC4100: Received b''[0m
[1;35m2023-10-24 16:00:53.125 CRITICAL [DC4100_LED.py:219] 3[0m
[32m2023-10-24 16:00:53.125 DEBUG    [DC4100_LED.py:89] DC4100: Sending o 2 1[0m
[32m2023-10-24 16:00:53.236 DEBUG    [DC4100_LED.py:92] DC4100: Received b''[0m
[1;35m2023-10-24 16:00:53.236 CRITICAL [DC4100_LED.py:219] 4[0m
[32m2023-10-24 16:00:53.236 DEBUG    [DC4100_LED.py:89] DC4100: Sending o 3 1[0m
[32m2023-10-24 16:00:53.347 DEBUG    [DC4100_LED.py:92] DC4100: Received b''[0m
[32m2023-10-24 16:00:53.347 DEBUG    [DC4100_LED.py:89] DC4100: Sending o 1 1[0m
[32m2023-10-24 16:00:53.456 DEBUG    [DC4100_LED.py:92] DC4100: Received b''[0m
[32m2023-10-24 16:00:53.456 DEBUG    [DC4100_LED.py:89] DC4100: Sending l 1 1000[0m
[32m2023-10-24 16:00:53.566 DEBUG    [DC4100_LED.py:92] DC4100: Received b''[0m
[32m2023-10-24 16:00:53.566 DEBUG    [DC4100_LED.py:89] DC4100: Sending o 2 0[0m
[32m2023-10-24 16:00:53.675 DEBUG    [DC4100_LED.py:92] DC4100: Received b''[0m
[32m2023-10-24 16:00:53.675 DEBUG    [DC4100_LED.py:89] DC4100: Sending o 3 0[0m
[32m2023-10-24 16:00:53.783 DEBUG    [DC4100_LED.py:92] DC4100: Received b''[0m
[32m2023-10-24 16:00:53.783 DEBUG    [DC4100_LED.py:89] DC4100: Sending o 0 0[0m
[32m2023-10-24 16:00:53.891 DEBUG    [DC4100_LED.py:92] DC4100: Received b''[0m
[32m2023-10-24 16:00:55.384 DEBUG    [AcquisitionClass.py:124] 1000[0m
[32m2023-10-24 16:00:55.384 DEBUG    [AcquisitionClass.py:125] 1.0[0m
[32m2023-10-24 16:00:55.385 DEBUG    [AcquisitionClass.py:126] 10000[0m
[32m2023-10-24 16:00:55.385 DEBUG    [AcquisitionClass.py:127] 10[0m
[32m2023-10-24 16:00:55.385 DEBUG    [AcquisitionClass.py:128] 10000[0m
[32m2023-10-24 16:00:55.386 DEBUG    [AcquisitionClass.py:129] 10000[0m
[32m2023-10-24 16:00:55.386 DEBUG    [AcquisitionClass.py:130] 10000[0m
