[32m2023-11-22 14:42:07.933 DEBUG    [DC4100_LED.py:69] Serial<id=0x19f2dc54bb0, open=True>(port='COM5', baudrate=115200, bytesize=8, parity='N', stopbits=1, timeout=0.1, xonxoff=0, rtscts=0, dsrdtr=False)[0m
[32m2023-11-22 14:42:07.933 DEBUG    [DC4100_LED.py:89] DC4100: Sending o 0 0[0m
[32m2023-11-22 14:42:08.43 DEBUG    [DC4100_LED.py:92] DC4100: Received b''[0m
[32m2023-11-22 14:42:08.43 DEBUG    [DC4100_LED.py:89] DC4100: Sending o 1 0[0m
[32m2023-11-22 14:42:08.144 DEBUG    [DC4100_LED.py:92] DC4100: Received b''[0m
[32m2023-11-22 14:42:08.144 DEBUG    [DC4100_LED.py:89] DC4100: Sending o 2 0[0m
[32m2023-11-22 14:42:08.253 DEBUG    [DC4100_LED.py:92] DC4100: Received b''[0m
[32m2023-11-22 14:42:08.253 DEBUG    [DC4100_LED.py:89] DC4100: Sending o 3 0[0m
[32m2023-11-22 14:42:08.353 DEBUG    [DC4100_LED.py:92] DC4100: Received b''[0m
[1;35m2023-11-22 14:42:08.353 CRITICAL [DC4100_LED.py:164] setting mode[0m
[32m2023-11-22 14:42:08.353 DEBUG    [DC4100_LED.py:89] DC4100: Sending m 2[0m
[32m2023-11-22 14:42:08.461 DEBUG    [DC4100_LED.py:92] DC4100: Received b''[0m
[32m2023-11-22 14:42:09.467 DEBUG    [DC4100_LED.py:89] DC4100: Sending m?[0m
[32m2023-11-22 14:42:09.467 DEBUG    [DC4100_LED.py:92] DC4100: Received b'2\r\n'[0m
[36m2023-11-22 14:42:09.467 INFO     [DC4100_LED.py:215] External Control Mode[0m
[1;35m2023-11-22 14:42:09.467 CRITICAL [DC4100_LED.py:219] 1[0m
[32m2023-11-22 14:42:09.467 DEBUG    [DC4100_LED.py:89] DC4100: Sending o 0 1[0m
[32m2023-11-22 14:42:09.577 DEBUG    [DC4100_LED.py:92] DC4100: Received b''[0m
[1;35m2023-11-22 14:42:09.577 CRITICAL [DC4100_LED.py:219] 2[0m
[32m2023-11-22 14:42:09.577 DEBUG    [DC4100_LED.py:89] DC4100: Sending o 1 1[0m
[32m2023-11-22 14:42:09.687 DEBUG    [DC4100_LED.py:92] DC4100: Received b''[0m
[1;35m2023-11-22 14:42:09.687 CRITICAL [DC4100_LED.py:219] 3[0m
[32m2023-11-22 14:42:09.687 DEBUG    [DC4100_LED.py:89] DC4100: Sending o 2 1[0m
[32m2023-11-22 14:42:09.795 DEBUG    [DC4100_LED.py:92] DC4100: Received b''[0m
[1;35m2023-11-22 14:42:09.795 CRITICAL [DC4100_LED.py:219] 4[0m
[32m2023-11-22 14:42:09.795 DEBUG    [DC4100_LED.py:89] DC4100: Sending o 3 1[0m
[32m2023-11-22 14:42:09.895 DEBUG    [DC4100_LED.py:92] DC4100: Received b''[0m
[32m2023-11-22 14:42:09.895 DEBUG    [DC4100_LED.py:89] DC4100: Sending o 1 1[0m
[32m2023-11-22 14:42:09.996 DEBUG    [DC4100_LED.py:92] DC4100: Received b''[0m
[32m2023-11-22 14:42:09.996 DEBUG    [DC4100_LED.py:89] DC4100: Sending l 1 1000[0m
[32m2023-11-22 14:42:10.97 DEBUG    [DC4100_LED.py:92] DC4100: Received b''[0m
[32m2023-11-22 14:42:10.97 DEBUG    [DC4100_LED.py:89] DC4100: Sending o 2 0[0m
[32m2023-11-22 14:42:10.207 DEBUG    [DC4100_LED.py:92] DC4100: Received b''[0m
[32m2023-11-22 14:42:10.207 DEBUG    [DC4100_LED.py:89] DC4100: Sending o 3 0[0m
[32m2023-11-22 14:42:10.312 DEBUG    [DC4100_LED.py:92] DC4100: Received b''[0m
[32m2023-11-22 14:42:10.312 DEBUG    [DC4100_LED.py:89] DC4100: Sending o 0 0[0m
[32m2023-11-22 14:42:10.412 DEBUG    [DC4100_LED.py:92] DC4100: Received b''[0m
[32m2023-11-22 14:42:11.974 DEBUG    [AcquisitionClass.py:125] 1000[0m
[32m2023-11-22 14:42:11.974 DEBUG    [AcquisitionClass.py:126] 1.0[0m
[32m2023-11-22 14:42:11.974 DEBUG    [AcquisitionClass.py:127] 10000[0m
[32m2023-11-22 14:42:11.974 DEBUG    [AcquisitionClass.py:128] 10[0m
[32m2023-11-22 14:42:11.974 DEBUG    [AcquisitionClass.py:129] 10000[0m
[32m2023-11-22 14:42:11.974 DEBUG    [AcquisitionClass.py:130] 10000[0m
[32m2023-11-22 14:42:11.974 DEBUG    [AcquisitionClass.py:131] 10000[0m
[32m2023-11-22 14:42:37.119 DEBUG    [AcquisitionClass.py:125] 1000[0m
[32m2023-11-22 14:42:37.119 DEBUG    [AcquisitionClass.py:126] 1.0[0m
[32m2023-11-22 14:42:37.119 DEBUG    [AcquisitionClass.py:127] 10000[0m
[32m2023-11-22 14:42:37.119 DEBUG    [AcquisitionClass.py:128] 10[0m
[32m2023-11-22 14:42:37.119 DEBUG    [AcquisitionClass.py:129] 10000[0m
[32m2023-11-22 14:42:37.119 DEBUG    [AcquisitionClass.py:130] 10000[0m
[32m2023-11-22 14:42:37.119 DEBUG    [AcquisitionClass.py:131] 10000[0m
[32m2023-11-22 14:42:37.119 DEBUG    [AcquisitionClass.py:125] 2000[0m
[32m2023-11-22 14:42:37.119 DEBUG    [AcquisitionClass.py:126] 20.0[0m
[32m2023-11-22 14:42:37.119 DEBUG    [AcquisitionClass.py:127] 1000.0[0m
[32m2023-11-22 14:42:37.119 DEBUG    [AcquisitionClass.py:128] 0.5[0m
[32m2023-11-22 14:42:37.119 DEBUG    [AcquisitionClass.py:129] 1000.0[0m
[32m2023-11-22 14:42:37.119 DEBUG    [AcquisitionClass.py:130] 20000[0m
[32m2023-11-22 14:42:37.119 DEBUG    [AcquisitionClass.py:131] 20000[0m
[32m2023-11-22 14:42:38.984 DEBUG    [AcquisitionClass.py:125] 2000[0m
[32m2023-11-22 14:42:38.984 DEBUG    [AcquisitionClass.py:126] 20.0[0m
[32m2023-11-22 14:42:38.984 DEBUG    [AcquisitionClass.py:127] 1000.0[0m
[32m2023-11-22 14:42:38.985 DEBUG    [AcquisitionClass.py:128] 0.5[0m
[32m2023-11-22 14:42:38.985 DEBUG    [AcquisitionClass.py:129] 1000.0[0m
[32m2023-11-22 14:42:38.985 DEBUG    [AcquisitionClass.py:130] 20000[0m
[32m2023-11-22 14:42:38.985 DEBUG    [AcquisitionClass.py:131] 20000[0m
[36m2023-11-22 14:42:39.36 INFO     [AcquisitionClass.py:517] frequency: 0.500 
 amplitude 0.228 
 offset 0.455  
 acquisiton time 20.000 
 points per period 2000.000 
 number of periods 10.000[0m
[36m2023-11-22 14:43:00.65 INFO     [AcquisitionClass.py:630] Shutting down all LEDs for 1 seconds[0m
[36m2023-11-22 14:43:00.125 INFO     [AcquisitionClass.py:371] Did not start digital generator, check generator_analog_channels[0m
