[32m2023-10-16 15:40:11.28 DEBUG    [DC4100_LED.py:69] Serial<id=0x1ef3513c220, open=True>(port='COM5', baudrate=115200, bytesize=8, parity='N', stopbits=1, timeout=0.1, xonxoff=0, rtscts=0, dsrdtr=False)[0m
[32m2023-10-16 15:40:11.28 DEBUG    [DC4100_LED.py:89] DC4100: Sending o 0 0[0m
[32m2023-10-16 15:40:11.136 DEBUG    [DC4100_LED.py:92] DC4100: Received b''[0m
[32m2023-10-16 15:40:11.136 DEBUG    [DC4100_LED.py:89] DC4100: Sending o 1 0[0m
[32m2023-10-16 15:40:11.245 DEBUG    [DC4100_LED.py:92] DC4100: Received b''[0m
[32m2023-10-16 15:40:11.245 DEBUG    [DC4100_LED.py:89] DC4100: Sending o 2 0[0m
[32m2023-10-16 15:40:11.354 DEBUG    [DC4100_LED.py:92] DC4100: Received b''[0m
[32m2023-10-16 15:40:11.354 DEBUG    [DC4100_LED.py:89] DC4100: Sending o 3 0[0m
[32m2023-10-16 15:40:11.463 DEBUG    [DC4100_LED.py:92] DC4100: Received b''[0m
[1;35m2023-10-16 15:40:11.463 CRITICAL [DC4100_LED.py:164] setting mode[0m
[32m2023-10-16 15:40:11.463 DEBUG    [DC4100_LED.py:89] DC4100: Sending m 2[0m
[32m2023-10-16 15:40:11.573 DEBUG    [DC4100_LED.py:92] DC4100: Received b''[0m
[32m2023-10-16 15:40:12.587 DEBUG    [DC4100_LED.py:89] DC4100: Sending m?[0m
[32m2023-10-16 15:40:12.589 DEBUG    [DC4100_LED.py:92] DC4100: Received b'2\r\n'[0m
[36m2023-10-16 15:40:12.589 INFO     [DC4100_LED.py:215] External Control Mode[0m
[1;35m2023-10-16 15:40:12.589 CRITICAL [DC4100_LED.py:219] 1[0m
[32m2023-10-16 15:40:12.589 DEBUG    [DC4100_LED.py:89] DC4100: Sending o 0 1[0m
[32m2023-10-16 15:40:12.696 DEBUG    [DC4100_LED.py:92] DC4100: Received b''[0m
[1;35m2023-10-16 15:40:12.696 CRITICAL [DC4100_LED.py:219] 2[0m
[32m2023-10-16 15:40:12.696 DEBUG    [DC4100_LED.py:89] DC4100: Sending o 1 1[0m
[32m2023-10-16 15:40:12.805 DEBUG    [DC4100_LED.py:92] DC4100: Received b''[0m
[1;35m2023-10-16 15:40:12.805 CRITICAL [DC4100_LED.py:219] 3[0m
[32m2023-10-16 15:40:12.805 DEBUG    [DC4100_LED.py:89] DC4100: Sending o 2 1[0m
[32m2023-10-16 15:40:12.915 DEBUG    [DC4100_LED.py:92] DC4100: Received b''[0m
[1;35m2023-10-16 15:40:12.915 CRITICAL [DC4100_LED.py:219] 4[0m
[32m2023-10-16 15:40:12.915 DEBUG    [DC4100_LED.py:89] DC4100: Sending o 3 1[0m
[32m2023-10-16 15:40:13.22 DEBUG    [DC4100_LED.py:92] DC4100: Received b''[0m
[32m2023-10-16 15:40:13.22 DEBUG    [DC4100_LED.py:89] DC4100: Sending o 1 1[0m
[32m2023-10-16 15:40:13.130 DEBUG    [DC4100_LED.py:92] DC4100: Received b''[0m
[32m2023-10-16 15:40:13.130 DEBUG    [DC4100_LED.py:89] DC4100: Sending l 1 1000[0m
[32m2023-10-16 15:40:13.238 DEBUG    [DC4100_LED.py:92] DC4100: Received b''[0m
[32m2023-10-16 15:40:13.238 DEBUG    [DC4100_LED.py:89] DC4100: Sending o 2 0[0m
[32m2023-10-16 15:40:13.347 DEBUG    [DC4100_LED.py:92] DC4100: Received b''[0m
[32m2023-10-16 15:40:13.347 DEBUG    [DC4100_LED.py:89] DC4100: Sending o 3 1[0m
[32m2023-10-16 15:40:13.457 DEBUG    [DC4100_LED.py:92] DC4100: Received b''[0m
[32m2023-10-16 15:40:13.457 DEBUG    [DC4100_LED.py:89] DC4100: Sending l 3 1000[0m
[32m2023-10-16 15:40:13.565 DEBUG    [DC4100_LED.py:92] DC4100: Received b''[0m
[32m2023-10-16 15:40:13.565 DEBUG    [DC4100_LED.py:89] DC4100: Sending o 0 0[0m
[32m2023-10-16 15:40:13.675 DEBUG    [DC4100_LED.py:92] DC4100: Received b''[0m
