[32m2023-10-25 12:46:56.992 DEBUG    [DC4100_LED.py:69] Serial<id=0x149affb2c10, open=True>(port='COM5', baudrate=115200, bytesize=8, parity='N', stopbits=1, timeout=0.1, xonxoff=0, rtscts=0, dsrdtr=False)[0m
[32m2023-10-25 12:46:56.993 DEBUG    [DC4100_LED.py:89] DC4100: Sending o 0 0[0m
[32m2023-10-25 12:46:57.104 DEBUG    [DC4100_LED.py:92] DC4100: Received b''[0m
[32m2023-10-25 12:46:57.104 DEBUG    [DC4100_LED.py:89] DC4100: Sending o 1 0[0m
[32m2023-10-25 12:46:57.211 DEBUG    [DC4100_LED.py:92] DC4100: Received b''[0m
[32m2023-10-25 12:46:57.211 DEBUG    [DC4100_LED.py:89] DC4100: Sending o 2 0[0m
[32m2023-10-25 12:46:57.312 DEBUG    [DC4100_LED.py:92] DC4100: Received b''[0m
[32m2023-10-25 12:46:57.312 DEBUG    [DC4100_LED.py:89] DC4100: Sending o 3 0[0m
[32m2023-10-25 12:46:57.415 DEBUG    [DC4100_LED.py:92] DC4100: Received b''[0m
[1;35m2023-10-25 12:46:57.415 CRITICAL [DC4100_LED.py:164] setting mode[0m
[32m2023-10-25 12:46:57.415 DEBUG    [DC4100_LED.py:89] DC4100: Sending m 2[0m
[32m2023-10-25 12:46:57.523 DEBUG    [DC4100_LED.py:92] DC4100: Received b''[0m
[32m2023-10-25 12:46:58.537 DEBUG    [DC4100_LED.py:89] DC4100: Sending m?[0m
[32m2023-10-25 12:46:58.539 DEBUG    [DC4100_LED.py:92] DC4100: Received b'2\r\n'[0m
[36m2023-10-25 12:46:58.539 INFO     [DC4100_LED.py:215] External Control Mode[0m
[1;35m2023-10-25 12:46:58.539 CRITICAL [DC4100_LED.py:219] 1[0m
[32m2023-10-25 12:46:58.539 DEBUG    [DC4100_LED.py:89] DC4100: Sending o 0 1[0m
[32m2023-10-25 12:46:58.647 DEBUG    [DC4100_LED.py:92] DC4100: Received b''[0m
[1;35m2023-10-25 12:46:58.647 CRITICAL [DC4100_LED.py:219] 2[0m
[32m2023-10-25 12:46:58.647 DEBUG    [DC4100_LED.py:89] DC4100: Sending o 1 1[0m
[32m2023-10-25 12:46:58.757 DEBUG    [DC4100_LED.py:92] DC4100: Received b''[0m
[1;35m2023-10-25 12:46:58.757 CRITICAL [DC4100_LED.py:219] 3[0m
[32m2023-10-25 12:46:58.757 DEBUG    [DC4100_LED.py:89] DC4100: Sending o 2 1[0m
[32m2023-10-25 12:46:58.864 DEBUG    [DC4100_LED.py:92] DC4100: Received b''[0m
[1;35m2023-10-25 12:46:58.864 CRITICAL [DC4100_LED.py:219] 4[0m
[32m2023-10-25 12:46:58.864 DEBUG    [DC4100_LED.py:89] DC4100: Sending o 3 1[0m
[32m2023-10-25 12:46:58.973 DEBUG    [DC4100_LED.py:92] DC4100: Received b''[0m
[32m2023-10-25 12:46:58.973 DEBUG    [DC4100_LED.py:89] DC4100: Sending o 1 1[0m
[32m2023-10-25 12:46:59.81 DEBUG    [DC4100_LED.py:92] DC4100: Received b''[0m
[32m2023-10-25 12:46:59.81 DEBUG    [DC4100_LED.py:89] DC4100: Sending l 1 450[0m
[32m2023-10-25 12:46:59.191 DEBUG    [DC4100_LED.py:92] DC4100: Received b''[0m
[32m2023-10-25 12:46:59.191 DEBUG    [DC4100_LED.py:89] DC4100: Sending o 2 1[0m
[32m2023-10-25 12:46:59.303 DEBUG    [DC4100_LED.py:92] DC4100: Received b''[0m
[32m2023-10-25 12:46:59.303 DEBUG    [DC4100_LED.py:89] DC4100: Sending l 2 10[0m
[32m2023-10-25 12:46:59.412 DEBUG    [DC4100_LED.py:92] DC4100: Received b''[0m
[32m2023-10-25 12:46:59.412 DEBUG    [DC4100_LED.py:89] DC4100: Sending o 3 1[0m
[32m2023-10-25 12:46:59.513 DEBUG    [DC4100_LED.py:92] DC4100: Received b''[0m
[32m2023-10-25 12:46:59.513 DEBUG    [DC4100_LED.py:89] DC4100: Sending l 3 10[0m
[32m2023-10-25 12:46:59.615 DEBUG    [DC4100_LED.py:92] DC4100: Received b''[0m
[32m2023-10-25 12:46:59.615 DEBUG    [DC4100_LED.py:89] DC4100: Sending o 0 1[0m
[32m2023-10-25 12:46:59.723 DEBUG    [DC4100_LED.py:92] DC4100: Received b''[0m
[32m2023-10-25 12:46:59.723 DEBUG    [DC4100_LED.py:89] DC4100: Sending l 0 500[0m
[32m2023-10-25 12:46:59.831 DEBUG    [DC4100_LED.py:92] DC4100: Received b''[0m
[32m2023-10-25 12:47:01.30 DEBUG    [AcquisitionClass.py:124] 1000[0m
[32m2023-10-25 12:47:01.30 DEBUG    [AcquisitionClass.py:125] 1.0[0m
[32m2023-10-25 12:47:01.30 DEBUG    [AcquisitionClass.py:126] 10000[0m
[32m2023-10-25 12:47:01.31 DEBUG    [AcquisitionClass.py:127] 10[0m
[32m2023-10-25 12:47:01.31 DEBUG    [AcquisitionClass.py:128] 10000[0m
[32m2023-10-25 12:47:01.31 DEBUG    [AcquisitionClass.py:129] 10000[0m
[32m2023-10-25 12:47:01.31 DEBUG    [AcquisitionClass.py:130] 10000[0m
[36m2023-10-25 12:48:00.578 INFO     [AcquisitionClass.py:516] frequency: 10.000 
 amplitude 0.200 
 offset 1.000  
 acquisiton time 14652.000 
 points per period 1000.000 
 number of periods 10.000[0m
