[32m2023-10-16 17:25:20.430 DEBUG    [DC4100_LED.py:69] Serial<id=0x1cc287a7a60, open=True>(port='COM5', baudrate=115200, bytesize=8, parity='N', stopbits=1, timeout=0.1, xonxoff=0, rtscts=0, dsrdtr=False)[0m
[32m2023-10-16 17:25:20.430 DEBUG    [DC4100_LED.py:89] DC4100: Sending o 0 0[0m
[32m2023-10-16 17:25:20.539 DEBUG    [DC4100_LED.py:92] DC4100: Received b''[0m
[32m2023-10-16 17:25:20.539 DEBUG    [DC4100_LED.py:89] DC4100: Sending o 1 0[0m
[32m2023-10-16 17:25:20.647 DEBUG    [DC4100_LED.py:92] DC4100: Received b''[0m
[32m2023-10-16 17:25:20.648 DEBUG    [DC4100_LED.py:89] DC4100: Sending o 2 0[0m
[32m2023-10-16 17:25:20.759 DEBUG    [DC4100_LED.py:92] DC4100: Received b''[0m
[32m2023-10-16 17:25:20.759 DEBUG    [DC4100_LED.py:89] DC4100: Sending o 3 0[0m
[32m2023-10-16 17:25:20.869 DEBUG    [DC4100_LED.py:92] DC4100: Received b''[0m
[1;35m2023-10-16 17:25:20.869 CRITICAL [DC4100_LED.py:164] setting mode[0m
[32m2023-10-16 17:25:20.869 DEBUG    [DC4100_LED.py:89] DC4100: Sending m 2[0m
[32m2023-10-16 17:25:20.979 DEBUG    [DC4100_LED.py:92] DC4100: Received b''[0m
[32m2023-10-16 17:25:21.994 DEBUG    [DC4100_LED.py:89] DC4100: Sending m?[0m
[32m2023-10-16 17:25:21.996 DEBUG    [DC4100_LED.py:92] DC4100: Received b'2\r\n'[0m
[36m2023-10-16 17:25:21.996 INFO     [DC4100_LED.py:215] External Control Mode[0m
[1;35m2023-10-16 17:25:21.996 CRITICAL [DC4100_LED.py:219] 1[0m
[32m2023-10-16 17:25:21.996 DEBUG    [DC4100_LED.py:89] DC4100: Sending o 0 1[0m
[32m2023-10-16 17:25:22.103 DEBUG    [DC4100_LED.py:92] DC4100: Received b''[0m
[1;35m2023-10-16 17:25:22.103 CRITICAL [DC4100_LED.py:219] 2[0m
[32m2023-10-16 17:25:22.103 DEBUG    [DC4100_LED.py:89] DC4100: Sending o 1 1[0m
[32m2023-10-16 17:25:22.212 DEBUG    [DC4100_LED.py:92] DC4100: Received b''[0m
[1;35m2023-10-16 17:25:22.212 CRITICAL [DC4100_LED.py:219] 3[0m
[32m2023-10-16 17:25:22.212 DEBUG    [DC4100_LED.py:89] DC4100: Sending o 2 1[0m
[32m2023-10-16 17:25:22.321 DEBUG    [DC4100_LED.py:92] DC4100: Received b''[0m
[1;35m2023-10-16 17:25:22.321 CRITICAL [DC4100_LED.py:219] 4[0m
[32m2023-10-16 17:25:22.321 DEBUG    [DC4100_LED.py:89] DC4100: Sending o 3 1[0m
[32m2023-10-16 17:25:22.428 DEBUG    [DC4100_LED.py:92] DC4100: Received b''[0m
[32m2023-10-16 17:25:22.428 DEBUG    [DC4100_LED.py:89] DC4100: Sending o 1 1[0m
[32m2023-10-16 17:25:22.537 DEBUG    [DC4100_LED.py:92] DC4100: Received b''[0m
[32m2023-10-16 17:25:22.537 DEBUG    [DC4100_LED.py:89] DC4100: Sending l 1 1000[0m
[32m2023-10-16 17:25:22.646 DEBUG    [DC4100_LED.py:92] DC4100: Received b''[0m
[32m2023-10-16 17:25:22.646 DEBUG    [DC4100_LED.py:89] DC4100: Sending o 2 0[0m
[32m2023-10-16 17:25:22.755 DEBUG    [DC4100_LED.py:92] DC4100: Received b''[0m
[32m2023-10-16 17:25:22.755 DEBUG    [DC4100_LED.py:89] DC4100: Sending o 3 0[0m
[32m2023-10-16 17:25:22.865 DEBUG    [DC4100_LED.py:92] DC4100: Received b''[0m
[32m2023-10-16 17:25:22.865 DEBUG    [DC4100_LED.py:89] DC4100: Sending o 0 0[0m
[32m2023-10-16 17:25:22.976 DEBUG    [DC4100_LED.py:92] DC4100: Received b''[0m
[32m2023-10-16 17:25:24.470 DEBUG    [AcquisitionClass.py:124] 1000[0m
[32m2023-10-16 17:25:24.470 DEBUG    [AcquisitionClass.py:125] 1.0[0m
[32m2023-10-16 17:25:24.471 DEBUG    [AcquisitionClass.py:126] 10000[0m
[32m2023-10-16 17:25:24.471 DEBUG    [AcquisitionClass.py:127] 10[0m
[32m2023-10-16 17:25:24.471 DEBUG    [AcquisitionClass.py:128] 10000[0m
[32m2023-10-16 17:25:24.472 DEBUG    [AcquisitionClass.py:129] 10000[0m
[32m2023-10-16 17:25:24.472 DEBUG    [AcquisitionClass.py:130] 10000[0m
[32m2023-10-16 17:25:49.745 DEBUG    [AcquisitionClass.py:124] 1000[0m
[32m2023-10-16 17:25:49.745 DEBUG    [AcquisitionClass.py:125] 1.0[0m
[32m2023-10-16 17:25:49.745 DEBUG    [AcquisitionClass.py:126] 10000[0m
[32m2023-10-16 17:25:49.745 DEBUG    [AcquisitionClass.py:127] 10[0m
[32m2023-10-16 17:25:49.745 DEBUG    [AcquisitionClass.py:128] 10000[0m
[32m2023-10-16 17:25:49.745 DEBUG    [AcquisitionClass.py:129] 10000[0m
[32m2023-10-16 17:25:49.746 DEBUG    [AcquisitionClass.py:130] 10000[0m
[36m2023-10-16 17:25:51.211 INFO     [AcquisitionClass.py:516] frequency: 10.000 
 amplitude 0.200 
 offset 1.000  
 acquisiton time 20.000 
 points per period 1000.000 
 number of periods 10.000[0m
[36m2023-10-16 17:26:11.318 INFO     [AcquisitionClass.py:629] Shutting down all LEDs for 1 seconds[0m
[36m2023-10-16 17:26:11.396 INFO     [AcquisitionClass.py:370] Did not start digital generator, check generator_analog_channels[0m
