[32m2023-10-25 04:00:23.28 DEBUG    [DC4100_LED.py:69] Serial<id=0x27002d75610, open=True>(port='COM5', baudrate=115200, bytesize=8, parity='N', stopbits=1, timeout=0.1, xonxoff=0, rtscts=0, dsrdtr=False)[0m
[32m2023-10-25 04:00:23.28 DEBUG    [DC4100_LED.py:89] DC4100: Sending o 0 0[0m
[32m2023-10-25 04:00:23.136 DEBUG    [DC4100_LED.py:92] DC4100: Received b''[0m
[32m2023-10-25 04:00:23.136 DEBUG    [DC4100_LED.py:89] DC4100: Sending o 1 0[0m
[32m2023-10-25 04:00:23.246 DEBUG    [DC4100_LED.py:92] DC4100: Received b''[0m
[32m2023-10-25 04:00:23.246 DEBUG    [DC4100_LED.py:89] DC4100: Sending o 2 0[0m
[32m2023-10-25 04:00:23.356 DEBUG    [DC4100_LED.py:92] DC4100: Received b''[0m
[32m2023-10-25 04:00:23.356 DEBUG    [DC4100_LED.py:89] DC4100: Sending o 3 0[0m
[32m2023-10-25 04:00:23.464 DEBUG    [DC4100_LED.py:92] DC4100: Received b''[0m
[1;35m2023-10-25 04:00:23.464 CRITICAL [DC4100_LED.py:164] setting mode[0m
[32m2023-10-25 04:00:23.464 DEBUG    [DC4100_LED.py:89] DC4100: Sending m 2[0m
[32m2023-10-25 04:00:23.572 DEBUG    [DC4100_LED.py:92] DC4100: Received b''[0m
[32m2023-10-25 04:00:24.581 DEBUG    [DC4100_LED.py:89] DC4100: Sending m?[0m
[32m2023-10-25 04:00:24.583 DEBUG    [DC4100_LED.py:92] DC4100: Received b'2\r\n'[0m
[36m2023-10-25 04:00:24.583 INFO     [DC4100_LED.py:215] External Control Mode[0m
[1;35m2023-10-25 04:00:24.583 CRITICAL [DC4100_LED.py:219] 1[0m
[32m2023-10-25 04:00:24.583 DEBUG    [DC4100_LED.py:89] DC4100: Sending o 0 1[0m
[32m2023-10-25 04:00:24.690 DEBUG    [DC4100_LED.py:92] DC4100: Received b''[0m
[1;35m2023-10-25 04:00:24.690 CRITICAL [DC4100_LED.py:219] 2[0m
[32m2023-10-25 04:00:24.690 DEBUG    [DC4100_LED.py:89] DC4100: Sending o 1 1[0m
[32m2023-10-25 04:00:24.799 DEBUG    [DC4100_LED.py:92] DC4100: Received b''[0m
[1;35m2023-10-25 04:00:24.799 CRITICAL [DC4100_LED.py:219] 3[0m
[32m2023-10-25 04:00:24.799 DEBUG    [DC4100_LED.py:89] DC4100: Sending o 2 1[0m
[32m2023-10-25 04:00:24.908 DEBUG    [DC4100_LED.py:92] DC4100: Received b''[0m
[1;35m2023-10-25 04:00:24.908 CRITICAL [DC4100_LED.py:219] 4[0m
[32m2023-10-25 04:00:24.908 DEBUG    [DC4100_LED.py:89] DC4100: Sending o 3 1[0m
[32m2023-10-25 04:00:25.16 DEBUG    [DC4100_LED.py:92] DC4100: Received b''[0m
[32m2023-10-25 04:00:25.16 DEBUG    [DC4100_LED.py:89] DC4100: Sending o 1 1[0m
[32m2023-10-25 04:00:25.125 DEBUG    [DC4100_LED.py:92] DC4100: Received b''[0m
[32m2023-10-25 04:00:25.125 DEBUG    [DC4100_LED.py:89] DC4100: Sending l 1 450[0m
[32m2023-10-25 04:00:25.234 DEBUG    [DC4100_LED.py:92] DC4100: Received b''[0m
[32m2023-10-25 04:00:25.234 DEBUG    [DC4100_LED.py:89] DC4100: Sending o 2 1[0m
[32m2023-10-25 04:00:25.344 DEBUG    [DC4100_LED.py:92] DC4100: Received b''[0m
[32m2023-10-25 04:00:25.344 DEBUG    [DC4100_LED.py:89] DC4100: Sending l 2 150[0m
[32m2023-10-25 04:00:25.454 DEBUG    [DC4100_LED.py:92] DC4100: Received b''[0m
[32m2023-10-25 04:00:25.454 DEBUG    [DC4100_LED.py:89] DC4100: Sending o 3 1[0m
[32m2023-10-25 04:00:25.562 DEBUG    [DC4100_LED.py:92] DC4100: Received b''[0m
[32m2023-10-25 04:00:25.562 DEBUG    [DC4100_LED.py:89] DC4100: Sending l 3 150[0m
[32m2023-10-25 04:00:25.672 DEBUG    [DC4100_LED.py:92] DC4100: Received b''[0m
[32m2023-10-25 04:00:25.672 DEBUG    [DC4100_LED.py:89] DC4100: Sending o 0 0[0m
[32m2023-10-25 04:00:25.781 DEBUG    [DC4100_LED.py:92] DC4100: Received b''[0m
[32m2023-10-25 04:00:27.71 DEBUG    [AcquisitionClass.py:124] 1000[0m
[32m2023-10-25 04:00:27.71 DEBUG    [AcquisitionClass.py:125] 1.0[0m
[32m2023-10-25 04:00:27.72 DEBUG    [AcquisitionClass.py:126] 10000[0m
[32m2023-10-25 04:00:27.72 DEBUG    [AcquisitionClass.py:127] 10[0m
[32m2023-10-25 04:00:27.72 DEBUG    [AcquisitionClass.py:128] 10000[0m
[32m2023-10-25 04:00:27.73 DEBUG    [AcquisitionClass.py:129] 10000[0m
[32m2023-10-25 04:00:27.73 DEBUG    [AcquisitionClass.py:130] 10000[0m
[32m2023-10-25 04:20:17.617 DEBUG    [DC4100_LED.py:89] DC4100: Sending o 1 0[0m
[32m2023-10-25 04:20:17.726 DEBUG    [DC4100_LED.py:92] DC4100: Received b''[0m
[36m2023-10-25 04:20:17.726 INFO     [AcquisitionClass.py:516] frequency: 10.000 
 amplitude 0.200 
 offset 1.000  
 acquisiton time 2052.000 
 points per period 1000.000 
 number of periods 10.000[0m
[1;31m2023-10-25 04:35:08.676 ERROR    [AcquisitionClass.py:529] Voltage saturation of the MPPC fluorescence reader[0m
[1;35m2023-10-25 04:35:20.661 CRITICAL [qE_OJIP_calib.py:139] 0.0002122981183965911[0m
