[32m2023-10-25 02:33:26.950 DEBUG    [DC4100_LED.py:69] Serial<id=0x21d90e20c70, open=True>(port='COM5', baudrate=115200, bytesize=8, parity='N', stopbits=1, timeout=0.1, xonxoff=0, rtscts=0, dsrdtr=False)[0m
[32m2023-10-25 02:33:26.950 DEBUG    [DC4100_LED.py:89] DC4100: Sending o 0 0[0m
[32m2023-10-25 02:33:27.60 DEBUG    [DC4100_LED.py:92] DC4100: Received b''[0m
[32m2023-10-25 02:33:27.60 DEBUG    [DC4100_LED.py:89] DC4100: Sending o 1 0[0m
[32m2023-10-25 02:33:27.167 DEBUG    [DC4100_LED.py:92] DC4100: Received b''[0m
[32m2023-10-25 02:33:27.167 DEBUG    [DC4100_LED.py:89] DC4100: Sending o 2 0[0m
[32m2023-10-25 02:33:27.292 DEBUG    [DC4100_LED.py:92] DC4100: Received b''[0m
[32m2023-10-25 02:33:27.292 DEBUG    [DC4100_LED.py:89] DC4100: Sending o 3 0[0m
[32m2023-10-25 02:33:27.398 DEBUG    [DC4100_LED.py:92] DC4100: Received b''[0m
[1;35m2023-10-25 02:33:27.399 CRITICAL [DC4100_LED.py:164] setting mode[0m
[32m2023-10-25 02:33:27.399 DEBUG    [DC4100_LED.py:89] DC4100: Sending m 2[0m
[32m2023-10-25 02:33:27.506 DEBUG    [DC4100_LED.py:92] DC4100: Received b''[0m
[32m2023-10-25 02:33:28.511 DEBUG    [DC4100_LED.py:89] DC4100: Sending m?[0m
[32m2023-10-25 02:33:28.513 DEBUG    [DC4100_LED.py:92] DC4100: Received b'2\r\n'[0m
[36m2023-10-25 02:33:28.513 INFO     [DC4100_LED.py:215] External Control Mode[0m
[1;35m2023-10-25 02:33:28.513 CRITICAL [DC4100_LED.py:219] 1[0m
[32m2023-10-25 02:33:28.513 DEBUG    [DC4100_LED.py:89] DC4100: Sending o 0 1[0m
[32m2023-10-25 02:33:28.620 DEBUG    [DC4100_LED.py:92] DC4100: Received b''[0m
[1;35m2023-10-25 02:33:28.620 CRITICAL [DC4100_LED.py:219] 2[0m
[32m2023-10-25 02:33:28.620 DEBUG    [DC4100_LED.py:89] DC4100: Sending o 1 1[0m
[32m2023-10-25 02:33:28.729 DEBUG    [DC4100_LED.py:92] DC4100: Received b''[0m
[1;35m2023-10-25 02:33:28.729 CRITICAL [DC4100_LED.py:219] 3[0m
[32m2023-10-25 02:33:28.729 DEBUG    [DC4100_LED.py:89] DC4100: Sending o 2 1[0m
[32m2023-10-25 02:33:28.839 DEBUG    [DC4100_LED.py:92] DC4100: Received b''[0m
[1;35m2023-10-25 02:33:28.839 CRITICAL [DC4100_LED.py:219] 4[0m
[32m2023-10-25 02:33:28.839 DEBUG    [DC4100_LED.py:89] DC4100: Sending o 3 1[0m
[32m2023-10-25 02:33:28.949 DEBUG    [DC4100_LED.py:92] DC4100: Received b''[0m
[32m2023-10-25 02:33:28.949 DEBUG    [DC4100_LED.py:89] DC4100: Sending o 1 1[0m
[32m2023-10-25 02:33:29.56 DEBUG    [DC4100_LED.py:92] DC4100: Received b''[0m
[32m2023-10-25 02:33:29.56 DEBUG    [DC4100_LED.py:89] DC4100: Sending l 1 30[0m
[32m2023-10-25 02:33:29.166 DEBUG    [DC4100_LED.py:92] DC4100: Received b''[0m
[32m2023-10-25 02:33:29.166 DEBUG    [DC4100_LED.py:89] DC4100: Sending o 2 1[0m
[32m2023-10-25 02:33:29.276 DEBUG    [DC4100_LED.py:92] DC4100: Received b''[0m
[32m2023-10-25 02:33:29.276 DEBUG    [DC4100_LED.py:89] DC4100: Sending l 2 150[0m
[32m2023-10-25 02:33:29.383 DEBUG    [DC4100_LED.py:92] DC4100: Received b''[0m
[32m2023-10-25 02:33:29.383 DEBUG    [DC4100_LED.py:89] DC4100: Sending o 3 1[0m
[32m2023-10-25 02:33:29.492 DEBUG    [DC4100_LED.py:92] DC4100: Received b''[0m
[32m2023-10-25 02:33:29.492 DEBUG    [DC4100_LED.py:89] DC4100: Sending l 3 100[0m
[32m2023-10-25 02:33:29.603 DEBUG    [DC4100_LED.py:92] DC4100: Received b''[0m
[32m2023-10-25 02:33:29.603 DEBUG    [DC4100_LED.py:89] DC4100: Sending o 0 0[0m
[32m2023-10-25 02:33:29.713 DEBUG    [DC4100_LED.py:92] DC4100: Received b''[0m
[32m2023-10-25 02:33:30.987 DEBUG    [AcquisitionClass.py:124] 1000[0m
[32m2023-10-25 02:33:30.987 DEBUG    [AcquisitionClass.py:125] 1.0[0m
[32m2023-10-25 02:33:30.988 DEBUG    [AcquisitionClass.py:126] 10000[0m
[32m2023-10-25 02:33:30.988 DEBUG    [AcquisitionClass.py:127] 10[0m
[32m2023-10-25 02:33:30.988 DEBUG    [AcquisitionClass.py:128] 10000[0m
[32m2023-10-25 02:33:30.988 DEBUG    [AcquisitionClass.py:129] 10000[0m
[32m2023-10-25 02:33:30.989 DEBUG    [AcquisitionClass.py:130] 10000[0m
