[32m2023-11-30 17:01:27.862 DEBUG    [DC4100_LED.py:69] Serial<id=0x2a4fe3b26a0, open=True>(port='COM5', baudrate=115200, bytesize=8, parity='N', stopbits=1, timeout=0.1, xonxoff=0, rtscts=0, dsrdtr=False)[0m
[32m2023-11-30 17:01:27.862 DEBUG    [DC4100_LED.py:89] DC4100: Sending o 0 0[0m
[32m2023-11-30 17:01:27.977 DEBUG    [DC4100_LED.py:92] DC4100: Received b''[0m
[32m2023-11-30 17:01:27.977 DEBUG    [DC4100_LED.py:89] DC4100: Sending o 1 0[0m
[32m2023-11-30 17:01:28.87 DEBUG    [DC4100_LED.py:92] DC4100: Received b''[0m
[32m2023-11-30 17:01:28.87 DEBUG    [DC4100_LED.py:89] DC4100: Sending o 2 0[0m
[32m2023-11-30 17:01:28.198 DEBUG    [DC4100_LED.py:92] DC4100: Received b''[0m
[32m2023-11-30 17:01:28.198 DEBUG    [DC4100_LED.py:89] DC4100: Sending o 3 0[0m
[32m2023-11-30 17:01:28.307 DEBUG    [DC4100_LED.py:92] DC4100: Received b''[0m
[1;35m2023-11-30 17:01:28.307 CRITICAL [DC4100_LED.py:164] setting mode[0m
[32m2023-11-30 17:01:28.307 DEBUG    [DC4100_LED.py:89] DC4100: Sending m 2[0m
[32m2023-11-30 17:01:28.416 DEBUG    [DC4100_LED.py:92] DC4100: Received b''[0m
[32m2023-11-30 17:01:29.431 DEBUG    [DC4100_LED.py:89] DC4100: Sending m?[0m
[32m2023-11-30 17:01:29.432 DEBUG    [DC4100_LED.py:92] DC4100: Received b'2\r\n'[0m
[36m2023-11-30 17:01:29.432 INFO     [DC4100_LED.py:215] External Control Mode[0m
[1;35m2023-11-30 17:01:29.433 CRITICAL [DC4100_LED.py:219] 1[0m
[32m2023-11-30 17:01:29.433 DEBUG    [DC4100_LED.py:89] DC4100: Sending o 0 1[0m
[32m2023-11-30 17:01:29.541 DEBUG    [DC4100_LED.py:92] DC4100: Received b''[0m
[1;35m2023-11-30 17:01:29.541 CRITICAL [DC4100_LED.py:219] 2[0m
[32m2023-11-30 17:01:29.541 DEBUG    [DC4100_LED.py:89] DC4100: Sending o 1 1[0m
[32m2023-11-30 17:01:29.651 DEBUG    [DC4100_LED.py:92] DC4100: Received b''[0m
[1;35m2023-11-30 17:01:29.651 CRITICAL [DC4100_LED.py:219] 3[0m
[32m2023-11-30 17:01:29.651 DEBUG    [DC4100_LED.py:89] DC4100: Sending o 2 1[0m
[32m2023-11-30 17:01:29.761 DEBUG    [DC4100_LED.py:92] DC4100: Received b''[0m
[1;35m2023-11-30 17:01:29.761 CRITICAL [DC4100_LED.py:219] 4[0m
[32m2023-11-30 17:01:29.761 DEBUG    [DC4100_LED.py:89] DC4100: Sending o 3 1[0m
[32m2023-11-30 17:01:29.871 DEBUG    [DC4100_LED.py:92] DC4100: Received b''[0m
[32m2023-11-30 17:01:29.871 DEBUG    [DC4100_LED.py:89] DC4100: Sending o 1 1[0m
[32m2023-11-30 17:01:29.979 DEBUG    [DC4100_LED.py:92] DC4100: Received b''[0m
[32m2023-11-30 17:01:29.979 DEBUG    [DC4100_LED.py:89] DC4100: Sending l 1 1000[0m
[32m2023-11-30 17:01:30.86 DEBUG    [DC4100_LED.py:92] DC4100: Received b''[0m
[32m2023-11-30 17:01:30.86 DEBUG    [DC4100_LED.py:89] DC4100: Sending o 2 0[0m
[32m2023-11-30 17:01:30.196 DEBUG    [DC4100_LED.py:92] DC4100: Received b''[0m
[32m2023-11-30 17:01:30.196 DEBUG    [DC4100_LED.py:89] DC4100: Sending o 3 1[0m
[32m2023-11-30 17:01:30.305 DEBUG    [DC4100_LED.py:92] DC4100: Received b''[0m
[32m2023-11-30 17:01:30.306 DEBUG    [DC4100_LED.py:89] DC4100: Sending l 3 1000[0m
[32m2023-11-30 17:01:30.414 DEBUG    [DC4100_LED.py:92] DC4100: Received b''[0m
[32m2023-11-30 17:01:30.414 DEBUG    [DC4100_LED.py:89] DC4100: Sending o 0 0[0m
[32m2023-11-30 17:01:30.523 DEBUG    [DC4100_LED.py:92] DC4100: Received b''[0m
[32m2023-11-30 17:01:36.732 DEBUG    [AcquisitionClass.py:125] 1000[0m
[32m2023-11-30 17:01:36.733 DEBUG    [AcquisitionClass.py:126] 1.0[0m
[32m2023-11-30 17:01:36.733 DEBUG    [AcquisitionClass.py:127] 10000[0m
[32m2023-11-30 17:01:36.733 DEBUG    [AcquisitionClass.py:128] 10[0m
[32m2023-11-30 17:01:36.733 DEBUG    [AcquisitionClass.py:129] 10000[0m
[32m2023-11-30 17:01:36.733 DEBUG    [AcquisitionClass.py:130] 10000[0m
[32m2023-11-30 17:01:36.734 DEBUG    [AcquisitionClass.py:131] 10000[0m
[32m2023-11-30 17:01:36.734 DEBUG    [AcquisitionClass.py:125] 1000[0m
[32m2023-11-30 17:01:36.734 DEBUG    [AcquisitionClass.py:126] 10.0[0m
[32m2023-11-30 17:01:36.735 DEBUG    [AcquisitionClass.py:127] 1000[0m
[32m2023-11-30 17:01:36.735 DEBUG    [AcquisitionClass.py:128] 1[0m
[32m2023-11-30 17:01:36.735 DEBUG    [AcquisitionClass.py:129] 1000[0m
[32m2023-11-30 17:01:36.735 DEBUG    [AcquisitionClass.py:130] 10000[0m
[32m2023-11-30 17:01:36.735 DEBUG    [AcquisitionClass.py:131] 10000[0m
[36m2023-11-30 17:01:36.887 INFO     [AcquisitionClass.py:517] frequency: 1.000 
 amplitude 2.000 
 offset 4.000  
 acquisiton time 10.000 
 points per period 1000.000 
 number of periods 10.000[0m
[32m2023-11-30 17:01:58.405 DEBUG    [AcquisitionClass.py:125] 1000[0m
[32m2023-11-30 17:01:58.405 DEBUG    [AcquisitionClass.py:126] 0.01[0m
[32m2023-11-30 17:01:58.406 DEBUG    [AcquisitionClass.py:127] 1000000.0[0m
[32m2023-11-30 17:01:58.406 DEBUG    [AcquisitionClass.py:128] 1000.0[0m
[32m2023-11-30 17:01:58.406 DEBUG    [AcquisitionClass.py:129] 1000000.0[0m
[32m2023-11-30 17:01:58.407 DEBUG    [AcquisitionClass.py:130] 10000[0m
[32m2023-11-30 17:01:58.407 DEBUG    [AcquisitionClass.py:131] 10000[0m
[36m2023-11-30 17:01:58.471 INFO     [AcquisitionClass.py:517] frequency: 1000.000 
 amplitude 2.000 
 offset 4.000  
 acquisiton time 0.010 
 points per period 1000.000 
 number of periods 10.000[0m
[1;35m2023-11-30 17:01:58.497 CRITICAL [AcquisitionClass.py:169] -1.6412894798010045[0m
[32m2023-11-30 17:02:00.625 DEBUG    [AcquisitionClass.py:125] 1000[0m
[32m2023-11-30 17:02:00.625 DEBUG    [AcquisitionClass.py:126] 0.01291549665014884[0m
[32m2023-11-30 17:02:00.625 DEBUG    [AcquisitionClass.py:127] 774263.0[0m
[32m2023-11-30 17:02:00.626 DEBUG    [AcquisitionClass.py:128] 774.263682681127[0m
[32m2023-11-30 17:02:00.626 DEBUG    [AcquisitionClass.py:129] 774263.682681127[0m
[32m2023-11-30 17:02:00.626 DEBUG    [AcquisitionClass.py:130] 10000[0m
[32m2023-11-30 17:02:00.626 DEBUG    [AcquisitionClass.py:131] 10000[0m
[36m2023-11-30 17:02:00.692 INFO     [AcquisitionClass.py:517] frequency: 774.264 
 amplitude 2.000 
 offset 4.000  
 acquisiton time 0.013 
 points per period 1000.000 
 number of periods 10.000[0m
[1;35m2023-11-30 17:02:00.718 CRITICAL [AcquisitionClass.py:169] -1.7139314134765193[0m
[32m2023-11-30 17:02:02.839 DEBUG    [AcquisitionClass.py:125] 1000[0m
[32m2023-11-30 17:02:02.840 DEBUG    [AcquisitionClass.py:126] 0.016681005372000592[0m
[32m2023-11-30 17:02:02.840 DEBUG    [AcquisitionClass.py:127] 599484.0[0m
[32m2023-11-30 17:02:02.840 DEBUG    [AcquisitionClass.py:128] 599.4842503189409[0m
[32m2023-11-30 17:02:02.840 DEBUG    [AcquisitionClass.py:129] 599484.2503189408[0m
[32m2023-11-30 17:02:02.841 DEBUG    [AcquisitionClass.py:130] 10000[0m
[32m2023-11-30 17:02:02.841 DEBUG    [AcquisitionClass.py:131] 10000[0m
[36m2023-11-30 17:02:02.907 INFO     [AcquisitionClass.py:517] frequency: 599.484 
 amplitude 2.000 
 offset 4.000  
 acquisiton time 0.017 
 points per period 1000.000 
 number of periods 10.000[0m
[1;35m2023-11-30 17:02:02.932 CRITICAL [AcquisitionClass.py:169] -1.522207970565219[0m
[32m2023-11-30 17:02:05.52 DEBUG    [AcquisitionClass.py:125] 1000[0m
[32m2023-11-30 17:02:05.52 DEBUG    [AcquisitionClass.py:126] 0.021544346900318846[0m
[32m2023-11-30 17:02:05.53 DEBUG    [AcquisitionClass.py:127] 464158.0[0m
[32m2023-11-30 17:02:05.53 DEBUG    [AcquisitionClass.py:128] 464.15888336127773[0m
[32m2023-11-30 17:02:05.53 DEBUG    [AcquisitionClass.py:129] 464158.88336127775[0m
[32m2023-11-30 17:02:05.53 DEBUG    [AcquisitionClass.py:130] 10000[0m
[32m2023-11-30 17:02:05.54 DEBUG    [AcquisitionClass.py:131] 10000[0m
[36m2023-11-30 17:02:05.118 INFO     [AcquisitionClass.py:517] frequency: 464.159 
 amplitude 2.000 
 offset 4.000  
 acquisiton time 0.022 
 points per period 1000.000 
 number of periods 10.000[0m
[1;35m2023-11-30 17:02:05.144 CRITICAL [AcquisitionClass.py:169] -1.743200769052[0m
[32m2023-11-30 17:02:07.264 DEBUG    [AcquisitionClass.py:125] 1000[0m
[32m2023-11-30 17:02:07.264 DEBUG    [AcquisitionClass.py:126] 0.02782559402207126[0m
[32m2023-11-30 17:02:07.265 DEBUG    [AcquisitionClass.py:127] 359381.0[0m
[32m2023-11-30 17:02:07.265 DEBUG    [AcquisitionClass.py:128] 359.38136638046257[0m
[32m2023-11-30 17:02:07.265 DEBUG    [AcquisitionClass.py:129] 359381.36638046254[0m
[32m2023-11-30 17:02:07.265 DEBUG    [AcquisitionClass.py:130] 10000[0m
[32m2023-11-30 17:02:07.266 DEBUG    [AcquisitionClass.py:131] 10000[0m
[36m2023-11-30 17:02:07.330 INFO     [AcquisitionClass.py:517] frequency: 359.381 
 amplitude 2.000 
 offset 4.000  
 acquisiton time 0.028 
 points per period 1000.000 
 number of periods 10.000[0m
[1;35m2023-11-30 17:02:07.371 CRITICAL [AcquisitionClass.py:169] -1.7565106668289534[0m
[32m2023-11-30 17:02:09.487 DEBUG    [AcquisitionClass.py:125] 1000[0m
[32m2023-11-30 17:02:09.487 DEBUG    [AcquisitionClass.py:126] 0.03593813663804626[0m
[32m2023-11-30 17:02:09.488 DEBUG    [AcquisitionClass.py:127] 278255.0[0m
[32m2023-11-30 17:02:09.488 DEBUG    [AcquisitionClass.py:128] 278.2559402207126[0m
[32m2023-11-30 17:02:09.488 DEBUG    [AcquisitionClass.py:129] 278255.9402207126[0m
[32m2023-11-30 17:02:09.489 DEBUG    [AcquisitionClass.py:130] 10000[0m
[32m2023-11-30 17:02:09.489 DEBUG    [AcquisitionClass.py:131] 10000[0m
[36m2023-11-30 17:02:09.554 INFO     [AcquisitionClass.py:517] frequency: 278.256 
 amplitude 2.000 
 offset 4.000  
 acquisiton time 0.036 
 points per period 1000.000 
 number of periods 10.000[0m
[1;35m2023-11-30 17:02:09.596 CRITICAL [AcquisitionClass.py:169] -1.7013454398847898[0m
[32m2023-11-30 17:02:11.716 DEBUG    [AcquisitionClass.py:125] 1000[0m
[32m2023-11-30 17:02:11.716 DEBUG    [AcquisitionClass.py:126] 0.046415888336127774[0m
[32m2023-11-30 17:02:11.717 DEBUG    [AcquisitionClass.py:127] 215443.0[0m
[32m2023-11-30 17:02:11.717 DEBUG    [AcquisitionClass.py:128] 215.44346900318845[0m
[32m2023-11-30 17:02:11.717 DEBUG    [AcquisitionClass.py:129] 215443.46900318845[0m
[32m2023-11-30 17:02:11.717 DEBUG    [AcquisitionClass.py:130] 10000[0m
[32m2023-11-30 17:02:11.718 DEBUG    [AcquisitionClass.py:131] 10000[0m
[36m2023-11-30 17:02:11.781 INFO     [AcquisitionClass.py:517] frequency: 215.443 
 amplitude 2.000 
 offset 4.000  
 acquisiton time 0.046 
 points per period 1000.000 
 number of periods 10.000[0m
[1;35m2023-11-30 17:02:11.840 CRITICAL [AcquisitionClass.py:169] -1.5450461079745874[0m
[32m2023-11-30 17:02:13.960 DEBUG    [AcquisitionClass.py:125] 1000[0m
[32m2023-11-30 17:02:13.960 DEBUG    [AcquisitionClass.py:126] 0.059948425031894084[0m
[32m2023-11-30 17:02:13.960 DEBUG    [AcquisitionClass.py:127] 166810.0[0m
[32m2023-11-30 17:02:13.961 DEBUG    [AcquisitionClass.py:128] 166.81005372000593[0m
[32m2023-11-30 17:02:13.961 DEBUG    [AcquisitionClass.py:129] 166810.05372000593[0m
[32m2023-11-30 17:02:13.961 DEBUG    [AcquisitionClass.py:130] 10000[0m
[32m2023-11-30 17:02:13.961 DEBUG    [AcquisitionClass.py:131] 10000[0m
[36m2023-11-30 17:02:14.28 INFO     [AcquisitionClass.py:517] frequency: 166.810 
 amplitude 2.000 
 offset 4.000  
 acquisiton time 0.060 
 points per period 1000.000 
 number of periods 10.000[0m
[1;35m2023-11-30 17:02:14.101 CRITICAL [AcquisitionClass.py:169] -1.4608963152332706[0m
[32m2023-11-30 17:02:16.224 DEBUG    [AcquisitionClass.py:125] 1000[0m
[32m2023-11-30 17:02:16.224 DEBUG    [AcquisitionClass.py:126] 0.07742636826811271[0m
[32m2023-11-30 17:02:16.225 DEBUG    [AcquisitionClass.py:127] 129154.0[0m
[32m2023-11-30 17:02:16.225 DEBUG    [AcquisitionClass.py:128] 129.1549665014884[0m
[32m2023-11-30 17:02:16.225 DEBUG    [AcquisitionClass.py:129] 129154.9665014884[0m
[32m2023-11-30 17:02:16.225 DEBUG    [AcquisitionClass.py:130] 10000[0m
[32m2023-11-30 17:02:16.226 DEBUG    [AcquisitionClass.py:131] 10000[0m
[36m2023-11-30 17:02:16.291 INFO     [AcquisitionClass.py:517] frequency: 129.155 
 amplitude 2.000 
 offset 4.000  
 acquisiton time 0.077 
 points per period 1000.000 
 number of periods 10.000[0m
[1;35m2023-11-30 17:02:16.379 CRITICAL [AcquisitionClass.py:169] -1.445452741464214[0m
[32m2023-11-30 17:02:18.496 DEBUG    [AcquisitionClass.py:125] 1000[0m
[32m2023-11-30 17:02:18.497 DEBUG    [AcquisitionClass.py:126] 0.1[0m
[32m2023-11-30 17:02:18.497 DEBUG    [AcquisitionClass.py:127] 100000.0[0m
[32m2023-11-30 17:02:18.497 DEBUG    [AcquisitionClass.py:128] 100.0[0m
[32m2023-11-30 17:02:18.497 DEBUG    [AcquisitionClass.py:129] 100000.0[0m
[32m2023-11-30 17:02:18.498 DEBUG    [AcquisitionClass.py:130] 10000[0m
[32m2023-11-30 17:02:18.498 DEBUG    [AcquisitionClass.py:131] 10000[0m
[36m2023-11-30 17:02:18.565 INFO     [AcquisitionClass.py:517] frequency: 100.000 
 amplitude 2.000 
 offset 4.000  
 acquisiton time 0.100 
 points per period 1000.000 
 number of periods 10.000[0m
[1;35m2023-11-30 17:02:18.685 CRITICAL [AcquisitionClass.py:169] -1.4671412519232057[0m
[32m2023-11-30 17:02:24.137 DEBUG    [AcquisitionClass.py:125] 1000[0m
[32m2023-11-30 17:02:24.137 DEBUG    [AcquisitionClass.py:126] 1.0[0m
[32m2023-11-30 17:02:24.138 DEBUG    [AcquisitionClass.py:127] 10000[0m
[32m2023-11-30 17:02:24.138 DEBUG    [AcquisitionClass.py:128] 10[0m
[32m2023-11-30 17:02:24.138 DEBUG    [AcquisitionClass.py:129] 10000[0m
[32m2023-11-30 17:02:24.138 DEBUG    [AcquisitionClass.py:130] 10000[0m
[32m2023-11-30 17:02:24.139 DEBUG    [AcquisitionClass.py:131] 10000[0m
[32m2023-11-30 17:02:24.139 DEBUG    [AcquisitionClass.py:125] 10000[0m
[32m2023-11-30 17:02:24.139 DEBUG    [AcquisitionClass.py:126] 25.0[0m
[32m2023-11-30 17:02:24.139 DEBUG    [AcquisitionClass.py:127] 2000.0[0m
[32m2023-11-30 17:02:24.139 DEBUG    [AcquisitionClass.py:128] 0.2[0m
[32m2023-11-30 17:02:24.140 DEBUG    [AcquisitionClass.py:129] 2000.0[0m
[32m2023-11-30 17:02:24.140 DEBUG    [AcquisitionClass.py:130] 50000[0m
[32m2023-11-30 17:02:24.140 DEBUG    [AcquisitionClass.py:131] 50000[0m
[32m2023-11-30 17:02:24.143 DEBUG    [AcquisitionClass.py:125] 10000[0m
[32m2023-11-30 17:02:24.143 DEBUG    [AcquisitionClass.py:126] 25.0[0m
[32m2023-11-30 17:02:24.143 DEBUG    [AcquisitionClass.py:127] 2000.0[0m
[32m2023-11-30 17:02:24.144 DEBUG    [AcquisitionClass.py:128] 0.2[0m
[32m2023-11-30 17:02:24.144 DEBUG    [AcquisitionClass.py:129] 2000.0[0m
[32m2023-11-30 17:02:24.144 DEBUG    [AcquisitionClass.py:130] 50000[0m
[32m2023-11-30 17:02:24.144 DEBUG    [AcquisitionClass.py:131] 50000[0m
[36m2023-11-30 17:02:24.206 INFO     [AcquisitionClass.py:371] Did not start digital generator, check generator_analog_channels[0m
[36m2023-11-30 17:02:24.209 INFO     [AcquisitionClass.py:517] frequency: 0.200 
 amplitude 2.000 
 offset 2.000  
 acquisiton time 25.000 
 points per period 10000.000 
 number of periods 5.000[0m
[1;31m2023-11-30 17:03:21.718 ERROR    [AcquisitionClass.py:526] Voltage saturation of the MPPC intensity reader[0m
[1;31m2023-11-30 17:03:21.718 ERROR    [AcquisitionClass.py:530] Voltage saturation of the MPPC fluorescence reader[0m
[36m2023-11-30 17:03:22.60 INFO     [AcquisitionClass.py:630] Shutting down all LEDs for 1 seconds[0m
[36m2023-11-30 17:03:22.126 INFO     [AcquisitionClass.py:371] Did not start digital generator, check generator_analog_channels[0m
[1;35m2023-11-30 17:03:25.20 CRITICAL [DronpaClass.py:179] [][0m
[32m2023-11-30 17:03:25.20 DEBUG    [AcquisitionClass.py:125] 10000[0m
[32m2023-11-30 17:03:25.20 DEBUG    [AcquisitionClass.py:126] 24.65753424657534[0m
[32m2023-11-30 17:03:25.21 DEBUG    [AcquisitionClass.py:127] 2027.0[0m
[32m2023-11-30 17:03:25.21 DEBUG    [AcquisitionClass.py:128] 0.20277777777777778[0m
[32m2023-11-30 17:03:25.21 DEBUG    [AcquisitionClass.py:129] 2027.7777777777778[0m
[32m2023-11-30 17:03:25.21 DEBUG    [AcquisitionClass.py:130] 50000[0m
[32m2023-11-30 17:03:25.21 DEBUG    [AcquisitionClass.py:131] 50000[0m
[32m2023-11-30 17:03:25.24 DEBUG    [AcquisitionClass.py:125] 10000[0m
[32m2023-11-30 17:03:25.24 DEBUG    [AcquisitionClass.py:126] 24.65753424657534[0m
[32m2023-11-30 17:03:25.24 DEBUG    [AcquisitionClass.py:127] 2027.0[0m
[32m2023-11-30 17:03:25.24 DEBUG    [AcquisitionClass.py:128] 0.20277777777777778[0m
[32m2023-11-30 17:03:25.25 DEBUG    [AcquisitionClass.py:129] 2027.7777777777778[0m
[32m2023-11-30 17:03:25.25 DEBUG    [AcquisitionClass.py:130] 50000[0m
[32m2023-11-30 17:03:25.25 DEBUG    [AcquisitionClass.py:131] 50000[0m
[36m2023-11-30 17:03:25.81 INFO     [AcquisitionClass.py:371] Did not start digital generator, check generator_analog_channels[0m
[36m2023-11-30 17:03:25.84 INFO     [AcquisitionClass.py:517] frequency: 0.203 
 amplitude 2.028 
 offset 2.028  
 acquisiton time 24.658 
 points per period 10000.000 
 number of periods 5.000[0m
[1;31m2023-11-30 17:04:21.805 ERROR    [AcquisitionClass.py:526] Voltage saturation of the MPPC intensity reader[0m
[1;31m2023-11-30 17:04:21.805 ERROR    [AcquisitionClass.py:530] Voltage saturation of the MPPC fluorescence reader[0m
[36m2023-11-30 17:04:22.104 INFO     [AcquisitionClass.py:630] Shutting down all LEDs for 1 seconds[0m
[36m2023-11-30 17:04:22.186 INFO     [AcquisitionClass.py:371] Did not start digital generator, check generator_analog_channels[0m
[1;35m2023-11-30 17:04:25.125 CRITICAL [DronpaClass.py:179] [][0m
[32m2023-11-30 17:04:25.125 DEBUG    [AcquisitionClass.py:125] 10000[0m
[32m2023-11-30 17:04:25.126 DEBUG    [AcquisitionClass.py:126] 24.324324324324326[0m
[32m2023-11-30 17:04:25.126 DEBUG    [AcquisitionClass.py:127] 2055.0[0m
[32m2023-11-30 17:04:25.127 DEBUG    [AcquisitionClass.py:128] 0.20555555555555555[0m
[32m2023-11-30 17:04:25.127 DEBUG    [AcquisitionClass.py:129] 2055.5555555555557[0m
[32m2023-11-30 17:04:25.127 DEBUG    [AcquisitionClass.py:130] 50000[0m
[32m2023-11-30 17:04:25.127 DEBUG    [AcquisitionClass.py:131] 50000[0m
[32m2023-11-30 17:04:25.130 DEBUG    [AcquisitionClass.py:125] 10000[0m
[32m2023-11-30 17:04:25.130 DEBUG    [AcquisitionClass.py:126] 24.324324324324326[0m
[32m2023-11-30 17:04:25.130 DEBUG    [AcquisitionClass.py:127] 2055.0[0m
[32m2023-11-30 17:04:25.132 DEBUG    [AcquisitionClass.py:128] 0.20555555555555555[0m
[32m2023-11-30 17:04:25.132 DEBUG    [AcquisitionClass.py:129] 2055.5555555555557[0m
[32m2023-11-30 17:04:25.132 DEBUG    [AcquisitionClass.py:130] 50000[0m
[32m2023-11-30 17:04:25.132 DEBUG    [AcquisitionClass.py:131] 50000[0m
[36m2023-11-30 17:04:25.190 INFO     [AcquisitionClass.py:371] Did not start digital generator, check generator_analog_channels[0m
[36m2023-11-30 17:04:25.193 INFO     [AcquisitionClass.py:517] frequency: 0.206 
 amplitude 2.056 
 offset 2.056  
 acquisiton time 24.324 
 points per period 10000.000 
 number of periods 5.000[0m
[1;31m2023-11-30 17:05:21.141 ERROR    [AcquisitionClass.py:526] Voltage saturation of the MPPC intensity reader[0m
[1;31m2023-11-30 17:05:21.142 ERROR    [AcquisitionClass.py:530] Voltage saturation of the MPPC fluorescence reader[0m
[36m2023-11-30 17:05:21.444 INFO     [AcquisitionClass.py:630] Shutting down all LEDs for 1 seconds[0m
[36m2023-11-30 17:05:21.522 INFO     [AcquisitionClass.py:371] Did not start digital generator, check generator_analog_channels[0m
[1;35m2023-11-30 17:05:24.428 CRITICAL [DronpaClass.py:179] [][0m
[32m2023-11-30 17:05:24.428 DEBUG    [AcquisitionClass.py:125] 10000[0m
[32m2023-11-30 17:05:24.428 DEBUG    [AcquisitionClass.py:126] 23.999999999999996[0m
[32m2023-11-30 17:05:24.428 DEBUG    [AcquisitionClass.py:127] 2083.0[0m
[32m2023-11-30 17:05:24.428 DEBUG    [AcquisitionClass.py:128] 0.20833333333333337[0m
[32m2023-11-30 17:05:24.428 DEBUG    [AcquisitionClass.py:129] 2083.3333333333335[0m
[32m2023-11-30 17:05:24.428 DEBUG    [AcquisitionClass.py:130] 50000[0m
[32m2023-11-30 17:05:24.428 DEBUG    [AcquisitionClass.py:131] 50000[0m
[32m2023-11-30 17:05:24.431 DEBUG    [AcquisitionClass.py:125] 10000[0m
[32m2023-11-30 17:05:24.431 DEBUG    [AcquisitionClass.py:126] 23.999999999999996[0m
[32m2023-11-30 17:05:24.431 DEBUG    [AcquisitionClass.py:127] 2083.0[0m
[32m2023-11-30 17:05:24.431 DEBUG    [AcquisitionClass.py:128] 0.20833333333333337[0m
[32m2023-11-30 17:05:24.431 DEBUG    [AcquisitionClass.py:129] 2083.3333333333335[0m
[32m2023-11-30 17:05:24.431 DEBUG    [AcquisitionClass.py:130] 50000[0m
[32m2023-11-30 17:05:24.432 DEBUG    [AcquisitionClass.py:131] 50000[0m
[36m2023-11-30 17:05:24.487 INFO     [AcquisitionClass.py:371] Did not start digital generator, check generator_analog_channels[0m
[36m2023-11-30 17:05:24.490 INFO     [AcquisitionClass.py:517] frequency: 0.208 
 amplitude 2.083 
 offset 2.083  
 acquisiton time 24.000 
 points per period 10000.000 
 number of periods 5.000[0m
