[32m2023-10-23 17:48:19.239 DEBUG    [DC4100_LED.py:69] Serial<id=0x21c415b7610, open=True>(port='COM5', baudrate=115200, bytesize=8, parity='N', stopbits=1, timeout=0.1, xonxoff=0, rtscts=0, dsrdtr=False)[0m
[32m2023-10-23 17:48:19.239 DEBUG    [DC4100_LED.py:89] DC4100: Sending o 0 0[0m
[32m2023-10-23 17:48:19.345 DEBUG    [DC4100_LED.py:92] DC4100: Received b''[0m
[32m2023-10-23 17:48:19.345 DEBUG    [DC4100_LED.py:89] DC4100: Sending o 1 0[0m
[32m2023-10-23 17:48:19.453 DEBUG    [DC4100_LED.py:92] DC4100: Received b''[0m
[32m2023-10-23 17:48:19.453 DEBUG    [DC4100_LED.py:89] DC4100: Sending o 2 0[0m
[32m2023-10-23 17:48:19.560 DEBUG    [DC4100_LED.py:92] DC4100: Received b''[0m
[32m2023-10-23 17:48:19.560 DEBUG    [DC4100_LED.py:89] DC4100: Sending o 3 0[0m
[32m2023-10-23 17:48:19.670 DEBUG    [DC4100_LED.py:92] DC4100: Received b''[0m
[1;35m2023-10-23 17:48:19.670 CRITICAL [DC4100_LED.py:164] setting mode[0m
[32m2023-10-23 17:48:19.670 DEBUG    [DC4100_LED.py:89] DC4100: Sending m 2[0m
[32m2023-10-23 17:48:19.780 DEBUG    [DC4100_LED.py:92] DC4100: Received b''[0m
[32m2023-10-23 17:48:20.790 DEBUG    [DC4100_LED.py:89] DC4100: Sending m?[0m
[32m2023-10-23 17:48:20.792 DEBUG    [DC4100_LED.py:92] DC4100: Received b'2\r\n'[0m
[36m2023-10-23 17:48:20.792 INFO     [DC4100_LED.py:215] External Control Mode[0m
[1;35m2023-10-23 17:48:20.792 CRITICAL [DC4100_LED.py:219] 1[0m
[32m2023-10-23 17:48:20.792 DEBUG    [DC4100_LED.py:89] DC4100: Sending o 0 1[0m
[32m2023-10-23 17:48:20.899 DEBUG    [DC4100_LED.py:92] DC4100: Received b''[0m
[1;35m2023-10-23 17:48:20.899 CRITICAL [DC4100_LED.py:219] 2[0m
[32m2023-10-23 17:48:20.899 DEBUG    [DC4100_LED.py:89] DC4100: Sending o 1 1[0m
[32m2023-10-23 17:48:21.7 DEBUG    [DC4100_LED.py:92] DC4100: Received b''[0m
[1;35m2023-10-23 17:48:21.7 CRITICAL [DC4100_LED.py:219] 3[0m
[32m2023-10-23 17:48:21.7 DEBUG    [DC4100_LED.py:89] DC4100: Sending o 2 1[0m
[32m2023-10-23 17:48:21.117 DEBUG    [DC4100_LED.py:92] DC4100: Received b''[0m
[1;35m2023-10-23 17:48:21.117 CRITICAL [DC4100_LED.py:219] 4[0m
[32m2023-10-23 17:48:21.118 DEBUG    [DC4100_LED.py:89] DC4100: Sending o 3 1[0m
[32m2023-10-23 17:48:21.226 DEBUG    [DC4100_LED.py:92] DC4100: Received b''[0m
[32m2023-10-23 17:48:21.226 DEBUG    [DC4100_LED.py:89] DC4100: Sending o 1 1[0m
[32m2023-10-23 17:48:21.336 DEBUG    [DC4100_LED.py:92] DC4100: Received b''[0m
[32m2023-10-23 17:48:21.336 DEBUG    [DC4100_LED.py:89] DC4100: Sending l 1 450[0m
[32m2023-10-23 17:48:21.445 DEBUG    [DC4100_LED.py:92] DC4100: Received b''[0m
[32m2023-10-23 17:48:21.445 DEBUG    [DC4100_LED.py:89] DC4100: Sending o 2 1[0m
[32m2023-10-23 17:48:21.554 DEBUG    [DC4100_LED.py:92] DC4100: Received b''[0m
[32m2023-10-23 17:48:21.554 DEBUG    [DC4100_LED.py:89] DC4100: Sending l 2 150[0m
[32m2023-10-23 17:48:21.662 DEBUG    [DC4100_LED.py:92] DC4100: Received b''[0m
[32m2023-10-23 17:48:21.662 DEBUG    [DC4100_LED.py:89] DC4100: Sending o 3 1[0m
[32m2023-10-23 17:48:21.769 DEBUG    [DC4100_LED.py:92] DC4100: Received b''[0m
[32m2023-10-23 17:48:21.769 DEBUG    [DC4100_LED.py:89] DC4100: Sending l 3 150[0m
[32m2023-10-23 17:48:21.879 DEBUG    [DC4100_LED.py:92] DC4100: Received b''[0m
[32m2023-10-23 17:48:21.879 DEBUG    [DC4100_LED.py:89] DC4100: Sending o 0 0[0m
[32m2023-10-23 17:48:21.988 DEBUG    [DC4100_LED.py:92] DC4100: Received b''[0m
[32m2023-10-23 17:48:23.280 DEBUG    [AcquisitionClass.py:124] 1000[0m
[32m2023-10-23 17:48:23.280 DEBUG    [AcquisitionClass.py:125] 1.0[0m
[32m2023-10-23 17:48:23.281 DEBUG    [AcquisitionClass.py:126] 10000[0m
[32m2023-10-23 17:48:23.281 DEBUG    [AcquisitionClass.py:127] 10[0m
[32m2023-10-23 17:48:23.281 DEBUG    [AcquisitionClass.py:128] 10000[0m
[32m2023-10-23 17:48:23.281 DEBUG    [AcquisitionClass.py:129] 10000[0m
[32m2023-10-23 17:48:23.282 DEBUG    [AcquisitionClass.py:130] 10000[0m
[32m2023-10-23 18:08:13.834 DEBUG    [DC4100_LED.py:89] DC4100: Sending o 1 0[0m
[32m2023-10-23 18:08:13.942 DEBUG    [DC4100_LED.py:92] DC4100: Received b''[0m
[36m2023-10-23 18:08:13.942 INFO     [AcquisitionClass.py:516] frequency: 10.000 
 amplitude 0.200 
 offset 1.000  
 acquisiton time 2052.000 
 points per period 1000.000 
 number of periods 10.000[0m
[1;31m2023-10-23 18:23:04.877 ERROR    [AcquisitionClass.py:529] Voltage saturation of the MPPC fluorescence reader[0m
[1;35m2023-10-23 18:23:15.824 CRITICAL [qE_OJIP_calib.py:139] 0.0005888474179421915[0m
