[32m2023-10-24 08:10:01.569 DEBUG    [DC4100_LED.py:69] Serial<id=0x15df3d81c70, open=True>(port='COM5', baudrate=115200, bytesize=8, parity='N', stopbits=1, timeout=0.1, xonxoff=0, rtscts=0, dsrdtr=False)[0m
[32m2023-10-24 08:10:01.569 DEBUG    [DC4100_LED.py:89] DC4100: Sending o 0 0[0m
[32m2023-10-24 08:10:01.677 DEBUG    [DC4100_LED.py:92] DC4100: Received b''[0m
[32m2023-10-24 08:10:01.677 DEBUG    [DC4100_LED.py:89] DC4100: Sending o 1 0[0m
[32m2023-10-24 08:10:01.785 DEBUG    [DC4100_LED.py:92] DC4100: Received b''[0m
[32m2023-10-24 08:10:01.785 DEBUG    [DC4100_LED.py:89] DC4100: Sending o 2 0[0m
[32m2023-10-24 08:10:01.895 DEBUG    [DC4100_LED.py:92] DC4100: Received b''[0m
[32m2023-10-24 08:10:01.895 DEBUG    [DC4100_LED.py:89] DC4100: Sending o 3 0[0m
[32m2023-10-24 08:10:02.6 DEBUG    [DC4100_LED.py:92] DC4100: Received b''[0m
[1;35m2023-10-24 08:10:02.6 CRITICAL [DC4100_LED.py:164] setting mode[0m
[32m2023-10-24 08:10:02.6 DEBUG    [DC4100_LED.py:89] DC4100: Sending m 2[0m
[32m2023-10-24 08:10:02.114 DEBUG    [DC4100_LED.py:92] DC4100: Received b''[0m
[32m2023-10-24 08:10:03.119 DEBUG    [DC4100_LED.py:89] DC4100: Sending m?[0m
[32m2023-10-24 08:10:03.121 DEBUG    [DC4100_LED.py:92] DC4100: Received b'2\r\n'[0m
[36m2023-10-24 08:10:03.121 INFO     [DC4100_LED.py:215] External Control Mode[0m
[1;35m2023-10-24 08:10:03.121 CRITICAL [DC4100_LED.py:219] 1[0m
[32m2023-10-24 08:10:03.121 DEBUG    [DC4100_LED.py:89] DC4100: Sending o 0 1[0m
[32m2023-10-24 08:10:03.227 DEBUG    [DC4100_LED.py:92] DC4100: Received b''[0m
[1;35m2023-10-24 08:10:03.227 CRITICAL [DC4100_LED.py:219] 2[0m
[32m2023-10-24 08:10:03.227 DEBUG    [DC4100_LED.py:89] DC4100: Sending o 1 1[0m
[32m2023-10-24 08:10:03.335 DEBUG    [DC4100_LED.py:92] DC4100: Received b''[0m
[1;35m2023-10-24 08:10:03.335 CRITICAL [DC4100_LED.py:219] 3[0m
[32m2023-10-24 08:10:03.335 DEBUG    [DC4100_LED.py:89] DC4100: Sending o 2 1[0m
[32m2023-10-24 08:10:03.444 DEBUG    [DC4100_LED.py:92] DC4100: Received b''[0m
[1;35m2023-10-24 08:10:03.444 CRITICAL [DC4100_LED.py:219] 4[0m
[32m2023-10-24 08:10:03.444 DEBUG    [DC4100_LED.py:89] DC4100: Sending o 3 1[0m
[32m2023-10-24 08:10:03.553 DEBUG    [DC4100_LED.py:92] DC4100: Received b''[0m
[32m2023-10-24 08:10:03.553 DEBUG    [DC4100_LED.py:89] DC4100: Sending o 1 1[0m
[32m2023-10-24 08:10:03.662 DEBUG    [DC4100_LED.py:92] DC4100: Received b''[0m
[32m2023-10-24 08:10:03.662 DEBUG    [DC4100_LED.py:89] DC4100: Sending l 1 30[0m
[32m2023-10-24 08:10:03.770 DEBUG    [DC4100_LED.py:92] DC4100: Received b''[0m
[32m2023-10-24 08:10:03.770 DEBUG    [DC4100_LED.py:89] DC4100: Sending o 2 1[0m
[32m2023-10-24 08:10:03.880 DEBUG    [DC4100_LED.py:92] DC4100: Received b''[0m
[32m2023-10-24 08:10:03.880 DEBUG    [DC4100_LED.py:89] DC4100: Sending l 2 150[0m
[32m2023-10-24 08:10:03.989 DEBUG    [DC4100_LED.py:92] DC4100: Received b''[0m
[32m2023-10-24 08:10:03.989 DEBUG    [DC4100_LED.py:89] DC4100: Sending o 3 1[0m
[32m2023-10-24 08:10:04.97 DEBUG    [DC4100_LED.py:92] DC4100: Received b''[0m
[32m2023-10-24 08:10:04.97 DEBUG    [DC4100_LED.py:89] DC4100: Sending l 3 100[0m
[32m2023-10-24 08:10:04.204 DEBUG    [DC4100_LED.py:92] DC4100: Received b''[0m
[32m2023-10-24 08:10:04.204 DEBUG    [DC4100_LED.py:89] DC4100: Sending o 0 0[0m
[32m2023-10-24 08:10:04.313 DEBUG    [DC4100_LED.py:92] DC4100: Received b''[0m
[32m2023-10-24 08:10:05.605 DEBUG    [AcquisitionClass.py:124] 1000[0m
[32m2023-10-24 08:10:05.605 DEBUG    [AcquisitionClass.py:125] 1.0[0m
[32m2023-10-24 08:10:05.606 DEBUG    [AcquisitionClass.py:126] 10000[0m
[32m2023-10-24 08:10:05.606 DEBUG    [AcquisitionClass.py:127] 10[0m
[32m2023-10-24 08:10:05.607 DEBUG    [AcquisitionClass.py:128] 10000[0m
[32m2023-10-24 08:10:05.607 DEBUG    [AcquisitionClass.py:129] 10000[0m
[32m2023-10-24 08:10:05.607 DEBUG    [AcquisitionClass.py:130] 10000[0m
