[32m2023-10-16 17:36:47.802 DEBUG    [DC4100_LED.py:69] Serial<id=0x1f5a85d6b80, open=True>(port='COM5', baudrate=115200, bytesize=8, parity='N', stopbits=1, timeout=0.1, xonxoff=0, rtscts=0, dsrdtr=False)[0m
[32m2023-10-16 17:36:47.802 DEBUG    [DC4100_LED.py:89] DC4100: Sending o 0 0[0m
[32m2023-10-16 17:36:47.910 DEBUG    [DC4100_LED.py:92] DC4100: Received b''[0m
[32m2023-10-16 17:36:47.910 DEBUG    [DC4100_LED.py:89] DC4100: Sending o 1 0[0m
[32m2023-10-16 17:36:48.18 DEBUG    [DC4100_LED.py:92] DC4100: Received b''[0m
[32m2023-10-16 17:36:48.18 DEBUG    [DC4100_LED.py:89] DC4100: Sending o 2 0[0m
[32m2023-10-16 17:36:48.128 DEBUG    [DC4100_LED.py:92] DC4100: Received b''[0m
[32m2023-10-16 17:36:48.128 DEBUG    [DC4100_LED.py:89] DC4100: Sending o 3 0[0m
[32m2023-10-16 17:36:48.237 DEBUG    [DC4100_LED.py:92] DC4100: Received b''[0m
[1;35m2023-10-16 17:36:48.237 CRITICAL [DC4100_LED.py:164] setting mode[0m
[32m2023-10-16 17:36:48.238 DEBUG    [DC4100_LED.py:89] DC4100: Sending m 2[0m
[32m2023-10-16 17:36:48.347 DEBUG    [DC4100_LED.py:92] DC4100: Received b''[0m
[32m2023-10-16 17:36:49.361 DEBUG    [DC4100_LED.py:89] DC4100: Sending m?[0m
[32m2023-10-16 17:36:49.363 DEBUG    [DC4100_LED.py:92] DC4100: Received b'2\r\n'[0m
[36m2023-10-16 17:36:49.363 INFO     [DC4100_LED.py:215] External Control Mode[0m
[1;35m2023-10-16 17:36:49.363 CRITICAL [DC4100_LED.py:219] 1[0m
[32m2023-10-16 17:36:49.363 DEBUG    [DC4100_LED.py:89] DC4100: Sending o 0 1[0m
[32m2023-10-16 17:36:49.470 DEBUG    [DC4100_LED.py:92] DC4100: Received b''[0m
[1;35m2023-10-16 17:36:49.470 CRITICAL [DC4100_LED.py:219] 2[0m
[32m2023-10-16 17:36:49.470 DEBUG    [DC4100_LED.py:89] DC4100: Sending o 1 1[0m
[32m2023-10-16 17:36:49.579 DEBUG    [DC4100_LED.py:92] DC4100: Received b''[0m
[1;35m2023-10-16 17:36:49.579 CRITICAL [DC4100_LED.py:219] 3[0m
[32m2023-10-16 17:36:49.579 DEBUG    [DC4100_LED.py:89] DC4100: Sending o 2 1[0m
[32m2023-10-16 17:36:49.689 DEBUG    [DC4100_LED.py:92] DC4100: Received b''[0m
[1;35m2023-10-16 17:36:49.689 CRITICAL [DC4100_LED.py:219] 4[0m
[32m2023-10-16 17:36:49.689 DEBUG    [DC4100_LED.py:89] DC4100: Sending o 3 1[0m
[32m2023-10-16 17:36:49.797 DEBUG    [DC4100_LED.py:92] DC4100: Received b''[0m
[32m2023-10-16 17:36:49.797 DEBUG    [DC4100_LED.py:89] DC4100: Sending o 1 1[0m
[32m2023-10-16 17:36:49.907 DEBUG    [DC4100_LED.py:92] DC4100: Received b''[0m
[32m2023-10-16 17:36:49.907 DEBUG    [DC4100_LED.py:89] DC4100: Sending l 1 1000[0m
[32m2023-10-16 17:36:50.15 DEBUG    [DC4100_LED.py:92] DC4100: Received b''[0m
[32m2023-10-16 17:36:50.15 DEBUG    [DC4100_LED.py:89] DC4100: Sending o 2 0[0m
[32m2023-10-16 17:36:50.124 DEBUG    [DC4100_LED.py:92] DC4100: Received b''[0m
[32m2023-10-16 17:36:50.124 DEBUG    [DC4100_LED.py:89] DC4100: Sending o 3 0[0m
[32m2023-10-16 17:36:50.232 DEBUG    [DC4100_LED.py:92] DC4100: Received b''[0m
[32m2023-10-16 17:36:50.232 DEBUG    [DC4100_LED.py:89] DC4100: Sending o 0 0[0m
[32m2023-10-16 17:36:50.342 DEBUG    [DC4100_LED.py:92] DC4100: Received b''[0m
[32m2023-10-16 17:36:51.836 DEBUG    [AcquisitionClass.py:124] 1000[0m
[32m2023-10-16 17:36:51.836 DEBUG    [AcquisitionClass.py:125] 1.0[0m
[32m2023-10-16 17:36:51.837 DEBUG    [AcquisitionClass.py:126] 10000[0m
[32m2023-10-16 17:36:51.837 DEBUG    [AcquisitionClass.py:127] 10[0m
[32m2023-10-16 17:36:51.837 DEBUG    [AcquisitionClass.py:128] 10000[0m
[32m2023-10-16 17:36:51.838 DEBUG    [AcquisitionClass.py:129] 10000[0m
[32m2023-10-16 17:36:51.838 DEBUG    [AcquisitionClass.py:130] 10000[0m
[32m2023-10-16 17:37:17.105 DEBUG    [AcquisitionClass.py:124] 1000[0m
[32m2023-10-16 17:37:17.105 DEBUG    [AcquisitionClass.py:125] 1.0[0m
[32m2023-10-16 17:37:17.106 DEBUG    [AcquisitionClass.py:126] 10000[0m
[32m2023-10-16 17:37:17.106 DEBUG    [AcquisitionClass.py:127] 10[0m
[32m2023-10-16 17:37:17.106 DEBUG    [AcquisitionClass.py:128] 10000[0m
[32m2023-10-16 17:37:17.106 DEBUG    [AcquisitionClass.py:129] 10000[0m
[32m2023-10-16 17:37:17.106 DEBUG    [AcquisitionClass.py:130] 10000[0m
[36m2023-10-16 17:37:18.594 INFO     [AcquisitionClass.py:516] frequency: 10.000 
 amplitude 0.200 
 offset 1.000  
 acquisiton time 20.000 
 points per period 1000.000 
 number of periods 10.000[0m
[36m2023-10-16 17:37:38.696 INFO     [AcquisitionClass.py:629] Shutting down all LEDs for 1 seconds[0m
[36m2023-10-16 17:37:38.774 INFO     [AcquisitionClass.py:370] Did not start digital generator, check generator_analog_channels[0m
