[32m2023-10-24 01:03:14.91 DEBUG    [DC4100_LED.py:69] Serial<id=0x28fd8a12c10, open=True>(port='COM5', baudrate=115200, bytesize=8, parity='N', stopbits=1, timeout=0.1, xonxoff=0, rtscts=0, dsrdtr=False)[0m
[32m2023-10-24 01:03:14.91 DEBUG    [DC4100_LED.py:89] DC4100: Sending o 0 0[0m
[32m2023-10-24 01:03:14.201 DEBUG    [DC4100_LED.py:92] DC4100: Received b''[0m
[32m2023-10-24 01:03:14.201 DEBUG    [DC4100_LED.py:89] DC4100: Sending o 1 0[0m
[32m2023-10-24 01:03:14.311 DEBUG    [DC4100_LED.py:92] DC4100: Received b''[0m
[32m2023-10-24 01:03:14.311 DEBUG    [DC4100_LED.py:89] DC4100: Sending o 2 0[0m
[32m2023-10-24 01:03:14.435 DEBUG    [DC4100_LED.py:92] DC4100: Received b''[0m
[32m2023-10-24 01:03:14.435 DEBUG    [DC4100_LED.py:89] DC4100: Sending o 3 0[0m
[32m2023-10-24 01:03:14.542 DEBUG    [DC4100_LED.py:92] DC4100: Received b''[0m
[1;35m2023-10-24 01:03:14.542 CRITICAL [DC4100_LED.py:164] setting mode[0m
[32m2023-10-24 01:03:14.542 DEBUG    [DC4100_LED.py:89] DC4100: Sending m 2[0m
[32m2023-10-24 01:03:14.651 DEBUG    [DC4100_LED.py:92] DC4100: Received b''[0m
[32m2023-10-24 01:03:15.656 DEBUG    [DC4100_LED.py:89] DC4100: Sending m?[0m
[32m2023-10-24 01:03:15.658 DEBUG    [DC4100_LED.py:92] DC4100: Received b'2\r\n'[0m
[36m2023-10-24 01:03:15.658 INFO     [DC4100_LED.py:215] External Control Mode[0m
[1;35m2023-10-24 01:03:15.659 CRITICAL [DC4100_LED.py:219] 1[0m
[32m2023-10-24 01:03:15.659 DEBUG    [DC4100_LED.py:89] DC4100: Sending o 0 1[0m
[32m2023-10-24 01:03:15.765 DEBUG    [DC4100_LED.py:92] DC4100: Received b''[0m
[1;35m2023-10-24 01:03:15.765 CRITICAL [DC4100_LED.py:219] 2[0m
[32m2023-10-24 01:03:15.765 DEBUG    [DC4100_LED.py:89] DC4100: Sending o 1 1[0m
[32m2023-10-24 01:03:15.874 DEBUG    [DC4100_LED.py:92] DC4100: Received b''[0m
[1;35m2023-10-24 01:03:15.874 CRITICAL [DC4100_LED.py:219] 3[0m
[32m2023-10-24 01:03:15.875 DEBUG    [DC4100_LED.py:89] DC4100: Sending o 2 1[0m
[32m2023-10-24 01:03:15.982 DEBUG    [DC4100_LED.py:92] DC4100: Received b''[0m
[1;35m2023-10-24 01:03:15.982 CRITICAL [DC4100_LED.py:219] 4[0m
[32m2023-10-24 01:03:15.982 DEBUG    [DC4100_LED.py:89] DC4100: Sending o 3 1[0m
[32m2023-10-24 01:03:16.91 DEBUG    [DC4100_LED.py:92] DC4100: Received b''[0m
[32m2023-10-24 01:03:16.91 DEBUG    [DC4100_LED.py:89] DC4100: Sending o 1 1[0m
[32m2023-10-24 01:03:16.200 DEBUG    [DC4100_LED.py:92] DC4100: Received b''[0m
[32m2023-10-24 01:03:16.200 DEBUG    [DC4100_LED.py:89] DC4100: Sending l 1 450[0m
[32m2023-10-24 01:03:16.308 DEBUG    [DC4100_LED.py:92] DC4100: Received b''[0m
[32m2023-10-24 01:03:16.308 DEBUG    [DC4100_LED.py:89] DC4100: Sending o 2 1[0m
[32m2023-10-24 01:03:16.415 DEBUG    [DC4100_LED.py:92] DC4100: Received b''[0m
[32m2023-10-24 01:03:16.415 DEBUG    [DC4100_LED.py:89] DC4100: Sending l 2 10[0m
[32m2023-10-24 01:03:16.523 DEBUG    [DC4100_LED.py:92] DC4100: Received b''[0m
[32m2023-10-24 01:03:16.523 DEBUG    [DC4100_LED.py:89] DC4100: Sending o 3 1[0m
[32m2023-10-24 01:03:16.633 DEBUG    [DC4100_LED.py:92] DC4100: Received b''[0m
[32m2023-10-24 01:03:16.633 DEBUG    [DC4100_LED.py:89] DC4100: Sending l 3 10[0m
[32m2023-10-24 01:03:16.744 DEBUG    [DC4100_LED.py:92] DC4100: Received b''[0m
[32m2023-10-24 01:03:16.744 DEBUG    [DC4100_LED.py:89] DC4100: Sending o 0 1[0m
[32m2023-10-24 01:03:16.852 DEBUG    [DC4100_LED.py:92] DC4100: Received b''[0m
[32m2023-10-24 01:03:16.852 DEBUG    [DC4100_LED.py:89] DC4100: Sending l 0 500[0m
[32m2023-10-24 01:03:16.960 DEBUG    [DC4100_LED.py:92] DC4100: Received b''[0m
[32m2023-10-24 01:03:18.125 DEBUG    [AcquisitionClass.py:124] 1000[0m
[32m2023-10-24 01:03:18.126 DEBUG    [AcquisitionClass.py:125] 1.0[0m
[32m2023-10-24 01:03:18.126 DEBUG    [AcquisitionClass.py:126] 10000[0m
[32m2023-10-24 01:03:18.126 DEBUG    [AcquisitionClass.py:127] 10[0m
[32m2023-10-24 01:03:18.127 DEBUG    [AcquisitionClass.py:128] 10000[0m
[32m2023-10-24 01:03:18.127 DEBUG    [AcquisitionClass.py:129] 10000[0m
[32m2023-10-24 01:03:18.127 DEBUG    [AcquisitionClass.py:130] 10000[0m
[36m2023-10-24 01:04:17.665 INFO     [AcquisitionClass.py:516] frequency: 10.000 
 amplitude 0.200 
 offset 1.000  
 acquisiton time 4932.000 
 points per period 1000.000 
 number of periods 10.000[0m
[1;31m2023-10-24 02:25:58.805 ERROR    [AcquisitionClass.py:529] Voltage saturation of the MPPC fluorescence reader[0m
