[32m2023-10-23 17:31:35.174 DEBUG    [DC4100_LED.py:69] Serial<id=0x2edc6f50c40, open=True>(port='COM5', baudrate=115200, bytesize=8, parity='N', stopbits=1, timeout=0.1, xonxoff=0, rtscts=0, dsrdtr=False)[0m
[32m2023-10-23 17:31:35.174 DEBUG    [DC4100_LED.py:89] DC4100: Sending o 0 0[0m
[32m2023-10-23 17:31:35.285 DEBUG    [DC4100_LED.py:92] DC4100: Received b''[0m
[32m2023-10-23 17:31:35.285 DEBUG    [DC4100_LED.py:89] DC4100: Sending o 1 0[0m
[32m2023-10-23 17:31:35.395 DEBUG    [DC4100_LED.py:92] DC4100: Received b''[0m
[32m2023-10-23 17:31:35.395 DEBUG    [DC4100_LED.py:89] DC4100: Sending o 2 0[0m
[32m2023-10-23 17:31:35.506 DEBUG    [DC4100_LED.py:92] DC4100: Received b''[0m
[32m2023-10-23 17:31:35.506 DEBUG    [DC4100_LED.py:89] DC4100: Sending o 3 0[0m
[32m2023-10-23 17:31:35.616 DEBUG    [DC4100_LED.py:92] DC4100: Received b''[0m
[1;35m2023-10-23 17:31:35.616 CRITICAL [DC4100_LED.py:164] setting mode[0m
[32m2023-10-23 17:31:35.616 DEBUG    [DC4100_LED.py:89] DC4100: Sending m 2[0m
[32m2023-10-23 17:31:35.726 DEBUG    [DC4100_LED.py:92] DC4100: Received b''[0m
[32m2023-10-23 17:31:36.737 DEBUG    [DC4100_LED.py:89] DC4100: Sending m?[0m
[32m2023-10-23 17:31:36.739 DEBUG    [DC4100_LED.py:92] DC4100: Received b'2\r\n'[0m
[36m2023-10-23 17:31:36.739 INFO     [DC4100_LED.py:215] External Control Mode[0m
[1;35m2023-10-23 17:31:36.739 CRITICAL [DC4100_LED.py:219] 1[0m
[32m2023-10-23 17:31:36.739 DEBUG    [DC4100_LED.py:89] DC4100: Sending o 0 1[0m
[32m2023-10-23 17:31:36.846 DEBUG    [DC4100_LED.py:92] DC4100: Received b''[0m
[1;35m2023-10-23 17:31:36.846 CRITICAL [DC4100_LED.py:219] 2[0m
[32m2023-10-23 17:31:36.846 DEBUG    [DC4100_LED.py:89] DC4100: Sending o 1 1[0m
[32m2023-10-23 17:31:36.955 DEBUG    [DC4100_LED.py:92] DC4100: Received b''[0m
[1;35m2023-10-23 17:31:36.955 CRITICAL [DC4100_LED.py:219] 3[0m
[32m2023-10-23 17:31:36.955 DEBUG    [DC4100_LED.py:89] DC4100: Sending o 2 1[0m
[32m2023-10-23 17:31:37.64 DEBUG    [DC4100_LED.py:92] DC4100: Received b''[0m
[1;35m2023-10-23 17:31:37.64 CRITICAL [DC4100_LED.py:219] 4[0m
[32m2023-10-23 17:31:37.64 DEBUG    [DC4100_LED.py:89] DC4100: Sending o 3 1[0m
[32m2023-10-23 17:31:37.172 DEBUG    [DC4100_LED.py:92] DC4100: Received b''[0m
[32m2023-10-23 17:31:37.172 DEBUG    [DC4100_LED.py:89] DC4100: Sending o 1 1[0m
[32m2023-10-23 17:31:37.282 DEBUG    [DC4100_LED.py:92] DC4100: Received b''[0m
[32m2023-10-23 17:31:37.282 DEBUG    [DC4100_LED.py:89] DC4100: Sending l 1 30[0m
[32m2023-10-23 17:31:37.390 DEBUG    [DC4100_LED.py:92] DC4100: Received b''[0m
[32m2023-10-23 17:31:37.390 DEBUG    [DC4100_LED.py:89] DC4100: Sending o 2 1[0m
[32m2023-10-23 17:31:37.499 DEBUG    [DC4100_LED.py:92] DC4100: Received b''[0m
[32m2023-10-23 17:31:37.499 DEBUG    [DC4100_LED.py:89] DC4100: Sending l 2 150[0m
[32m2023-10-23 17:31:37.608 DEBUG    [DC4100_LED.py:92] DC4100: Received b''[0m
[32m2023-10-23 17:31:37.608 DEBUG    [DC4100_LED.py:89] DC4100: Sending o 3 1[0m
[32m2023-10-23 17:31:37.716 DEBUG    [DC4100_LED.py:92] DC4100: Received b''[0m
[32m2023-10-23 17:31:37.716 DEBUG    [DC4100_LED.py:89] DC4100: Sending l 3 100[0m
[32m2023-10-23 17:31:37.824 DEBUG    [DC4100_LED.py:92] DC4100: Received b''[0m
[32m2023-10-23 17:31:37.824 DEBUG    [DC4100_LED.py:89] DC4100: Sending o 0 0[0m
[32m2023-10-23 17:31:37.933 DEBUG    [DC4100_LED.py:92] DC4100: Received b''[0m
[32m2023-10-23 17:31:39.210 DEBUG    [AcquisitionClass.py:124] 1000[0m
[32m2023-10-23 17:31:39.210 DEBUG    [AcquisitionClass.py:125] 1.0[0m
[32m2023-10-23 17:31:39.211 DEBUG    [AcquisitionClass.py:126] 10000[0m
[32m2023-10-23 17:31:39.211 DEBUG    [AcquisitionClass.py:127] 10[0m
[32m2023-10-23 17:31:39.211 DEBUG    [AcquisitionClass.py:128] 10000[0m
[32m2023-10-23 17:31:39.212 DEBUG    [AcquisitionClass.py:129] 10000[0m
[32m2023-10-23 17:31:39.212 DEBUG    [AcquisitionClass.py:130] 10000[0m
