[32m2023-10-17 16:14:35.736 DEBUG    [DC4100_LED.py:69] Serial<id=0x1d2557448e0, open=True>(port='COM5', baudrate=115200, bytesize=8, parity='N', stopbits=1, timeout=0.1, xonxoff=0, rtscts=0, dsrdtr=False)[0m
[32m2023-10-17 16:14:35.736 DEBUG    [DC4100_LED.py:89] DC4100: Sending o 0 0[0m
[32m2023-10-17 16:14:35.846 DEBUG    [DC4100_LED.py:92] DC4100: Received b''[0m
[32m2023-10-17 16:14:35.846 DEBUG    [DC4100_LED.py:89] DC4100: Sending o 1 0[0m
[32m2023-10-17 16:14:35.955 DEBUG    [DC4100_LED.py:92] DC4100: Received b''[0m
[32m2023-10-17 16:14:35.955 DEBUG    [DC4100_LED.py:89] DC4100: Sending o 2 0[0m
[32m2023-10-17 16:14:36.63 DEBUG    [DC4100_LED.py:92] DC4100: Received b''[0m
[32m2023-10-17 16:14:36.63 DEBUG    [DC4100_LED.py:89] DC4100: Sending o 3 0[0m
[32m2023-10-17 16:14:36.171 DEBUG    [DC4100_LED.py:92] DC4100: Received b''[0m
[1;35m2023-10-17 16:14:36.171 CRITICAL [DC4100_LED.py:164] setting mode[0m
[32m2023-10-17 16:14:36.171 DEBUG    [DC4100_LED.py:89] DC4100: Sending m 2[0m
[32m2023-10-17 16:14:36.281 DEBUG    [DC4100_LED.py:92] DC4100: Received b''[0m
[32m2023-10-17 16:14:37.295 DEBUG    [DC4100_LED.py:89] DC4100: Sending m?[0m
[32m2023-10-17 16:14:37.297 DEBUG    [DC4100_LED.py:92] DC4100: Received b'2\r\n'[0m
[36m2023-10-17 16:14:37.297 INFO     [DC4100_LED.py:215] External Control Mode[0m
[1;35m2023-10-17 16:14:37.297 CRITICAL [DC4100_LED.py:219] 1[0m
[32m2023-10-17 16:14:37.298 DEBUG    [DC4100_LED.py:89] DC4100: Sending o 0 1[0m
[32m2023-10-17 16:14:37.406 DEBUG    [DC4100_LED.py:92] DC4100: Received b''[0m
[1;35m2023-10-17 16:14:37.406 CRITICAL [DC4100_LED.py:219] 2[0m
[32m2023-10-17 16:14:37.406 DEBUG    [DC4100_LED.py:89] DC4100: Sending o 1 1[0m
[32m2023-10-17 16:14:37.515 DEBUG    [DC4100_LED.py:92] DC4100: Received b''[0m
[1;35m2023-10-17 16:14:37.515 CRITICAL [DC4100_LED.py:219] 3[0m
[32m2023-10-17 16:14:37.515 DEBUG    [DC4100_LED.py:89] DC4100: Sending o 2 1[0m
[32m2023-10-17 16:14:37.624 DEBUG    [DC4100_LED.py:92] DC4100: Received b''[0m
[1;35m2023-10-17 16:14:37.624 CRITICAL [DC4100_LED.py:219] 4[0m
[32m2023-10-17 16:14:37.624 DEBUG    [DC4100_LED.py:89] DC4100: Sending o 3 1[0m
[32m2023-10-17 16:14:37.732 DEBUG    [DC4100_LED.py:92] DC4100: Received b''[0m
[32m2023-10-17 16:14:37.732 DEBUG    [DC4100_LED.py:89] DC4100: Sending o 1 1[0m
[32m2023-10-17 16:14:37.842 DEBUG    [DC4100_LED.py:92] DC4100: Received b''[0m
[32m2023-10-17 16:14:37.842 DEBUG    [DC4100_LED.py:89] DC4100: Sending l 1 1000[0m
[32m2023-10-17 16:14:37.951 DEBUG    [DC4100_LED.py:92] DC4100: Received b''[0m
[32m2023-10-17 16:14:37.951 DEBUG    [DC4100_LED.py:89] DC4100: Sending o 2 0[0m
[32m2023-10-17 16:14:38.60 DEBUG    [DC4100_LED.py:92] DC4100: Received b''[0m
[32m2023-10-17 16:14:38.60 DEBUG    [DC4100_LED.py:89] DC4100: Sending o 3 0[0m
[32m2023-10-17 16:14:38.169 DEBUG    [DC4100_LED.py:92] DC4100: Received b''[0m
[32m2023-10-17 16:14:38.169 DEBUG    [DC4100_LED.py:89] DC4100: Sending o 0 0[0m
[32m2023-10-17 16:14:38.280 DEBUG    [DC4100_LED.py:92] DC4100: Received b''[0m
[32m2023-10-17 16:14:39.765 DEBUG    [AcquisitionClass.py:124] 1000[0m
[32m2023-10-17 16:14:39.765 DEBUG    [AcquisitionClass.py:125] 1.0[0m
[32m2023-10-17 16:14:39.766 DEBUG    [AcquisitionClass.py:126] 10000[0m
[32m2023-10-17 16:14:39.766 DEBUG    [AcquisitionClass.py:127] 10[0m
[32m2023-10-17 16:14:39.766 DEBUG    [AcquisitionClass.py:128] 10000[0m
[32m2023-10-17 16:14:39.766 DEBUG    [AcquisitionClass.py:129] 10000[0m
[32m2023-10-17 16:14:39.767 DEBUG    [AcquisitionClass.py:130] 10000[0m
[32m2023-10-17 16:15:05.51 DEBUG    [AcquisitionClass.py:124] 1000[0m
[32m2023-10-17 16:15:05.51 DEBUG    [AcquisitionClass.py:125] 1.0[0m
[32m2023-10-17 16:15:05.51 DEBUG    [AcquisitionClass.py:126] 10000[0m
[32m2023-10-17 16:15:05.51 DEBUG    [AcquisitionClass.py:127] 10[0m
[32m2023-10-17 16:15:05.51 DEBUG    [AcquisitionClass.py:128] 10000[0m
[32m2023-10-17 16:15:05.52 DEBUG    [AcquisitionClass.py:129] 10000[0m
[32m2023-10-17 16:15:05.52 DEBUG    [AcquisitionClass.py:130] 10000[0m
[36m2023-10-17 16:15:06.525 INFO     [AcquisitionClass.py:516] frequency: 10.000 
 amplitude 0.200 
 offset 1.000  
 acquisiton time 20.000 
 points per period 1000.000 
 number of periods 10.000[0m
[36m2023-10-17 16:15:26.632 INFO     [AcquisitionClass.py:629] Shutting down all LEDs for 1 seconds[0m
[36m2023-10-17 16:15:26.709 INFO     [AcquisitionClass.py:370] Did not start digital generator, check generator_analog_channels[0m
[36m2023-10-17 16:16:30.372 INFO     [AcquisitionClass.py:516] frequency: 10.000 
 amplitude 0.200 
 offset 1.000  
 acquisiton time 20.000 
 points per period 1000.000 
 number of periods 10.000[0m
[36m2023-10-17 16:16:50.464 INFO     [AcquisitionClass.py:629] Shutting down all LEDs for 1 seconds[0m
[36m2023-10-17 16:16:50.540 INFO     [AcquisitionClass.py:370] Did not start digital generator, check generator_analog_channels[0m
[36m2023-10-17 16:17:53.974 INFO     [AcquisitionClass.py:516] frequency: 10.000 
 amplitude 0.200 
 offset 1.000  
 acquisiton time 20.000 
 points per period 1000.000 
 number of periods 10.000[0m
[36m2023-10-17 16:18:14.65 INFO     [AcquisitionClass.py:629] Shutting down all LEDs for 1 seconds[0m
[36m2023-10-17 16:18:14.143 INFO     [AcquisitionClass.py:370] Did not start digital generator, check generator_analog_channels[0m
[36m2023-10-17 16:19:17.720 INFO     [AcquisitionClass.py:516] frequency: 10.000 
 amplitude 0.200 
 offset 1.000  
 acquisiton time 20.000 
 points per period 1000.000 
 number of periods 10.000[0m
[36m2023-10-17 16:19:37.802 INFO     [AcquisitionClass.py:629] Shutting down all LEDs for 1 seconds[0m
[36m2023-10-17 16:19:37.880 INFO     [AcquisitionClass.py:370] Did not start digital generator, check generator_analog_channels[0m
[36m2023-10-17 16:20:41.298 INFO     [AcquisitionClass.py:516] frequency: 10.000 
 amplitude 0.200 
 offset 1.000  
 acquisiton time 20.000 
 points per period 1000.000 
 number of periods 10.000[0m
[36m2023-10-17 16:21:01.389 INFO     [AcquisitionClass.py:629] Shutting down all LEDs for 1 seconds[0m
[36m2023-10-17 16:21:01.466 INFO     [AcquisitionClass.py:370] Did not start digital generator, check generator_analog_channels[0m
[36m2023-10-17 16:22:04.888 INFO     [AcquisitionClass.py:516] frequency: 10.000 
 amplitude 0.200 
 offset 1.000  
 acquisiton time 20.000 
 points per period 1000.000 
 number of periods 10.000[0m
[36m2023-10-17 16:22:24.981 INFO     [AcquisitionClass.py:629] Shutting down all LEDs for 1 seconds[0m
[36m2023-10-17 16:22:25.59 INFO     [AcquisitionClass.py:370] Did not start digital generator, check generator_analog_channels[0m
[36m2023-10-17 16:23:28.496 INFO     [AcquisitionClass.py:516] frequency: 10.000 
 amplitude 0.200 
 offset 1.000  
 acquisiton time 20.000 
 points per period 1000.000 
 number of periods 10.000[0m
[36m2023-10-17 16:23:48.589 INFO     [AcquisitionClass.py:629] Shutting down all LEDs for 1 seconds[0m
[36m2023-10-17 16:23:48.666 INFO     [AcquisitionClass.py:370] Did not start digital generator, check generator_analog_channels[0m
[36m2023-10-17 16:24:52.150 INFO     [AcquisitionClass.py:516] frequency: 10.000 
 amplitude 0.200 
 offset 1.000  
 acquisiton time 20.000 
 points per period 1000.000 
 number of periods 10.000[0m
[36m2023-10-17 16:25:12.236 INFO     [AcquisitionClass.py:629] Shutting down all LEDs for 1 seconds[0m
[36m2023-10-17 16:25:12.312 INFO     [AcquisitionClass.py:370] Did not start digital generator, check generator_analog_channels[0m
[36m2023-10-17 16:26:15.705 INFO     [AcquisitionClass.py:516] frequency: 10.000 
 amplitude 0.200 
 offset 1.000  
 acquisiton time 20.000 
 points per period 1000.000 
 number of periods 10.000[0m
[36m2023-10-17 16:26:35.799 INFO     [AcquisitionClass.py:629] Shutting down all LEDs for 1 seconds[0m
[36m2023-10-17 16:26:35.877 INFO     [AcquisitionClass.py:370] Did not start digital generator, check generator_analog_channels[0m
[36m2023-10-17 16:27:39.467 INFO     [AcquisitionClass.py:516] frequency: 10.000 
 amplitude 0.200 
 offset 1.000  
 acquisiton time 20.000 
 points per period 1000.000 
 number of periods 10.000[0m
[36m2023-10-17 16:27:59.549 INFO     [AcquisitionClass.py:629] Shutting down all LEDs for 1 seconds[0m
[36m2023-10-17 16:27:59.626 INFO     [AcquisitionClass.py:370] Did not start digital generator, check generator_analog_channels[0m
[36m2023-10-17 16:29:03.420 INFO     [AcquisitionClass.py:516] frequency: 10.000 
 amplitude 0.200 
 offset 1.000  
 acquisiton time 20.000 
 points per period 1000.000 
 number of periods 10.000[0m
[36m2023-10-17 16:29:23.502 INFO     [AcquisitionClass.py:629] Shutting down all LEDs for 1 seconds[0m
[36m2023-10-17 16:29:23.579 INFO     [AcquisitionClass.py:370] Did not start digital generator, check generator_analog_channels[0m
[36m2023-10-17 16:30:27.184 INFO     [AcquisitionClass.py:516] frequency: 10.000 
 amplitude 0.200 
 offset 1.000  
 acquisiton time 20.000 
 points per period 1000.000 
 number of periods 10.000[0m
[36m2023-10-17 16:30:47.272 INFO     [AcquisitionClass.py:629] Shutting down all LEDs for 1 seconds[0m
[36m2023-10-17 16:30:47.350 INFO     [AcquisitionClass.py:370] Did not start digital generator, check generator_analog_channels[0m
[36m2023-10-17 16:31:50.748 INFO     [AcquisitionClass.py:516] frequency: 10.000 
 amplitude 0.200 
 offset 1.000  
 acquisiton time 20.000 
 points per period 1000.000 
 number of periods 10.000[0m
[36m2023-10-17 16:32:10.831 INFO     [AcquisitionClass.py:629] Shutting down all LEDs for 1 seconds[0m
[36m2023-10-17 16:32:10.909 INFO     [AcquisitionClass.py:370] Did not start digital generator, check generator_analog_channels[0m
[36m2023-10-17 16:33:14.330 INFO     [AcquisitionClass.py:516] frequency: 10.000 
 amplitude 0.200 
 offset 1.000  
 acquisiton time 20.000 
 points per period 1000.000 
 number of periods 10.000[0m
[36m2023-10-17 16:33:34.425 INFO     [AcquisitionClass.py:629] Shutting down all LEDs for 1 seconds[0m
[36m2023-10-17 16:33:34.502 INFO     [AcquisitionClass.py:370] Did not start digital generator, check generator_analog_channels[0m
[36m2023-10-17 16:34:37.888 INFO     [AcquisitionClass.py:516] frequency: 10.000 
 amplitude 0.200 
 offset 1.000  
 acquisiton time 20.000 
 points per period 1000.000 
 number of periods 10.000[0m
[36m2023-10-17 16:34:57.970 INFO     [AcquisitionClass.py:629] Shutting down all LEDs for 1 seconds[0m
[36m2023-10-17 16:34:58.48 INFO     [AcquisitionClass.py:370] Did not start digital generator, check generator_analog_channels[0m
