[32m2023-10-24 05:54:15.865 DEBUG    [DC4100_LED.py:69] Serial<id=0x19307c02c70, open=True>(port='COM5', baudrate=115200, bytesize=8, parity='N', stopbits=1, timeout=0.1, xonxoff=0, rtscts=0, dsrdtr=False)[0m
[32m2023-10-24 05:54:15.865 DEBUG    [DC4100_LED.py:89] DC4100: Sending o 0 0[0m
[32m2023-10-24 05:54:15.976 DEBUG    [DC4100_LED.py:92] DC4100: Received b''[0m
[32m2023-10-24 05:54:15.976 DEBUG    [DC4100_LED.py:89] DC4100: Sending o 1 0[0m
[32m2023-10-24 05:54:16.85 DEBUG    [DC4100_LED.py:92] DC4100: Received b''[0m
[32m2023-10-24 05:54:16.85 DEBUG    [DC4100_LED.py:89] DC4100: Sending o 2 0[0m
[32m2023-10-24 05:54:16.208 DEBUG    [DC4100_LED.py:92] DC4100: Received b''[0m
[32m2023-10-24 05:54:16.208 DEBUG    [DC4100_LED.py:89] DC4100: Sending o 3 0[0m
[32m2023-10-24 05:54:16.319 DEBUG    [DC4100_LED.py:92] DC4100: Received b''[0m
[1;35m2023-10-24 05:54:16.319 CRITICAL [DC4100_LED.py:164] setting mode[0m
[32m2023-10-24 05:54:16.319 DEBUG    [DC4100_LED.py:89] DC4100: Sending m 2[0m
[32m2023-10-24 05:54:16.426 DEBUG    [DC4100_LED.py:92] DC4100: Received b''[0m
[32m2023-10-24 05:54:17.439 DEBUG    [DC4100_LED.py:89] DC4100: Sending m?[0m
[32m2023-10-24 05:54:17.441 DEBUG    [DC4100_LED.py:92] DC4100: Received b'2\r\n'[0m
[36m2023-10-24 05:54:17.441 INFO     [DC4100_LED.py:215] External Control Mode[0m
[1;35m2023-10-24 05:54:17.441 CRITICAL [DC4100_LED.py:219] 1[0m
[32m2023-10-24 05:54:17.441 DEBUG    [DC4100_LED.py:89] DC4100: Sending o 0 1[0m
[32m2023-10-24 05:54:17.547 DEBUG    [DC4100_LED.py:92] DC4100: Received b''[0m
[1;35m2023-10-24 05:54:17.547 CRITICAL [DC4100_LED.py:219] 2[0m
[32m2023-10-24 05:54:17.547 DEBUG    [DC4100_LED.py:89] DC4100: Sending o 1 1[0m
[32m2023-10-24 05:54:17.659 DEBUG    [DC4100_LED.py:92] DC4100: Received b''[0m
[1;35m2023-10-24 05:54:17.659 CRITICAL [DC4100_LED.py:219] 3[0m
[32m2023-10-24 05:54:17.659 DEBUG    [DC4100_LED.py:89] DC4100: Sending o 2 1[0m
[32m2023-10-24 05:54:17.768 DEBUG    [DC4100_LED.py:92] DC4100: Received b''[0m
[1;35m2023-10-24 05:54:17.768 CRITICAL [DC4100_LED.py:219] 4[0m
[32m2023-10-24 05:54:17.768 DEBUG    [DC4100_LED.py:89] DC4100: Sending o 3 1[0m
[32m2023-10-24 05:54:17.875 DEBUG    [DC4100_LED.py:92] DC4100: Received b''[0m
[32m2023-10-24 05:54:17.875 DEBUG    [DC4100_LED.py:89] DC4100: Sending o 1 1[0m
[32m2023-10-24 05:54:17.985 DEBUG    [DC4100_LED.py:92] DC4100: Received b''[0m
[32m2023-10-24 05:54:17.985 DEBUG    [DC4100_LED.py:89] DC4100: Sending l 1 30[0m
[32m2023-10-24 05:54:18.94 DEBUG    [DC4100_LED.py:92] DC4100: Received b''[0m
[32m2023-10-24 05:54:18.94 DEBUG    [DC4100_LED.py:89] DC4100: Sending o 2 1[0m
[32m2023-10-24 05:54:18.200 DEBUG    [DC4100_LED.py:92] DC4100: Received b''[0m
[32m2023-10-24 05:54:18.200 DEBUG    [DC4100_LED.py:89] DC4100: Sending l 2 150[0m
[32m2023-10-24 05:54:18.308 DEBUG    [DC4100_LED.py:92] DC4100: Received b''[0m
[32m2023-10-24 05:54:18.308 DEBUG    [DC4100_LED.py:89] DC4100: Sending o 3 1[0m
[32m2023-10-24 05:54:18.418 DEBUG    [DC4100_LED.py:92] DC4100: Received b''[0m
[32m2023-10-24 05:54:18.418 DEBUG    [DC4100_LED.py:89] DC4100: Sending l 3 100[0m
[32m2023-10-24 05:54:18.527 DEBUG    [DC4100_LED.py:92] DC4100: Received b''[0m
[32m2023-10-24 05:54:18.528 DEBUG    [DC4100_LED.py:89] DC4100: Sending o 0 0[0m
[32m2023-10-24 05:54:18.635 DEBUG    [DC4100_LED.py:92] DC4100: Received b''[0m
[32m2023-10-24 05:54:19.896 DEBUG    [AcquisitionClass.py:124] 1000[0m
[32m2023-10-24 05:54:19.896 DEBUG    [AcquisitionClass.py:125] 1.0[0m
[32m2023-10-24 05:54:19.897 DEBUG    [AcquisitionClass.py:126] 10000[0m
[32m2023-10-24 05:54:19.897 DEBUG    [AcquisitionClass.py:127] 10[0m
[32m2023-10-24 05:54:19.898 DEBUG    [AcquisitionClass.py:128] 10000[0m
[32m2023-10-24 05:54:19.898 DEBUG    [AcquisitionClass.py:129] 10000[0m
[32m2023-10-24 05:54:19.898 DEBUG    [AcquisitionClass.py:130] 10000[0m
