[32m2023-10-23 19:33:33.932 DEBUG    [DC4100_LED.py:69] Serial<id=0x24490645610, open=True>(port='COM5', baudrate=115200, bytesize=8, parity='N', stopbits=1, timeout=0.1, xonxoff=0, rtscts=0, dsrdtr=False)[0m
[32m2023-10-23 19:33:33.932 DEBUG    [DC4100_LED.py:89] DC4100: Sending o 0 0[0m
[32m2023-10-23 19:33:34.42 DEBUG    [DC4100_LED.py:92] DC4100: Received b''[0m
[32m2023-10-23 19:33:34.42 DEBUG    [DC4100_LED.py:89] DC4100: Sending o 1 0[0m
[32m2023-10-23 19:33:34.150 DEBUG    [DC4100_LED.py:92] DC4100: Received b''[0m
[32m2023-10-23 19:33:34.150 DEBUG    [DC4100_LED.py:89] DC4100: Sending o 2 0[0m
[32m2023-10-23 19:33:34.259 DEBUG    [DC4100_LED.py:92] DC4100: Received b''[0m
[32m2023-10-23 19:33:34.259 DEBUG    [DC4100_LED.py:89] DC4100: Sending o 3 0[0m
[32m2023-10-23 19:33:34.366 DEBUG    [DC4100_LED.py:92] DC4100: Received b''[0m
[1;35m2023-10-23 19:33:34.366 CRITICAL [DC4100_LED.py:164] setting mode[0m
[32m2023-10-23 19:33:34.366 DEBUG    [DC4100_LED.py:89] DC4100: Sending m 2[0m
[32m2023-10-23 19:33:34.474 DEBUG    [DC4100_LED.py:92] DC4100: Received b''[0m
[32m2023-10-23 19:33:35.486 DEBUG    [DC4100_LED.py:89] DC4100: Sending m?[0m
[32m2023-10-23 19:33:35.488 DEBUG    [DC4100_LED.py:92] DC4100: Received b'2\r\n'[0m
[36m2023-10-23 19:33:35.488 INFO     [DC4100_LED.py:215] External Control Mode[0m
[1;35m2023-10-23 19:33:35.488 CRITICAL [DC4100_LED.py:219] 1[0m
[32m2023-10-23 19:33:35.488 DEBUG    [DC4100_LED.py:89] DC4100: Sending o 0 1[0m
[32m2023-10-23 19:33:35.595 DEBUG    [DC4100_LED.py:92] DC4100: Received b''[0m
[1;35m2023-10-23 19:33:35.595 CRITICAL [DC4100_LED.py:219] 2[0m
[32m2023-10-23 19:33:35.595 DEBUG    [DC4100_LED.py:89] DC4100: Sending o 1 1[0m
[32m2023-10-23 19:33:35.705 DEBUG    [DC4100_LED.py:92] DC4100: Received b''[0m
[1;35m2023-10-23 19:33:35.705 CRITICAL [DC4100_LED.py:219] 3[0m
[32m2023-10-23 19:33:35.705 DEBUG    [DC4100_LED.py:89] DC4100: Sending o 2 1[0m
[32m2023-10-23 19:33:35.815 DEBUG    [DC4100_LED.py:92] DC4100: Received b''[0m
[1;35m2023-10-23 19:33:35.815 CRITICAL [DC4100_LED.py:219] 4[0m
[32m2023-10-23 19:33:35.815 DEBUG    [DC4100_LED.py:89] DC4100: Sending o 3 1[0m
[32m2023-10-23 19:33:35.923 DEBUG    [DC4100_LED.py:92] DC4100: Received b''[0m
[32m2023-10-23 19:33:35.923 DEBUG    [DC4100_LED.py:89] DC4100: Sending o 1 1[0m
[32m2023-10-23 19:33:36.31 DEBUG    [DC4100_LED.py:92] DC4100: Received b''[0m
[32m2023-10-23 19:33:36.31 DEBUG    [DC4100_LED.py:89] DC4100: Sending l 1 450[0m
[32m2023-10-23 19:33:36.138 DEBUG    [DC4100_LED.py:92] DC4100: Received b''[0m
[32m2023-10-23 19:33:36.138 DEBUG    [DC4100_LED.py:89] DC4100: Sending o 2 1[0m
[32m2023-10-23 19:33:36.246 DEBUG    [DC4100_LED.py:92] DC4100: Received b''[0m
[32m2023-10-23 19:33:36.246 DEBUG    [DC4100_LED.py:89] DC4100: Sending l 2 150[0m
[32m2023-10-23 19:33:36.355 DEBUG    [DC4100_LED.py:92] DC4100: Received b''[0m
[32m2023-10-23 19:33:36.355 DEBUG    [DC4100_LED.py:89] DC4100: Sending o 3 1[0m
[32m2023-10-23 19:33:36.464 DEBUG    [DC4100_LED.py:92] DC4100: Received b''[0m
[32m2023-10-23 19:33:36.464 DEBUG    [DC4100_LED.py:89] DC4100: Sending l 3 150[0m
[32m2023-10-23 19:33:36.574 DEBUG    [DC4100_LED.py:92] DC4100: Received b''[0m
[32m2023-10-23 19:33:36.574 DEBUG    [DC4100_LED.py:89] DC4100: Sending o 0 0[0m
[32m2023-10-23 19:33:36.684 DEBUG    [DC4100_LED.py:92] DC4100: Received b''[0m
[32m2023-10-23 19:33:37.979 DEBUG    [AcquisitionClass.py:124] 1000[0m
[32m2023-10-23 19:33:37.979 DEBUG    [AcquisitionClass.py:125] 1.0[0m
[32m2023-10-23 19:33:37.980 DEBUG    [AcquisitionClass.py:126] 10000[0m
[32m2023-10-23 19:33:37.980 DEBUG    [AcquisitionClass.py:127] 10[0m
[32m2023-10-23 19:33:37.980 DEBUG    [AcquisitionClass.py:128] 10000[0m
[32m2023-10-23 19:33:37.981 DEBUG    [AcquisitionClass.py:129] 10000[0m
[32m2023-10-23 19:33:37.981 DEBUG    [AcquisitionClass.py:130] 10000[0m
[32m2023-10-23 19:53:28.519 DEBUG    [DC4100_LED.py:89] DC4100: Sending o 1 0[0m
[32m2023-10-23 19:53:28.629 DEBUG    [DC4100_LED.py:92] DC4100: Received b''[0m
[36m2023-10-23 19:53:28.629 INFO     [AcquisitionClass.py:516] frequency: 10.000 
 amplitude 0.200 
 offset 1.000  
 acquisiton time 2052.000 
 points per period 1000.000 
 number of periods 10.000[0m
[1;31m2023-10-23 20:08:19.570 ERROR    [AcquisitionClass.py:529] Voltage saturation of the MPPC fluorescence reader[0m
[1;35m2023-10-23 20:08:31.13 CRITICAL [qE_OJIP_calib.py:139] 0.0005728064015627905[0m
