[32m2023-10-24 13:19:36.291 DEBUG    [DC4100_LED.py:69] Serial<id=0x2055c026610, open=True>(port='COM5', baudrate=115200, bytesize=8, parity='N', stopbits=1, timeout=0.1, xonxoff=0, rtscts=0, dsrdtr=False)[0m
[32m2023-10-24 13:19:36.291 DEBUG    [DC4100_LED.py:89] DC4100: Sending o 0 0[0m
[32m2023-10-24 13:19:36.398 DEBUG    [DC4100_LED.py:92] DC4100: Received b''[0m
[32m2023-10-24 13:19:36.398 DEBUG    [DC4100_LED.py:89] DC4100: Sending o 1 0[0m
[32m2023-10-24 13:19:36.507 DEBUG    [DC4100_LED.py:92] DC4100: Received b''[0m
[32m2023-10-24 13:19:36.507 DEBUG    [DC4100_LED.py:89] DC4100: Sending o 2 0[0m
[32m2023-10-24 13:19:36.615 DEBUG    [DC4100_LED.py:92] DC4100: Received b''[0m
[32m2023-10-24 13:19:36.615 DEBUG    [DC4100_LED.py:89] DC4100: Sending o 3 0[0m
[32m2023-10-24 13:19:36.723 DEBUG    [DC4100_LED.py:92] DC4100: Received b''[0m
[1;35m2023-10-24 13:19:36.723 CRITICAL [DC4100_LED.py:164] setting mode[0m
[32m2023-10-24 13:19:36.723 DEBUG    [DC4100_LED.py:89] DC4100: Sending m 2[0m
[32m2023-10-24 13:19:36.833 DEBUG    [DC4100_LED.py:92] DC4100: Received b''[0m
[32m2023-10-24 13:19:37.845 DEBUG    [DC4100_LED.py:89] DC4100: Sending m?[0m
[32m2023-10-24 13:19:37.846 DEBUG    [DC4100_LED.py:92] DC4100: Received b'2\r\n'[0m
[36m2023-10-24 13:19:37.846 INFO     [DC4100_LED.py:215] External Control Mode[0m
[1;35m2023-10-24 13:19:37.846 CRITICAL [DC4100_LED.py:219] 1[0m
[32m2023-10-24 13:19:37.846 DEBUG    [DC4100_LED.py:89] DC4100: Sending o 0 1[0m
[32m2023-10-24 13:19:37.952 DEBUG    [DC4100_LED.py:92] DC4100: Received b''[0m
[1;35m2023-10-24 13:19:37.952 CRITICAL [DC4100_LED.py:219] 2[0m
[32m2023-10-24 13:19:37.952 DEBUG    [DC4100_LED.py:89] DC4100: Sending o 1 1[0m
[32m2023-10-24 13:19:38.62 DEBUG    [DC4100_LED.py:92] DC4100: Received b''[0m
[1;35m2023-10-24 13:19:38.62 CRITICAL [DC4100_LED.py:219] 3[0m
[32m2023-10-24 13:19:38.62 DEBUG    [DC4100_LED.py:89] DC4100: Sending o 2 1[0m
[32m2023-10-24 13:19:38.172 DEBUG    [DC4100_LED.py:92] DC4100: Received b''[0m
[1;35m2023-10-24 13:19:38.172 CRITICAL [DC4100_LED.py:219] 4[0m
[32m2023-10-24 13:19:38.172 DEBUG    [DC4100_LED.py:89] DC4100: Sending o 3 1[0m
[32m2023-10-24 13:19:38.281 DEBUG    [DC4100_LED.py:92] DC4100: Received b''[0m
[32m2023-10-24 13:19:38.281 DEBUG    [DC4100_LED.py:89] DC4100: Sending o 1 1[0m
[32m2023-10-24 13:19:38.390 DEBUG    [DC4100_LED.py:92] DC4100: Received b''[0m
[32m2023-10-24 13:19:38.390 DEBUG    [DC4100_LED.py:89] DC4100: Sending l 1 450[0m
[32m2023-10-24 13:19:38.498 DEBUG    [DC4100_LED.py:92] DC4100: Received b''[0m
[32m2023-10-24 13:19:38.498 DEBUG    [DC4100_LED.py:89] DC4100: Sending o 2 1[0m
[32m2023-10-24 13:19:38.607 DEBUG    [DC4100_LED.py:92] DC4100: Received b''[0m
[32m2023-10-24 13:19:38.607 DEBUG    [DC4100_LED.py:89] DC4100: Sending l 2 150[0m
[32m2023-10-24 13:19:38.716 DEBUG    [DC4100_LED.py:92] DC4100: Received b''[0m
[32m2023-10-24 13:19:38.716 DEBUG    [DC4100_LED.py:89] DC4100: Sending o 3 1[0m
[32m2023-10-24 13:19:38.824 DEBUG    [DC4100_LED.py:92] DC4100: Received b''[0m
[32m2023-10-24 13:19:38.824 DEBUG    [DC4100_LED.py:89] DC4100: Sending l 3 150[0m
[32m2023-10-24 13:19:38.932 DEBUG    [DC4100_LED.py:92] DC4100: Received b''[0m
[32m2023-10-24 13:19:38.932 DEBUG    [DC4100_LED.py:89] DC4100: Sending o 0 0[0m
[32m2023-10-24 13:19:39.40 DEBUG    [DC4100_LED.py:92] DC4100: Received b''[0m
[32m2023-10-24 13:19:40.331 DEBUG    [AcquisitionClass.py:124] 1000[0m
[32m2023-10-24 13:19:40.331 DEBUG    [AcquisitionClass.py:125] 1.0[0m
[32m2023-10-24 13:19:40.332 DEBUG    [AcquisitionClass.py:126] 10000[0m
[32m2023-10-24 13:19:40.332 DEBUG    [AcquisitionClass.py:127] 10[0m
[32m2023-10-24 13:19:40.332 DEBUG    [AcquisitionClass.py:128] 10000[0m
[32m2023-10-24 13:19:40.333 DEBUG    [AcquisitionClass.py:129] 10000[0m
[32m2023-10-24 13:19:40.333 DEBUG    [AcquisitionClass.py:130] 10000[0m
[32m2023-10-24 13:39:30.889 DEBUG    [DC4100_LED.py:89] DC4100: Sending o 1 0[0m
[32m2023-10-24 13:39:30.998 DEBUG    [DC4100_LED.py:92] DC4100: Received b''[0m
[36m2023-10-24 13:39:30.998 INFO     [AcquisitionClass.py:516] frequency: 10.000 
 amplitude 0.200 
 offset 1.000  
 acquisiton time 2052.000 
 points per period 1000.000 
 number of periods 10.000[0m
[1;31m2023-10-24 13:54:21.932 ERROR    [AcquisitionClass.py:529] Voltage saturation of the MPPC fluorescence reader[0m
[1;35m2023-10-24 13:54:33.63 CRITICAL [qE_OJIP_calib.py:139] 0.0011944842970481526[0m
