[32m2023-10-23 23:51:21.212 DEBUG    [DC4100_LED.py:69] Serial<id=0x229c1d66610, open=True>(port='COM5', baudrate=115200, bytesize=8, parity='N', stopbits=1, timeout=0.1, xonxoff=0, rtscts=0, dsrdtr=False)[0m
[32m2023-10-23 23:51:21.212 DEBUG    [DC4100_LED.py:89] DC4100: Sending o 0 0[0m
[32m2023-10-23 23:51:21.320 DEBUG    [DC4100_LED.py:92] DC4100: Received b''[0m
[32m2023-10-23 23:51:21.320 DEBUG    [DC4100_LED.py:89] DC4100: Sending o 1 0[0m
[32m2023-10-23 23:51:21.430 DEBUG    [DC4100_LED.py:92] DC4100: Received b''[0m
[32m2023-10-23 23:51:21.430 DEBUG    [DC4100_LED.py:89] DC4100: Sending o 2 0[0m
[32m2023-10-23 23:51:21.552 DEBUG    [DC4100_LED.py:92] DC4100: Received b''[0m
[32m2023-10-23 23:51:21.552 DEBUG    [DC4100_LED.py:89] DC4100: Sending o 3 0[0m
[32m2023-10-23 23:51:21.660 DEBUG    [DC4100_LED.py:92] DC4100: Received b''[0m
[1;35m2023-10-23 23:51:21.660 CRITICAL [DC4100_LED.py:164] setting mode[0m
[32m2023-10-23 23:51:21.660 DEBUG    [DC4100_LED.py:89] DC4100: Sending m 2[0m
[32m2023-10-23 23:51:21.769 DEBUG    [DC4100_LED.py:92] DC4100: Received b''[0m
[32m2023-10-23 23:51:22.778 DEBUG    [DC4100_LED.py:89] DC4100: Sending m?[0m
[32m2023-10-23 23:51:22.780 DEBUG    [DC4100_LED.py:92] DC4100: Received b'2\r\n'[0m
[36m2023-10-23 23:51:22.780 INFO     [DC4100_LED.py:215] External Control Mode[0m
[1;35m2023-10-23 23:51:22.780 CRITICAL [DC4100_LED.py:219] 1[0m
[32m2023-10-23 23:51:22.780 DEBUG    [DC4100_LED.py:89] DC4100: Sending o 0 1[0m
[32m2023-10-23 23:51:22.886 DEBUG    [DC4100_LED.py:92] DC4100: Received b''[0m
[1;35m2023-10-23 23:51:22.886 CRITICAL [DC4100_LED.py:219] 2[0m
[32m2023-10-23 23:51:22.887 DEBUG    [DC4100_LED.py:89] DC4100: Sending o 1 1[0m
[32m2023-10-23 23:51:22.995 DEBUG    [DC4100_LED.py:92] DC4100: Received b''[0m
[1;35m2023-10-23 23:51:22.995 CRITICAL [DC4100_LED.py:219] 3[0m
[32m2023-10-23 23:51:22.995 DEBUG    [DC4100_LED.py:89] DC4100: Sending o 2 1[0m
[32m2023-10-23 23:51:23.104 DEBUG    [DC4100_LED.py:92] DC4100: Received b''[0m
[1;35m2023-10-23 23:51:23.104 CRITICAL [DC4100_LED.py:219] 4[0m
[32m2023-10-23 23:51:23.104 DEBUG    [DC4100_LED.py:89] DC4100: Sending o 3 1[0m
[32m2023-10-23 23:51:23.213 DEBUG    [DC4100_LED.py:92] DC4100: Received b''[0m
[32m2023-10-23 23:51:23.213 DEBUG    [DC4100_LED.py:89] DC4100: Sending o 1 1[0m
[32m2023-10-23 23:51:23.321 DEBUG    [DC4100_LED.py:92] DC4100: Received b''[0m
[32m2023-10-23 23:51:23.321 DEBUG    [DC4100_LED.py:89] DC4100: Sending l 1 450[0m
[32m2023-10-23 23:51:23.430 DEBUG    [DC4100_LED.py:92] DC4100: Received b''[0m
[32m2023-10-23 23:51:23.430 DEBUG    [DC4100_LED.py:89] DC4100: Sending o 2 1[0m
[32m2023-10-23 23:51:23.538 DEBUG    [DC4100_LED.py:92] DC4100: Received b''[0m
[32m2023-10-23 23:51:23.538 DEBUG    [DC4100_LED.py:89] DC4100: Sending l 2 150[0m
[32m2023-10-23 23:51:23.648 DEBUG    [DC4100_LED.py:92] DC4100: Received b''[0m
[32m2023-10-23 23:51:23.648 DEBUG    [DC4100_LED.py:89] DC4100: Sending o 3 1[0m
[32m2023-10-23 23:51:23.758 DEBUG    [DC4100_LED.py:92] DC4100: Received b''[0m
[32m2023-10-23 23:51:23.758 DEBUG    [DC4100_LED.py:89] DC4100: Sending l 3 150[0m
[32m2023-10-23 23:51:23.866 DEBUG    [DC4100_LED.py:92] DC4100: Received b''[0m
[32m2023-10-23 23:51:23.866 DEBUG    [DC4100_LED.py:89] DC4100: Sending o 0 0[0m
[32m2023-10-23 23:51:23.974 DEBUG    [DC4100_LED.py:92] DC4100: Received b''[0m
[32m2023-10-23 23:51:25.250 DEBUG    [AcquisitionClass.py:124] 1000[0m
[32m2023-10-23 23:51:25.250 DEBUG    [AcquisitionClass.py:125] 1.0[0m
[32m2023-10-23 23:51:25.251 DEBUG    [AcquisitionClass.py:126] 10000[0m
[32m2023-10-23 23:51:25.251 DEBUG    [AcquisitionClass.py:127] 10[0m
[32m2023-10-23 23:51:25.252 DEBUG    [AcquisitionClass.py:128] 10000[0m
[32m2023-10-23 23:51:25.252 DEBUG    [AcquisitionClass.py:129] 10000[0m
[32m2023-10-23 23:51:25.252 DEBUG    [AcquisitionClass.py:130] 10000[0m
[32m2023-10-24 00:11:15.800 DEBUG    [DC4100_LED.py:89] DC4100: Sending o 1 0[0m
[32m2023-10-24 00:11:15.910 DEBUG    [DC4100_LED.py:92] DC4100: Received b''[0m
[36m2023-10-24 00:11:15.910 INFO     [AcquisitionClass.py:516] frequency: 10.000 
 amplitude 0.200 
 offset 1.000  
 acquisiton time 2052.000 
 points per period 1000.000 
 number of periods 10.000[0m
[1;31m2023-10-24 00:26:06.856 ERROR    [AcquisitionClass.py:529] Voltage saturation of the MPPC fluorescence reader[0m
[1;35m2023-10-24 00:26:18.353 CRITICAL [qE_OJIP_calib.py:139] 0.0011131715450340596[0m
