[32m2023-11-29 16:21:37.817 DEBUG    [DC4100_LED.py:69] Serial<id=0x200a17c8ee0, open=True>(port='COM5', baudrate=115200, bytesize=8, parity='N', stopbits=1, timeout=0.1, xonxoff=0, rtscts=0, dsrdtr=False)[0m
[32m2023-11-29 16:21:37.818 DEBUG    [DC4100_LED.py:89] DC4100: Sending o 0 0[0m
[32m2023-11-29 16:21:37.931 DEBUG    [DC4100_LED.py:92] DC4100: Received b''[0m
[32m2023-11-29 16:21:37.931 DEBUG    [DC4100_LED.py:89] DC4100: Sending o 1 0[0m
[32m2023-11-29 16:21:38.40 DEBUG    [DC4100_LED.py:92] DC4100: Received b''[0m
[32m2023-11-29 16:21:38.40 DEBUG    [DC4100_LED.py:89] DC4100: Sending o 2 0[0m
[32m2023-11-29 16:21:38.150 DEBUG    [DC4100_LED.py:92] DC4100: Received b''[0m
[32m2023-11-29 16:21:38.150 DEBUG    [DC4100_LED.py:89] DC4100: Sending o 3 0[0m
[32m2023-11-29 16:21:38.261 DEBUG    [DC4100_LED.py:92] DC4100: Received b''[0m
[1;35m2023-11-29 16:21:38.261 CRITICAL [DC4100_LED.py:164] setting mode[0m
[32m2023-11-29 16:21:38.261 DEBUG    [DC4100_LED.py:89] DC4100: Sending m 2[0m
[32m2023-11-29 16:21:38.370 DEBUG    [DC4100_LED.py:92] DC4100: Received b''[0m
[32m2023-11-29 16:21:39.380 DEBUG    [DC4100_LED.py:89] DC4100: Sending m?[0m
[32m2023-11-29 16:21:39.382 DEBUG    [DC4100_LED.py:92] DC4100: Received b'2\r\n'[0m
[36m2023-11-29 16:21:39.382 INFO     [DC4100_LED.py:215] External Control Mode[0m
[1;35m2023-11-29 16:21:39.382 CRITICAL [DC4100_LED.py:219] 1[0m
[32m2023-11-29 16:21:39.382 DEBUG    [DC4100_LED.py:89] DC4100: Sending o 0 1[0m
[32m2023-11-29 16:21:39.488 DEBUG    [DC4100_LED.py:92] DC4100: Received b''[0m
[1;35m2023-11-29 16:21:39.488 CRITICAL [DC4100_LED.py:219] 2[0m
[32m2023-11-29 16:21:39.488 DEBUG    [DC4100_LED.py:89] DC4100: Sending o 1 1[0m
[32m2023-11-29 16:21:39.597 DEBUG    [DC4100_LED.py:92] DC4100: Received b''[0m
[1;35m2023-11-29 16:21:39.597 CRITICAL [DC4100_LED.py:219] 3[0m
[32m2023-11-29 16:21:39.597 DEBUG    [DC4100_LED.py:89] DC4100: Sending o 2 1[0m
[32m2023-11-29 16:21:39.706 DEBUG    [DC4100_LED.py:92] DC4100: Received b''[0m
[1;35m2023-11-29 16:21:39.706 CRITICAL [DC4100_LED.py:219] 4[0m
[32m2023-11-29 16:21:39.706 DEBUG    [DC4100_LED.py:89] DC4100: Sending o 3 1[0m
[32m2023-11-29 16:21:39.816 DEBUG    [DC4100_LED.py:92] DC4100: Received b''[0m
[32m2023-11-29 16:21:39.816 DEBUG    [DC4100_LED.py:89] DC4100: Sending o 1 1[0m
[32m2023-11-29 16:21:39.923 DEBUG    [DC4100_LED.py:92] DC4100: Received b''[0m
[32m2023-11-29 16:21:39.923 DEBUG    [DC4100_LED.py:89] DC4100: Sending l 1 1000[0m
[32m2023-11-29 16:21:40.32 DEBUG    [DC4100_LED.py:92] DC4100: Received b''[0m
[32m2023-11-29 16:21:40.32 DEBUG    [DC4100_LED.py:89] DC4100: Sending o 2 0[0m
[32m2023-11-29 16:21:40.143 DEBUG    [DC4100_LED.py:92] DC4100: Received b''[0m
[32m2023-11-29 16:21:40.143 DEBUG    [DC4100_LED.py:89] DC4100: Sending o 3 0[0m
[32m2023-11-29 16:21:40.250 DEBUG    [DC4100_LED.py:92] DC4100: Received b''[0m
[32m2023-11-29 16:21:40.250 DEBUG    [DC4100_LED.py:89] DC4100: Sending o 0 0[0m
[32m2023-11-29 16:21:40.358 DEBUG    [DC4100_LED.py:92] DC4100: Received b''[0m
[32m2023-11-29 16:21:41.850 DEBUG    [AcquisitionClass.py:125] 1000[0m
[32m2023-11-29 16:21:41.850 DEBUG    [AcquisitionClass.py:126] 1.0[0m
[32m2023-11-29 16:21:41.851 DEBUG    [AcquisitionClass.py:127] 10000[0m
[32m2023-11-29 16:21:41.851 DEBUG    [AcquisitionClass.py:128] 10[0m
[32m2023-11-29 16:21:41.851 DEBUG    [AcquisitionClass.py:129] 10000[0m
[32m2023-11-29 16:21:41.852 DEBUG    [AcquisitionClass.py:130] 10000[0m
[32m2023-11-29 16:21:41.852 DEBUG    [AcquisitionClass.py:131] 10000[0m
