[32m2023-10-16 16:59:52.257 DEBUG    [DC4100_LED.py:69] Serial<id=0x22338fca100, open=True>(port='COM5', baudrate=115200, bytesize=8, parity='N', stopbits=1, timeout=0.1, xonxoff=0, rtscts=0, dsrdtr=False)[0m
[32m2023-10-16 16:59:52.463 DEBUG    [DC4100_LED.py:89] DC4100: Sending o 0 0[0m
[32m2023-10-16 16:59:52.567 DEBUG    [DC4100_LED.py:92] DC4100: Received b''[0m
[32m2023-10-16 16:59:52.567 DEBUG    [DC4100_LED.py:89] DC4100: Sending o 1 0[0m
[32m2023-10-16 16:59:52.677 DEBUG    [DC4100_LED.py:92] DC4100: Received b''[0m
[32m2023-10-16 16:59:52.677 DEBUG    [DC4100_LED.py:89] DC4100: Sending o 2 0[0m
[32m2023-10-16 16:59:52.786 DEBUG    [DC4100_LED.py:92] DC4100: Received b''[0m
[32m2023-10-16 16:59:52.786 DEBUG    [DC4100_LED.py:89] DC4100: Sending o 3 0[0m
[32m2023-10-16 16:59:52.893 DEBUG    [DC4100_LED.py:92] DC4100: Received b''[0m
[1;35m2023-10-16 16:59:52.893 CRITICAL [DC4100_LED.py:164] setting mode[0m
[32m2023-10-16 16:59:52.893 DEBUG    [DC4100_LED.py:89] DC4100: Sending m 2[0m
[32m2023-10-16 16:59:53.1 DEBUG    [DC4100_LED.py:92] DC4100: Received b''[0m
[32m2023-10-16 16:59:54.12 DEBUG    [DC4100_LED.py:89] DC4100: Sending m?[0m
[32m2023-10-16 16:59:54.14 DEBUG    [DC4100_LED.py:92] DC4100: Received b'2\r\n'[0m
[36m2023-10-16 16:59:54.14 INFO     [DC4100_LED.py:215] External Control Mode[0m
[1;35m2023-10-16 16:59:54.14 CRITICAL [DC4100_LED.py:219] 1[0m
[32m2023-10-16 16:59:54.15 DEBUG    [DC4100_LED.py:89] DC4100: Sending o 0 1[0m
[32m2023-10-16 16:59:54.120 DEBUG    [DC4100_LED.py:92] DC4100: Received b''[0m
[1;35m2023-10-16 16:59:54.120 CRITICAL [DC4100_LED.py:219] 2[0m
[32m2023-10-16 16:59:54.120 DEBUG    [DC4100_LED.py:89] DC4100: Sending o 1 1[0m
[32m2023-10-16 16:59:54.229 DEBUG    [DC4100_LED.py:92] DC4100: Received b''[0m
[1;35m2023-10-16 16:59:54.229 CRITICAL [DC4100_LED.py:219] 3[0m
[32m2023-10-16 16:59:54.229 DEBUG    [DC4100_LED.py:89] DC4100: Sending o 2 1[0m
[32m2023-10-16 16:59:54.339 DEBUG    [DC4100_LED.py:92] DC4100: Received b''[0m
[1;35m2023-10-16 16:59:54.339 CRITICAL [DC4100_LED.py:219] 4[0m
[32m2023-10-16 16:59:54.340 DEBUG    [DC4100_LED.py:89] DC4100: Sending o 3 1[0m
[32m2023-10-16 16:59:54.449 DEBUG    [DC4100_LED.py:92] DC4100: Received b''[0m
[32m2023-10-16 16:59:54.449 DEBUG    [DC4100_LED.py:89] DC4100: Sending o 1 1[0m
[32m2023-10-16 16:59:54.558 DEBUG    [DC4100_LED.py:92] DC4100: Received b''[0m
[32m2023-10-16 16:59:54.558 DEBUG    [DC4100_LED.py:89] DC4100: Sending l 1 400[0m
[32m2023-10-16 16:59:54.668 DEBUG    [DC4100_LED.py:92] DC4100: Received b''[0m
[32m2023-10-16 16:59:54.668 DEBUG    [DC4100_LED.py:89] DC4100: Sending o 2 1[0m
[32m2023-10-16 16:59:54.779 DEBUG    [DC4100_LED.py:92] DC4100: Received b''[0m
[32m2023-10-16 16:59:54.779 DEBUG    [DC4100_LED.py:89] DC4100: Sending l 2 150[0m
[32m2023-10-16 16:59:54.889 DEBUG    [DC4100_LED.py:92] DC4100: Received b''[0m
[32m2023-10-16 16:59:54.889 DEBUG    [DC4100_LED.py:89] DC4100: Sending o 3 1[0m
[32m2023-10-16 16:59:54.999 DEBUG    [DC4100_LED.py:92] DC4100: Received b''[0m
[32m2023-10-16 16:59:54.999 DEBUG    [DC4100_LED.py:89] DC4100: Sending l 3 250[0m
[32m2023-10-16 16:59:55.106 DEBUG    [DC4100_LED.py:92] DC4100: Received b''[0m
[32m2023-10-16 16:59:55.106 DEBUG    [DC4100_LED.py:89] DC4100: Sending o 0 0[0m
[32m2023-10-16 16:59:55.215 DEBUG    [DC4100_LED.py:92] DC4100: Received b''[0m
