[32m2023-11-21 17:36:09.638 DEBUG    [DC4100_LED.py:69] Serial<id=0x2659f604d60, open=True>(port='COM5', baudrate=115200, bytesize=8, parity='N', stopbits=1, timeout=0.1, xonxoff=0, rtscts=0, dsrdtr=False)[0m
[32m2023-11-21 17:36:09.638 DEBUG    [DC4100_LED.py:89] DC4100: Sending o 0 0[0m
[32m2023-11-21 17:36:09.738 DEBUG    [DC4100_LED.py:92] DC4100: Received b''[0m
[32m2023-11-21 17:36:09.738 DEBUG    [DC4100_LED.py:89] DC4100: Sending o 1 0[0m
[32m2023-11-21 17:36:09.838 DEBUG    [DC4100_LED.py:92] DC4100: Received b''[0m
[32m2023-11-21 17:36:09.838 DEBUG    [DC4100_LED.py:89] DC4100: Sending o 2 0[0m
[32m2023-11-21 17:36:09.947 DEBUG    [DC4100_LED.py:92] DC4100: Received b''[0m
[32m2023-11-21 17:36:09.947 DEBUG    [DC4100_LED.py:89] DC4100: Sending o 3 0[0m
[32m2023-11-21 17:36:10.47 DEBUG    [DC4100_LED.py:92] DC4100: Received b''[0m
[1;35m2023-11-21 17:36:10.47 CRITICAL [DC4100_LED.py:164] setting mode[0m
[32m2023-11-21 17:36:10.47 DEBUG    [DC4100_LED.py:89] DC4100: Sending m 2[0m
[32m2023-11-21 17:36:10.148 DEBUG    [DC4100_LED.py:92] DC4100: Received b''[0m
[32m2023-11-21 17:36:11.152 DEBUG    [DC4100_LED.py:89] DC4100: Sending m?[0m
[32m2023-11-21 17:36:11.152 DEBUG    [DC4100_LED.py:92] DC4100: Received b'2\r\n'[0m
[36m2023-11-21 17:36:11.152 INFO     [DC4100_LED.py:215] External Control Mode[0m
[1;35m2023-11-21 17:36:11.152 CRITICAL [DC4100_LED.py:219] 1[0m
[32m2023-11-21 17:36:11.152 DEBUG    [DC4100_LED.py:89] DC4100: Sending o 0 1[0m
[32m2023-11-21 17:36:11.262 DEBUG    [DC4100_LED.py:92] DC4100: Received b''[0m
[1;35m2023-11-21 17:36:11.262 CRITICAL [DC4100_LED.py:219] 2[0m
[32m2023-11-21 17:36:11.262 DEBUG    [DC4100_LED.py:89] DC4100: Sending o 1 1[0m
[32m2023-11-21 17:36:11.362 DEBUG    [DC4100_LED.py:92] DC4100: Received b''[0m
[1;35m2023-11-21 17:36:11.362 CRITICAL [DC4100_LED.py:219] 3[0m
[32m2023-11-21 17:36:11.362 DEBUG    [DC4100_LED.py:89] DC4100: Sending o 2 1[0m
[32m2023-11-21 17:36:11.462 DEBUG    [DC4100_LED.py:92] DC4100: Received b''[0m
[1;35m2023-11-21 17:36:11.462 CRITICAL [DC4100_LED.py:219] 4[0m
[32m2023-11-21 17:36:11.462 DEBUG    [DC4100_LED.py:89] DC4100: Sending o 3 1[0m
[32m2023-11-21 17:36:11.562 DEBUG    [DC4100_LED.py:92] DC4100: Received b''[0m
[32m2023-11-21 17:36:11.562 DEBUG    [DC4100_LED.py:89] DC4100: Sending o 1 1[0m
[32m2023-11-21 17:36:11.672 DEBUG    [DC4100_LED.py:92] DC4100: Received b''[0m
[32m2023-11-21 17:36:11.672 DEBUG    [DC4100_LED.py:89] DC4100: Sending l 1 1000[0m
[32m2023-11-21 17:36:11.772 DEBUG    [DC4100_LED.py:92] DC4100: Received b''[0m
[32m2023-11-21 17:36:11.772 DEBUG    [DC4100_LED.py:89] DC4100: Sending o 2 0[0m
[32m2023-11-21 17:36:11.882 DEBUG    [DC4100_LED.py:92] DC4100: Received b''[0m
[32m2023-11-21 17:36:11.882 DEBUG    [DC4100_LED.py:89] DC4100: Sending o 3 0[0m
[32m2023-11-21 17:36:11.992 DEBUG    [DC4100_LED.py:92] DC4100: Received b''[0m
[32m2023-11-21 17:36:11.992 DEBUG    [DC4100_LED.py:89] DC4100: Sending o 0 0[0m
[32m2023-11-21 17:36:12.93 DEBUG    [DC4100_LED.py:92] DC4100: Received b''[0m
[32m2023-11-21 17:36:13.692 DEBUG    [AcquisitionClass.py:125] 1000[0m
[32m2023-11-21 17:36:13.692 DEBUG    [AcquisitionClass.py:126] 1.0[0m
[32m2023-11-21 17:36:13.692 DEBUG    [AcquisitionClass.py:127] 10000[0m
[32m2023-11-21 17:36:13.692 DEBUG    [AcquisitionClass.py:128] 10[0m
[32m2023-11-21 17:36:13.692 DEBUG    [AcquisitionClass.py:129] 10000[0m
[32m2023-11-21 17:36:13.692 DEBUG    [AcquisitionClass.py:130] 10000[0m
[32m2023-11-21 17:36:13.692 DEBUG    [AcquisitionClass.py:131] 10000[0m
[32m2023-11-21 17:36:38.857 DEBUG    [AcquisitionClass.py:125] 1000[0m
[32m2023-11-21 17:36:38.857 DEBUG    [AcquisitionClass.py:126] 1.0[0m
[32m2023-11-21 17:36:38.857 DEBUG    [AcquisitionClass.py:127] 10000[0m
[32m2023-11-21 17:36:38.857 DEBUG    [AcquisitionClass.py:128] 10[0m
[32m2023-11-21 17:36:38.857 DEBUG    [AcquisitionClass.py:129] 10000[0m
[32m2023-11-21 17:36:38.857 DEBUG    [AcquisitionClass.py:130] 10000[0m
[32m2023-11-21 17:36:38.857 DEBUG    [AcquisitionClass.py:131] 10000[0m
