[32m2023-11-21 16:51:20.918 DEBUG    [DC4100_LED.py:69] Serial<id=0x1c47e914970, open=True>(port='COM5', baudrate=115200, bytesize=8, parity='N', stopbits=1, timeout=0.1, xonxoff=0, rtscts=0, dsrdtr=False)[0m
[32m2023-11-21 16:51:20.918 DEBUG    [DC4100_LED.py:89] DC4100: Sending o 0 0[0m
[32m2023-11-21 16:51:21.18 DEBUG    [DC4100_LED.py:92] DC4100: Received b''[0m
[32m2023-11-21 16:51:21.18 DEBUG    [DC4100_LED.py:89] DC4100: Sending o 1 0[0m
[32m2023-11-21 16:51:21.126 DEBUG    [DC4100_LED.py:92] DC4100: Received b''[0m
[32m2023-11-21 16:51:21.126 DEBUG    [DC4100_LED.py:89] DC4100: Sending o 2 0[0m
[32m2023-11-21 16:51:21.236 DEBUG    [DC4100_LED.py:92] DC4100: Received b''[0m
[32m2023-11-21 16:51:21.236 DEBUG    [DC4100_LED.py:89] DC4100: Sending o 3 0[0m
[32m2023-11-21 16:51:21.346 DEBUG    [DC4100_LED.py:92] DC4100: Received b''[0m
[1;35m2023-11-21 16:51:21.346 CRITICAL [DC4100_LED.py:164] setting mode[0m
[32m2023-11-21 16:51:21.346 DEBUG    [DC4100_LED.py:89] DC4100: Sending m 2[0m
[32m2023-11-21 16:51:21.446 DEBUG    [DC4100_LED.py:92] DC4100: Received b''[0m
[32m2023-11-21 16:51:22.456 DEBUG    [DC4100_LED.py:89] DC4100: Sending m?[0m
[32m2023-11-21 16:51:22.456 DEBUG    [DC4100_LED.py:92] DC4100: Received b'2\r\n'[0m
[36m2023-11-21 16:51:22.456 INFO     [DC4100_LED.py:215] External Control Mode[0m
[1;35m2023-11-21 16:51:22.456 CRITICAL [DC4100_LED.py:219] 1[0m
[32m2023-11-21 16:51:22.456 DEBUG    [DC4100_LED.py:89] DC4100: Sending o 0 1[0m
[32m2023-11-21 16:51:22.556 DEBUG    [DC4100_LED.py:92] DC4100: Received b''[0m
[1;35m2023-11-21 16:51:22.556 CRITICAL [DC4100_LED.py:219] 2[0m
[32m2023-11-21 16:51:22.556 DEBUG    [DC4100_LED.py:89] DC4100: Sending o 1 1[0m
[32m2023-11-21 16:51:22.664 DEBUG    [DC4100_LED.py:92] DC4100: Received b''[0m
[1;35m2023-11-21 16:51:22.664 CRITICAL [DC4100_LED.py:219] 3[0m
[32m2023-11-21 16:51:22.664 DEBUG    [DC4100_LED.py:89] DC4100: Sending o 2 1[0m
[32m2023-11-21 16:51:22.764 DEBUG    [DC4100_LED.py:92] DC4100: Received b''[0m
[1;35m2023-11-21 16:51:22.764 CRITICAL [DC4100_LED.py:219] 4[0m
[32m2023-11-21 16:51:22.764 DEBUG    [DC4100_LED.py:89] DC4100: Sending o 3 1[0m
[32m2023-11-21 16:51:22.874 DEBUG    [DC4100_LED.py:92] DC4100: Received b''[0m
[32m2023-11-21 16:51:22.874 DEBUG    [DC4100_LED.py:89] DC4100: Sending o 1 1[0m
[32m2023-11-21 16:51:22.984 DEBUG    [DC4100_LED.py:92] DC4100: Received b''[0m
[32m2023-11-21 16:51:22.984 DEBUG    [DC4100_LED.py:89] DC4100: Sending l 1 1000[0m
[32m2023-11-21 16:51:23.85 DEBUG    [DC4100_LED.py:92] DC4100: Received b''[0m
[32m2023-11-21 16:51:23.85 DEBUG    [DC4100_LED.py:89] DC4100: Sending o 2 0[0m
[32m2023-11-21 16:51:23.195 DEBUG    [DC4100_LED.py:92] DC4100: Received b''[0m
[32m2023-11-21 16:51:23.195 DEBUG    [DC4100_LED.py:89] DC4100: Sending o 3 0[0m
[32m2023-11-21 16:51:23.296 DEBUG    [DC4100_LED.py:92] DC4100: Received b''[0m
[32m2023-11-21 16:51:23.296 DEBUG    [DC4100_LED.py:89] DC4100: Sending o 0 0[0m
[32m2023-11-21 16:51:23.396 DEBUG    [DC4100_LED.py:92] DC4100: Received b''[0m
[32m2023-11-21 16:51:24.956 DEBUG    [AcquisitionClass.py:125] 1000[0m
[32m2023-11-21 16:51:24.956 DEBUG    [AcquisitionClass.py:126] 1.0[0m
[32m2023-11-21 16:51:24.956 DEBUG    [AcquisitionClass.py:127] 10000[0m
[32m2023-11-21 16:51:24.956 DEBUG    [AcquisitionClass.py:128] 10[0m
[32m2023-11-21 16:51:24.956 DEBUG    [AcquisitionClass.py:129] 10000[0m
[32m2023-11-21 16:51:24.956 DEBUG    [AcquisitionClass.py:130] 10000[0m
[32m2023-11-21 16:51:24.956 DEBUG    [AcquisitionClass.py:131] 10000[0m
[32m2023-11-21 16:51:50.143 DEBUG    [AcquisitionClass.py:125] 1000[0m
[32m2023-11-21 16:51:50.143 DEBUG    [AcquisitionClass.py:126] 1.0[0m
[32m2023-11-21 16:51:50.143 DEBUG    [AcquisitionClass.py:127] 10000[0m
[32m2023-11-21 16:51:50.143 DEBUG    [AcquisitionClass.py:128] 10[0m
[32m2023-11-21 16:51:50.143 DEBUG    [AcquisitionClass.py:129] 10000[0m
[32m2023-11-21 16:51:50.143 DEBUG    [AcquisitionClass.py:130] 10000[0m
[32m2023-11-21 16:51:50.143 DEBUG    [AcquisitionClass.py:131] 10000[0m
[32m2023-11-21 16:51:50.143 DEBUG    [AcquisitionClass.py:125] 2000[0m
[32m2023-11-21 16:51:50.143 DEBUG    [AcquisitionClass.py:126] 20.0[0m
[32m2023-11-21 16:51:50.143 DEBUG    [AcquisitionClass.py:127] 1000.0[0m
[32m2023-11-21 16:51:50.143 DEBUG    [AcquisitionClass.py:128] 0.5[0m
[32m2023-11-21 16:51:50.143 DEBUG    [AcquisitionClass.py:129] 1000.0[0m
[32m2023-11-21 16:51:50.143 DEBUG    [AcquisitionClass.py:130] 20000[0m
[32m2023-11-21 16:51:50.143 DEBUG    [AcquisitionClass.py:131] 20000[0m
[32m2023-11-21 16:51:51.601 DEBUG    [AcquisitionClass.py:125] 2000[0m
[32m2023-11-21 16:51:51.601 DEBUG    [AcquisitionClass.py:126] 20.0[0m
[32m2023-11-21 16:51:51.601 DEBUG    [AcquisitionClass.py:127] 1000.0[0m
[32m2023-11-21 16:51:51.601 DEBUG    [AcquisitionClass.py:128] 0.5[0m
[32m2023-11-21 16:51:51.601 DEBUG    [AcquisitionClass.py:129] 1000.0[0m
[32m2023-11-21 16:51:51.601 DEBUG    [AcquisitionClass.py:130] 20000[0m
[32m2023-11-21 16:51:51.601 DEBUG    [AcquisitionClass.py:131] 20000[0m
[36m2023-11-21 16:51:51.661 INFO     [AcquisitionClass.py:517] frequency: 0.500 
 amplitude 0.228 
 offset 0.455  
 acquisiton time 20.000 
 points per period 2000.000 
 number of periods 10.000[0m
[36m2023-11-21 16:52:12.698 INFO     [AcquisitionClass.py:630] Shutting down all LEDs for 1 seconds[0m
[36m2023-11-21 16:52:12.758 INFO     [AcquisitionClass.py:371] Did not start digital generator, check generator_analog_channels[0m
