[32m2023-11-30 18:07:03.425 DEBUG    [DC4100_LED.py:69] Serial<id=0x26070ca9400, open=True>(port='COM5', baudrate=115200, bytesize=8, parity='N', stopbits=1, timeout=0.1, xonxoff=0, rtscts=0, dsrdtr=False)[0m
[32m2023-11-30 18:07:03.425 DEBUG    [DC4100_LED.py:89] DC4100: Sending o 0 0[0m
[32m2023-11-30 18:07:03.533 DEBUG    [DC4100_LED.py:92] DC4100: Received b''[0m
[32m2023-11-30 18:07:03.533 DEBUG    [DC4100_LED.py:89] DC4100: Sending o 1 0[0m
[32m2023-11-30 18:07:03.642 DEBUG    [DC4100_LED.py:92] DC4100: Received b''[0m
[32m2023-11-30 18:07:03.642 DEBUG    [DC4100_LED.py:89] DC4100: Sending o 2 0[0m
[32m2023-11-30 18:07:03.752 DEBUG    [DC4100_LED.py:92] DC4100: Received b''[0m
[32m2023-11-30 18:07:03.752 DEBUG    [DC4100_LED.py:89] DC4100: Sending o 3 0[0m
[32m2023-11-30 18:07:03.860 DEBUG    [DC4100_LED.py:92] DC4100: Received b''[0m
[1;35m2023-11-30 18:07:03.860 CRITICAL [DC4100_LED.py:164] setting mode[0m
[32m2023-11-30 18:07:03.860 DEBUG    [DC4100_LED.py:89] DC4100: Sending m 2[0m
[32m2023-11-30 18:07:03.968 DEBUG    [DC4100_LED.py:92] DC4100: Received b''[0m
[32m2023-11-30 18:07:04.980 DEBUG    [DC4100_LED.py:89] DC4100: Sending m?[0m
[32m2023-11-30 18:07:04.982 DEBUG    [DC4100_LED.py:92] DC4100: Received b'2\r\n'[0m
[36m2023-11-30 18:07:04.982 INFO     [DC4100_LED.py:215] External Control Mode[0m
[1;35m2023-11-30 18:07:04.982 CRITICAL [DC4100_LED.py:219] 1[0m
[32m2023-11-30 18:07:04.982 DEBUG    [DC4100_LED.py:89] DC4100: Sending o 0 1[0m
[32m2023-11-30 18:07:05.87 DEBUG    [DC4100_LED.py:92] DC4100: Received b''[0m
[1;35m2023-11-30 18:07:05.87 CRITICAL [DC4100_LED.py:219] 2[0m
[32m2023-11-30 18:07:05.88 DEBUG    [DC4100_LED.py:89] DC4100: Sending o 1 1[0m
[32m2023-11-30 18:07:05.194 DEBUG    [DC4100_LED.py:92] DC4100: Received b''[0m
[1;35m2023-11-30 18:07:05.194 CRITICAL [DC4100_LED.py:219] 3[0m
[32m2023-11-30 18:07:05.195 DEBUG    [DC4100_LED.py:89] DC4100: Sending o 2 1[0m
[32m2023-11-30 18:07:05.302 DEBUG    [DC4100_LED.py:92] DC4100: Received b''[0m
[1;35m2023-11-30 18:07:05.302 CRITICAL [DC4100_LED.py:219] 4[0m
[32m2023-11-30 18:07:05.302 DEBUG    [DC4100_LED.py:89] DC4100: Sending o 3 1[0m
[32m2023-11-30 18:07:05.410 DEBUG    [DC4100_LED.py:92] DC4100: Received b''[0m
[32m2023-11-30 18:07:05.410 DEBUG    [DC4100_LED.py:89] DC4100: Sending o 1 1[0m
[32m2023-11-30 18:07:05.519 DEBUG    [DC4100_LED.py:92] DC4100: Received b''[0m
[32m2023-11-30 18:07:05.519 DEBUG    [DC4100_LED.py:89] DC4100: Sending l 1 1000[0m
[32m2023-11-30 18:07:05.627 DEBUG    [DC4100_LED.py:92] DC4100: Received b''[0m
[32m2023-11-30 18:07:05.627 DEBUG    [DC4100_LED.py:89] DC4100: Sending o 2 0[0m
[32m2023-11-30 18:07:05.736 DEBUG    [DC4100_LED.py:92] DC4100: Received b''[0m
[32m2023-11-30 18:07:05.736 DEBUG    [DC4100_LED.py:89] DC4100: Sending o 3 1[0m
[32m2023-11-30 18:07:05.846 DEBUG    [DC4100_LED.py:92] DC4100: Received b''[0m
[32m2023-11-30 18:07:05.846 DEBUG    [DC4100_LED.py:89] DC4100: Sending l 3 1000[0m
[32m2023-11-30 18:07:05.953 DEBUG    [DC4100_LED.py:92] DC4100: Received b''[0m
[32m2023-11-30 18:07:05.953 DEBUG    [DC4100_LED.py:89] DC4100: Sending o 0 0[0m
[32m2023-11-30 18:07:06.61 DEBUG    [DC4100_LED.py:92] DC4100: Received b''[0m
[32m2023-11-30 18:07:12.257 DEBUG    [AcquisitionClass.py:125] 1000[0m
[32m2023-11-30 18:07:12.257 DEBUG    [AcquisitionClass.py:126] 1.0[0m
[32m2023-11-30 18:07:12.257 DEBUG    [AcquisitionClass.py:127] 10000[0m
[32m2023-11-30 18:07:12.258 DEBUG    [AcquisitionClass.py:128] 10[0m
[32m2023-11-30 18:07:12.258 DEBUG    [AcquisitionClass.py:129] 10000[0m
[32m2023-11-30 18:07:12.258 DEBUG    [AcquisitionClass.py:130] 10000[0m
[32m2023-11-30 18:07:12.258 DEBUG    [AcquisitionClass.py:131] 10000[0m
[32m2023-11-30 18:07:12.259 DEBUG    [AcquisitionClass.py:125] 1000[0m
[32m2023-11-30 18:07:12.259 DEBUG    [AcquisitionClass.py:126] 10.0[0m
[32m2023-11-30 18:07:12.259 DEBUG    [AcquisitionClass.py:127] 1000[0m
[32m2023-11-30 18:07:12.259 DEBUG    [AcquisitionClass.py:128] 1[0m
[32m2023-11-30 18:07:12.260 DEBUG    [AcquisitionClass.py:129] 1000[0m
[32m2023-11-30 18:07:12.260 DEBUG    [AcquisitionClass.py:130] 10000[0m
[32m2023-11-30 18:07:12.260 DEBUG    [AcquisitionClass.py:131] 10000[0m
[36m2023-11-30 18:07:12.380 INFO     [AcquisitionClass.py:517] frequency: 1.000 
 amplitude 2.000 
 offset 4.000  
 acquisiton time 10.000 
 points per period 1000.000 
 number of periods 10.000[0m
[1;31m2023-11-30 18:07:33.883 ERROR    [AcquisitionClass.py:526] Voltage saturation of the MPPC intensity reader[0m
[1;31m2023-11-30 18:07:33.884 ERROR    [AcquisitionClass.py:530] Voltage saturation of the MPPC fluorescence reader[0m
[32m2023-11-30 18:07:33.898 DEBUG    [AcquisitionClass.py:125] 1000[0m
[32m2023-11-30 18:07:33.898 DEBUG    [AcquisitionClass.py:126] 0.01[0m
[32m2023-11-30 18:07:33.898 DEBUG    [AcquisitionClass.py:127] 1000000.0[0m
[32m2023-11-30 18:07:33.898 DEBUG    [AcquisitionClass.py:128] 1000.0[0m
[32m2023-11-30 18:07:33.899 DEBUG    [AcquisitionClass.py:129] 1000000.0[0m
[32m2023-11-30 18:07:33.899 DEBUG    [AcquisitionClass.py:130] 10000[0m
[32m2023-11-30 18:07:33.899 DEBUG    [AcquisitionClass.py:131] 10000[0m
[36m2023-11-30 18:07:33.963 INFO     [AcquisitionClass.py:517] frequency: 1000.000 
 amplitude 2.000 
 offset 4.000  
 acquisiton time 0.010 
 points per period 1000.000 
 number of periods 10.000[0m
[1;31m2023-11-30 18:07:33.989 ERROR    [AcquisitionClass.py:526] Voltage saturation of the MPPC intensity reader[0m
[1;35m2023-11-30 18:07:33.990 CRITICAL [AcquisitionClass.py:169] -1.6508034299393417[0m
[32m2023-11-30 18:07:36.116 DEBUG    [AcquisitionClass.py:125] 1000[0m
[32m2023-11-30 18:07:36.117 DEBUG    [AcquisitionClass.py:126] 0.01291549665014884[0m
[32m2023-11-30 18:07:36.117 DEBUG    [AcquisitionClass.py:127] 774263.0[0m
[32m2023-11-30 18:07:36.117 DEBUG    [AcquisitionClass.py:128] 774.263682681127[0m
[32m2023-11-30 18:07:36.118 DEBUG    [AcquisitionClass.py:129] 774263.682681127[0m
[32m2023-11-30 18:07:36.118 DEBUG    [AcquisitionClass.py:130] 10000[0m
[32m2023-11-30 18:07:36.118 DEBUG    [AcquisitionClass.py:131] 10000[0m
[36m2023-11-30 18:07:36.184 INFO     [AcquisitionClass.py:517] frequency: 774.264 
 amplitude 2.000 
 offset 4.000  
 acquisiton time 0.013 
 points per period 1000.000 
 number of periods 10.000[0m
[1;35m2023-11-30 18:07:36.211 CRITICAL [AcquisitionClass.py:169] -1.675019353278016[0m
[32m2023-11-30 18:07:38.335 DEBUG    [AcquisitionClass.py:125] 1000[0m
[32m2023-11-30 18:07:38.335 DEBUG    [AcquisitionClass.py:126] 0.016681005372000592[0m
[32m2023-11-30 18:07:38.335 DEBUG    [AcquisitionClass.py:127] 599484.0[0m
[32m2023-11-30 18:07:38.336 DEBUG    [AcquisitionClass.py:128] 599.4842503189409[0m
[32m2023-11-30 18:07:38.336 DEBUG    [AcquisitionClass.py:129] 599484.2503189408[0m
[32m2023-11-30 18:07:38.336 DEBUG    [AcquisitionClass.py:130] 10000[0m
[32m2023-11-30 18:07:38.336 DEBUG    [AcquisitionClass.py:131] 10000[0m
[36m2023-11-30 18:07:38.402 INFO     [AcquisitionClass.py:517] frequency: 599.484 
 amplitude 2.000 
 offset 4.000  
 acquisiton time 0.017 
 points per period 1000.000 
 number of periods 10.000[0m
[1;35m2023-11-30 18:07:38.429 CRITICAL [AcquisitionClass.py:169] -1.5115969742135327[0m
[32m2023-11-30 18:07:40.539 DEBUG    [AcquisitionClass.py:125] 1000[0m
[32m2023-11-30 18:07:40.539 DEBUG    [AcquisitionClass.py:126] 0.021544346900318846[0m
[32m2023-11-30 18:07:40.540 DEBUG    [AcquisitionClass.py:127] 464158.0[0m
[32m2023-11-30 18:07:40.540 DEBUG    [AcquisitionClass.py:128] 464.15888336127773[0m
[32m2023-11-30 18:07:40.540 DEBUG    [AcquisitionClass.py:129] 464158.88336127775[0m
[32m2023-11-30 18:07:40.540 DEBUG    [AcquisitionClass.py:130] 10000[0m
[32m2023-11-30 18:07:40.540 DEBUG    [AcquisitionClass.py:131] 10000[0m
[36m2023-11-30 18:07:40.605 INFO     [AcquisitionClass.py:517] frequency: 464.159 
 amplitude 2.000 
 offset 4.000  
 acquisiton time 0.022 
 points per period 1000.000 
 number of periods 10.000[0m
[1;35m2023-11-30 18:07:40.632 CRITICAL [AcquisitionClass.py:169] -1.736394164687544[0m
[32m2023-11-30 18:07:42.745 DEBUG    [AcquisitionClass.py:125] 1000[0m
[32m2023-11-30 18:07:42.745 DEBUG    [AcquisitionClass.py:126] 0.02782559402207126[0m
[32m2023-11-30 18:07:42.746 DEBUG    [AcquisitionClass.py:127] 359381.0[0m
[32m2023-11-30 18:07:42.746 DEBUG    [AcquisitionClass.py:128] 359.38136638046257[0m
[32m2023-11-30 18:07:42.746 DEBUG    [AcquisitionClass.py:129] 359381.36638046254[0m
[32m2023-11-30 18:07:42.746 DEBUG    [AcquisitionClass.py:130] 10000[0m
[32m2023-11-30 18:07:42.747 DEBUG    [AcquisitionClass.py:131] 10000[0m
[36m2023-11-30 18:07:42.814 INFO     [AcquisitionClass.py:517] frequency: 359.381 
 amplitude 2.000 
 offset 4.000  
 acquisiton time 0.028 
 points per period 1000.000 
 number of periods 10.000[0m
[1;35m2023-11-30 18:07:42.857 CRITICAL [AcquisitionClass.py:169] -1.7511027971395434[0m
[32m2023-11-30 18:07:44.972 DEBUG    [AcquisitionClass.py:125] 1000[0m
[32m2023-11-30 18:07:44.972 DEBUG    [AcquisitionClass.py:126] 0.03593813663804626[0m
[32m2023-11-30 18:07:44.972 DEBUG    [AcquisitionClass.py:127] 278255.0[0m
[32m2023-11-30 18:07:44.973 DEBUG    [AcquisitionClass.py:128] 278.2559402207126[0m
[32m2023-11-30 18:07:44.973 DEBUG    [AcquisitionClass.py:129] 278255.9402207126[0m
[32m2023-11-30 18:07:44.973 DEBUG    [AcquisitionClass.py:130] 10000[0m
[32m2023-11-30 18:07:44.973 DEBUG    [AcquisitionClass.py:131] 10000[0m
[36m2023-11-30 18:07:45.39 INFO     [AcquisitionClass.py:517] frequency: 278.256 
 amplitude 2.000 
 offset 4.000  
 acquisiton time 0.036 
 points per period 1000.000 
 number of periods 10.000[0m
[1;35m2023-11-30 18:07:45.81 CRITICAL [AcquisitionClass.py:169] -1.706830488478872[0m
[32m2023-11-30 18:07:47.201 DEBUG    [AcquisitionClass.py:125] 1000[0m
[32m2023-11-30 18:07:47.201 DEBUG    [AcquisitionClass.py:126] 0.046415888336127774[0m
[32m2023-11-30 18:07:47.202 DEBUG    [AcquisitionClass.py:127] 215443.0[0m
[32m2023-11-30 18:07:47.202 DEBUG    [AcquisitionClass.py:128] 215.44346900318845[0m
[32m2023-11-30 18:07:47.202 DEBUG    [AcquisitionClass.py:129] 215443.46900318845[0m
[32m2023-11-30 18:07:47.202 DEBUG    [AcquisitionClass.py:130] 10000[0m
[32m2023-11-30 18:07:47.203 DEBUG    [AcquisitionClass.py:131] 10000[0m
[36m2023-11-30 18:07:47.268 INFO     [AcquisitionClass.py:517] frequency: 215.443 
 amplitude 2.000 
 offset 4.000  
 acquisiton time 0.046 
 points per period 1000.000 
 number of periods 10.000[0m
[1;35m2023-11-30 18:07:47.327 CRITICAL [AcquisitionClass.py:169] -1.5511049320177626[0m
[32m2023-11-30 18:07:49.448 DEBUG    [AcquisitionClass.py:125] 1000[0m
[32m2023-11-30 18:07:49.448 DEBUG    [AcquisitionClass.py:126] 0.059948425031894084[0m
[32m2023-11-30 18:07:49.449 DEBUG    [AcquisitionClass.py:127] 166810.0[0m
[32m2023-11-30 18:07:49.449 DEBUG    [AcquisitionClass.py:128] 166.81005372000593[0m
[32m2023-11-30 18:07:49.449 DEBUG    [AcquisitionClass.py:129] 166810.05372000593[0m
[32m2023-11-30 18:07:49.449 DEBUG    [AcquisitionClass.py:130] 10000[0m
[32m2023-11-30 18:07:49.450 DEBUG    [AcquisitionClass.py:131] 10000[0m
[36m2023-11-30 18:07:49.515 INFO     [AcquisitionClass.py:517] frequency: 166.810 
 amplitude 2.000 
 offset 4.000  
 acquisiton time 0.060 
 points per period 1000.000 
 number of periods 10.000[0m
[1;35m2023-11-30 18:07:49.589 CRITICAL [AcquisitionClass.py:169] -1.4638550364304177[0m
[32m2023-11-30 18:07:51.710 DEBUG    [AcquisitionClass.py:125] 1000[0m
[32m2023-11-30 18:07:51.710 DEBUG    [AcquisitionClass.py:126] 0.07742636826811271[0m
[32m2023-11-30 18:07:51.711 DEBUG    [AcquisitionClass.py:127] 129154.0[0m
[32m2023-11-30 18:07:51.711 DEBUG    [AcquisitionClass.py:128] 129.1549665014884[0m
[32m2023-11-30 18:07:51.711 DEBUG    [AcquisitionClass.py:129] 129154.9665014884[0m
[32m2023-11-30 18:07:51.711 DEBUG    [AcquisitionClass.py:130] 10000[0m
[32m2023-11-30 18:07:51.712 DEBUG    [AcquisitionClass.py:131] 10000[0m
[36m2023-11-30 18:07:51.777 INFO     [AcquisitionClass.py:517] frequency: 129.155 
 amplitude 2.000 
 offset 4.000  
 acquisiton time 0.077 
 points per period 1000.000 
 number of periods 10.000[0m
[1;35m2023-11-30 18:07:51.865 CRITICAL [AcquisitionClass.py:169] -1.4463859133642645[0m
[32m2023-11-30 18:07:53.977 DEBUG    [AcquisitionClass.py:125] 1000[0m
[32m2023-11-30 18:07:53.977 DEBUG    [AcquisitionClass.py:126] 0.1[0m
[32m2023-11-30 18:07:53.978 DEBUG    [AcquisitionClass.py:127] 100000.0[0m
[32m2023-11-30 18:07:53.979 DEBUG    [AcquisitionClass.py:128] 100.0[0m
[32m2023-11-30 18:07:53.979 DEBUG    [AcquisitionClass.py:129] 100000.0[0m
[32m2023-11-30 18:07:53.979 DEBUG    [AcquisitionClass.py:130] 10000[0m
[32m2023-11-30 18:07:53.979 DEBUG    [AcquisitionClass.py:131] 10000[0m
[36m2023-11-30 18:07:54.43 INFO     [AcquisitionClass.py:517] frequency: 100.000 
 amplitude 2.000 
 offset 4.000  
 acquisiton time 0.100 
 points per period 1000.000 
 number of periods 10.000[0m
[1;35m2023-11-30 18:07:54.162 CRITICAL [AcquisitionClass.py:169] -1.4713790162590523[0m
[32m2023-11-30 18:07:59.205 DEBUG    [AcquisitionClass.py:125] 1000[0m
[32m2023-11-30 18:07:59.206 DEBUG    [AcquisitionClass.py:126] 1.0[0m
[32m2023-11-30 18:07:59.206 DEBUG    [AcquisitionClass.py:127] 10000[0m
[32m2023-11-30 18:07:59.206 DEBUG    [AcquisitionClass.py:128] 10[0m
[32m2023-11-30 18:07:59.207 DEBUG    [AcquisitionClass.py:129] 10000[0m
[32m2023-11-30 18:07:59.207 DEBUG    [AcquisitionClass.py:130] 10000[0m
[32m2023-11-30 18:07:59.207 DEBUG    [AcquisitionClass.py:131] 10000[0m
[32m2023-11-30 18:07:59.207 DEBUG    [AcquisitionClass.py:125] 10000[0m
[32m2023-11-30 18:07:59.207 DEBUG    [AcquisitionClass.py:126] 25.0[0m
[32m2023-11-30 18:07:59.208 DEBUG    [AcquisitionClass.py:127] 2000.0[0m
[32m2023-11-30 18:07:59.208 DEBUG    [AcquisitionClass.py:128] 0.2[0m
[32m2023-11-30 18:07:59.208 DEBUG    [AcquisitionClass.py:129] 2000.0[0m
[32m2023-11-30 18:07:59.208 DEBUG    [AcquisitionClass.py:130] 50000[0m
[32m2023-11-30 18:07:59.209 DEBUG    [AcquisitionClass.py:131] 50000[0m
[32m2023-11-30 18:07:59.211 DEBUG    [AcquisitionClass.py:125] 10000[0m
[32m2023-11-30 18:07:59.211 DEBUG    [AcquisitionClass.py:126] 25.0[0m
[32m2023-11-30 18:07:59.212 DEBUG    [AcquisitionClass.py:127] 2000.0[0m
[32m2023-11-30 18:07:59.212 DEBUG    [AcquisitionClass.py:128] 0.2[0m
[32m2023-11-30 18:07:59.212 DEBUG    [AcquisitionClass.py:129] 2000.0[0m
[32m2023-11-30 18:07:59.212 DEBUG    [AcquisitionClass.py:130] 50000[0m
[32m2023-11-30 18:07:59.212 DEBUG    [AcquisitionClass.py:131] 50000[0m
[36m2023-11-30 18:07:59.279 INFO     [AcquisitionClass.py:371] Did not start digital generator, check generator_analog_channels[0m
[36m2023-11-30 18:07:59.282 INFO     [AcquisitionClass.py:517] frequency: 0.200 
 amplitude 2.000 
 offset 2.000  
 acquisiton time 25.000 
 points per period 10000.000 
 number of periods 5.000[0m
[1;31m2023-11-30 18:08:56.785 ERROR    [AcquisitionClass.py:526] Voltage saturation of the MPPC intensity reader[0m
[1;31m2023-11-30 18:08:56.785 ERROR    [AcquisitionClass.py:530] Voltage saturation of the MPPC fluorescence reader[0m
[36m2023-11-30 18:08:57.117 INFO     [AcquisitionClass.py:630] Shutting down all LEDs for 1 seconds[0m
[36m2023-11-30 18:08:57.191 INFO     [AcquisitionClass.py:371] Did not start digital generator, check generator_analog_channels[0m
[1;35m2023-11-30 18:08:59.817 CRITICAL [DronpaClass.py:183] [][0m
[32m2023-11-30 18:08:59.817 DEBUG    [AcquisitionClass.py:125] 10000[0m
[32m2023-11-30 18:08:59.818 DEBUG    [AcquisitionClass.py:126] 24.65753424657534[0m
[32m2023-11-30 18:08:59.818 DEBUG    [AcquisitionClass.py:127] 2027.0[0m
[32m2023-11-30 18:08:59.818 DEBUG    [AcquisitionClass.py:128] 0.20277777777777778[0m
[32m2023-11-30 18:08:59.819 DEBUG    [AcquisitionClass.py:129] 2027.7777777777778[0m
[32m2023-11-30 18:08:59.819 DEBUG    [AcquisitionClass.py:130] 50000[0m
[32m2023-11-30 18:08:59.819 DEBUG    [AcquisitionClass.py:131] 50000[0m
[32m2023-11-30 18:08:59.821 DEBUG    [AcquisitionClass.py:125] 10000[0m
[32m2023-11-30 18:08:59.821 DEBUG    [AcquisitionClass.py:126] 24.65753424657534[0m
[32m2023-11-30 18:08:59.822 DEBUG    [AcquisitionClass.py:127] 2027.0[0m
[32m2023-11-30 18:08:59.822 DEBUG    [AcquisitionClass.py:128] 0.20277777777777778[0m
[32m2023-11-30 18:08:59.822 DEBUG    [AcquisitionClass.py:129] 2027.7777777777778[0m
[32m2023-11-30 18:08:59.822 DEBUG    [AcquisitionClass.py:130] 50000[0m
[32m2023-11-30 18:08:59.822 DEBUG    [AcquisitionClass.py:131] 50000[0m
[36m2023-11-30 18:08:59.877 INFO     [AcquisitionClass.py:371] Did not start digital generator, check generator_analog_channels[0m
[36m2023-11-30 18:08:59.880 INFO     [AcquisitionClass.py:517] frequency: 0.203 
 amplitude 2.028 
 offset 2.028  
 acquisiton time 24.658 
 points per period 10000.000 
 number of periods 5.000[0m
[1;31m2023-11-30 18:09:56.606 ERROR    [AcquisitionClass.py:526] Voltage saturation of the MPPC intensity reader[0m
[1;31m2023-11-30 18:09:56.606 ERROR    [AcquisitionClass.py:530] Voltage saturation of the MPPC fluorescence reader[0m
[36m2023-11-30 18:09:57.32 INFO     [AcquisitionClass.py:630] Shutting down all LEDs for 1 seconds[0m
[36m2023-11-30 18:09:57.107 INFO     [AcquisitionClass.py:371] Did not start digital generator, check generator_analog_channels[0m
[1;35m2023-11-30 18:09:59.747 CRITICAL [DronpaClass.py:183] [][0m
[32m2023-11-30 18:09:59.748 DEBUG    [AcquisitionClass.py:125] 10000[0m
[32m2023-11-30 18:09:59.748 DEBUG    [AcquisitionClass.py:126] 24.324324324324326[0m
[32m2023-11-30 18:09:59.748 DEBUG    [AcquisitionClass.py:127] 2055.0[0m
[32m2023-11-30 18:09:59.749 DEBUG    [AcquisitionClass.py:128] 0.20555555555555555[0m
[32m2023-11-30 18:09:59.749 DEBUG    [AcquisitionClass.py:129] 2055.5555555555557[0m
[32m2023-11-30 18:09:59.749 DEBUG    [AcquisitionClass.py:130] 50000[0m
[32m2023-11-30 18:09:59.750 DEBUG    [AcquisitionClass.py:131] 50000[0m
[32m2023-11-30 18:09:59.752 DEBUG    [AcquisitionClass.py:125] 10000[0m
[32m2023-11-30 18:09:59.752 DEBUG    [AcquisitionClass.py:126] 24.324324324324326[0m
[32m2023-11-30 18:09:59.752 DEBUG    [AcquisitionClass.py:127] 2055.0[0m
[32m2023-11-30 18:09:59.753 DEBUG    [AcquisitionClass.py:128] 0.20555555555555555[0m
[32m2023-11-30 18:09:59.753 DEBUG    [AcquisitionClass.py:129] 2055.5555555555557[0m
[32m2023-11-30 18:09:59.753 DEBUG    [AcquisitionClass.py:130] 50000[0m
[32m2023-11-30 18:09:59.753 DEBUG    [AcquisitionClass.py:131] 50000[0m
[36m2023-11-30 18:09:59.816 INFO     [AcquisitionClass.py:371] Did not start digital generator, check generator_analog_channels[0m
[36m2023-11-30 18:09:59.819 INFO     [AcquisitionClass.py:517] frequency: 0.206 
 amplitude 2.056 
 offset 2.056  
 acquisiton time 24.324 
 points per period 10000.000 
 number of periods 5.000[0m
[1;31m2023-11-30 18:10:55.769 ERROR    [AcquisitionClass.py:526] Voltage saturation of the MPPC intensity reader[0m
[1;31m2023-11-30 18:10:55.769 ERROR    [AcquisitionClass.py:530] Voltage saturation of the MPPC fluorescence reader[0m
[36m2023-11-30 18:10:56.121 INFO     [AcquisitionClass.py:630] Shutting down all LEDs for 1 seconds[0m
[36m2023-11-30 18:10:56.193 INFO     [AcquisitionClass.py:371] Did not start digital generator, check generator_analog_channels[0m
[1;35m2023-11-30 18:10:58.915 CRITICAL [DronpaClass.py:183] [][0m
[32m2023-11-30 18:10:58.915 DEBUG    [AcquisitionClass.py:125] 10000[0m
[32m2023-11-30 18:10:58.916 DEBUG    [AcquisitionClass.py:126] 23.999999999999996[0m
[32m2023-11-30 18:10:58.916 DEBUG    [AcquisitionClass.py:127] 2083.0[0m
[32m2023-11-30 18:10:58.916 DEBUG    [AcquisitionClass.py:128] 0.20833333333333337[0m
[32m2023-11-30 18:10:58.916 DEBUG    [AcquisitionClass.py:129] 2083.3333333333335[0m
[32m2023-11-30 18:10:58.917 DEBUG    [AcquisitionClass.py:130] 50000[0m
[32m2023-11-30 18:10:58.917 DEBUG    [AcquisitionClass.py:131] 50000[0m
[32m2023-11-30 18:10:58.919 DEBUG    [AcquisitionClass.py:125] 10000[0m
[32m2023-11-30 18:10:58.919 DEBUG    [AcquisitionClass.py:126] 23.999999999999996[0m
[32m2023-11-30 18:10:58.920 DEBUG    [AcquisitionClass.py:127] 2083.0[0m
[32m2023-11-30 18:10:58.920 DEBUG    [AcquisitionClass.py:128] 0.20833333333333337[0m
[32m2023-11-30 18:10:58.920 DEBUG    [AcquisitionClass.py:129] 2083.3333333333335[0m
[32m2023-11-30 18:10:58.920 DEBUG    [AcquisitionClass.py:130] 50000[0m
[32m2023-11-30 18:10:58.920 DEBUG    [AcquisitionClass.py:131] 50000[0m
[36m2023-11-30 18:10:58.982 INFO     [AcquisitionClass.py:371] Did not start digital generator, check generator_analog_channels[0m
[36m2023-11-30 18:10:58.985 INFO     [AcquisitionClass.py:517] frequency: 0.208 
 amplitude 2.083 
 offset 2.083  
 acquisiton time 24.000 
 points per period 10000.000 
 number of periods 5.000[0m
[1;31m2023-11-30 18:11:54.195 ERROR    [AcquisitionClass.py:526] Voltage saturation of the MPPC intensity reader[0m
[1;31m2023-11-30 18:11:54.195 ERROR    [AcquisitionClass.py:530] Voltage saturation of the MPPC fluorescence reader[0m
[36m2023-11-30 18:11:54.535 INFO     [AcquisitionClass.py:630] Shutting down all LEDs for 1 seconds[0m
[36m2023-11-30 18:11:54.603 INFO     [AcquisitionClass.py:371] Did not start digital generator, check generator_analog_channels[0m
[1;35m2023-11-30 18:11:57.320 CRITICAL [DronpaClass.py:183] [][0m
[32m2023-11-30 18:11:57.320 DEBUG    [AcquisitionClass.py:125] 10000[0m
[32m2023-11-30 18:11:57.321 DEBUG    [AcquisitionClass.py:126] 23.684210526315788[0m
[32m2023-11-30 18:11:57.322 DEBUG    [AcquisitionClass.py:127] 2111.0[0m
[32m2023-11-30 18:11:57.322 DEBUG    [AcquisitionClass.py:128] 0.21111111111111114[0m
[32m2023-11-30 18:11:57.322 DEBUG    [AcquisitionClass.py:129] 2111.1111111111113[0m
[32m2023-11-30 18:11:57.322 DEBUG    [AcquisitionClass.py:130] 50000[0m
[32m2023-11-30 18:11:57.322 DEBUG    [AcquisitionClass.py:131] 50000[0m
[32m2023-11-30 18:11:57.325 DEBUG    [AcquisitionClass.py:125] 10000[0m
[32m2023-11-30 18:11:57.325 DEBUG    [AcquisitionClass.py:126] 23.684210526315788[0m
[32m2023-11-30 18:11:57.325 DEBUG    [AcquisitionClass.py:127] 2111.0[0m
[32m2023-11-30 18:11:57.326 DEBUG    [AcquisitionClass.py:128] 0.21111111111111114[0m
[32m2023-11-30 18:11:57.326 DEBUG    [AcquisitionClass.py:129] 2111.1111111111113[0m
[32m2023-11-30 18:11:57.326 DEBUG    [AcquisitionClass.py:130] 50000[0m
[32m2023-11-30 18:11:57.326 DEBUG    [AcquisitionClass.py:131] 50000[0m
[36m2023-11-30 18:11:57.379 INFO     [AcquisitionClass.py:371] Did not start digital generator, check generator_analog_channels[0m
[36m2023-11-30 18:11:57.382 INFO     [AcquisitionClass.py:517] frequency: 0.211 
 amplitude 2.111 
 offset 2.111  
 acquisiton time 23.684 
 points per period 10000.000 
 number of periods 5.000[0m
[1;31m2023-11-30 18:12:51.859 ERROR    [AcquisitionClass.py:526] Voltage saturation of the MPPC intensity reader[0m
[1;31m2023-11-30 18:12:51.860 ERROR    [AcquisitionClass.py:530] Voltage saturation of the MPPC fluorescence reader[0m
[36m2023-11-30 18:12:52.209 INFO     [AcquisitionClass.py:630] Shutting down all LEDs for 1 seconds[0m
[36m2023-11-30 18:12:52.280 INFO     [AcquisitionClass.py:371] Did not start digital generator, check generator_analog_channels[0m
[1;35m2023-11-30 18:12:54.997 CRITICAL [DronpaClass.py:183] [][0m
[32m2023-11-30 18:12:54.997 DEBUG    [AcquisitionClass.py:125] 10000[0m
[32m2023-11-30 18:12:54.998 DEBUG    [AcquisitionClass.py:126] 23.376623376623375[0m
[32m2023-11-30 18:12:54.998 DEBUG    [AcquisitionClass.py:127] 2138.0[0m
[32m2023-11-30 18:12:54.999 DEBUG    [AcquisitionClass.py:128] 0.2138888888888889[0m
[32m2023-11-30 18:12:54.999 DEBUG    [AcquisitionClass.py:129] 2138.888888888889[0m
[32m2023-11-30 18:12:54.999 DEBUG    [AcquisitionClass.py:130] 50000[0m
[32m2023-11-30 18:12:54.999 DEBUG    [AcquisitionClass.py:131] 50000[0m
[32m2023-11-30 18:12:55.2 DEBUG    [AcquisitionClass.py:125] 10000[0m
[32m2023-11-30 18:12:55.2 DEBUG    [AcquisitionClass.py:126] 23.376623376623375[0m
[32m2023-11-30 18:12:55.2 DEBUG    [AcquisitionClass.py:127] 2138.0[0m
[32m2023-11-30 18:12:55.2 DEBUG    [AcquisitionClass.py:128] 0.2138888888888889[0m
[32m2023-11-30 18:12:55.2 DEBUG    [AcquisitionClass.py:129] 2138.888888888889[0m
[32m2023-11-30 18:12:55.3 DEBUG    [AcquisitionClass.py:130] 50000[0m
[32m2023-11-30 18:12:55.3 DEBUG    [AcquisitionClass.py:131] 50000[0m
[36m2023-11-30 18:12:55.67 INFO     [AcquisitionClass.py:371] Did not start digital generator, check generator_analog_channels[0m
[36m2023-11-30 18:12:55.70 INFO     [AcquisitionClass.py:517] frequency: 0.214 
 amplitude 2.139 
 offset 2.139  
 acquisiton time 23.377 
 points per period 10000.000 
 number of periods 5.000[0m
[1;31m2023-11-30 18:13:48.843 ERROR    [AcquisitionClass.py:526] Voltage saturation of the MPPC intensity reader[0m
[1;31m2023-11-30 18:13:48.843 ERROR    [AcquisitionClass.py:530] Voltage saturation of the MPPC fluorescence reader[0m
[36m2023-11-30 18:13:49.196 INFO     [AcquisitionClass.py:630] Shutting down all LEDs for 1 seconds[0m
[36m2023-11-30 18:13:49.266 INFO     [AcquisitionClass.py:371] Did not start digital generator, check generator_analog_channels[0m
[1;35m2023-11-30 18:13:51.986 CRITICAL [DronpaClass.py:183] [][0m
[32m2023-11-30 18:13:51.986 DEBUG    [AcquisitionClass.py:125] 10000[0m
[32m2023-11-30 18:13:51.987 DEBUG    [AcquisitionClass.py:126] 23.076923076923077[0m
[32m2023-11-30 18:13:51.987 DEBUG    [AcquisitionClass.py:127] 2166.0[0m
[32m2023-11-30 18:13:51.987 DEBUG    [AcquisitionClass.py:128] 0.21666666666666667[0m
[32m2023-11-30 18:13:51.988 DEBUG    [AcquisitionClass.py:129] 2166.6666666666665[0m
[32m2023-11-30 18:13:51.988 DEBUG    [AcquisitionClass.py:130] 50000[0m
[32m2023-11-30 18:13:51.988 DEBUG    [AcquisitionClass.py:131] 50000[0m
[32m2023-11-30 18:13:51.991 DEBUG    [AcquisitionClass.py:125] 10000[0m
[32m2023-11-30 18:13:51.991 DEBUG    [AcquisitionClass.py:126] 23.076923076923077[0m
[32m2023-11-30 18:13:51.991 DEBUG    [AcquisitionClass.py:127] 2166.0[0m
[32m2023-11-30 18:13:51.991 DEBUG    [AcquisitionClass.py:128] 0.21666666666666667[0m
[32m2023-11-30 18:13:51.992 DEBUG    [AcquisitionClass.py:129] 2166.6666666666665[0m
[32m2023-11-30 18:13:51.992 DEBUG    [AcquisitionClass.py:130] 50000[0m
[32m2023-11-30 18:13:51.992 DEBUG    [AcquisitionClass.py:131] 50000[0m
[36m2023-11-30 18:13:52.51 INFO     [AcquisitionClass.py:371] Did not start digital generator, check generator_analog_channels[0m
[36m2023-11-30 18:13:52.54 INFO     [AcquisitionClass.py:517] frequency: 0.217 
 amplitude 2.167 
 offset 2.167  
 acquisiton time 23.077 
 points per period 10000.000 
 number of periods 5.000[0m
[1;31m2023-11-30 18:14:45.138 ERROR    [AcquisitionClass.py:526] Voltage saturation of the MPPC intensity reader[0m
[1;31m2023-11-30 18:14:45.138 ERROR    [AcquisitionClass.py:530] Voltage saturation of the MPPC fluorescence reader[0m
[36m2023-11-30 18:14:45.492 INFO     [AcquisitionClass.py:630] Shutting down all LEDs for 1 seconds[0m
[36m2023-11-30 18:14:45.572 INFO     [AcquisitionClass.py:371] Did not start digital generator, check generator_analog_channels[0m
[1;35m2023-11-30 18:14:48.206 CRITICAL [DronpaClass.py:183] [][0m
[32m2023-11-30 18:14:48.206 DEBUG    [AcquisitionClass.py:125] 10000[0m
[32m2023-11-30 18:14:48.207 DEBUG    [AcquisitionClass.py:126] 22.784810126582276[0m
[32m2023-11-30 18:14:48.207 DEBUG    [AcquisitionClass.py:127] 2194.0[0m
[32m2023-11-30 18:14:48.207 DEBUG    [AcquisitionClass.py:128] 0.21944444444444447[0m
[32m2023-11-30 18:14:48.207 DEBUG    [AcquisitionClass.py:129] 2194.444444444445[0m
[32m2023-11-30 18:14:48.208 DEBUG    [AcquisitionClass.py:130] 50000[0m
[32m2023-11-30 18:14:48.208 DEBUG    [AcquisitionClass.py:131] 50000[0m
[32m2023-11-30 18:14:48.210 DEBUG    [AcquisitionClass.py:125] 10000[0m
[32m2023-11-30 18:14:48.211 DEBUG    [AcquisitionClass.py:126] 22.784810126582276[0m
[32m2023-11-30 18:14:48.211 DEBUG    [AcquisitionClass.py:127] 2194.0[0m
[32m2023-11-30 18:14:48.211 DEBUG    [AcquisitionClass.py:128] 0.21944444444444447[0m
[32m2023-11-30 18:14:48.211 DEBUG    [AcquisitionClass.py:129] 2194.444444444445[0m
[32m2023-11-30 18:14:48.211 DEBUG    [AcquisitionClass.py:130] 50000[0m
[32m2023-11-30 18:14:48.212 DEBUG    [AcquisitionClass.py:131] 50000[0m
[36m2023-11-30 18:14:48.276 INFO     [AcquisitionClass.py:371] Did not start digital generator, check generator_analog_channels[0m
[36m2023-11-30 18:14:48.278 INFO     [AcquisitionClass.py:517] frequency: 0.219 
 amplitude 2.194 
 offset 2.194  
 acquisiton time 22.785 
 points per period 10000.000 
 number of periods 5.000[0m
[1;31m2023-11-30 18:15:40.686 ERROR    [AcquisitionClass.py:526] Voltage saturation of the MPPC intensity reader[0m
[1;31m2023-11-30 18:15:40.686 ERROR    [AcquisitionClass.py:530] Voltage saturation of the MPPC fluorescence reader[0m
[36m2023-11-30 18:15:41.6 INFO     [AcquisitionClass.py:630] Shutting down all LEDs for 1 seconds[0m
[36m2023-11-30 18:15:41.80 INFO     [AcquisitionClass.py:371] Did not start digital generator, check generator_analog_channels[0m
[1;35m2023-11-30 18:15:43.833 CRITICAL [DronpaClass.py:183] [][0m
[32m2023-11-30 18:15:43.833 DEBUG    [AcquisitionClass.py:125] 10000[0m
[32m2023-11-30 18:15:43.834 DEBUG    [AcquisitionClass.py:126] 22.5[0m
[32m2023-11-30 18:15:43.834 DEBUG    [AcquisitionClass.py:127] 2222.0[0m
[32m2023-11-30 18:15:43.834 DEBUG    [AcquisitionClass.py:128] 0.22222222222222224[0m
[32m2023-11-30 18:15:43.834 DEBUG    [AcquisitionClass.py:129] 2222.222222222222[0m
[32m2023-11-30 18:15:43.834 DEBUG    [AcquisitionClass.py:130] 50000[0m
[32m2023-11-30 18:15:43.835 DEBUG    [AcquisitionClass.py:131] 50000[0m
[32m2023-11-30 18:15:43.837 DEBUG    [AcquisitionClass.py:125] 10000[0m
[32m2023-11-30 18:15:43.837 DEBUG    [AcquisitionClass.py:126] 22.5[0m
[32m2023-11-30 18:15:43.837 DEBUG    [AcquisitionClass.py:127] 2222.0[0m
[32m2023-11-30 18:15:43.838 DEBUG    [AcquisitionClass.py:128] 0.22222222222222224[0m
[32m2023-11-30 18:15:43.838 DEBUG    [AcquisitionClass.py:129] 2222.222222222222[0m
[32m2023-11-30 18:15:43.838 DEBUG    [AcquisitionClass.py:130] 50000[0m
[32m2023-11-30 18:15:43.838 DEBUG    [AcquisitionClass.py:131] 50000[0m
[36m2023-11-30 18:15:43.908 INFO     [AcquisitionClass.py:371] Did not start digital generator, check generator_analog_channels[0m
[36m2023-11-30 18:15:43.912 INFO     [AcquisitionClass.py:517] frequency: 0.222 
 amplitude 2.222 
 offset 2.222  
 acquisiton time 22.500 
 points per period 10000.000 
 number of periods 5.000[0m
[1;31m2023-11-30 18:16:35.669 ERROR    [AcquisitionClass.py:526] Voltage saturation of the MPPC intensity reader[0m
[1;31m2023-11-30 18:16:35.669 ERROR    [AcquisitionClass.py:530] Voltage saturation of the MPPC fluorescence reader[0m
[36m2023-11-30 18:16:36.5 INFO     [AcquisitionClass.py:630] Shutting down all LEDs for 1 seconds[0m
[36m2023-11-30 18:16:36.75 INFO     [AcquisitionClass.py:371] Did not start digital generator, check generator_analog_channels[0m
[1;35m2023-11-30 18:16:38.825 CRITICAL [DronpaClass.py:183] [][0m
[32m2023-11-30 18:16:38.825 DEBUG    [AcquisitionClass.py:125] 10000[0m
[32m2023-11-30 18:16:38.826 DEBUG    [AcquisitionClass.py:126] 22.22222222222222[0m
[32m2023-11-30 18:16:38.826 DEBUG    [AcquisitionClass.py:127] 2250.0[0m
[32m2023-11-30 18:16:38.826 DEBUG    [AcquisitionClass.py:128] 0.225[0m
[32m2023-11-30 18:16:38.827 DEBUG    [AcquisitionClass.py:129] 2250.0[0m
[32m2023-11-30 18:16:38.827 DEBUG    [AcquisitionClass.py:130] 50000[0m
[32m2023-11-30 18:16:38.827 DEBUG    [AcquisitionClass.py:131] 50000[0m
[32m2023-11-30 18:16:38.829 DEBUG    [AcquisitionClass.py:125] 10000[0m
[32m2023-11-30 18:16:38.830 DEBUG    [AcquisitionClass.py:126] 22.22222222222222[0m
[32m2023-11-30 18:16:38.830 DEBUG    [AcquisitionClass.py:127] 2250.0[0m
[32m2023-11-30 18:16:38.830 DEBUG    [AcquisitionClass.py:128] 0.225[0m
[32m2023-11-30 18:16:38.830 DEBUG    [AcquisitionClass.py:129] 2250.0[0m
[32m2023-11-30 18:16:38.830 DEBUG    [AcquisitionClass.py:130] 50000[0m
[32m2023-11-30 18:16:38.831 DEBUG    [AcquisitionClass.py:131] 50000[0m
[36m2023-11-30 18:16:38.892 INFO     [AcquisitionClass.py:371] Did not start digital generator, check generator_analog_channels[0m
[36m2023-11-30 18:16:38.895 INFO     [AcquisitionClass.py:517] frequency: 0.225 
 amplitude 2.250 
 offset 2.250  
 acquisiton time 22.222 
 points per period 10000.000 
 number of periods 5.000[0m
[1;31m2023-11-30 18:17:30.11 ERROR    [AcquisitionClass.py:526] Voltage saturation of the MPPC intensity reader[0m
[1;31m2023-11-30 18:17:30.11 ERROR    [AcquisitionClass.py:530] Voltage saturation of the MPPC fluorescence reader[0m
[36m2023-11-30 18:17:30.357 INFO     [AcquisitionClass.py:630] Shutting down all LEDs for 1 seconds[0m
[36m2023-11-30 18:17:30.433 INFO     [AcquisitionClass.py:371] Did not start digital generator, check generator_analog_channels[0m
[1;35m2023-11-30 18:17:33.190 CRITICAL [DronpaClass.py:183] [][0m
[32m2023-11-30 18:17:33.192 DEBUG    [AcquisitionClass.py:125] 1000[0m
[32m2023-11-30 18:17:33.192 DEBUG    [AcquisitionClass.py:126] 1.0[0m
[32m2023-11-30 18:17:33.193 DEBUG    [AcquisitionClass.py:127] 10000[0m
[32m2023-11-30 18:17:33.193 DEBUG    [AcquisitionClass.py:128] 10[0m
[32m2023-11-30 18:17:33.193 DEBUG    [AcquisitionClass.py:129] 10000[0m
[32m2023-11-30 18:17:33.194 DEBUG    [AcquisitionClass.py:130] 10000[0m
[32m2023-11-30 18:17:33.194 DEBUG    [AcquisitionClass.py:131] 10000[0m
[32m2023-11-30 18:17:33.194 DEBUG    [AcquisitionClass.py:125] 10000[0m
[32m2023-11-30 18:17:33.194 DEBUG    [AcquisitionClass.py:126] 1.0[0m
[32m2023-11-30 18:17:33.195 DEBUG    [AcquisitionClass.py:127] 100000[0m
[32m2023-11-30 18:17:33.195 DEBUG    [AcquisitionClass.py:128] 10[0m
[32m2023-11-30 18:17:33.195 DEBUG    [AcquisitionClass.py:129] 100000[0m
[32m2023-11-30 18:17:33.195 DEBUG    [AcquisitionClass.py:130] 100000[0m
[32m2023-11-30 18:17:33.196 DEBUG    [AcquisitionClass.py:131] 100000[0m
[1;35m2023-11-30 18:17:33.196 CRITICAL [DronpaClass.py:197] channels[0m
[1;35m2023-11-30 18:17:33.196 CRITICAL [DronpaClass.py:198] 1[0m
[36m2023-11-30 18:17:33.196 INFO     [RoutinesClass.py:28] Running the detector response routine[0m
[1;35m2023-11-30 18:17:33.197 CRITICAL [RoutinesClass.py:38] 4.0[0m
[36m2023-11-30 18:17:34.266 INFO     [AcquisitionClass.py:517] frequency: 10.000 
 amplitude 0.000 
 offset 4.000  
 acquisiton time 1.000 
 points per period 10000.000 
 number of periods 10.000[0m
[1;31m2023-11-30 18:17:35.379 ERROR    [AcquisitionClass.py:530] Voltage saturation of the MPPC fluorescence reader[0m
[36m2023-11-30 18:17:35.391 INFO     [AcquisitionClass.py:630] Shutting down all LEDs for 1 seconds[0m
[36m2023-11-30 18:17:35.468 INFO     [AcquisitionClass.py:371] Did not start digital generator, check generator_analog_channels[0m
[1;35m2023-11-30 18:17:36.492 CRITICAL [RoutinesClass.py:38] 4.055555555555555[0m
[36m2023-11-30 18:17:37.566 INFO     [AcquisitionClass.py:517] frequency: 10.000 
 amplitude 0.000 
 offset 4.056  
 acquisiton time 1.000 
 points per period 10000.000 
 number of periods 10.000[0m
[1;31m2023-11-30 18:17:38.674 ERROR    [AcquisitionClass.py:526] Voltage saturation of the MPPC intensity reader[0m
[1;31m2023-11-30 18:17:38.674 ERROR    [AcquisitionClass.py:530] Voltage saturation of the MPPC fluorescence reader[0m
[36m2023-11-30 18:17:38.687 INFO     [AcquisitionClass.py:630] Shutting down all LEDs for 1 seconds[0m
[36m2023-11-30 18:17:38.764 INFO     [AcquisitionClass.py:371] Did not start digital generator, check generator_analog_channels[0m
[1;35m2023-11-30 18:17:39.786 CRITICAL [RoutinesClass.py:38] 4.111111111111111[0m
[36m2023-11-30 18:17:40.862 INFO     [AcquisitionClass.py:517] frequency: 10.000 
 amplitude 0.000 
 offset 4.111  
 acquisiton time 1.000 
 points per period 10000.000 
 number of periods 10.000[0m
[1;31m2023-11-30 18:17:41.972 ERROR    [AcquisitionClass.py:526] Voltage saturation of the MPPC intensity reader[0m
[1;31m2023-11-30 18:17:41.973 ERROR    [AcquisitionClass.py:530] Voltage saturation of the MPPC fluorescence reader[0m
[36m2023-11-30 18:17:41.986 INFO     [AcquisitionClass.py:630] Shutting down all LEDs for 1 seconds[0m
[36m2023-11-30 18:17:42.64 INFO     [AcquisitionClass.py:371] Did not start digital generator, check generator_analog_channels[0m
[1;35m2023-11-30 18:17:43.93 CRITICAL [RoutinesClass.py:38] 4.166666666666667[0m
[36m2023-11-30 18:17:44.171 INFO     [AcquisitionClass.py:517] frequency: 10.000 
 amplitude 0.000 
 offset 4.167  
 acquisiton time 1.000 
 points per period 10000.000 
 number of periods 10.000[0m
[1;31m2023-11-30 18:17:45.285 ERROR    [AcquisitionClass.py:526] Voltage saturation of the MPPC intensity reader[0m
[1;31m2023-11-30 18:17:45.285 ERROR    [AcquisitionClass.py:530] Voltage saturation of the MPPC fluorescence reader[0m
[36m2023-11-30 18:17:45.298 INFO     [AcquisitionClass.py:630] Shutting down all LEDs for 1 seconds[0m
[36m2023-11-30 18:17:45.375 INFO     [AcquisitionClass.py:371] Did not start digital generator, check generator_analog_channels[0m
[1;35m2023-11-30 18:17:46.402 CRITICAL [RoutinesClass.py:38] 4.222222222222222[0m
[36m2023-11-30 18:17:47.478 INFO     [AcquisitionClass.py:517] frequency: 10.000 
 amplitude 0.000 
 offset 4.222  
 acquisiton time 1.000 
 points per period 10000.000 
 number of periods 10.000[0m
[1;31m2023-11-30 18:17:48.589 ERROR    [AcquisitionClass.py:526] Voltage saturation of the MPPC intensity reader[0m
[1;31m2023-11-30 18:17:48.589 ERROR    [AcquisitionClass.py:530] Voltage saturation of the MPPC fluorescence reader[0m
[36m2023-11-30 18:17:48.601 INFO     [AcquisitionClass.py:630] Shutting down all LEDs for 1 seconds[0m
[36m2023-11-30 18:17:48.680 INFO     [AcquisitionClass.py:371] Did not start digital generator, check generator_analog_channels[0m
[1;35m2023-11-30 18:17:49.706 CRITICAL [RoutinesClass.py:38] 4.277777777777778[0m
[36m2023-11-30 18:17:50.788 INFO     [AcquisitionClass.py:517] frequency: 10.000 
 amplitude 0.000 
 offset 4.278  
 acquisiton time 1.000 
 points per period 10000.000 
 number of periods 10.000[0m
[1;31m2023-11-30 18:17:51.890 ERROR    [AcquisitionClass.py:526] Voltage saturation of the MPPC intensity reader[0m
[1;31m2023-11-30 18:17:51.890 ERROR    [AcquisitionClass.py:530] Voltage saturation of the MPPC fluorescence reader[0m
[36m2023-11-30 18:17:51.903 INFO     [AcquisitionClass.py:630] Shutting down all LEDs for 1 seconds[0m
[36m2023-11-30 18:17:51.982 INFO     [AcquisitionClass.py:371] Did not start digital generator, check generator_analog_channels[0m
[1;35m2023-11-30 18:17:53.6 CRITICAL [RoutinesClass.py:38] 4.333333333333333[0m
[36m2023-11-30 18:17:54.84 INFO     [AcquisitionClass.py:517] frequency: 10.000 
 amplitude 0.000 
 offset 4.333  
 acquisiton time 1.000 
 points per period 10000.000 
 number of periods 10.000[0m
[1;31m2023-11-30 18:17:55.197 ERROR    [AcquisitionClass.py:526] Voltage saturation of the MPPC intensity reader[0m
[1;31m2023-11-30 18:17:55.197 ERROR    [AcquisitionClass.py:530] Voltage saturation of the MPPC fluorescence reader[0m
[36m2023-11-30 18:17:55.210 INFO     [AcquisitionClass.py:630] Shutting down all LEDs for 1 seconds[0m
[36m2023-11-30 18:17:55.287 INFO     [AcquisitionClass.py:371] Did not start digital generator, check generator_analog_channels[0m
[1;35m2023-11-30 18:17:56.315 CRITICAL [RoutinesClass.py:38] 4.388888888888889[0m
[36m2023-11-30 18:17:57.392 INFO     [AcquisitionClass.py:517] frequency: 10.000 
 amplitude 0.000 
 offset 4.389  
 acquisiton time 1.000 
 points per period 10000.000 
 number of periods 10.000[0m
[1;31m2023-11-30 18:17:58.493 ERROR    [AcquisitionClass.py:526] Voltage saturation of the MPPC intensity reader[0m
[1;31m2023-11-30 18:17:58.494 ERROR    [AcquisitionClass.py:530] Voltage saturation of the MPPC fluorescence reader[0m
[36m2023-11-30 18:17:58.505 INFO     [AcquisitionClass.py:630] Shutting down all LEDs for 1 seconds[0m
[36m2023-11-30 18:17:58.582 INFO     [AcquisitionClass.py:371] Did not start digital generator, check generator_analog_channels[0m
[1;35m2023-11-30 18:17:59.608 CRITICAL [RoutinesClass.py:38] 4.444444444444445[0m
[36m2023-11-30 18:18:00.683 INFO     [AcquisitionClass.py:517] frequency: 10.000 
 amplitude 0.000 
 offset 4.444  
 acquisiton time 1.000 
 points per period 10000.000 
 number of periods 10.000[0m
[1;31m2023-11-30 18:18:01.792 ERROR    [AcquisitionClass.py:526] Voltage saturation of the MPPC intensity reader[0m
[1;31m2023-11-30 18:18:01.793 ERROR    [AcquisitionClass.py:530] Voltage saturation of the MPPC fluorescence reader[0m
[36m2023-11-30 18:18:01.806 INFO     [AcquisitionClass.py:630] Shutting down all LEDs for 1 seconds[0m
[36m2023-11-30 18:18:01.883 INFO     [AcquisitionClass.py:371] Did not start digital generator, check generator_analog_channels[0m
[1;35m2023-11-30 18:18:02.910 CRITICAL [RoutinesClass.py:38] 4.5[0m
[36m2023-11-30 18:18:03.984 INFO     [AcquisitionClass.py:517] frequency: 10.000 
 amplitude 0.000 
 offset 4.500  
 acquisiton time 1.000 
 points per period 10000.000 
 number of periods 10.000[0m
[1;31m2023-11-30 18:18:05.95 ERROR    [AcquisitionClass.py:526] Voltage saturation of the MPPC intensity reader[0m
[1;31m2023-11-30 18:18:05.95 ERROR    [AcquisitionClass.py:530] Voltage saturation of the MPPC fluorescence reader[0m
[36m2023-11-30 18:18:05.108 INFO     [AcquisitionClass.py:630] Shutting down all LEDs for 1 seconds[0m
[36m2023-11-30 18:18:05.185 INFO     [AcquisitionClass.py:371] Did not start digital generator, check generator_analog_channels[0m
[36m2023-11-30 18:18:07.374 INFO     [RoutinesClass.py:28] Running the detector response routine[0m
[1;35m2023-11-30 18:18:07.375 CRITICAL [RoutinesClass.py:38] 0.0[0m
[36m2023-11-30 18:18:08.447 INFO     [AcquisitionClass.py:517] frequency: 10.000 
 amplitude 0.000 
 offset 0.000  
 acquisiton time 1.000 
 points per period 10000.000 
 number of periods 10.000[0m
[36m2023-11-30 18:18:09.571 INFO     [AcquisitionClass.py:630] Shutting down all LEDs for 1 seconds[0m
[36m2023-11-30 18:18:09.649 INFO     [AcquisitionClass.py:371] Did not start digital generator, check generator_analog_channels[0m
[1;35m2023-11-30 18:18:10.670 CRITICAL [RoutinesClass.py:38] 0.21052631578947367[0m
[36m2023-11-30 18:18:11.747 INFO     [AcquisitionClass.py:517] frequency: 10.000 
 amplitude 0.000 
 offset 0.211  
 acquisiton time 1.000 
 points per period 10000.000 
 number of periods 10.000[0m
[36m2023-11-30 18:18:12.875 INFO     [AcquisitionClass.py:630] Shutting down all LEDs for 1 seconds[0m
[36m2023-11-30 18:18:12.954 INFO     [AcquisitionClass.py:371] Did not start digital generator, check generator_analog_channels[0m
[1;35m2023-11-30 18:18:13.981 CRITICAL [RoutinesClass.py:38] 0.42105263157894735[0m
[36m2023-11-30 18:18:15.57 INFO     [AcquisitionClass.py:517] frequency: 10.000 
 amplitude 0.000 
 offset 0.421  
 acquisiton time 1.000 
 points per period 10000.000 
 number of periods 10.000[0m
[36m2023-11-30 18:18:16.181 INFO     [AcquisitionClass.py:630] Shutting down all LEDs for 1 seconds[0m
[36m2023-11-30 18:18:16.258 INFO     [AcquisitionClass.py:371] Did not start digital generator, check generator_analog_channels[0m
[1;35m2023-11-30 18:18:17.286 CRITICAL [RoutinesClass.py:38] 0.631578947368421[0m
[36m2023-11-30 18:18:18.363 INFO     [AcquisitionClass.py:517] frequency: 10.000 
 amplitude 0.000 
 offset 0.632  
 acquisiton time 1.000 
 points per period 10000.000 
 number of periods 10.000[0m
[36m2023-11-30 18:18:19.479 INFO     [AcquisitionClass.py:630] Shutting down all LEDs for 1 seconds[0m
[36m2023-11-30 18:18:19.557 INFO     [AcquisitionClass.py:371] Did not start digital generator, check generator_analog_channels[0m
[1;35m2023-11-30 18:18:20.581 CRITICAL [RoutinesClass.py:38] 0.8421052631578947[0m
[36m2023-11-30 18:18:21.663 INFO     [AcquisitionClass.py:517] frequency: 10.000 
 amplitude 0.000 
 offset 0.842  
 acquisiton time 1.000 
 points per period 10000.000 
 number of periods 10.000[0m
[36m2023-11-30 18:18:22.791 INFO     [AcquisitionClass.py:630] Shutting down all LEDs for 1 seconds[0m
[36m2023-11-30 18:18:22.869 INFO     [AcquisitionClass.py:371] Did not start digital generator, check generator_analog_channels[0m
[1;35m2023-11-30 18:18:23.894 CRITICAL [RoutinesClass.py:38] 1.0526315789473684[0m
[36m2023-11-30 18:18:24.973 INFO     [AcquisitionClass.py:517] frequency: 10.000 
 amplitude 0.000 
 offset 1.053  
 acquisiton time 1.000 
 points per period 10000.000 
 number of periods 10.000[0m
[36m2023-11-30 18:18:26.91 INFO     [AcquisitionClass.py:630] Shutting down all LEDs for 1 seconds[0m
[36m2023-11-30 18:18:26.168 INFO     [AcquisitionClass.py:371] Did not start digital generator, check generator_analog_channels[0m
[1;35m2023-11-30 18:18:27.189 CRITICAL [RoutinesClass.py:38] 1.263157894736842[0m
[36m2023-11-30 18:18:28.269 INFO     [AcquisitionClass.py:517] frequency: 10.000 
 amplitude 0.000 
 offset 1.263  
 acquisiton time 1.000 
 points per period 10000.000 
 number of periods 10.000[0m
[36m2023-11-30 18:18:29.396 INFO     [AcquisitionClass.py:630] Shutting down all LEDs for 1 seconds[0m
[36m2023-11-30 18:18:29.473 INFO     [AcquisitionClass.py:371] Did not start digital generator, check generator_analog_channels[0m
[1;35m2023-11-30 18:18:30.498 CRITICAL [RoutinesClass.py:38] 1.4736842105263157[0m
[36m2023-11-30 18:18:31.573 INFO     [AcquisitionClass.py:517] frequency: 10.000 
 amplitude 0.000 
 offset 1.474  
 acquisiton time 1.000 
 points per period 10000.000 
 number of periods 10.000[0m
[36m2023-11-30 18:18:32.697 INFO     [AcquisitionClass.py:630] Shutting down all LEDs for 1 seconds[0m
[36m2023-11-30 18:18:32.776 INFO     [AcquisitionClass.py:371] Did not start digital generator, check generator_analog_channels[0m
[1;35m2023-11-30 18:18:33.801 CRITICAL [RoutinesClass.py:38] 1.6842105263157894[0m
[36m2023-11-30 18:18:34.881 INFO     [AcquisitionClass.py:517] frequency: 10.000 
 amplitude 0.000 
 offset 1.684  
 acquisiton time 1.000 
 points per period 10000.000 
 number of periods 10.000[0m
[36m2023-11-30 18:18:36.3 INFO     [AcquisitionClass.py:630] Shutting down all LEDs for 1 seconds[0m
[36m2023-11-30 18:18:36.80 INFO     [AcquisitionClass.py:371] Did not start digital generator, check generator_analog_channels[0m
[1;35m2023-11-30 18:18:37.107 CRITICAL [RoutinesClass.py:38] 1.894736842105263[0m
[36m2023-11-30 18:18:38.179 INFO     [AcquisitionClass.py:517] frequency: 10.000 
 amplitude 0.000 
 offset 1.895  
 acquisiton time 1.000 
 points per period 10000.000 
 number of periods 10.000[0m
[36m2023-11-30 18:18:39.305 INFO     [AcquisitionClass.py:630] Shutting down all LEDs for 1 seconds[0m
[36m2023-11-30 18:18:39.382 INFO     [AcquisitionClass.py:371] Did not start digital generator, check generator_analog_channels[0m
[1;35m2023-11-30 18:18:40.405 CRITICAL [RoutinesClass.py:38] 2.1052631578947367[0m
[36m2023-11-30 18:18:41.486 INFO     [AcquisitionClass.py:517] frequency: 10.000 
 amplitude 0.000 
 offset 2.105  
 acquisiton time 1.000 
 points per period 10000.000 
 number of periods 10.000[0m
[36m2023-11-30 18:18:42.603 INFO     [AcquisitionClass.py:630] Shutting down all LEDs for 1 seconds[0m
[36m2023-11-30 18:18:42.680 INFO     [AcquisitionClass.py:371] Did not start digital generator, check generator_analog_channels[0m
[1;35m2023-11-30 18:18:43.706 CRITICAL [RoutinesClass.py:38] 2.3157894736842106[0m
[36m2023-11-30 18:18:44.780 INFO     [AcquisitionClass.py:517] frequency: 10.000 
 amplitude 0.000 
 offset 2.316  
 acquisiton time 1.000 
 points per period 10000.000 
 number of periods 10.000[0m
[36m2023-11-30 18:18:45.903 INFO     [AcquisitionClass.py:630] Shutting down all LEDs for 1 seconds[0m
[36m2023-11-30 18:18:45.980 INFO     [AcquisitionClass.py:371] Did not start digital generator, check generator_analog_channels[0m
[1;35m2023-11-30 18:18:47.12 CRITICAL [RoutinesClass.py:38] 2.526315789473684[0m
[36m2023-11-30 18:18:48.89 INFO     [AcquisitionClass.py:517] frequency: 10.000 
 amplitude 0.000 
 offset 2.526  
 acquisiton time 1.000 
 points per period 10000.000 
 number of periods 10.000[0m
[36m2023-11-30 18:18:49.211 INFO     [AcquisitionClass.py:630] Shutting down all LEDs for 1 seconds[0m
[36m2023-11-30 18:18:49.287 INFO     [AcquisitionClass.py:371] Did not start digital generator, check generator_analog_channels[0m
[1;35m2023-11-30 18:18:50.309 CRITICAL [RoutinesClass.py:38] 2.7368421052631575[0m
[36m2023-11-30 18:18:51.389 INFO     [AcquisitionClass.py:517] frequency: 10.000 
 amplitude 0.000 
 offset 2.737  
 acquisiton time 1.000 
 points per period 10000.000 
 number of periods 10.000[0m
[36m2023-11-30 18:18:52.515 INFO     [AcquisitionClass.py:630] Shutting down all LEDs for 1 seconds[0m
[36m2023-11-30 18:18:52.592 INFO     [AcquisitionClass.py:371] Did not start digital generator, check generator_analog_channels[0m
[1;35m2023-11-30 18:18:53.617 CRITICAL [RoutinesClass.py:38] 2.9473684210526314[0m
[36m2023-11-30 18:18:54.692 INFO     [AcquisitionClass.py:517] frequency: 10.000 
 amplitude 0.000 
 offset 2.947  
 acquisiton time 1.000 
 points per period 10000.000 
 number of periods 10.000[0m
[36m2023-11-30 18:18:55.820 INFO     [AcquisitionClass.py:630] Shutting down all LEDs for 1 seconds[0m
[36m2023-11-30 18:18:55.897 INFO     [AcquisitionClass.py:371] Did not start digital generator, check generator_analog_channels[0m
[1;35m2023-11-30 18:18:56.919 CRITICAL [RoutinesClass.py:38] 3.1578947368421053[0m
[36m2023-11-30 18:18:57.992 INFO     [AcquisitionClass.py:517] frequency: 10.000 
 amplitude 0.000 
 offset 3.158  
 acquisiton time 1.000 
 points per period 10000.000 
 number of periods 10.000[0m
[36m2023-11-30 18:18:59.107 INFO     [AcquisitionClass.py:630] Shutting down all LEDs for 1 seconds[0m
[36m2023-11-30 18:18:59.185 INFO     [AcquisitionClass.py:371] Did not start digital generator, check generator_analog_channels[0m
[1;35m2023-11-30 18:19:00.208 CRITICAL [RoutinesClass.py:38] 3.3684210526315788[0m
[36m2023-11-30 18:19:01.279 INFO     [AcquisitionClass.py:517] frequency: 10.000 
 amplitude 0.000 
 offset 3.368  
 acquisiton time 1.000 
 points per period 10000.000 
 number of periods 10.000[0m
[36m2023-11-30 18:19:02.401 INFO     [AcquisitionClass.py:630] Shutting down all LEDs for 1 seconds[0m
[36m2023-11-30 18:19:02.478 INFO     [AcquisitionClass.py:371] Did not start digital generator, check generator_analog_channels[0m
[1;35m2023-11-30 18:19:03.504 CRITICAL [RoutinesClass.py:38] 3.578947368421052[0m
[36m2023-11-30 18:19:04.583 INFO     [AcquisitionClass.py:517] frequency: 10.000 
 amplitude 0.000 
 offset 3.579  
 acquisiton time 1.000 
 points per period 10000.000 
 number of periods 10.000[0m
[36m2023-11-30 18:19:05.708 INFO     [AcquisitionClass.py:630] Shutting down all LEDs for 1 seconds[0m
[36m2023-11-30 18:19:05.784 INFO     [AcquisitionClass.py:371] Did not start digital generator, check generator_analog_channels[0m
[1;35m2023-11-30 18:19:06.810 CRITICAL [RoutinesClass.py:38] 3.789473684210526[0m
[36m2023-11-30 18:19:07.888 INFO     [AcquisitionClass.py:517] frequency: 10.000 
 amplitude 0.000 
 offset 3.789  
 acquisiton time 1.000 
 points per period 10000.000 
 number of periods 10.000[0m
[36m2023-11-30 18:19:09.7 INFO     [AcquisitionClass.py:630] Shutting down all LEDs for 1 seconds[0m
[36m2023-11-30 18:19:09.85 INFO     [AcquisitionClass.py:371] Did not start digital generator, check generator_analog_channels[0m
[1;35m2023-11-30 18:19:10.108 CRITICAL [RoutinesClass.py:38] 4.0[0m
[36m2023-11-30 18:19:11.186 INFO     [AcquisitionClass.py:517] frequency: 10.000 
 amplitude 0.000 
 offset 4.000  
 acquisiton time 1.000 
 points per period 10000.000 
 number of periods 10.000[0m
[1;31m2023-11-30 18:19:12.289 ERROR    [AcquisitionClass.py:526] Voltage saturation of the MPPC intensity reader[0m
[1;31m2023-11-30 18:19:12.289 ERROR    [AcquisitionClass.py:530] Voltage saturation of the MPPC fluorescence reader[0m
[36m2023-11-30 18:19:12.301 INFO     [AcquisitionClass.py:630] Shutting down all LEDs for 1 seconds[0m
[36m2023-11-30 18:19:12.378 INFO     [AcquisitionClass.py:371] Did not start digital generator, check generator_analog_channels[0m
[32m2023-11-30 18:19:14.568 DEBUG    [AcquisitionClass.py:125] 10000[0m
[32m2023-11-30 18:19:14.568 DEBUG    [AcquisitionClass.py:126] 1.0[0m
[32m2023-11-30 18:19:14.569 DEBUG    [AcquisitionClass.py:127] 100000[0m
[32m2023-11-30 18:19:14.569 DEBUG    [AcquisitionClass.py:128] 10[0m
[32m2023-11-30 18:19:14.569 DEBUG    [AcquisitionClass.py:129] 100000[0m
[32m2023-11-30 18:19:14.569 DEBUG    [AcquisitionClass.py:130] 100000[0m
[32m2023-11-30 18:19:14.570 DEBUG    [AcquisitionClass.py:131] 100000[0m
[36m2023-11-30 18:19:14.570 INFO     [RoutinesClass.py:28] Running the detector response routine[0m
[1;35m2023-11-30 18:19:14.570 CRITICAL [RoutinesClass.py:38] 4.0[0m
[36m2023-11-30 18:19:15.649 INFO     [AcquisitionClass.py:517] frequency: 10.000 
 amplitude 0.000 
 offset 4.000  
 acquisiton time 1.000 
 points per period 10000.000 
 number of periods 10.000[0m
[36m2023-11-30 18:19:16.777 INFO     [AcquisitionClass.py:630] Shutting down all LEDs for 1 seconds[0m
[36m2023-11-30 18:19:16.855 INFO     [AcquisitionClass.py:371] Did not start digital generator, check generator_analog_channels[0m
[1;35m2023-11-30 18:19:17.882 CRITICAL [RoutinesClass.py:38] 4.055555555555555[0m
[36m2023-11-30 18:19:18.965 INFO     [AcquisitionClass.py:517] frequency: 10.000 
 amplitude 0.000 
 offset 4.056  
 acquisiton time 1.000 
 points per period 10000.000 
 number of periods 10.000[0m
[36m2023-11-30 18:19:20.78 INFO     [AcquisitionClass.py:630] Shutting down all LEDs for 1 seconds[0m
[36m2023-11-30 18:19:20.156 INFO     [AcquisitionClass.py:371] Did not start digital generator, check generator_analog_channels[0m
[1;35m2023-11-30 18:19:21.186 CRITICAL [RoutinesClass.py:38] 4.111111111111111[0m
[36m2023-11-30 18:19:22.263 INFO     [AcquisitionClass.py:517] frequency: 10.000 
 amplitude 0.000 
 offset 4.111  
 acquisiton time 1.000 
 points per period 10000.000 
 number of periods 10.000[0m
[36m2023-11-30 18:19:23.380 INFO     [AcquisitionClass.py:630] Shutting down all LEDs for 1 seconds[0m
[36m2023-11-30 18:19:23.456 INFO     [AcquisitionClass.py:371] Did not start digital generator, check generator_analog_channels[0m
[1;35m2023-11-30 18:19:24.482 CRITICAL [RoutinesClass.py:38] 4.166666666666667[0m
[36m2023-11-30 18:19:25.554 INFO     [AcquisitionClass.py:517] frequency: 10.000 
 amplitude 0.000 
 offset 4.167  
 acquisiton time 1.000 
 points per period 10000.000 
 number of periods 10.000[0m
[36m2023-11-30 18:19:26.677 INFO     [AcquisitionClass.py:630] Shutting down all LEDs for 1 seconds[0m
[36m2023-11-30 18:19:26.755 INFO     [AcquisitionClass.py:371] Did not start digital generator, check generator_analog_channels[0m
[1;35m2023-11-30 18:19:27.776 CRITICAL [RoutinesClass.py:38] 4.222222222222222[0m
[36m2023-11-30 18:19:28.852 INFO     [AcquisitionClass.py:517] frequency: 10.000 
 amplitude 0.000 
 offset 4.222  
 acquisiton time 1.000 
 points per period 10000.000 
 number of periods 10.000[0m
[36m2023-11-30 18:19:29.967 INFO     [AcquisitionClass.py:630] Shutting down all LEDs for 1 seconds[0m
[36m2023-11-30 18:19:30.46 INFO     [AcquisitionClass.py:371] Did not start digital generator, check generator_analog_channels[0m
[1;35m2023-11-30 18:19:31.70 CRITICAL [RoutinesClass.py:38] 4.277777777777778[0m
[36m2023-11-30 18:19:32.143 INFO     [AcquisitionClass.py:517] frequency: 10.000 
 amplitude 0.000 
 offset 4.278  
 acquisiton time 1.000 
 points per period 10000.000 
 number of periods 10.000[0m
[36m2023-11-30 18:19:33.270 INFO     [AcquisitionClass.py:630] Shutting down all LEDs for 1 seconds[0m
[36m2023-11-30 18:19:33.347 INFO     [AcquisitionClass.py:371] Did not start digital generator, check generator_analog_channels[0m
[1;35m2023-11-30 18:19:34.371 CRITICAL [RoutinesClass.py:38] 4.333333333333333[0m
[36m2023-11-30 18:19:35.451 INFO     [AcquisitionClass.py:517] frequency: 10.000 
 amplitude 0.000 
 offset 4.333  
 acquisiton time 1.000 
 points per period 10000.000 
 number of periods 10.000[0m
[36m2023-11-30 18:19:36.566 INFO     [AcquisitionClass.py:630] Shutting down all LEDs for 1 seconds[0m
[36m2023-11-30 18:19:36.643 INFO     [AcquisitionClass.py:371] Did not start digital generator, check generator_analog_channels[0m
[1;35m2023-11-30 18:19:37.672 CRITICAL [RoutinesClass.py:38] 4.388888888888889[0m
[36m2023-11-30 18:19:38.749 INFO     [AcquisitionClass.py:517] frequency: 10.000 
 amplitude 0.000 
 offset 4.389  
 acquisiton time 1.000 
 points per period 10000.000 
 number of periods 10.000[0m
[36m2023-11-30 18:19:39.873 INFO     [AcquisitionClass.py:630] Shutting down all LEDs for 1 seconds[0m
[36m2023-11-30 18:19:39.950 INFO     [AcquisitionClass.py:371] Did not start digital generator, check generator_analog_channels[0m
[1;35m2023-11-30 18:19:40.972 CRITICAL [RoutinesClass.py:38] 4.444444444444445[0m
[36m2023-11-30 18:19:42.48 INFO     [AcquisitionClass.py:517] frequency: 10.000 
 amplitude 0.000 
 offset 4.444  
 acquisiton time 1.000 
 points per period 10000.000 
 number of periods 10.000[0m
[36m2023-11-30 18:19:43.164 INFO     [AcquisitionClass.py:630] Shutting down all LEDs for 1 seconds[0m
[36m2023-11-30 18:19:43.243 INFO     [AcquisitionClass.py:371] Did not start digital generator, check generator_analog_channels[0m
[1;35m2023-11-30 18:19:44.265 CRITICAL [RoutinesClass.py:38] 4.5[0m
[36m2023-11-30 18:19:45.345 INFO     [AcquisitionClass.py:517] frequency: 10.000 
 amplitude 0.000 
 offset 4.500  
 acquisiton time 1.000 
 points per period 10000.000 
 number of periods 10.000[0m
[36m2023-11-30 18:19:46.466 INFO     [AcquisitionClass.py:630] Shutting down all LEDs for 1 seconds[0m
[36m2023-11-30 18:19:46.546 INFO     [AcquisitionClass.py:371] Did not start digital generator, check generator_analog_channels[0m
[36m2023-11-30 18:19:48.740 INFO     [RoutinesClass.py:28] Running the detector response routine[0m
[1;35m2023-11-30 18:19:48.740 CRITICAL [RoutinesClass.py:38] 0.0[0m
[36m2023-11-30 18:19:49.814 INFO     [AcquisitionClass.py:517] frequency: 10.000 
 amplitude 0.000 
 offset 0.000  
 acquisiton time 1.000 
 points per period 10000.000 
 number of periods 10.000[0m
[36m2023-11-30 18:19:50.942 INFO     [AcquisitionClass.py:630] Shutting down all LEDs for 1 seconds[0m
[36m2023-11-30 18:19:51.20 INFO     [AcquisitionClass.py:371] Did not start digital generator, check generator_analog_channels[0m
[1;35m2023-11-30 18:19:52.48 CRITICAL [RoutinesClass.py:38] 0.21052631578947367[0m
[36m2023-11-30 18:19:53.126 INFO     [AcquisitionClass.py:517] frequency: 10.000 
 amplitude 0.000 
 offset 0.211  
 acquisiton time 1.000 
 points per period 10000.000 
 number of periods 10.000[0m
[36m2023-11-30 18:19:54.254 INFO     [AcquisitionClass.py:630] Shutting down all LEDs for 1 seconds[0m
[36m2023-11-30 18:19:54.331 INFO     [AcquisitionClass.py:371] Did not start digital generator, check generator_analog_channels[0m
[1;35m2023-11-30 18:19:55.357 CRITICAL [RoutinesClass.py:38] 0.42105263157894735[0m
[36m2023-11-30 18:19:56.426 INFO     [AcquisitionClass.py:517] frequency: 10.000 
 amplitude 0.000 
 offset 0.421  
 acquisiton time 1.000 
 points per period 10000.000 
 number of periods 10.000[0m
[36m2023-11-30 18:19:57.542 INFO     [AcquisitionClass.py:630] Shutting down all LEDs for 1 seconds[0m
[36m2023-11-30 18:19:57.620 INFO     [AcquisitionClass.py:371] Did not start digital generator, check generator_analog_channels[0m
[1;35m2023-11-30 18:19:58.642 CRITICAL [RoutinesClass.py:38] 0.631578947368421[0m
[36m2023-11-30 18:19:59.717 INFO     [AcquisitionClass.py:517] frequency: 10.000 
 amplitude 0.000 
 offset 0.632  
 acquisiton time 1.000 
 points per period 10000.000 
 number of periods 10.000[0m
[36m2023-11-30 18:20:00.831 INFO     [AcquisitionClass.py:630] Shutting down all LEDs for 1 seconds[0m
[36m2023-11-30 18:20:00.908 INFO     [AcquisitionClass.py:371] Did not start digital generator, check generator_analog_channels[0m
[1;35m2023-11-30 18:20:01.934 CRITICAL [RoutinesClass.py:38] 0.8421052631578947[0m
[36m2023-11-30 18:20:03.7 INFO     [AcquisitionClass.py:517] frequency: 10.000 
 amplitude 0.000 
 offset 0.842  
 acquisiton time 1.000 
 points per period 10000.000 
 number of periods 10.000[0m
[36m2023-11-30 18:20:04.121 INFO     [AcquisitionClass.py:630] Shutting down all LEDs for 1 seconds[0m
[36m2023-11-30 18:20:04.200 INFO     [AcquisitionClass.py:371] Did not start digital generator, check generator_analog_channels[0m
[1;35m2023-11-30 18:20:05.228 CRITICAL [RoutinesClass.py:38] 1.0526315789473684[0m
[36m2023-11-30 18:20:06.302 INFO     [AcquisitionClass.py:517] frequency: 10.000 
 amplitude 0.000 
 offset 1.053  
 acquisiton time 1.000 
 points per period 10000.000 
 number of periods 10.000[0m
[36m2023-11-30 18:20:07.431 INFO     [AcquisitionClass.py:630] Shutting down all LEDs for 1 seconds[0m
[36m2023-11-30 18:20:07.507 INFO     [AcquisitionClass.py:371] Did not start digital generator, check generator_analog_channels[0m
[1;35m2023-11-30 18:20:08.529 CRITICAL [RoutinesClass.py:38] 1.263157894736842[0m
[36m2023-11-30 18:20:09.606 INFO     [AcquisitionClass.py:517] frequency: 10.000 
 amplitude 0.000 
 offset 1.263  
 acquisiton time 1.000 
 points per period 10000.000 
 number of periods 10.000[0m
[36m2023-11-30 18:20:10.720 INFO     [AcquisitionClass.py:630] Shutting down all LEDs for 1 seconds[0m
[36m2023-11-30 18:20:10.797 INFO     [AcquisitionClass.py:371] Did not start digital generator, check generator_analog_channels[0m
[1;35m2023-11-30 18:20:11.823 CRITICAL [RoutinesClass.py:38] 1.4736842105263157[0m
[36m2023-11-30 18:20:12.900 INFO     [AcquisitionClass.py:517] frequency: 10.000 
 amplitude 0.000 
 offset 1.474  
 acquisiton time 1.000 
 points per period 10000.000 
 number of periods 10.000[0m
[36m2023-11-30 18:20:14.14 INFO     [AcquisitionClass.py:630] Shutting down all LEDs for 1 seconds[0m
[36m2023-11-30 18:20:14.92 INFO     [AcquisitionClass.py:371] Did not start digital generator, check generator_analog_channels[0m
[1;35m2023-11-30 18:20:15.115 CRITICAL [RoutinesClass.py:38] 1.6842105263157894[0m
[36m2023-11-30 18:20:16.195 INFO     [AcquisitionClass.py:517] frequency: 10.000 
 amplitude 0.000 
 offset 1.684  
 acquisiton time 1.000 
 points per period 10000.000 
 number of periods 10.000[0m
[36m2023-11-30 18:20:17.319 INFO     [AcquisitionClass.py:630] Shutting down all LEDs for 1 seconds[0m
[36m2023-11-30 18:20:17.398 INFO     [AcquisitionClass.py:371] Did not start digital generator, check generator_analog_channels[0m
[1;35m2023-11-30 18:20:18.421 CRITICAL [RoutinesClass.py:38] 1.894736842105263[0m
[36m2023-11-30 18:20:19.502 INFO     [AcquisitionClass.py:517] frequency: 10.000 
 amplitude 0.000 
 offset 1.895  
 acquisiton time 1.000 
 points per period 10000.000 
 number of periods 10.000[0m
[36m2023-11-30 18:20:20.627 INFO     [AcquisitionClass.py:630] Shutting down all LEDs for 1 seconds[0m
[36m2023-11-30 18:20:20.705 INFO     [AcquisitionClass.py:371] Did not start digital generator, check generator_analog_channels[0m
[1;35m2023-11-30 18:20:21.728 CRITICAL [RoutinesClass.py:38] 2.1052631578947367[0m
[36m2023-11-30 18:20:22.806 INFO     [AcquisitionClass.py:517] frequency: 10.000 
 amplitude 0.000 
 offset 2.105  
 acquisiton time 1.000 
 points per period 10000.000 
 number of periods 10.000[0m
[36m2023-11-30 18:20:23.924 INFO     [AcquisitionClass.py:630] Shutting down all LEDs for 1 seconds[0m
[36m2023-11-30 18:20:24.2 INFO     [AcquisitionClass.py:371] Did not start digital generator, check generator_analog_channels[0m
[1;35m2023-11-30 18:20:25.30 CRITICAL [RoutinesClass.py:38] 2.3157894736842106[0m
[36m2023-11-30 18:20:26.102 INFO     [AcquisitionClass.py:517] frequency: 10.000 
 amplitude 0.000 
 offset 2.316  
 acquisiton time 1.000 
 points per period 10000.000 
 number of periods 10.000[0m
[36m2023-11-30 18:20:27.228 INFO     [AcquisitionClass.py:630] Shutting down all LEDs for 1 seconds[0m
[36m2023-11-30 18:20:27.307 INFO     [AcquisitionClass.py:371] Did not start digital generator, check generator_analog_channels[0m
[1;35m2023-11-30 18:20:28.332 CRITICAL [RoutinesClass.py:38] 2.526315789473684[0m
[36m2023-11-30 18:20:29.409 INFO     [AcquisitionClass.py:517] frequency: 10.000 
 amplitude 0.000 
 offset 2.526  
 acquisiton time 1.000 
 points per period 10000.000 
 number of periods 10.000[0m
[36m2023-11-30 18:20:30.534 INFO     [AcquisitionClass.py:630] Shutting down all LEDs for 1 seconds[0m
[36m2023-11-30 18:20:30.612 INFO     [AcquisitionClass.py:371] Did not start digital generator, check generator_analog_channels[0m
[1;35m2023-11-30 18:20:31.641 CRITICAL [RoutinesClass.py:38] 2.7368421052631575[0m
[36m2023-11-30 18:20:32.720 INFO     [AcquisitionClass.py:517] frequency: 10.000 
 amplitude 0.000 
 offset 2.737  
 acquisiton time 1.000 
 points per period 10000.000 
 number of periods 10.000[0m
[36m2023-11-30 18:20:33.836 INFO     [AcquisitionClass.py:630] Shutting down all LEDs for 1 seconds[0m
[36m2023-11-30 18:20:33.914 INFO     [AcquisitionClass.py:371] Did not start digital generator, check generator_analog_channels[0m
[1;35m2023-11-30 18:20:34.940 CRITICAL [RoutinesClass.py:38] 2.9473684210526314[0m
[36m2023-11-30 18:20:36.22 INFO     [AcquisitionClass.py:517] frequency: 10.000 
 amplitude 0.000 
 offset 2.947  
 acquisiton time 1.000 
 points per period 10000.000 
 number of periods 10.000[0m
[36m2023-11-30 18:20:37.136 INFO     [AcquisitionClass.py:630] Shutting down all LEDs for 1 seconds[0m
[36m2023-11-30 18:20:37.213 INFO     [AcquisitionClass.py:371] Did not start digital generator, check generator_analog_channels[0m
[1;35m2023-11-30 18:20:38.239 CRITICAL [RoutinesClass.py:38] 3.1578947368421053[0m
[36m2023-11-30 18:20:39.318 INFO     [AcquisitionClass.py:517] frequency: 10.000 
 amplitude 0.000 
 offset 3.158  
 acquisiton time 1.000 
 points per period 10000.000 
 number of periods 10.000[0m
[36m2023-11-30 18:20:40.442 INFO     [AcquisitionClass.py:630] Shutting down all LEDs for 1 seconds[0m
[36m2023-11-30 18:20:40.521 INFO     [AcquisitionClass.py:371] Did not start digital generator, check generator_analog_channels[0m
[1;35m2023-11-30 18:20:41.545 CRITICAL [RoutinesClass.py:38] 3.3684210526315788[0m
[36m2023-11-30 18:20:42.622 INFO     [AcquisitionClass.py:517] frequency: 10.000 
 amplitude 0.000 
 offset 3.368  
 acquisiton time 1.000 
 points per period 10000.000 
 number of periods 10.000[0m
[36m2023-11-30 18:20:43.746 INFO     [AcquisitionClass.py:630] Shutting down all LEDs for 1 seconds[0m
[36m2023-11-30 18:20:43.824 INFO     [AcquisitionClass.py:371] Did not start digital generator, check generator_analog_channels[0m
[1;35m2023-11-30 18:20:44.850 CRITICAL [RoutinesClass.py:38] 3.578947368421052[0m
[36m2023-11-30 18:20:45.927 INFO     [AcquisitionClass.py:517] frequency: 10.000 
 amplitude 0.000 
 offset 3.579  
 acquisiton time 1.000 
 points per period 10000.000 
 number of periods 10.000[0m
[36m2023-11-30 18:20:47.49 INFO     [AcquisitionClass.py:630] Shutting down all LEDs for 1 seconds[0m
[36m2023-11-30 18:20:47.126 INFO     [AcquisitionClass.py:371] Did not start digital generator, check generator_analog_channels[0m
[1;35m2023-11-30 18:20:48.149 CRITICAL [RoutinesClass.py:38] 3.789473684210526[0m
[36m2023-11-30 18:20:49.221 INFO     [AcquisitionClass.py:517] frequency: 10.000 
 amplitude 0.000 
 offset 3.789  
 acquisiton time 1.000 
 points per period 10000.000 
 number of periods 10.000[0m
[36m2023-11-30 18:20:50.335 INFO     [AcquisitionClass.py:630] Shutting down all LEDs for 1 seconds[0m
[36m2023-11-30 18:20:50.413 INFO     [AcquisitionClass.py:371] Did not start digital generator, check generator_analog_channels[0m
[1;35m2023-11-30 18:20:51.444 CRITICAL [RoutinesClass.py:38] 4.0[0m
[36m2023-11-30 18:20:52.520 INFO     [AcquisitionClass.py:517] frequency: 10.000 
 amplitude 0.000 
 offset 4.000  
 acquisiton time 1.000 
 points per period 10000.000 
 number of periods 10.000[0m
[36m2023-11-30 18:20:53.643 INFO     [AcquisitionClass.py:630] Shutting down all LEDs for 1 seconds[0m
[36m2023-11-30 18:20:53.719 INFO     [AcquisitionClass.py:371] Did not start digital generator, check generator_analog_channels[0m
[36m2023-11-30 18:24:41.85 INFO     [AcquisitionClass.py:630] Shutting down all LEDs for 1 seconds[0m
[36m2023-11-30 18:24:41.164 INFO     [AcquisitionClass.py:371] Did not start digital generator, check generator_analog_channels[0m
