[32m2023-10-25 05:12:16.388 DEBUG    [DC4100_LED.py:69] Serial<id=0x2743a002c10, open=True>(port='COM5', baudrate=115200, bytesize=8, parity='N', stopbits=1, timeout=0.1, xonxoff=0, rtscts=0, dsrdtr=False)[0m
[32m2023-10-25 05:12:16.388 DEBUG    [DC4100_LED.py:89] DC4100: Sending o 0 0[0m
[32m2023-10-25 05:12:16.494 DEBUG    [DC4100_LED.py:92] DC4100: Received b''[0m
[32m2023-10-25 05:12:16.494 DEBUG    [DC4100_LED.py:89] DC4100: Sending o 1 0[0m
[32m2023-10-25 05:12:16.602 DEBUG    [DC4100_LED.py:92] DC4100: Received b''[0m
[32m2023-10-25 05:12:16.602 DEBUG    [DC4100_LED.py:89] DC4100: Sending o 2 0[0m
[32m2023-10-25 05:12:16.710 DEBUG    [DC4100_LED.py:92] DC4100: Received b''[0m
[32m2023-10-25 05:12:16.710 DEBUG    [DC4100_LED.py:89] DC4100: Sending o 3 0[0m
[32m2023-10-25 05:12:16.820 DEBUG    [DC4100_LED.py:92] DC4100: Received b''[0m
[1;35m2023-10-25 05:12:16.820 CRITICAL [DC4100_LED.py:164] setting mode[0m
[32m2023-10-25 05:12:16.820 DEBUG    [DC4100_LED.py:89] DC4100: Sending m 2[0m
[32m2023-10-25 05:12:16.930 DEBUG    [DC4100_LED.py:92] DC4100: Received b''[0m
[32m2023-10-25 05:12:17.942 DEBUG    [DC4100_LED.py:89] DC4100: Sending m?[0m
[32m2023-10-25 05:12:17.944 DEBUG    [DC4100_LED.py:92] DC4100: Received b'2\r\n'[0m
[36m2023-10-25 05:12:17.944 INFO     [DC4100_LED.py:215] External Control Mode[0m
[1;35m2023-10-25 05:12:17.944 CRITICAL [DC4100_LED.py:219] 1[0m
[32m2023-10-25 05:12:17.945 DEBUG    [DC4100_LED.py:89] DC4100: Sending o 0 1[0m
[32m2023-10-25 05:12:18.50 DEBUG    [DC4100_LED.py:92] DC4100: Received b''[0m
[1;35m2023-10-25 05:12:18.50 CRITICAL [DC4100_LED.py:219] 2[0m
[32m2023-10-25 05:12:18.51 DEBUG    [DC4100_LED.py:89] DC4100: Sending o 1 1[0m
[32m2023-10-25 05:12:18.159 DEBUG    [DC4100_LED.py:92] DC4100: Received b''[0m
[1;35m2023-10-25 05:12:18.159 CRITICAL [DC4100_LED.py:219] 3[0m
[32m2023-10-25 05:12:18.160 DEBUG    [DC4100_LED.py:89] DC4100: Sending o 2 1[0m
[32m2023-10-25 05:12:18.268 DEBUG    [DC4100_LED.py:92] DC4100: Received b''[0m
[1;35m2023-10-25 05:12:18.268 CRITICAL [DC4100_LED.py:219] 4[0m
[32m2023-10-25 05:12:18.268 DEBUG    [DC4100_LED.py:89] DC4100: Sending o 3 1[0m
[32m2023-10-25 05:12:18.378 DEBUG    [DC4100_LED.py:92] DC4100: Received b''[0m
[32m2023-10-25 05:12:18.378 DEBUG    [DC4100_LED.py:89] DC4100: Sending o 1 1[0m
[32m2023-10-25 05:12:18.486 DEBUG    [DC4100_LED.py:92] DC4100: Received b''[0m
[32m2023-10-25 05:12:18.486 DEBUG    [DC4100_LED.py:89] DC4100: Sending l 1 450[0m
[32m2023-10-25 05:12:18.593 DEBUG    [DC4100_LED.py:92] DC4100: Received b''[0m
[32m2023-10-25 05:12:18.593 DEBUG    [DC4100_LED.py:89] DC4100: Sending o 2 1[0m
[32m2023-10-25 05:12:18.703 DEBUG    [DC4100_LED.py:92] DC4100: Received b''[0m
[32m2023-10-25 05:12:18.703 DEBUG    [DC4100_LED.py:89] DC4100: Sending l 2 10[0m
[32m2023-10-25 05:12:18.812 DEBUG    [DC4100_LED.py:92] DC4100: Received b''[0m
[32m2023-10-25 05:12:18.812 DEBUG    [DC4100_LED.py:89] DC4100: Sending o 3 1[0m
[32m2023-10-25 05:12:18.922 DEBUG    [DC4100_LED.py:92] DC4100: Received b''[0m
[32m2023-10-25 05:12:18.922 DEBUG    [DC4100_LED.py:89] DC4100: Sending l 3 10[0m
[32m2023-10-25 05:12:19.30 DEBUG    [DC4100_LED.py:92] DC4100: Received b''[0m
[32m2023-10-25 05:12:19.30 DEBUG    [DC4100_LED.py:89] DC4100: Sending o 0 1[0m
[32m2023-10-25 05:12:19.138 DEBUG    [DC4100_LED.py:92] DC4100: Received b''[0m
[32m2023-10-25 05:12:19.138 DEBUG    [DC4100_LED.py:89] DC4100: Sending l 0 500[0m
[32m2023-10-25 05:12:19.248 DEBUG    [DC4100_LED.py:92] DC4100: Received b''[0m
[32m2023-10-25 05:12:20.436 DEBUG    [AcquisitionClass.py:124] 1000[0m
[32m2023-10-25 05:12:20.436 DEBUG    [AcquisitionClass.py:125] 1.0[0m
[32m2023-10-25 05:12:20.437 DEBUG    [AcquisitionClass.py:126] 10000[0m
[32m2023-10-25 05:12:20.437 DEBUG    [AcquisitionClass.py:127] 10[0m
[32m2023-10-25 05:12:20.438 DEBUG    [AcquisitionClass.py:128] 10000[0m
[32m2023-10-25 05:12:20.438 DEBUG    [AcquisitionClass.py:129] 10000[0m
[32m2023-10-25 05:12:20.438 DEBUG    [AcquisitionClass.py:130] 10000[0m
[36m2023-10-25 05:13:19.975 INFO     [AcquisitionClass.py:516] frequency: 10.000 
 amplitude 0.200 
 offset 1.000  
 acquisiton time 14652.000 
 points per period 1000.000 
 number of periods 10.000[0m
[1;31m2023-10-25 09:17:01.376 ERROR    [AcquisitionClass.py:529] Voltage saturation of the MPPC fluorescence reader[0m
