[32m2023-10-10 11:49:36.897 DEBUG    [DC4100_LED.py:69] Serial<id=0x27e469bc490, open=True>(port='COM5', baudrate=115200, bytesize=8, parity='N', stopbits=1, timeout=0.1, xonxoff=0, rtscts=0, dsrdtr=False)[0m
[32m2023-10-10 11:49:36.897 DEBUG    [DC4100_LED.py:89] DC4100: Sending o 0 0[0m
[32m2023-10-10 11:49:37.1 DEBUG    [DC4100_LED.py:92] DC4100: Received b''[0m
[32m2023-10-10 11:49:37.1 DEBUG    [DC4100_LED.py:89] DC4100: Sending o 1 0[0m
[32m2023-10-10 11:49:37.110 DEBUG    [DC4100_LED.py:92] DC4100: Received b''[0m
[32m2023-10-10 11:49:37.110 DEBUG    [DC4100_LED.py:89] DC4100: Sending o 2 0[0m
[32m2023-10-10 11:49:37.218 DEBUG    [DC4100_LED.py:92] DC4100: Received b''[0m
[32m2023-10-10 11:49:37.218 DEBUG    [DC4100_LED.py:89] DC4100: Sending o 3 0[0m
[32m2023-10-10 11:49:37.327 DEBUG    [DC4100_LED.py:92] DC4100: Received b''[0m
[1;35m2023-10-10 11:49:37.327 CRITICAL [DC4100_LED.py:164] setting mode[0m
[32m2023-10-10 11:49:37.327 DEBUG    [DC4100_LED.py:89] DC4100: Sending m 2[0m
[32m2023-10-10 11:49:37.436 DEBUG    [DC4100_LED.py:92] DC4100: Received b''[0m
[32m2023-10-10 11:49:38.446 DEBUG    [DC4100_LED.py:89] DC4100: Sending m?[0m
[32m2023-10-10 11:49:38.448 DEBUG    [DC4100_LED.py:92] DC4100: Received b'2\r\n'[0m
[36m2023-10-10 11:49:38.448 INFO     [DC4100_LED.py:215] External Control Mode[0m
[1;35m2023-10-10 11:49:38.448 CRITICAL [DC4100_LED.py:219] 1[0m
[32m2023-10-10 11:49:38.448 DEBUG    [DC4100_LED.py:89] DC4100: Sending o 0 1[0m
[32m2023-10-10 11:49:38.555 DEBUG    [DC4100_LED.py:92] DC4100: Received b''[0m
[1;35m2023-10-10 11:49:38.555 CRITICAL [DC4100_LED.py:219] 2[0m
[32m2023-10-10 11:49:38.555 DEBUG    [DC4100_LED.py:89] DC4100: Sending o 1 1[0m
[32m2023-10-10 11:49:38.664 DEBUG    [DC4100_LED.py:92] DC4100: Received b''[0m
[1;35m2023-10-10 11:49:38.664 CRITICAL [DC4100_LED.py:219] 3[0m
[32m2023-10-10 11:49:38.664 DEBUG    [DC4100_LED.py:89] DC4100: Sending o 2 1[0m
[32m2023-10-10 11:49:38.774 DEBUG    [DC4100_LED.py:92] DC4100: Received b''[0m
[1;35m2023-10-10 11:49:38.774 CRITICAL [DC4100_LED.py:219] 4[0m
[32m2023-10-10 11:49:38.774 DEBUG    [DC4100_LED.py:89] DC4100: Sending o 3 1[0m
[32m2023-10-10 11:49:38.883 DEBUG    [DC4100_LED.py:92] DC4100: Received b''[0m
[32m2023-10-10 11:49:38.883 DEBUG    [DC4100_LED.py:89] DC4100: Sending o 1 0[0m
[32m2023-10-10 11:49:38.992 DEBUG    [DC4100_LED.py:92] DC4100: Received b''[0m
[32m2023-10-10 11:49:38.992 DEBUG    [DC4100_LED.py:89] DC4100: Sending o 2 0[0m
[32m2023-10-10 11:49:39.101 DEBUG    [DC4100_LED.py:92] DC4100: Received b''[0m
[32m2023-10-10 11:49:39.101 DEBUG    [DC4100_LED.py:89] DC4100: Sending o 3 0[0m
[32m2023-10-10 11:49:39.211 DEBUG    [DC4100_LED.py:92] DC4100: Received b''[0m
[32m2023-10-10 11:49:39.211 DEBUG    [DC4100_LED.py:89] DC4100: Sending o 0 0[0m
[32m2023-10-10 11:49:39.319 DEBUG    [DC4100_LED.py:92] DC4100: Received b''[0m
[32m2023-10-10 11:49:40.938 DEBUG    [AcquisitionClass.py:124] 1000[0m
[32m2023-10-10 11:49:40.938 DEBUG    [AcquisitionClass.py:125] 1.0[0m
[32m2023-10-10 11:49:40.939 DEBUG    [AcquisitionClass.py:126] 10000[0m
[32m2023-10-10 11:49:40.939 DEBUG    [AcquisitionClass.py:127] 10[0m
[32m2023-10-10 11:49:40.939 DEBUG    [AcquisitionClass.py:128] 10000[0m
[32m2023-10-10 11:49:40.939 DEBUG    [AcquisitionClass.py:129] 10000[0m
[32m2023-10-10 11:49:40.940 DEBUG    [AcquisitionClass.py:130] 10000[0m
