[32m2023-10-16 15:41:32.53 DEBUG    [DC4100_LED.py:69] Serial<id=0x23aef30d0d0, open=True>(port='COM5', baudrate=115200, bytesize=8, parity='N', stopbits=1, timeout=0.1, xonxoff=0, rtscts=0, dsrdtr=False)[0m
[32m2023-10-16 15:41:32.53 DEBUG    [DC4100_LED.py:89] DC4100: Sending o 0 0[0m
[32m2023-10-16 15:41:32.165 DEBUG    [DC4100_LED.py:92] DC4100: Received b''[0m
[32m2023-10-16 15:41:32.165 DEBUG    [DC4100_LED.py:89] DC4100: Sending o 1 0[0m
[32m2023-10-16 15:41:32.273 DEBUG    [DC4100_LED.py:92] DC4100: Received b''[0m
[32m2023-10-16 15:41:32.273 DEBUG    [DC4100_LED.py:89] DC4100: Sending o 2 0[0m
[32m2023-10-16 15:41:32.383 DEBUG    [DC4100_LED.py:92] DC4100: Received b''[0m
[32m2023-10-16 15:41:32.383 DEBUG    [DC4100_LED.py:89] DC4100: Sending o 3 0[0m
[32m2023-10-16 15:41:32.491 DEBUG    [DC4100_LED.py:92] DC4100: Received b''[0m
[1;35m2023-10-16 15:41:32.491 CRITICAL [DC4100_LED.py:164] setting mode[0m
[32m2023-10-16 15:41:32.491 DEBUG    [DC4100_LED.py:89] DC4100: Sending m 2[0m
[32m2023-10-16 15:41:32.599 DEBUG    [DC4100_LED.py:92] DC4100: Received b''[0m
[32m2023-10-16 15:41:33.602 DEBUG    [DC4100_LED.py:89] DC4100: Sending m?[0m
[32m2023-10-16 15:41:33.604 DEBUG    [DC4100_LED.py:92] DC4100: Received b'2\r\n'[0m
[36m2023-10-16 15:41:33.604 INFO     [DC4100_LED.py:215] External Control Mode[0m
[1;35m2023-10-16 15:41:33.604 CRITICAL [DC4100_LED.py:219] 1[0m
[32m2023-10-16 15:41:33.604 DEBUG    [DC4100_LED.py:89] DC4100: Sending o 0 1[0m
[32m2023-10-16 15:41:33.711 DEBUG    [DC4100_LED.py:92] DC4100: Received b''[0m
[1;35m2023-10-16 15:41:33.711 CRITICAL [DC4100_LED.py:219] 2[0m
[32m2023-10-16 15:41:33.711 DEBUG    [DC4100_LED.py:89] DC4100: Sending o 1 1[0m
[32m2023-10-16 15:41:33.818 DEBUG    [DC4100_LED.py:92] DC4100: Received b''[0m
[1;35m2023-10-16 15:41:33.818 CRITICAL [DC4100_LED.py:219] 3[0m
[32m2023-10-16 15:41:33.818 DEBUG    [DC4100_LED.py:89] DC4100: Sending o 2 1[0m
[32m2023-10-16 15:41:33.929 DEBUG    [DC4100_LED.py:92] DC4100: Received b''[0m
[1;35m2023-10-16 15:41:33.929 CRITICAL [DC4100_LED.py:219] 4[0m
[32m2023-10-16 15:41:33.929 DEBUG    [DC4100_LED.py:89] DC4100: Sending o 3 1[0m
[32m2023-10-16 15:41:34.39 DEBUG    [DC4100_LED.py:92] DC4100: Received b''[0m
[32m2023-10-16 15:41:34.39 DEBUG    [DC4100_LED.py:89] DC4100: Sending o 1 1[0m
[32m2023-10-16 15:41:34.148 DEBUG    [DC4100_LED.py:92] DC4100: Received b''[0m
[32m2023-10-16 15:41:34.148 DEBUG    [DC4100_LED.py:89] DC4100: Sending l 1 1000[0m
[32m2023-10-16 15:41:34.257 DEBUG    [DC4100_LED.py:92] DC4100: Received b''[0m
[32m2023-10-16 15:41:34.257 DEBUG    [DC4100_LED.py:89] DC4100: Sending o 2 0[0m
[32m2023-10-16 15:41:34.366 DEBUG    [DC4100_LED.py:92] DC4100: Received b''[0m
[32m2023-10-16 15:41:34.366 DEBUG    [DC4100_LED.py:89] DC4100: Sending o 3 1[0m
[32m2023-10-16 15:41:34.474 DEBUG    [DC4100_LED.py:92] DC4100: Received b''[0m
[32m2023-10-16 15:41:34.474 DEBUG    [DC4100_LED.py:89] DC4100: Sending l 3 1000[0m
[32m2023-10-16 15:41:34.584 DEBUG    [DC4100_LED.py:92] DC4100: Received b''[0m
[32m2023-10-16 15:41:34.584 DEBUG    [DC4100_LED.py:89] DC4100: Sending o 0 0[0m
[32m2023-10-16 15:41:34.691 DEBUG    [DC4100_LED.py:92] DC4100: Received b''[0m
[32m2023-10-16 15:41:40.895 DEBUG    [AcquisitionClass.py:124] 1000[0m
[32m2023-10-16 15:41:40.895 DEBUG    [AcquisitionClass.py:125] 1.0[0m
[32m2023-10-16 15:41:40.895 DEBUG    [AcquisitionClass.py:126] 10000[0m
[32m2023-10-16 15:41:40.896 DEBUG    [AcquisitionClass.py:127] 10[0m
[32m2023-10-16 15:41:40.896 DEBUG    [AcquisitionClass.py:128] 10000[0m
[32m2023-10-16 15:41:40.896 DEBUG    [AcquisitionClass.py:129] 10000[0m
[32m2023-10-16 15:41:40.896 DEBUG    [AcquisitionClass.py:130] 10000[0m
[32m2023-10-16 15:41:40.897 DEBUG    [AcquisitionClass.py:124] 1000[0m
[32m2023-10-16 15:41:40.897 DEBUG    [AcquisitionClass.py:125] 10.0[0m
[32m2023-10-16 15:41:40.897 DEBUG    [AcquisitionClass.py:126] 1000[0m
[32m2023-10-16 15:41:40.897 DEBUG    [AcquisitionClass.py:127] 1[0m
[32m2023-10-16 15:41:40.898 DEBUG    [AcquisitionClass.py:128] 1000[0m
[32m2023-10-16 15:41:40.898 DEBUG    [AcquisitionClass.py:129] 10000[0m
[32m2023-10-16 15:41:40.898 DEBUG    [AcquisitionClass.py:130] 10000[0m
[36m2023-10-16 15:41:41.4 INFO     [AcquisitionClass.py:516] frequency: 1.000 
 amplitude 2.000 
 offset 4.000  
 acquisiton time 10.000 
 points per period 1000.000 
 number of periods 10.000[0m
[32m2023-10-16 15:42:02.528 DEBUG    [AcquisitionClass.py:124] 1000[0m
[32m2023-10-16 15:42:38.75 DEBUG    [AcquisitionClass.py:125] 0.01[0m
[32m2023-10-16 15:42:38.75 DEBUG    [AcquisitionClass.py:126] 1000000.0[0m
[32m2023-10-16 15:42:38.75 DEBUG    [AcquisitionClass.py:127] 1000.0[0m
[32m2023-10-16 15:42:38.76 DEBUG    [AcquisitionClass.py:128] 1000000.0[0m
[32m2023-10-16 15:42:38.76 DEBUG    [AcquisitionClass.py:129] 10000[0m
[32m2023-10-16 15:42:38.76 DEBUG    [AcquisitionClass.py:130] 10000[0m
[36m2023-10-16 15:42:38.141 INFO     [AcquisitionClass.py:516] frequency: 1000.000 
 amplitude 2.000 
 offset 4.000  
 acquisiton time 0.010 
 points per period 1000.000 
 number of periods 10.000[0m
[1;35m2023-10-16 15:42:38.152 CRITICAL [AcquisitionClass.py:168] -1.5993330673152295[0m
[32m2023-10-16 15:42:40.280 DEBUG    [AcquisitionClass.py:124] 1000[0m
[32m2023-10-16 15:42:40.281 DEBUG    [AcquisitionClass.py:125] 0.024484367468222266[0m
[32m2023-10-16 15:42:40.281 DEBUG    [AcquisitionClass.py:126] 408423.0[0m
[32m2023-10-16 15:42:40.281 DEBUG    [AcquisitionClass.py:127] 408.4238652674522[0m
[32m2023-10-16 15:42:40.281 DEBUG    [AcquisitionClass.py:128] 408423.8652674522[0m
[32m2023-10-16 15:42:40.281 DEBUG    [AcquisitionClass.py:129] 10000[0m
[32m2023-10-16 15:42:40.282 DEBUG    [AcquisitionClass.py:130] 10000[0m
[36m2023-10-16 15:42:40.345 INFO     [AcquisitionClass.py:516] frequency: 408.424 
 amplitude 2.000 
 offset 4.000  
 acquisiton time 0.024 
 points per period 1000.000 
 number of periods 10.000[0m
[1;35m2023-10-16 15:42:40.372 CRITICAL [AcquisitionClass.py:168] -1.4920500243922556[0m
[32m2023-10-16 15:42:42.482 DEBUG    [AcquisitionClass.py:124] 1000[0m
[32m2023-10-16 15:42:42.482 DEBUG    [AcquisitionClass.py:125] 0.059948425031894084[0m
[32m2023-10-16 15:42:42.483 DEBUG    [AcquisitionClass.py:126] 166810.0[0m
[32m2023-10-16 15:42:42.483 DEBUG    [AcquisitionClass.py:127] 166.81005372000593[0m
[32m2023-10-16 15:42:42.483 DEBUG    [AcquisitionClass.py:128] 166810.05372000593[0m
[32m2023-10-16 15:42:42.483 DEBUG    [AcquisitionClass.py:129] 10000[0m
[32m2023-10-16 15:42:42.483 DEBUG    [AcquisitionClass.py:130] 10000[0m
[36m2023-10-16 15:42:42.547 INFO     [AcquisitionClass.py:516] frequency: 166.810 
 amplitude 2.000 
 offset 4.000  
 acquisiton time 0.060 
 points per period 1000.000 
 number of periods 10.000[0m
[1;35m2023-10-16 15:42:42.621 CRITICAL [AcquisitionClass.py:168] -1.5407122432099776[0m
[32m2023-10-16 15:42:44.744 DEBUG    [AcquisitionClass.py:124] 1000[0m
[32m2023-10-16 15:42:44.744 DEBUG    [AcquisitionClass.py:125] 0.1467799267622069[0m
[32m2023-10-16 15:42:44.744 DEBUG    [AcquisitionClass.py:126] 68129.0[0m
[32m2023-10-16 15:42:44.744 DEBUG    [AcquisitionClass.py:127] 68.12920690579615[0m
[32m2023-10-16 15:42:44.745 DEBUG    [AcquisitionClass.py:128] 68129.20690579615[0m
[32m2023-10-16 15:42:44.745 DEBUG    [AcquisitionClass.py:129] 10000[0m
[32m2023-10-16 15:42:44.745 DEBUG    [AcquisitionClass.py:130] 10000[0m
[36m2023-10-16 15:42:44.809 INFO     [AcquisitionClass.py:516] frequency: 68.129 
 amplitude 2.000 
 offset 4.000  
 acquisiton time 0.147 
 points per period 1000.000 
 number of periods 10.000[0m
[1;35m2023-10-16 15:42:44.976 CRITICAL [AcquisitionClass.py:168] -1.511251991470731[0m
[32m2023-10-16 15:42:47.91 DEBUG    [AcquisitionClass.py:124] 1000[0m
[32m2023-10-16 15:42:47.91 DEBUG    [AcquisitionClass.py:125] 0.35938136638046275[0m
[32m2023-10-16 15:42:47.91 DEBUG    [AcquisitionClass.py:126] 27825.0[0m
[32m2023-10-16 15:42:47.92 DEBUG    [AcquisitionClass.py:127] 27.825594022071243[0m
[32m2023-10-16 15:42:47.92 DEBUG    [AcquisitionClass.py:128] 27825.594022071244[0m
[32m2023-10-16 15:42:47.92 DEBUG    [AcquisitionClass.py:129] 10000[0m
[32m2023-10-16 15:42:47.92 DEBUG    [AcquisitionClass.py:130] 10000[0m
[36m2023-10-16 15:42:47.159 INFO     [AcquisitionClass.py:516] frequency: 27.826 
 amplitude 2.000 
 offset 4.000  
 acquisiton time 0.359 
 points per period 1000.000 
 number of periods 10.000[0m
[1;35m2023-10-16 15:42:47.543 CRITICAL [AcquisitionClass.py:168] -1.5263299381885207[0m
[32m2023-10-16 15:42:49.664 DEBUG    [AcquisitionClass.py:124] 1000[0m
[32m2023-10-16 15:42:49.664 DEBUG    [AcquisitionClass.py:125] 0.879922543569107[0m
[32m2023-10-16 15:42:49.665 DEBUG    [AcquisitionClass.py:126] 11364.0[0m
[32m2023-10-16 15:42:49.665 DEBUG    [AcquisitionClass.py:127] 11.364636663857247[0m
[32m2023-10-16 15:42:49.665 DEBUG    [AcquisitionClass.py:128] 11364.636663857247[0m
[32m2023-10-16 15:42:49.665 DEBUG    [AcquisitionClass.py:129] 10000[0m
[32m2023-10-16 15:42:49.665 DEBUG    [AcquisitionClass.py:130] 10000[0m
[36m2023-10-16 15:42:49.730 INFO     [AcquisitionClass.py:516] frequency: 11.365 
 amplitude 2.000 
 offset 4.000  
 acquisiton time 0.880 
 points per period 1000.000 
 number of periods 10.000[0m
[1;35m2023-10-16 15:42:50.657 CRITICAL [AcquisitionClass.py:168] -1.5731960722797214[0m
[32m2023-10-16 15:42:52.778 DEBUG    [AcquisitionClass.py:124] 1000[0m
[32m2023-10-16 15:42:52.778 DEBUG    [AcquisitionClass.py:125] 2.1544346900318834[0m
[32m2023-10-16 15:42:52.779 DEBUG    [AcquisitionClass.py:126] 4641.0[0m
[32m2023-10-16 15:42:52.779 DEBUG    [AcquisitionClass.py:127] 4.641588833612779[0m
[32m2023-10-16 15:42:52.779 DEBUG    [AcquisitionClass.py:128] 4641.588833612779[0m
[32m2023-10-16 15:42:52.779 DEBUG    [AcquisitionClass.py:129] 10000[0m
[32m2023-10-16 15:42:52.779 DEBUG    [AcquisitionClass.py:130] 10000[0m
[36m2023-10-16 15:42:52.846 INFO     [AcquisitionClass.py:516] frequency: 4.642 
 amplitude 2.000 
 offset 4.000  
 acquisiton time 2.154 
 points per period 1000.000 
 number of periods 10.000[0m
[1;35m2023-10-16 15:42:55.110 CRITICAL [AcquisitionClass.py:168] -1.5695766803940208[0m
[32m2023-10-16 15:42:57.234 DEBUG    [AcquisitionClass.py:124] 1000[0m
[32m2023-10-16 15:42:57.234 DEBUG    [AcquisitionClass.py:125] 5.274997063702618[0m
[32m2023-10-16 15:42:57.234 DEBUG    [AcquisitionClass.py:126] 1895.0[0m
[32m2023-10-16 15:42:57.234 DEBUG    [AcquisitionClass.py:127] 1.8957356524063758[0m
[32m2023-10-16 15:42:57.234 DEBUG    [AcquisitionClass.py:128] 1895.7356524063757[0m
[32m2023-10-16 15:42:57.235 DEBUG    [AcquisitionClass.py:129] 10000[0m
[32m2023-10-16 15:42:57.235 DEBUG    [AcquisitionClass.py:130] 10000[0m
[36m2023-10-16 15:42:57.302 INFO     [AcquisitionClass.py:516] frequency: 1.896 
 amplitude 2.000 
 offset 4.000  
 acquisiton time 5.275 
 points per period 1000.000 
 number of periods 10.000[0m
[1;35m2023-10-16 15:43:02.841 CRITICAL [AcquisitionClass.py:168] -1.576045536342604[0m
[32m2023-10-16 15:43:04.963 DEBUG    [AcquisitionClass.py:124] 1000[0m
[32m2023-10-16 15:43:04.964 DEBUG    [AcquisitionClass.py:125] 12.915496650148837[0m
[32m2023-10-16 15:43:04.964 DEBUG    [AcquisitionClass.py:126] 774.0[0m
[32m2023-10-16 15:43:04.964 DEBUG    [AcquisitionClass.py:127] 0.7742636826811271[0m
[32m2023-10-16 15:43:04.964 DEBUG    [AcquisitionClass.py:128] 774.2636826811271[0m
[32m2023-10-16 15:43:04.964 DEBUG    [AcquisitionClass.py:129] 10000[0m
[32m2023-10-16 15:43:04.965 DEBUG    [AcquisitionClass.py:130] 10000[0m
[36m2023-10-16 15:43:05.30 INFO     [AcquisitionClass.py:516] frequency: 0.774 
 amplitude 2.000 
 offset 4.000  
 acquisiton time 12.915 
 points per period 1000.000 
 number of periods 10.000[0m
[1;35m2023-10-16 15:43:18.593 CRITICAL [AcquisitionClass.py:168] -1.5746782348153376[0m
[32m2023-10-16 15:43:20.714 DEBUG    [AcquisitionClass.py:124] 1000[0m
[32m2023-10-16 15:43:20.714 DEBUG    [AcquisitionClass.py:125] 31.622776601683793[0m
[32m2023-10-16 15:43:20.714 DEBUG    [AcquisitionClass.py:126] 316.0[0m
[32m2023-10-16 15:43:20.715 DEBUG    [AcquisitionClass.py:127] 0.31622776601683794[0m
[32m2023-10-16 15:43:20.715 DEBUG    [AcquisitionClass.py:128] 316.22776601683796[0m
[32m2023-10-16 15:43:20.715 DEBUG    [AcquisitionClass.py:129] 10000[0m
[32m2023-10-16 15:43:20.715 DEBUG    [AcquisitionClass.py:130] 10000[0m
[36m2023-10-16 15:43:20.780 INFO     [AcquisitionClass.py:516] frequency: 0.316 
 amplitude 2.000 
 offset 4.000  
 acquisiton time 31.623 
 points per period 1000.000 
 number of periods 10.000[0m
[1;35m2023-10-16 15:43:53.994 CRITICAL [AcquisitionClass.py:168] -1.5715431908011113[0m
