[32m2023-10-24 04:09:01.432 DEBUG    [DC4100_LED.py:69] Serial<id=0x19315805610, open=True>(port='COM5', baudrate=115200, bytesize=8, parity='N', stopbits=1, timeout=0.1, xonxoff=0, rtscts=0, dsrdtr=False)[0m
[32m2023-10-24 04:09:01.432 DEBUG    [DC4100_LED.py:89] DC4100: Sending o 0 0[0m
[32m2023-10-24 04:09:01.542 DEBUG    [DC4100_LED.py:92] DC4100: Received b''[0m
[32m2023-10-24 04:09:01.542 DEBUG    [DC4100_LED.py:89] DC4100: Sending o 1 0[0m
[32m2023-10-24 04:09:01.650 DEBUG    [DC4100_LED.py:92] DC4100: Received b''[0m
[32m2023-10-24 04:09:01.650 DEBUG    [DC4100_LED.py:89] DC4100: Sending o 2 0[0m
[32m2023-10-24 04:09:01.759 DEBUG    [DC4100_LED.py:92] DC4100: Received b''[0m
[32m2023-10-24 04:09:01.759 DEBUG    [DC4100_LED.py:89] DC4100: Sending o 3 0[0m
[32m2023-10-24 04:09:01.868 DEBUG    [DC4100_LED.py:92] DC4100: Received b''[0m
[1;35m2023-10-24 04:09:01.868 CRITICAL [DC4100_LED.py:164] setting mode[0m
[32m2023-10-24 04:09:01.868 DEBUG    [DC4100_LED.py:89] DC4100: Sending m 2[0m
[32m2023-10-24 04:09:01.976 DEBUG    [DC4100_LED.py:92] DC4100: Received b''[0m
[32m2023-10-24 04:09:02.987 DEBUG    [DC4100_LED.py:89] DC4100: Sending m?[0m
[32m2023-10-24 04:09:02.988 DEBUG    [DC4100_LED.py:92] DC4100: Received b'2\r\n'[0m
[36m2023-10-24 04:09:02.988 INFO     [DC4100_LED.py:215] External Control Mode[0m
[1;35m2023-10-24 04:09:02.989 CRITICAL [DC4100_LED.py:219] 1[0m
[32m2023-10-24 04:09:02.989 DEBUG    [DC4100_LED.py:89] DC4100: Sending o 0 1[0m
[32m2023-10-24 04:09:03.95 DEBUG    [DC4100_LED.py:92] DC4100: Received b''[0m
[1;35m2023-10-24 04:09:03.95 CRITICAL [DC4100_LED.py:219] 2[0m
[32m2023-10-24 04:09:03.95 DEBUG    [DC4100_LED.py:89] DC4100: Sending o 1 1[0m
[32m2023-10-24 04:09:03.203 DEBUG    [DC4100_LED.py:92] DC4100: Received b''[0m
[1;35m2023-10-24 04:09:03.203 CRITICAL [DC4100_LED.py:219] 3[0m
[32m2023-10-24 04:09:03.203 DEBUG    [DC4100_LED.py:89] DC4100: Sending o 2 1[0m
[32m2023-10-24 04:09:03.313 DEBUG    [DC4100_LED.py:92] DC4100: Received b''[0m
[1;35m2023-10-24 04:09:03.313 CRITICAL [DC4100_LED.py:219] 4[0m
[32m2023-10-24 04:09:03.313 DEBUG    [DC4100_LED.py:89] DC4100: Sending o 3 1[0m
[32m2023-10-24 04:09:03.420 DEBUG    [DC4100_LED.py:92] DC4100: Received b''[0m
[32m2023-10-24 04:09:03.420 DEBUG    [DC4100_LED.py:89] DC4100: Sending o 1 1[0m
[32m2023-10-24 04:09:03.529 DEBUG    [DC4100_LED.py:92] DC4100: Received b''[0m
[32m2023-10-24 04:09:03.529 DEBUG    [DC4100_LED.py:89] DC4100: Sending l 1 450[0m
[32m2023-10-24 04:09:03.637 DEBUG    [DC4100_LED.py:92] DC4100: Received b''[0m
[32m2023-10-24 04:09:03.637 DEBUG    [DC4100_LED.py:89] DC4100: Sending o 2 1[0m
[32m2023-10-24 04:09:03.745 DEBUG    [DC4100_LED.py:92] DC4100: Received b''[0m
[32m2023-10-24 04:09:03.745 DEBUG    [DC4100_LED.py:89] DC4100: Sending l 2 150[0m
[32m2023-10-24 04:09:03.854 DEBUG    [DC4100_LED.py:92] DC4100: Received b''[0m
[32m2023-10-24 04:09:03.854 DEBUG    [DC4100_LED.py:89] DC4100: Sending o 3 1[0m
[32m2023-10-24 04:09:03.964 DEBUG    [DC4100_LED.py:92] DC4100: Received b''[0m
[32m2023-10-24 04:09:03.964 DEBUG    [DC4100_LED.py:89] DC4100: Sending l 3 150[0m
[32m2023-10-24 04:09:04.73 DEBUG    [DC4100_LED.py:92] DC4100: Received b''[0m
[32m2023-10-24 04:09:04.73 DEBUG    [DC4100_LED.py:89] DC4100: Sending o 0 0[0m
[32m2023-10-24 04:09:04.181 DEBUG    [DC4100_LED.py:92] DC4100: Received b''[0m
[32m2023-10-24 04:09:05.469 DEBUG    [AcquisitionClass.py:124] 1000[0m
[32m2023-10-24 04:09:05.469 DEBUG    [AcquisitionClass.py:125] 1.0[0m
[32m2023-10-24 04:09:05.470 DEBUG    [AcquisitionClass.py:126] 10000[0m
[32m2023-10-24 04:09:05.470 DEBUG    [AcquisitionClass.py:127] 10[0m
[32m2023-10-24 04:09:05.471 DEBUG    [AcquisitionClass.py:128] 10000[0m
[32m2023-10-24 04:09:05.471 DEBUG    [AcquisitionClass.py:129] 10000[0m
[32m2023-10-24 04:09:05.471 DEBUG    [AcquisitionClass.py:130] 10000[0m
[32m2023-10-24 04:28:56.21 DEBUG    [DC4100_LED.py:89] DC4100: Sending o 1 0[0m
[32m2023-10-24 04:28:56.128 DEBUG    [DC4100_LED.py:92] DC4100: Received b''[0m
[36m2023-10-24 04:28:56.128 INFO     [AcquisitionClass.py:516] frequency: 10.000 
 amplitude 0.200 
 offset 1.000  
 acquisiton time 2052.000 
 points per period 1000.000 
 number of periods 10.000[0m
[1;31m2023-10-24 04:43:47.69 ERROR    [AcquisitionClass.py:529] Voltage saturation of the MPPC fluorescence reader[0m
[1;35m2023-10-24 04:43:58.282 CRITICAL [qE_OJIP_calib.py:139] 0.0011199913384936123[0m
