[32m2023-10-25 01:43:01.705 DEBUG    [DC4100_LED.py:69] Serial<id=0x1ab110d2c40, open=True>(port='COM5', baudrate=115200, bytesize=8, parity='N', stopbits=1, timeout=0.1, xonxoff=0, rtscts=0, dsrdtr=False)[0m
[32m2023-10-25 01:43:01.706 DEBUG    [DC4100_LED.py:89] DC4100: Sending o 0 0[0m
[32m2023-10-25 01:43:01.815 DEBUG    [DC4100_LED.py:92] DC4100: Received b''[0m
[32m2023-10-25 01:43:01.815 DEBUG    [DC4100_LED.py:89] DC4100: Sending o 1 0[0m
[32m2023-10-25 01:43:01.923 DEBUG    [DC4100_LED.py:92] DC4100: Received b''[0m
[32m2023-10-25 01:43:01.923 DEBUG    [DC4100_LED.py:89] DC4100: Sending o 2 0[0m
[32m2023-10-25 01:43:02.32 DEBUG    [DC4100_LED.py:92] DC4100: Received b''[0m
[32m2023-10-25 01:43:02.32 DEBUG    [DC4100_LED.py:89] DC4100: Sending o 3 0[0m
[32m2023-10-25 01:43:02.140 DEBUG    [DC4100_LED.py:92] DC4100: Received b''[0m
[1;35m2023-10-25 01:43:02.140 CRITICAL [DC4100_LED.py:164] setting mode[0m
[32m2023-10-25 01:43:02.140 DEBUG    [DC4100_LED.py:89] DC4100: Sending m 2[0m
[32m2023-10-25 01:43:02.249 DEBUG    [DC4100_LED.py:92] DC4100: Received b''[0m
[32m2023-10-25 01:43:03.264 DEBUG    [DC4100_LED.py:89] DC4100: Sending m?[0m
[32m2023-10-25 01:43:03.266 DEBUG    [DC4100_LED.py:92] DC4100: Received b'2\r\n'[0m
[36m2023-10-25 01:43:03.266 INFO     [DC4100_LED.py:215] External Control Mode[0m
[1;35m2023-10-25 01:43:03.266 CRITICAL [DC4100_LED.py:219] 1[0m
[32m2023-10-25 01:43:03.266 DEBUG    [DC4100_LED.py:89] DC4100: Sending o 0 1[0m
[32m2023-10-25 01:43:03.373 DEBUG    [DC4100_LED.py:92] DC4100: Received b''[0m
[1;35m2023-10-25 01:43:03.373 CRITICAL [DC4100_LED.py:219] 2[0m
[32m2023-10-25 01:43:03.373 DEBUG    [DC4100_LED.py:89] DC4100: Sending o 1 1[0m
[32m2023-10-25 01:43:03.482 DEBUG    [DC4100_LED.py:92] DC4100: Received b''[0m
[1;35m2023-10-25 01:43:03.482 CRITICAL [DC4100_LED.py:219] 3[0m
[32m2023-10-25 01:43:03.482 DEBUG    [DC4100_LED.py:89] DC4100: Sending o 2 1[0m
[32m2023-10-25 01:43:03.591 DEBUG    [DC4100_LED.py:92] DC4100: Received b''[0m
[1;35m2023-10-25 01:43:03.591 CRITICAL [DC4100_LED.py:219] 4[0m
[32m2023-10-25 01:43:03.591 DEBUG    [DC4100_LED.py:89] DC4100: Sending o 3 1[0m
[32m2023-10-25 01:43:03.698 DEBUG    [DC4100_LED.py:92] DC4100: Received b''[0m
[32m2023-10-25 01:43:03.698 DEBUG    [DC4100_LED.py:89] DC4100: Sending o 1 1[0m
[32m2023-10-25 01:43:03.808 DEBUG    [DC4100_LED.py:92] DC4100: Received b''[0m
[32m2023-10-25 01:43:03.808 DEBUG    [DC4100_LED.py:89] DC4100: Sending l 1 150[0m
[32m2023-10-25 01:43:03.915 DEBUG    [DC4100_LED.py:92] DC4100: Received b''[0m
[32m2023-10-25 01:43:03.915 DEBUG    [DC4100_LED.py:89] DC4100: Sending o 2 1[0m
[32m2023-10-25 01:43:04.24 DEBUG    [DC4100_LED.py:92] DC4100: Received b''[0m
[32m2023-10-25 01:43:04.24 DEBUG    [DC4100_LED.py:89] DC4100: Sending l 2 10[0m
[32m2023-10-25 01:43:04.132 DEBUG    [DC4100_LED.py:92] DC4100: Received b''[0m
[32m2023-10-25 01:43:04.132 DEBUG    [DC4100_LED.py:89] DC4100: Sending o 3 1[0m
[32m2023-10-25 01:43:04.240 DEBUG    [DC4100_LED.py:92] DC4100: Received b''[0m
[32m2023-10-25 01:43:04.240 DEBUG    [DC4100_LED.py:89] DC4100: Sending l 3 10[0m
[32m2023-10-25 01:43:04.349 DEBUG    [DC4100_LED.py:92] DC4100: Received b''[0m
[32m2023-10-25 01:43:04.349 DEBUG    [DC4100_LED.py:89] DC4100: Sending o 0 1[0m
[32m2023-10-25 01:43:04.458 DEBUG    [DC4100_LED.py:92] DC4100: Received b''[0m
[32m2023-10-25 01:43:04.458 DEBUG    [DC4100_LED.py:89] DC4100: Sending l 0 500[0m
[32m2023-10-25 01:43:04.566 DEBUG    [DC4100_LED.py:92] DC4100: Received b''[0m
[32m2023-10-25 01:43:05.732 DEBUG    [AcquisitionClass.py:124] 1000[0m
[32m2023-10-25 01:43:05.732 DEBUG    [AcquisitionClass.py:125] 1.0[0m
[32m2023-10-25 01:43:05.733 DEBUG    [AcquisitionClass.py:126] 10000[0m
[32m2023-10-25 01:43:05.733 DEBUG    [AcquisitionClass.py:127] 10[0m
[32m2023-10-25 01:43:05.733 DEBUG    [AcquisitionClass.py:128] 10000[0m
[32m2023-10-25 01:43:05.733 DEBUG    [AcquisitionClass.py:129] 10000[0m
[32m2023-10-25 01:43:05.734 DEBUG    [AcquisitionClass.py:130] 10000[0m
[36m2023-10-25 01:44:05.287 INFO     [AcquisitionClass.py:516] frequency: 10.000 
 amplitude 0.200 
 offset 1.000  
 acquisiton time 2952.000 
 points per period 1000.000 
 number of periods 10.000[0m
[1;31m2023-10-25 02:32:46.371 ERROR    [AcquisitionClass.py:529] Voltage saturation of the MPPC fluorescence reader[0m
