[32m2023-10-24 21:35:51.560 DEBUG    [DC4100_LED.py:69] Serial<id=0x1e1bf7c0c70, open=True>(port='COM5', baudrate=115200, bytesize=8, parity='N', stopbits=1, timeout=0.1, xonxoff=0, rtscts=0, dsrdtr=False)[0m
[32m2023-10-24 21:35:51.560 DEBUG    [DC4100_LED.py:89] DC4100: Sending o 0 0[0m
[32m2023-10-24 21:35:51.670 DEBUG    [DC4100_LED.py:92] DC4100: Received b''[0m
[32m2023-10-24 21:35:51.670 DEBUG    [DC4100_LED.py:89] DC4100: Sending o 1 0[0m
[32m2023-10-24 21:35:51.777 DEBUG    [DC4100_LED.py:92] DC4100: Received b''[0m
[32m2023-10-24 21:35:51.777 DEBUG    [DC4100_LED.py:89] DC4100: Sending o 2 0[0m
[32m2023-10-24 21:35:51.886 DEBUG    [DC4100_LED.py:92] DC4100: Received b''[0m
[32m2023-10-24 21:35:51.886 DEBUG    [DC4100_LED.py:89] DC4100: Sending o 3 0[0m
[32m2023-10-24 21:35:51.994 DEBUG    [DC4100_LED.py:92] DC4100: Received b''[0m
[1;35m2023-10-24 21:35:51.994 CRITICAL [DC4100_LED.py:164] setting mode[0m
[32m2023-10-24 21:35:51.994 DEBUG    [DC4100_LED.py:89] DC4100: Sending m 2[0m
[32m2023-10-24 21:35:52.103 DEBUG    [DC4100_LED.py:92] DC4100: Received b''[0m
[32m2023-10-24 21:35:53.112 DEBUG    [DC4100_LED.py:89] DC4100: Sending m?[0m
[32m2023-10-24 21:35:53.114 DEBUG    [DC4100_LED.py:92] DC4100: Received b'2\r\n'[0m
[36m2023-10-24 21:35:53.114 INFO     [DC4100_LED.py:215] External Control Mode[0m
[1;35m2023-10-24 21:35:53.114 CRITICAL [DC4100_LED.py:219] 1[0m
[32m2023-10-24 21:35:53.114 DEBUG    [DC4100_LED.py:89] DC4100: Sending o 0 1[0m
[32m2023-10-24 21:35:53.220 DEBUG    [DC4100_LED.py:92] DC4100: Received b''[0m
[1;35m2023-10-24 21:35:53.220 CRITICAL [DC4100_LED.py:219] 2[0m
[32m2023-10-24 21:35:53.220 DEBUG    [DC4100_LED.py:89] DC4100: Sending o 1 1[0m
[32m2023-10-24 21:35:53.328 DEBUG    [DC4100_LED.py:92] DC4100: Received b''[0m
[1;35m2023-10-24 21:35:53.328 CRITICAL [DC4100_LED.py:219] 3[0m
[32m2023-10-24 21:35:53.328 DEBUG    [DC4100_LED.py:89] DC4100: Sending o 2 1[0m
[32m2023-10-24 21:35:53.436 DEBUG    [DC4100_LED.py:92] DC4100: Received b''[0m
[1;35m2023-10-24 21:35:53.436 CRITICAL [DC4100_LED.py:219] 4[0m
[32m2023-10-24 21:35:53.436 DEBUG    [DC4100_LED.py:89] DC4100: Sending o 3 1[0m
[32m2023-10-24 21:35:53.546 DEBUG    [DC4100_LED.py:92] DC4100: Received b''[0m
[32m2023-10-24 21:35:53.546 DEBUG    [DC4100_LED.py:89] DC4100: Sending o 1 1[0m
[32m2023-10-24 21:35:53.655 DEBUG    [DC4100_LED.py:92] DC4100: Received b''[0m
[32m2023-10-24 21:35:53.655 DEBUG    [DC4100_LED.py:89] DC4100: Sending l 1 30[0m
[32m2023-10-24 21:35:53.764 DEBUG    [DC4100_LED.py:92] DC4100: Received b''[0m
[32m2023-10-24 21:35:53.764 DEBUG    [DC4100_LED.py:89] DC4100: Sending o 2 1[0m
[32m2023-10-24 21:35:53.874 DEBUG    [DC4100_LED.py:92] DC4100: Received b''[0m
[32m2023-10-24 21:35:53.874 DEBUG    [DC4100_LED.py:89] DC4100: Sending l 2 150[0m
[32m2023-10-24 21:35:53.982 DEBUG    [DC4100_LED.py:92] DC4100: Received b''[0m
[32m2023-10-24 21:35:53.982 DEBUG    [DC4100_LED.py:89] DC4100: Sending o 3 1[0m
[32m2023-10-24 21:35:54.90 DEBUG    [DC4100_LED.py:92] DC4100: Received b''[0m
[32m2023-10-24 21:35:54.90 DEBUG    [DC4100_LED.py:89] DC4100: Sending l 3 100[0m
[32m2023-10-24 21:35:54.198 DEBUG    [DC4100_LED.py:92] DC4100: Received b''[0m
[32m2023-10-24 21:35:54.198 DEBUG    [DC4100_LED.py:89] DC4100: Sending o 0 0[0m
[32m2023-10-24 21:35:54.306 DEBUG    [DC4100_LED.py:92] DC4100: Received b''[0m
[32m2023-10-24 21:35:55.596 DEBUG    [AcquisitionClass.py:124] 1000[0m
[32m2023-10-24 21:35:55.596 DEBUG    [AcquisitionClass.py:125] 1.0[0m
[32m2023-10-24 21:35:55.597 DEBUG    [AcquisitionClass.py:126] 10000[0m
[32m2023-10-24 21:35:55.597 DEBUG    [AcquisitionClass.py:127] 10[0m
[32m2023-10-24 21:35:55.597 DEBUG    [AcquisitionClass.py:128] 10000[0m
[32m2023-10-24 21:35:55.597 DEBUG    [AcquisitionClass.py:129] 10000[0m
[32m2023-10-24 21:35:55.598 DEBUG    [AcquisitionClass.py:130] 10000[0m
