[32m2023-10-24 15:04:55.73 DEBUG    [DC4100_LED.py:69] Serial<id=0x145d5ff5610, open=True>(port='COM5', baudrate=115200, bytesize=8, parity='N', stopbits=1, timeout=0.1, xonxoff=0, rtscts=0, dsrdtr=False)[0m
[32m2023-10-24 15:04:55.73 DEBUG    [DC4100_LED.py:89] DC4100: Sending o 0 0[0m
[32m2023-10-24 15:04:55.182 DEBUG    [DC4100_LED.py:92] DC4100: Received b''[0m
[32m2023-10-24 15:04:55.182 DEBUG    [DC4100_LED.py:89] DC4100: Sending o 1 0[0m
[32m2023-10-24 15:04:55.289 DEBUG    [DC4100_LED.py:92] DC4100: Received b''[0m
[32m2023-10-24 15:04:55.289 DEBUG    [DC4100_LED.py:89] DC4100: Sending o 2 0[0m
[32m2023-10-24 15:04:55.397 DEBUG    [DC4100_LED.py:92] DC4100: Received b''[0m
[32m2023-10-24 15:04:55.397 DEBUG    [DC4100_LED.py:89] DC4100: Sending o 3 0[0m
[32m2023-10-24 15:04:55.507 DEBUG    [DC4100_LED.py:92] DC4100: Received b''[0m
[1;35m2023-10-24 15:04:55.507 CRITICAL [DC4100_LED.py:164] setting mode[0m
[32m2023-10-24 15:04:55.507 DEBUG    [DC4100_LED.py:89] DC4100: Sending m 2[0m
[32m2023-10-24 15:04:55.615 DEBUG    [DC4100_LED.py:92] DC4100: Received b''[0m
[32m2023-10-24 15:04:56.623 DEBUG    [DC4100_LED.py:89] DC4100: Sending m?[0m
[32m2023-10-24 15:04:56.624 DEBUG    [DC4100_LED.py:92] DC4100: Received b'2\r\n'[0m
[36m2023-10-24 15:04:56.625 INFO     [DC4100_LED.py:215] External Control Mode[0m
[1;35m2023-10-24 15:04:56.625 CRITICAL [DC4100_LED.py:219] 1[0m
[32m2023-10-24 15:04:56.625 DEBUG    [DC4100_LED.py:89] DC4100: Sending o 0 1[0m
[32m2023-10-24 15:04:56.731 DEBUG    [DC4100_LED.py:92] DC4100: Received b''[0m
[1;35m2023-10-24 15:04:56.731 CRITICAL [DC4100_LED.py:219] 2[0m
[32m2023-10-24 15:04:56.731 DEBUG    [DC4100_LED.py:89] DC4100: Sending o 1 1[0m
[32m2023-10-24 15:04:56.842 DEBUG    [DC4100_LED.py:92] DC4100: Received b''[0m
[1;35m2023-10-24 15:04:56.842 CRITICAL [DC4100_LED.py:219] 3[0m
[32m2023-10-24 15:04:56.842 DEBUG    [DC4100_LED.py:89] DC4100: Sending o 2 1[0m
[32m2023-10-24 15:04:56.950 DEBUG    [DC4100_LED.py:92] DC4100: Received b''[0m
[1;35m2023-10-24 15:04:56.950 CRITICAL [DC4100_LED.py:219] 4[0m
[32m2023-10-24 15:04:56.950 DEBUG    [DC4100_LED.py:89] DC4100: Sending o 3 1[0m
[32m2023-10-24 15:04:57.58 DEBUG    [DC4100_LED.py:92] DC4100: Received b''[0m
[32m2023-10-24 15:04:57.58 DEBUG    [DC4100_LED.py:89] DC4100: Sending o 1 1[0m
[32m2023-10-24 15:04:57.167 DEBUG    [DC4100_LED.py:92] DC4100: Received b''[0m
[32m2023-10-24 15:04:57.167 DEBUG    [DC4100_LED.py:89] DC4100: Sending l 1 450[0m
[32m2023-10-24 15:04:57.276 DEBUG    [DC4100_LED.py:92] DC4100: Received b''[0m
[32m2023-10-24 15:04:57.276 DEBUG    [DC4100_LED.py:89] DC4100: Sending o 2 1[0m
[32m2023-10-24 15:04:57.383 DEBUG    [DC4100_LED.py:92] DC4100: Received b''[0m
[32m2023-10-24 15:04:57.383 DEBUG    [DC4100_LED.py:89] DC4100: Sending l 2 150[0m
[32m2023-10-24 15:04:57.491 DEBUG    [DC4100_LED.py:92] DC4100: Received b''[0m
[32m2023-10-24 15:04:57.491 DEBUG    [DC4100_LED.py:89] DC4100: Sending o 3 1[0m
[32m2023-10-24 15:04:57.601 DEBUG    [DC4100_LED.py:92] DC4100: Received b''[0m
[32m2023-10-24 15:04:57.601 DEBUG    [DC4100_LED.py:89] DC4100: Sending l 3 150[0m
[32m2023-10-24 15:04:57.711 DEBUG    [DC4100_LED.py:92] DC4100: Received b''[0m
[32m2023-10-24 15:04:57.711 DEBUG    [DC4100_LED.py:89] DC4100: Sending o 0 0[0m
[32m2023-10-24 15:04:57.820 DEBUG    [DC4100_LED.py:92] DC4100: Received b''[0m
[32m2023-10-24 15:04:59.107 DEBUG    [AcquisitionClass.py:124] 1000[0m
[32m2023-10-24 15:04:59.107 DEBUG    [AcquisitionClass.py:125] 1.0[0m
[32m2023-10-24 15:04:59.108 DEBUG    [AcquisitionClass.py:126] 10000[0m
[32m2023-10-24 15:04:59.108 DEBUG    [AcquisitionClass.py:127] 10[0m
[32m2023-10-24 15:04:59.108 DEBUG    [AcquisitionClass.py:128] 10000[0m
[32m2023-10-24 15:04:59.108 DEBUG    [AcquisitionClass.py:129] 10000[0m
[32m2023-10-24 15:04:59.109 DEBUG    [AcquisitionClass.py:130] 10000[0m
[32m2023-10-24 15:24:49.659 DEBUG    [DC4100_LED.py:89] DC4100: Sending o 1 0[0m
[32m2023-10-24 15:24:49.769 DEBUG    [DC4100_LED.py:92] DC4100: Received b''[0m
[36m2023-10-24 15:24:49.769 INFO     [AcquisitionClass.py:516] frequency: 10.000 
 amplitude 0.200 
 offset 1.000  
 acquisiton time 2052.000 
 points per period 1000.000 
 number of periods 10.000[0m
[1;31m2023-10-24 15:39:40.716 ERROR    [AcquisitionClass.py:529] Voltage saturation of the MPPC fluorescence reader[0m
[1;35m2023-10-24 15:39:52.255 CRITICAL [qE_OJIP_calib.py:139] 0.0012243691022649954[0m
