[32m2023-10-24 13:54:43.917 DEBUG    [DC4100_LED.py:69] Serial<id=0x1ab79795610, open=True>(port='COM5', baudrate=115200, bytesize=8, parity='N', stopbits=1, timeout=0.1, xonxoff=0, rtscts=0, dsrdtr=False)[0m
[32m2023-10-24 13:54:43.917 DEBUG    [DC4100_LED.py:89] DC4100: Sending o 0 0[0m
[32m2023-10-24 13:54:44.22 DEBUG    [DC4100_LED.py:92] DC4100: Received b''[0m
[32m2023-10-24 13:54:44.22 DEBUG    [DC4100_LED.py:89] DC4100: Sending o 1 0[0m
[32m2023-10-24 13:54:44.131 DEBUG    [DC4100_LED.py:92] DC4100: Received b''[0m
[32m2023-10-24 13:54:44.131 DEBUG    [DC4100_LED.py:89] DC4100: Sending o 2 0[0m
[32m2023-10-24 13:54:44.239 DEBUG    [DC4100_LED.py:92] DC4100: Received b''[0m
[32m2023-10-24 13:54:44.239 DEBUG    [DC4100_LED.py:89] DC4100: Sending o 3 0[0m
[32m2023-10-24 13:54:44.349 DEBUG    [DC4100_LED.py:92] DC4100: Received b''[0m
[1;35m2023-10-24 13:54:44.349 CRITICAL [DC4100_LED.py:164] setting mode[0m
[32m2023-10-24 13:54:44.349 DEBUG    [DC4100_LED.py:89] DC4100: Sending m 2[0m
[32m2023-10-24 13:54:44.457 DEBUG    [DC4100_LED.py:92] DC4100: Received b''[0m
[32m2023-10-24 13:54:45.466 DEBUG    [DC4100_LED.py:89] DC4100: Sending m?[0m
[32m2023-10-24 13:54:45.467 DEBUG    [DC4100_LED.py:92] DC4100: Received b'2\r\n'[0m
[36m2023-10-24 13:54:45.467 INFO     [DC4100_LED.py:215] External Control Mode[0m
[1;35m2023-10-24 13:54:45.468 CRITICAL [DC4100_LED.py:219] 1[0m
[32m2023-10-24 13:54:45.468 DEBUG    [DC4100_LED.py:89] DC4100: Sending o 0 1[0m
[32m2023-10-24 13:54:45.575 DEBUG    [DC4100_LED.py:92] DC4100: Received b''[0m
[1;35m2023-10-24 13:54:45.575 CRITICAL [DC4100_LED.py:219] 2[0m
[32m2023-10-24 13:54:45.576 DEBUG    [DC4100_LED.py:89] DC4100: Sending o 1 1[0m
[32m2023-10-24 13:54:45.683 DEBUG    [DC4100_LED.py:92] DC4100: Received b''[0m
[1;35m2023-10-24 13:54:45.683 CRITICAL [DC4100_LED.py:219] 3[0m
[32m2023-10-24 13:54:45.683 DEBUG    [DC4100_LED.py:89] DC4100: Sending o 2 1[0m
[32m2023-10-24 13:54:45.792 DEBUG    [DC4100_LED.py:92] DC4100: Received b''[0m
[1;35m2023-10-24 13:54:45.792 CRITICAL [DC4100_LED.py:219] 4[0m
[32m2023-10-24 13:54:45.792 DEBUG    [DC4100_LED.py:89] DC4100: Sending o 3 1[0m
[32m2023-10-24 13:54:45.899 DEBUG    [DC4100_LED.py:92] DC4100: Received b''[0m
[32m2023-10-24 13:54:45.899 DEBUG    [DC4100_LED.py:89] DC4100: Sending o 1 1[0m
[32m2023-10-24 13:54:46.10 DEBUG    [DC4100_LED.py:92] DC4100: Received b''[0m
[32m2023-10-24 13:54:46.10 DEBUG    [DC4100_LED.py:89] DC4100: Sending l 1 450[0m
[32m2023-10-24 13:54:46.118 DEBUG    [DC4100_LED.py:92] DC4100: Received b''[0m
[32m2023-10-24 13:54:46.118 DEBUG    [DC4100_LED.py:89] DC4100: Sending o 2 1[0m
[32m2023-10-24 13:54:46.229 DEBUG    [DC4100_LED.py:92] DC4100: Received b''[0m
[32m2023-10-24 13:54:46.229 DEBUG    [DC4100_LED.py:89] DC4100: Sending l 2 150[0m
[32m2023-10-24 13:54:46.337 DEBUG    [DC4100_LED.py:92] DC4100: Received b''[0m
[32m2023-10-24 13:54:46.337 DEBUG    [DC4100_LED.py:89] DC4100: Sending o 3 1[0m
[32m2023-10-24 13:54:46.443 DEBUG    [DC4100_LED.py:92] DC4100: Received b''[0m
[32m2023-10-24 13:54:46.443 DEBUG    [DC4100_LED.py:89] DC4100: Sending l 3 150[0m
[32m2023-10-24 13:54:46.552 DEBUG    [DC4100_LED.py:92] DC4100: Received b''[0m
[32m2023-10-24 13:54:46.552 DEBUG    [DC4100_LED.py:89] DC4100: Sending o 0 0[0m
[32m2023-10-24 13:54:46.660 DEBUG    [DC4100_LED.py:92] DC4100: Received b''[0m
[32m2023-10-24 13:54:47.959 DEBUG    [AcquisitionClass.py:124] 1000[0m
[32m2023-10-24 13:54:47.959 DEBUG    [AcquisitionClass.py:125] 1.0[0m
[32m2023-10-24 13:54:47.960 DEBUG    [AcquisitionClass.py:126] 10000[0m
[32m2023-10-24 13:54:47.960 DEBUG    [AcquisitionClass.py:127] 10[0m
[32m2023-10-24 13:54:47.960 DEBUG    [AcquisitionClass.py:128] 10000[0m
[32m2023-10-24 13:54:47.961 DEBUG    [AcquisitionClass.py:129] 10000[0m
[32m2023-10-24 13:54:47.961 DEBUG    [AcquisitionClass.py:130] 10000[0m
[32m2023-10-24 14:14:38.494 DEBUG    [DC4100_LED.py:89] DC4100: Sending o 1 0[0m
[32m2023-10-24 14:14:38.602 DEBUG    [DC4100_LED.py:92] DC4100: Received b''[0m
[36m2023-10-24 14:14:38.602 INFO     [AcquisitionClass.py:516] frequency: 10.000 
 amplitude 0.200 
 offset 1.000  
 acquisiton time 2052.000 
 points per period 1000.000 
 number of periods 10.000[0m
[1;31m2023-10-24 14:29:29.551 ERROR    [AcquisitionClass.py:529] Voltage saturation of the MPPC fluorescence reader[0m
[1;35m2023-10-24 14:29:41.315 CRITICAL [qE_OJIP_calib.py:139] 0.00121667276951616[0m
