[32m2023-11-22 14:53:10.827 DEBUG    [DC4100_LED.py:69] Serial<id=0x2c8b17d4c70, open=True>(port='COM5', baudrate=115200, bytesize=8, parity='N', stopbits=1, timeout=0.1, xonxoff=0, rtscts=0, dsrdtr=False)[0m
[32m2023-11-22 14:53:10.827 DEBUG    [DC4100_LED.py:89] DC4100: Sending o 0 0[0m
[32m2023-11-22 14:53:10.937 DEBUG    [DC4100_LED.py:92] DC4100: Received b''[0m
[32m2023-11-22 14:53:10.937 DEBUG    [DC4100_LED.py:89] DC4100: Sending o 1 0[0m
[32m2023-11-22 14:53:11.37 DEBUG    [DC4100_LED.py:92] DC4100: Received b''[0m
[32m2023-11-22 14:53:11.37 DEBUG    [DC4100_LED.py:89] DC4100: Sending o 2 0[0m
[32m2023-11-22 14:53:11.147 DEBUG    [DC4100_LED.py:92] DC4100: Received b''[0m
[32m2023-11-22 14:53:11.147 DEBUG    [DC4100_LED.py:89] DC4100: Sending o 3 0[0m
[32m2023-11-22 14:53:11.253 DEBUG    [DC4100_LED.py:92] DC4100: Received b''[0m
[1;35m2023-11-22 14:53:11.253 CRITICAL [DC4100_LED.py:164] setting mode[0m
[32m2023-11-22 14:53:11.253 DEBUG    [DC4100_LED.py:89] DC4100: Sending m 2[0m
[32m2023-11-22 14:53:11.367 DEBUG    [DC4100_LED.py:92] DC4100: Received b''[0m
[32m2023-11-22 14:53:12.370 DEBUG    [DC4100_LED.py:89] DC4100: Sending m?[0m
[32m2023-11-22 14:53:12.370 DEBUG    [DC4100_LED.py:92] DC4100: Received b'2\r\n'[0m
[36m2023-11-22 14:53:12.370 INFO     [DC4100_LED.py:215] External Control Mode[0m
[1;35m2023-11-22 14:53:12.370 CRITICAL [DC4100_LED.py:219] 1[0m
[32m2023-11-22 14:53:12.370 DEBUG    [DC4100_LED.py:89] DC4100: Sending o 0 1[0m
[32m2023-11-22 14:53:12.470 DEBUG    [DC4100_LED.py:92] DC4100: Received b''[0m
[1;35m2023-11-22 14:53:12.470 CRITICAL [DC4100_LED.py:219] 2[0m
[32m2023-11-22 14:53:12.470 DEBUG    [DC4100_LED.py:89] DC4100: Sending o 1 1[0m
[32m2023-11-22 14:53:12.580 DEBUG    [DC4100_LED.py:92] DC4100: Received b''[0m
[1;35m2023-11-22 14:53:12.580 CRITICAL [DC4100_LED.py:219] 3[0m
[32m2023-11-22 14:53:12.580 DEBUG    [DC4100_LED.py:89] DC4100: Sending o 2 1[0m
[32m2023-11-22 14:53:12.690 DEBUG    [DC4100_LED.py:92] DC4100: Received b''[0m
[1;35m2023-11-22 14:53:12.690 CRITICAL [DC4100_LED.py:219] 4[0m
[32m2023-11-22 14:53:12.690 DEBUG    [DC4100_LED.py:89] DC4100: Sending o 3 1[0m
[32m2023-11-22 14:53:12.790 DEBUG    [DC4100_LED.py:92] DC4100: Received b''[0m
[32m2023-11-22 14:53:12.790 DEBUG    [DC4100_LED.py:89] DC4100: Sending o 1 1[0m
[32m2023-11-22 14:53:12.890 DEBUG    [DC4100_LED.py:92] DC4100: Received b''[0m
[32m2023-11-22 14:53:12.890 DEBUG    [DC4100_LED.py:89] DC4100: Sending l 1 1000[0m
[32m2023-11-22 14:53:12.990 DEBUG    [DC4100_LED.py:92] DC4100: Received b''[0m
[32m2023-11-22 14:53:12.990 DEBUG    [DC4100_LED.py:89] DC4100: Sending o 2 0[0m
[32m2023-11-22 14:53:13.91 DEBUG    [DC4100_LED.py:92] DC4100: Received b''[0m
[32m2023-11-22 14:53:13.91 DEBUG    [DC4100_LED.py:89] DC4100: Sending o 3 0[0m
[32m2023-11-22 14:53:13.199 DEBUG    [DC4100_LED.py:92] DC4100: Received b''[0m
[32m2023-11-22 14:53:13.199 DEBUG    [DC4100_LED.py:89] DC4100: Sending o 0 0[0m
[32m2023-11-22 14:53:13.300 DEBUG    [DC4100_LED.py:92] DC4100: Received b''[0m
[32m2023-11-22 14:53:14.876 DEBUG    [AcquisitionClass.py:125] 1000[0m
[32m2023-11-22 14:53:14.876 DEBUG    [AcquisitionClass.py:126] 1.0[0m
[32m2023-11-22 14:53:14.876 DEBUG    [AcquisitionClass.py:127] 10000[0m
[32m2023-11-22 14:53:14.876 DEBUG    [AcquisitionClass.py:128] 10[0m
[32m2023-11-22 14:53:14.876 DEBUG    [AcquisitionClass.py:129] 10000[0m
[32m2023-11-22 14:53:14.876 DEBUG    [AcquisitionClass.py:130] 10000[0m
[32m2023-11-22 14:53:14.876 DEBUG    [AcquisitionClass.py:131] 10000[0m
[32m2023-11-22 14:53:40.28 DEBUG    [AcquisitionClass.py:125] 1000[0m
[32m2023-11-22 14:53:40.28 DEBUG    [AcquisitionClass.py:126] 1.0[0m
[32m2023-11-22 14:53:40.28 DEBUG    [AcquisitionClass.py:127] 10000[0m
[32m2023-11-22 14:53:40.28 DEBUG    [AcquisitionClass.py:128] 10[0m
[32m2023-11-22 14:53:40.28 DEBUG    [AcquisitionClass.py:129] 10000[0m
[32m2023-11-22 14:53:40.28 DEBUG    [AcquisitionClass.py:130] 10000[0m
[32m2023-11-22 14:53:40.28 DEBUG    [AcquisitionClass.py:131] 10000[0m
[32m2023-11-22 14:53:40.28 DEBUG    [AcquisitionClass.py:125] 2000[0m
[32m2023-11-22 14:53:40.28 DEBUG    [AcquisitionClass.py:126] 3600.0[0m
[32m2023-11-22 14:53:40.28 DEBUG    [AcquisitionClass.py:127] 1000.0[0m
[32m2023-11-22 14:53:40.28 DEBUG    [AcquisitionClass.py:128] 0.5[0m
[32m2023-11-22 14:53:40.28 DEBUG    [AcquisitionClass.py:129] 1000.0[0m
[32m2023-11-22 14:53:40.28 DEBUG    [AcquisitionClass.py:130] 3600000[0m
[32m2023-11-22 14:53:40.28 DEBUG    [AcquisitionClass.py:131] 3600000[0m
[32m2023-11-22 14:53:41.525 DEBUG    [AcquisitionClass.py:125] 2000[0m
[32m2023-11-22 14:53:41.525 DEBUG    [AcquisitionClass.py:126] 3600.0[0m
[32m2023-11-22 14:53:41.525 DEBUG    [AcquisitionClass.py:127] 1000.0[0m
[32m2023-11-22 14:53:41.525 DEBUG    [AcquisitionClass.py:128] 0.5[0m
[32m2023-11-22 14:53:41.525 DEBUG    [AcquisitionClass.py:129] 1000.0[0m
[32m2023-11-22 14:53:41.525 DEBUG    [AcquisitionClass.py:130] 3600000[0m
[32m2023-11-22 14:53:41.525 DEBUG    [AcquisitionClass.py:131] 3600000[0m
[36m2023-11-22 14:53:41.605 INFO     [AcquisitionClass.py:517] frequency: 0.500 
 amplitude 0.228 
 offset 0.455  
 acquisiton time 3600.000 
 points per period 2000.000 
 number of periods 1800.000[0m
[36m2023-11-22 15:53:42.835 INFO     [AcquisitionClass.py:630] Shutting down all LEDs for 1 seconds[0m
[36m2023-11-22 15:53:42.885 INFO     [AcquisitionClass.py:371] Did not start digital generator, check generator_analog_channels[0m
[32m2023-11-22 15:55:04.855 DEBUG    [AcquisitionClass.py:125] 2000[0m
[32m2023-11-22 15:55:04.855 DEBUG    [AcquisitionClass.py:126] 3600.0[0m
[32m2023-11-22 15:55:04.855 DEBUG    [AcquisitionClass.py:127] 125.0[0m
[32m2023-11-22 15:55:04.855 DEBUG    [AcquisitionClass.py:128] 0.0625[0m
[32m2023-11-22 15:55:04.855 DEBUG    [AcquisitionClass.py:129] 125.0[0m
[32m2023-11-22 15:55:04.855 DEBUG    [AcquisitionClass.py:130] 450000[0m
[32m2023-11-22 15:55:04.855 DEBUG    [AcquisitionClass.py:131] 450000[0m
[36m2023-11-22 15:55:04.929 INFO     [AcquisitionClass.py:517] frequency: 0.062 
 amplitude 0.228 
 offset 0.455  
 acquisiton time 3600.000 
 points per period 2000.000 
 number of periods 225.000[0m
[36m2023-11-22 16:55:13.32 INFO     [AcquisitionClass.py:630] Shutting down all LEDs for 1 seconds[0m
[36m2023-11-22 16:55:13.82 INFO     [AcquisitionClass.py:371] Did not start digital generator, check generator_analog_channels[0m
[32m2023-11-22 16:55:42.343 DEBUG    [AcquisitionClass.py:125] 2000[0m
[32m2023-11-22 16:55:42.343 DEBUG    [AcquisitionClass.py:126] 3584.0[0m
[32m2023-11-22 16:55:42.343 DEBUG    [AcquisitionClass.py:127] 31.0[0m
[32m2023-11-22 16:55:42.343 DEBUG    [AcquisitionClass.py:128] 0.015625[0m
[32m2023-11-22 16:55:42.343 DEBUG    [AcquisitionClass.py:129] 31.25[0m
[32m2023-11-22 16:55:42.353 DEBUG    [AcquisitionClass.py:130] 112000[0m
[32m2023-11-22 16:55:42.353 DEBUG    [AcquisitionClass.py:131] 112000[0m
[36m2023-11-22 16:55:42.403 INFO     [AcquisitionClass.py:517] frequency: 0.016 
 amplitude 0.228 
 offset 0.455  
 acquisiton time 3584.000 
 points per period 2000.000 
 number of periods 56.000[0m
[36m2023-11-22 17:55:58.491 INFO     [AcquisitionClass.py:630] Shutting down all LEDs for 1 seconds[0m
[36m2023-11-22 17:55:58.541 INFO     [AcquisitionClass.py:371] Did not start digital generator, check generator_analog_channels[0m
