[32m2023-10-10 11:15:38.762 DEBUG    [DC4100_LED.py:69] Serial<id=0x25296b92fd0, open=True>(port='COM5', baudrate=115200, bytesize=8, parity='N', stopbits=1, timeout=0.1, xonxoff=0, rtscts=0, dsrdtr=False)[0m
[32m2023-10-10 11:15:38.762 DEBUG    [DC4100_LED.py:89] DC4100: Sending o 0 0[0m
[32m2023-10-10 11:15:38.866 DEBUG    [DC4100_LED.py:92] DC4100: Received b''[0m
[32m2023-10-10 11:15:38.866 DEBUG    [DC4100_LED.py:89] DC4100: Sending o 1 0[0m
[32m2023-10-10 11:15:38.975 DEBUG    [DC4100_LED.py:92] DC4100: Received b''[0m
[32m2023-10-10 11:15:38.975 DEBUG    [DC4100_LED.py:89] DC4100: Sending o 2 0[0m
[32m2023-10-10 11:15:39.99 DEBUG    [DC4100_LED.py:92] DC4100: Received b''[0m
[32m2023-10-10 11:15:39.99 DEBUG    [DC4100_LED.py:89] DC4100: Sending o 3 0[0m
[32m2023-10-10 11:15:39.208 DEBUG    [DC4100_LED.py:92] DC4100: Received b''[0m
[1;35m2023-10-10 11:15:39.208 CRITICAL [DC4100_LED.py:164] setting mode[0m
[32m2023-10-10 11:15:39.208 DEBUG    [DC4100_LED.py:89] DC4100: Sending m 2[0m
[32m2023-10-10 11:15:39.316 DEBUG    [DC4100_LED.py:92] DC4100: Received b''[0m
[32m2023-10-10 11:15:40.324 DEBUG    [DC4100_LED.py:89] DC4100: Sending m?[0m
[32m2023-10-10 11:15:40.326 DEBUG    [DC4100_LED.py:92] DC4100: Received b'2\r\n'[0m
[36m2023-10-10 11:15:40.326 INFO     [DC4100_LED.py:215] External Control Mode[0m
[1;35m2023-10-10 11:15:40.326 CRITICAL [DC4100_LED.py:219] 1[0m
[32m2023-10-10 11:15:40.326 DEBUG    [DC4100_LED.py:89] DC4100: Sending o 0 1[0m
[32m2023-10-10 11:15:40.432 DEBUG    [DC4100_LED.py:92] DC4100: Received b''[0m
[1;35m2023-10-10 11:15:40.432 CRITICAL [DC4100_LED.py:219] 2[0m
[32m2023-10-10 11:15:40.432 DEBUG    [DC4100_LED.py:89] DC4100: Sending o 1 1[0m
[32m2023-10-10 11:15:40.540 DEBUG    [DC4100_LED.py:92] DC4100: Received b''[0m
[1;35m2023-10-10 11:15:40.540 CRITICAL [DC4100_LED.py:219] 3[0m
[32m2023-10-10 11:15:40.541 DEBUG    [DC4100_LED.py:89] DC4100: Sending o 2 1[0m
[32m2023-10-10 11:15:40.649 DEBUG    [DC4100_LED.py:92] DC4100: Received b''[0m
[1;35m2023-10-10 11:15:40.649 CRITICAL [DC4100_LED.py:219] 4[0m
[32m2023-10-10 11:15:40.649 DEBUG    [DC4100_LED.py:89] DC4100: Sending o 3 1[0m
[32m2023-10-10 11:15:40.758 DEBUG    [DC4100_LED.py:92] DC4100: Received b''[0m
[32m2023-10-10 11:15:40.758 DEBUG    [DC4100_LED.py:89] DC4100: Sending o 1 1[0m
[32m2023-10-10 11:15:40.866 DEBUG    [DC4100_LED.py:92] DC4100: Received b''[0m
[32m2023-10-10 11:15:40.866 DEBUG    [DC4100_LED.py:89] DC4100: Sending l 1 1000[0m
[32m2023-10-10 11:15:40.974 DEBUG    [DC4100_LED.py:92] DC4100: Received b''[0m
[32m2023-10-10 11:15:40.974 DEBUG    [DC4100_LED.py:89] DC4100: Sending o 2 0[0m
[32m2023-10-10 11:15:41.82 DEBUG    [DC4100_LED.py:92] DC4100: Received b''[0m
[32m2023-10-10 11:15:41.82 DEBUG    [DC4100_LED.py:89] DC4100: Sending o 3 0[0m
[32m2023-10-10 11:15:41.190 DEBUG    [DC4100_LED.py:92] DC4100: Received b''[0m
[32m2023-10-10 11:15:41.190 DEBUG    [DC4100_LED.py:89] DC4100: Sending o 0 0[0m
[32m2023-10-10 11:15:41.299 DEBUG    [DC4100_LED.py:92] DC4100: Received b''[0m
[32m2023-10-10 11:15:42.809 DEBUG    [AcquisitionClass.py:124] 1000[0m
[32m2023-10-10 11:15:42.809 DEBUG    [AcquisitionClass.py:125] 1.0[0m
[32m2023-10-10 11:15:42.810 DEBUG    [AcquisitionClass.py:126] 10000[0m
[32m2023-10-10 11:15:42.810 DEBUG    [AcquisitionClass.py:127] 10[0m
[32m2023-10-10 11:15:42.810 DEBUG    [AcquisitionClass.py:128] 10000[0m
[32m2023-10-10 11:15:42.810 DEBUG    [AcquisitionClass.py:129] 10000[0m
[32m2023-10-10 11:15:42.811 DEBUG    [AcquisitionClass.py:130] 10000[0m
