[32m2023-10-24 15:41:50.887 DEBUG    [DC4100_LED.py:69] Serial<id=0x1b2f2222c10, open=True>(port='COM5', baudrate=115200, bytesize=8, parity='N', stopbits=1, timeout=0.1, xonxoff=0, rtscts=0, dsrdtr=False)[0m
[32m2023-10-24 15:41:50.887 DEBUG    [DC4100_LED.py:89] DC4100: Sending o 0 0[0m
[32m2023-10-24 15:41:50.995 DEBUG    [DC4100_LED.py:92] DC4100: Received b''[0m
[32m2023-10-24 15:41:50.995 DEBUG    [DC4100_LED.py:89] DC4100: Sending o 1 0[0m
[32m2023-10-24 15:41:51.103 DEBUG    [DC4100_LED.py:92] DC4100: Received b''[0m
[32m2023-10-24 15:41:51.103 DEBUG    [DC4100_LED.py:89] DC4100: Sending o 2 0[0m
[32m2023-10-24 15:41:51.210 DEBUG    [DC4100_LED.py:92] DC4100: Received b''[0m
[32m2023-10-24 15:41:51.210 DEBUG    [DC4100_LED.py:89] DC4100: Sending o 3 0[0m
[32m2023-10-24 15:41:51.320 DEBUG    [DC4100_LED.py:92] DC4100: Received b''[0m
[1;35m2023-10-24 15:41:51.320 CRITICAL [DC4100_LED.py:164] setting mode[0m
[32m2023-10-24 15:41:51.320 DEBUG    [DC4100_LED.py:89] DC4100: Sending m 2[0m
[32m2023-10-24 15:41:51.428 DEBUG    [DC4100_LED.py:92] DC4100: Received b''[0m
[32m2023-10-24 15:41:52.440 DEBUG    [DC4100_LED.py:89] DC4100: Sending m?[0m
[32m2023-10-24 15:41:52.442 DEBUG    [DC4100_LED.py:92] DC4100: Received b'2\r\n'[0m
[36m2023-10-24 15:41:52.442 INFO     [DC4100_LED.py:215] External Control Mode[0m
[1;35m2023-10-24 15:41:52.442 CRITICAL [DC4100_LED.py:219] 1[0m
[32m2023-10-24 15:41:52.442 DEBUG    [DC4100_LED.py:89] DC4100: Sending o 0 1[0m
[32m2023-10-24 15:41:52.550 DEBUG    [DC4100_LED.py:92] DC4100: Received b''[0m
[1;35m2023-10-24 15:41:52.550 CRITICAL [DC4100_LED.py:219] 2[0m
[32m2023-10-24 15:41:52.550 DEBUG    [DC4100_LED.py:89] DC4100: Sending o 1 1[0m
[32m2023-10-24 15:41:52.660 DEBUG    [DC4100_LED.py:92] DC4100: Received b''[0m
[1;35m2023-10-24 15:41:52.660 CRITICAL [DC4100_LED.py:219] 3[0m
[32m2023-10-24 15:41:52.661 DEBUG    [DC4100_LED.py:89] DC4100: Sending o 2 1[0m
[32m2023-10-24 15:41:52.768 DEBUG    [DC4100_LED.py:92] DC4100: Received b''[0m
[1;35m2023-10-24 15:41:52.768 CRITICAL [DC4100_LED.py:219] 4[0m
[32m2023-10-24 15:41:52.768 DEBUG    [DC4100_LED.py:89] DC4100: Sending o 3 1[0m
[32m2023-10-24 15:41:52.878 DEBUG    [DC4100_LED.py:92] DC4100: Received b''[0m
[32m2023-10-24 15:41:52.878 DEBUG    [DC4100_LED.py:89] DC4100: Sending o 1 1[0m
[32m2023-10-24 15:41:52.987 DEBUG    [DC4100_LED.py:92] DC4100: Received b''[0m
[32m2023-10-24 15:41:52.987 DEBUG    [DC4100_LED.py:89] DC4100: Sending l 1 450[0m
[32m2023-10-24 15:41:53.95 DEBUG    [DC4100_LED.py:92] DC4100: Received b''[0m
[32m2023-10-24 15:41:53.95 DEBUG    [DC4100_LED.py:89] DC4100: Sending o 2 1[0m
[32m2023-10-24 15:41:53.204 DEBUG    [DC4100_LED.py:92] DC4100: Received b''[0m
[32m2023-10-24 15:41:53.204 DEBUG    [DC4100_LED.py:89] DC4100: Sending l 2 10[0m
[32m2023-10-24 15:41:53.311 DEBUG    [DC4100_LED.py:92] DC4100: Received b''[0m
[32m2023-10-24 15:41:53.311 DEBUG    [DC4100_LED.py:89] DC4100: Sending o 3 1[0m
[32m2023-10-24 15:41:53.420 DEBUG    [DC4100_LED.py:92] DC4100: Received b''[0m
[32m2023-10-24 15:41:53.420 DEBUG    [DC4100_LED.py:89] DC4100: Sending l 3 10[0m
[32m2023-10-24 15:41:53.529 DEBUG    [DC4100_LED.py:92] DC4100: Received b''[0m
[32m2023-10-24 15:41:53.529 DEBUG    [DC4100_LED.py:89] DC4100: Sending o 0 1[0m
[32m2023-10-24 15:41:53.638 DEBUG    [DC4100_LED.py:92] DC4100: Received b''[0m
[32m2023-10-24 15:41:53.638 DEBUG    [DC4100_LED.py:89] DC4100: Sending l 0 500[0m
[32m2023-10-24 15:41:53.747 DEBUG    [DC4100_LED.py:92] DC4100: Received b''[0m
[32m2023-10-24 15:41:54.927 DEBUG    [AcquisitionClass.py:124] 1000[0m
[32m2023-10-24 15:41:54.927 DEBUG    [AcquisitionClass.py:125] 1.0[0m
[32m2023-10-24 15:41:54.928 DEBUG    [AcquisitionClass.py:126] 10000[0m
[32m2023-10-24 15:41:54.928 DEBUG    [AcquisitionClass.py:127] 10[0m
[32m2023-10-24 15:41:54.928 DEBUG    [AcquisitionClass.py:128] 10000[0m
[32m2023-10-24 15:41:54.929 DEBUG    [AcquisitionClass.py:129] 10000[0m
[32m2023-10-24 15:41:54.929 DEBUG    [AcquisitionClass.py:130] 10000[0m
[36m2023-10-24 15:42:54.480 INFO     [AcquisitionClass.py:516] frequency: 10.000 
 amplitude 0.200 
 offset 1.000  
 acquisiton time 4932.000 
 points per period 1000.000 
 number of periods 10.000[0m
