[32m2023-10-16 17:02:16.103 DEBUG    [DC4100_LED.py:69] Serial<id=0x1e79e129100, open=True>(port='COM5', baudrate=115200, bytesize=8, parity='N', stopbits=1, timeout=0.1, xonxoff=0, rtscts=0, dsrdtr=False)[0m
[32m2023-10-16 17:02:16.103 DEBUG    [DC4100_LED.py:89] DC4100: Sending o 0 0[0m
[32m2023-10-16 17:02:16.212 DEBUG    [DC4100_LED.py:92] DC4100: Received b''[0m
[32m2023-10-16 17:02:16.212 DEBUG    [DC4100_LED.py:89] DC4100: Sending o 1 0[0m
[32m2023-10-16 17:02:16.321 DEBUG    [DC4100_LED.py:92] DC4100: Received b''[0m
[32m2023-10-16 17:02:16.321 DEBUG    [DC4100_LED.py:89] DC4100: Sending o 2 0[0m
[32m2023-10-16 17:02:16.429 DEBUG    [DC4100_LED.py:92] DC4100: Received b''[0m
[32m2023-10-16 17:02:16.429 DEBUG    [DC4100_LED.py:89] DC4100: Sending o 3 0[0m
[32m2023-10-16 17:02:16.541 DEBUG    [DC4100_LED.py:92] DC4100: Received b''[0m
[1;35m2023-10-16 17:02:16.541 CRITICAL [DC4100_LED.py:164] setting mode[0m
[32m2023-10-16 17:02:16.541 DEBUG    [DC4100_LED.py:89] DC4100: Sending m 2[0m
[32m2023-10-16 17:02:16.650 DEBUG    [DC4100_LED.py:92] DC4100: Received b''[0m
[32m2023-10-16 17:02:17.664 DEBUG    [DC4100_LED.py:89] DC4100: Sending m?[0m
[32m2023-10-16 17:02:17.666 DEBUG    [DC4100_LED.py:92] DC4100: Received b'2\r\n'[0m
[36m2023-10-16 17:02:17.666 INFO     [DC4100_LED.py:215] External Control Mode[0m
[1;35m2023-10-16 17:02:17.666 CRITICAL [DC4100_LED.py:219] 1[0m
[32m2023-10-16 17:02:17.666 DEBUG    [DC4100_LED.py:89] DC4100: Sending o 0 1[0m
[32m2023-10-16 17:02:17.774 DEBUG    [DC4100_LED.py:92] DC4100: Received b''[0m
[1;35m2023-10-16 17:02:17.774 CRITICAL [DC4100_LED.py:219] 2[0m
[32m2023-10-16 17:02:17.774 DEBUG    [DC4100_LED.py:89] DC4100: Sending o 1 1[0m
[32m2023-10-16 17:02:17.885 DEBUG    [DC4100_LED.py:92] DC4100: Received b''[0m
[1;35m2023-10-16 17:02:17.885 CRITICAL [DC4100_LED.py:219] 3[0m
[32m2023-10-16 17:02:17.885 DEBUG    [DC4100_LED.py:89] DC4100: Sending o 2 1[0m
[32m2023-10-16 17:02:17.993 DEBUG    [DC4100_LED.py:92] DC4100: Received b''[0m
[1;35m2023-10-16 17:02:17.993 CRITICAL [DC4100_LED.py:219] 4[0m
[32m2023-10-16 17:02:17.993 DEBUG    [DC4100_LED.py:89] DC4100: Sending o 3 1[0m
[32m2023-10-16 17:02:18.101 DEBUG    [DC4100_LED.py:92] DC4100: Received b''[0m
[32m2023-10-16 17:02:18.101 DEBUG    [DC4100_LED.py:89] DC4100: Sending o 1 1[0m
[32m2023-10-16 17:02:18.208 DEBUG    [DC4100_LED.py:92] DC4100: Received b''[0m
[32m2023-10-16 17:02:18.208 DEBUG    [DC4100_LED.py:89] DC4100: Sending l 1 400[0m
[32m2023-10-16 17:02:18.318 DEBUG    [DC4100_LED.py:92] DC4100: Received b''[0m
[32m2023-10-16 17:02:18.318 DEBUG    [DC4100_LED.py:89] DC4100: Sending o 2 1[0m
[32m2023-10-16 17:02:18.429 DEBUG    [DC4100_LED.py:92] DC4100: Received b''[0m
[32m2023-10-16 17:02:18.429 DEBUG    [DC4100_LED.py:89] DC4100: Sending l 2 150[0m
[32m2023-10-16 17:02:18.537 DEBUG    [DC4100_LED.py:92] DC4100: Received b''[0m
[32m2023-10-16 17:02:18.537 DEBUG    [DC4100_LED.py:89] DC4100: Sending o 3 1[0m
[32m2023-10-16 17:02:18.646 DEBUG    [DC4100_LED.py:92] DC4100: Received b''[0m
[32m2023-10-16 17:02:18.646 DEBUG    [DC4100_LED.py:89] DC4100: Sending l 3 250[0m
[32m2023-10-16 17:02:18.757 DEBUG    [DC4100_LED.py:92] DC4100: Received b''[0m
[32m2023-10-16 17:02:18.757 DEBUG    [DC4100_LED.py:89] DC4100: Sending o 0 0[0m
[32m2023-10-16 17:02:18.865 DEBUG    [DC4100_LED.py:92] DC4100: Received b''[0m
[32m2023-10-16 17:02:20.140 DEBUG    [AcquisitionClass.py:124] 1000[0m
[32m2023-10-16 17:02:20.140 DEBUG    [AcquisitionClass.py:125] 1.0[0m
[32m2023-10-16 17:02:20.141 DEBUG    [AcquisitionClass.py:126] 10000[0m
[32m2023-10-16 17:02:20.141 DEBUG    [AcquisitionClass.py:127] 10[0m
[32m2023-10-16 17:02:20.141 DEBUG    [AcquisitionClass.py:128] 10000[0m
[32m2023-10-16 17:02:20.142 DEBUG    [AcquisitionClass.py:129] 10000[0m
[32m2023-10-16 17:02:20.142 DEBUG    [AcquisitionClass.py:130] 10000[0m
[36m2023-10-16 17:02:36.690 INFO     [AcquisitionClass.py:516] frequency: 10.000 
 amplitude 0.200 
 offset 1.000  
 acquisiton time 12.000 
 points per period 30.000 
 number of periods 10.000[0m
[1;31m2023-10-16 17:02:49.952 ERROR    [AcquisitionClass.py:529] Voltage saturation of the MPPC fluorescence reader[0m
[36m2023-10-16 17:06:13.594 INFO     [AcquisitionClass.py:629] Shutting down all LEDs for 1 seconds[0m
[36m2023-10-16 17:06:13.595 INFO     [AcquisitionClass.py:365] Did not start analog generator, check generator_analog_channels[0m
[36m2023-10-16 17:06:13.595 INFO     [AcquisitionClass.py:370] Did not start digital generator, check generator_analog_channels[0m
