[32m2023-10-24 21:37:35.175 DEBUG    [DC4100_LED.py:69] Serial<id=0x215b1ca2c10, open=True>(port='COM5', baudrate=115200, bytesize=8, parity='N', stopbits=1, timeout=0.1, xonxoff=0, rtscts=0, dsrdtr=False)[0m
[32m2023-10-24 21:37:35.175 DEBUG    [DC4100_LED.py:89] DC4100: Sending o 0 0[0m
[32m2023-10-24 21:37:35.285 DEBUG    [DC4100_LED.py:92] DC4100: Received b''[0m
[32m2023-10-24 21:37:35.285 DEBUG    [DC4100_LED.py:89] DC4100: Sending o 1 0[0m
[32m2023-10-24 21:37:35.395 DEBUG    [DC4100_LED.py:92] DC4100: Received b''[0m
[32m2023-10-24 21:37:35.395 DEBUG    [DC4100_LED.py:89] DC4100: Sending o 2 0[0m
[32m2023-10-24 21:37:35.518 DEBUG    [DC4100_LED.py:92] DC4100: Received b''[0m
[32m2023-10-24 21:37:35.518 DEBUG    [DC4100_LED.py:89] DC4100: Sending o 3 0[0m
[32m2023-10-24 21:37:35.627 DEBUG    [DC4100_LED.py:92] DC4100: Received b''[0m
[1;35m2023-10-24 21:37:35.627 CRITICAL [DC4100_LED.py:164] setting mode[0m
[32m2023-10-24 21:37:35.627 DEBUG    [DC4100_LED.py:89] DC4100: Sending m 2[0m
[32m2023-10-24 21:37:35.736 DEBUG    [DC4100_LED.py:92] DC4100: Received b''[0m
[32m2023-10-24 21:37:36.752 DEBUG    [DC4100_LED.py:89] DC4100: Sending m?[0m
[32m2023-10-24 21:37:36.754 DEBUG    [DC4100_LED.py:92] DC4100: Received b'2\r\n'[0m
[36m2023-10-24 21:37:36.754 INFO     [DC4100_LED.py:215] External Control Mode[0m
[1;35m2023-10-24 21:37:36.754 CRITICAL [DC4100_LED.py:219] 1[0m
[32m2023-10-24 21:37:36.754 DEBUG    [DC4100_LED.py:89] DC4100: Sending o 0 1[0m
[32m2023-10-24 21:37:36.860 DEBUG    [DC4100_LED.py:92] DC4100: Received b''[0m
[1;35m2023-10-24 21:37:36.860 CRITICAL [DC4100_LED.py:219] 2[0m
[32m2023-10-24 21:37:36.860 DEBUG    [DC4100_LED.py:89] DC4100: Sending o 1 1[0m
[32m2023-10-24 21:37:36.968 DEBUG    [DC4100_LED.py:92] DC4100: Received b''[0m
[1;35m2023-10-24 21:37:36.968 CRITICAL [DC4100_LED.py:219] 3[0m
[32m2023-10-24 21:37:36.968 DEBUG    [DC4100_LED.py:89] DC4100: Sending o 2 1[0m
[32m2023-10-24 21:37:37.76 DEBUG    [DC4100_LED.py:92] DC4100: Received b''[0m
[1;35m2023-10-24 21:37:37.76 CRITICAL [DC4100_LED.py:219] 4[0m
[32m2023-10-24 21:37:37.76 DEBUG    [DC4100_LED.py:89] DC4100: Sending o 3 1[0m
[32m2023-10-24 21:37:37.186 DEBUG    [DC4100_LED.py:92] DC4100: Received b''[0m
[32m2023-10-24 21:37:37.186 DEBUG    [DC4100_LED.py:89] DC4100: Sending o 1 1[0m
[32m2023-10-24 21:37:37.295 DEBUG    [DC4100_LED.py:92] DC4100: Received b''[0m
[32m2023-10-24 21:37:37.295 DEBUG    [DC4100_LED.py:89] DC4100: Sending l 1 450[0m
[32m2023-10-24 21:37:37.403 DEBUG    [DC4100_LED.py:92] DC4100: Received b''[0m
[32m2023-10-24 21:37:37.403 DEBUG    [DC4100_LED.py:89] DC4100: Sending o 2 1[0m
[32m2023-10-24 21:37:37.512 DEBUG    [DC4100_LED.py:92] DC4100: Received b''[0m
[32m2023-10-24 21:37:37.512 DEBUG    [DC4100_LED.py:89] DC4100: Sending l 2 10[0m
[32m2023-10-24 21:37:37.621 DEBUG    [DC4100_LED.py:92] DC4100: Received b''[0m
[32m2023-10-24 21:37:37.621 DEBUG    [DC4100_LED.py:89] DC4100: Sending o 3 1[0m
[32m2023-10-24 21:37:37.731 DEBUG    [DC4100_LED.py:92] DC4100: Received b''[0m
[32m2023-10-24 21:37:37.731 DEBUG    [DC4100_LED.py:89] DC4100: Sending l 3 10[0m
[32m2023-10-24 21:37:37.840 DEBUG    [DC4100_LED.py:92] DC4100: Received b''[0m
[32m2023-10-24 21:37:37.840 DEBUG    [DC4100_LED.py:89] DC4100: Sending o 0 1[0m
[32m2023-10-24 21:37:37.949 DEBUG    [DC4100_LED.py:92] DC4100: Received b''[0m
[32m2023-10-24 21:37:37.949 DEBUG    [DC4100_LED.py:89] DC4100: Sending l 0 500[0m
[32m2023-10-24 21:37:38.58 DEBUG    [DC4100_LED.py:92] DC4100: Received b''[0m
[32m2023-10-24 21:37:39.209 DEBUG    [AcquisitionClass.py:124] 1000[0m
[32m2023-10-24 21:37:39.209 DEBUG    [AcquisitionClass.py:125] 1.0[0m
[32m2023-10-24 21:37:39.210 DEBUG    [AcquisitionClass.py:126] 10000[0m
[32m2023-10-24 21:37:39.210 DEBUG    [AcquisitionClass.py:127] 10[0m
[32m2023-10-24 21:37:39.210 DEBUG    [AcquisitionClass.py:128] 10000[0m
[32m2023-10-24 21:37:39.210 DEBUG    [AcquisitionClass.py:129] 10000[0m
[32m2023-10-24 21:37:39.211 DEBUG    [AcquisitionClass.py:130] 10000[0m
[36m2023-10-24 21:38:38.752 INFO     [AcquisitionClass.py:516] frequency: 10.000 
 amplitude 0.200 
 offset 1.000  
 acquisiton time 14652.000 
 points per period 1000.000 
 number of periods 10.000[0m
[1;31m2023-10-25 01:42:20.150 ERROR    [AcquisitionClass.py:529] Voltage saturation of the MPPC fluorescence reader[0m
