[32m2023-11-22 14:48:32.688 DEBUG    [DC4100_LED.py:69] Serial<id=0x24690784bb0, open=True>(port='COM5', baudrate=115200, bytesize=8, parity='N', stopbits=1, timeout=0.1, xonxoff=0, rtscts=0, dsrdtr=False)[0m
[32m2023-11-22 14:48:32.688 DEBUG    [DC4100_LED.py:89] DC4100: Sending o 0 0[0m
[32m2023-11-22 14:48:32.788 DEBUG    [DC4100_LED.py:92] DC4100: Received b''[0m
[32m2023-11-22 14:48:32.788 DEBUG    [DC4100_LED.py:89] DC4100: Sending o 1 0[0m
[32m2023-11-22 14:48:32.888 DEBUG    [DC4100_LED.py:92] DC4100: Received b''[0m
[32m2023-11-22 14:48:32.888 DEBUG    [DC4100_LED.py:89] DC4100: Sending o 2 0[0m
[32m2023-11-22 14:48:33.6 DEBUG    [DC4100_LED.py:92] DC4100: Received b''[0m
[32m2023-11-22 14:48:33.6 DEBUG    [DC4100_LED.py:89] DC4100: Sending o 3 0[0m
[32m2023-11-22 14:48:33.107 DEBUG    [DC4100_LED.py:92] DC4100: Received b''[0m
[1;35m2023-11-22 14:48:33.107 CRITICAL [DC4100_LED.py:164] setting mode[0m
[32m2023-11-22 14:48:33.107 DEBUG    [DC4100_LED.py:89] DC4100: Sending m 2[0m
[32m2023-11-22 14:48:33.207 DEBUG    [DC4100_LED.py:92] DC4100: Received b''[0m
[32m2023-11-22 14:48:34.213 DEBUG    [DC4100_LED.py:89] DC4100: Sending m?[0m
[32m2023-11-22 14:48:34.213 DEBUG    [DC4100_LED.py:92] DC4100: Received b'2\r\n'[0m
[36m2023-11-22 14:48:34.213 INFO     [DC4100_LED.py:215] External Control Mode[0m
[1;35m2023-11-22 14:48:34.213 CRITICAL [DC4100_LED.py:219] 1[0m
[32m2023-11-22 14:48:34.213 DEBUG    [DC4100_LED.py:89] DC4100: Sending o 0 1[0m
[32m2023-11-22 14:48:34.324 DEBUG    [DC4100_LED.py:92] DC4100: Received b''[0m
[1;35m2023-11-22 14:48:34.324 CRITICAL [DC4100_LED.py:219] 2[0m
[32m2023-11-22 14:48:34.324 DEBUG    [DC4100_LED.py:89] DC4100: Sending o 1 1[0m
[32m2023-11-22 14:48:34.424 DEBUG    [DC4100_LED.py:92] DC4100: Received b''[0m
[1;35m2023-11-22 14:48:34.424 CRITICAL [DC4100_LED.py:219] 3[0m
[32m2023-11-22 14:48:34.424 DEBUG    [DC4100_LED.py:89] DC4100: Sending o 2 1[0m
[32m2023-11-22 14:48:34.524 DEBUG    [DC4100_LED.py:92] DC4100: Received b''[0m
[1;35m2023-11-22 14:48:34.524 CRITICAL [DC4100_LED.py:219] 4[0m
[32m2023-11-22 14:48:34.524 DEBUG    [DC4100_LED.py:89] DC4100: Sending o 3 1[0m
[32m2023-11-22 14:48:34.634 DEBUG    [DC4100_LED.py:92] DC4100: Received b''[0m
[32m2023-11-22 14:48:34.634 DEBUG    [DC4100_LED.py:89] DC4100: Sending o 1 1[0m
[32m2023-11-22 14:48:34.743 DEBUG    [DC4100_LED.py:92] DC4100: Received b''[0m
[32m2023-11-22 14:48:34.743 DEBUG    [DC4100_LED.py:89] DC4100: Sending l 1 1000[0m
[32m2023-11-22 14:48:34.853 DEBUG    [DC4100_LED.py:92] DC4100: Received b''[0m
[32m2023-11-22 14:48:34.853 DEBUG    [DC4100_LED.py:89] DC4100: Sending o 2 0[0m
[32m2023-11-22 14:48:34.953 DEBUG    [DC4100_LED.py:92] DC4100: Received b''[0m
[32m2023-11-22 14:48:34.953 DEBUG    [DC4100_LED.py:89] DC4100: Sending o 3 0[0m
[32m2023-11-22 14:48:35.53 DEBUG    [DC4100_LED.py:92] DC4100: Received b''[0m
[32m2023-11-22 14:48:35.53 DEBUG    [DC4100_LED.py:89] DC4100: Sending o 0 0[0m
[32m2023-11-22 14:48:35.164 DEBUG    [DC4100_LED.py:92] DC4100: Received b''[0m
[32m2023-11-22 14:48:36.726 DEBUG    [AcquisitionClass.py:125] 1000[0m
[32m2023-11-22 14:48:36.726 DEBUG    [AcquisitionClass.py:126] 1.0[0m
[32m2023-11-22 14:48:36.726 DEBUG    [AcquisitionClass.py:127] 10000[0m
[32m2023-11-22 14:48:36.726 DEBUG    [AcquisitionClass.py:128] 10[0m
[32m2023-11-22 14:48:36.726 DEBUG    [AcquisitionClass.py:129] 10000[0m
[32m2023-11-22 14:48:36.726 DEBUG    [AcquisitionClass.py:130] 10000[0m
[32m2023-11-22 14:48:36.726 DEBUG    [AcquisitionClass.py:131] 10000[0m
[32m2023-11-22 14:49:01.863 DEBUG    [AcquisitionClass.py:125] 1000[0m
[32m2023-11-22 14:49:01.863 DEBUG    [AcquisitionClass.py:126] 1.0[0m
[32m2023-11-22 14:49:01.863 DEBUG    [AcquisitionClass.py:127] 10000[0m
[32m2023-11-22 14:49:01.863 DEBUG    [AcquisitionClass.py:128] 10[0m
[32m2023-11-22 14:49:01.863 DEBUG    [AcquisitionClass.py:129] 10000[0m
[32m2023-11-22 14:49:01.863 DEBUG    [AcquisitionClass.py:130] 10000[0m
[32m2023-11-22 14:49:01.863 DEBUG    [AcquisitionClass.py:131] 10000[0m
[32m2023-11-22 14:49:01.863 DEBUG    [AcquisitionClass.py:125] 2000[0m
[32m2023-11-22 14:49:01.863 DEBUG    [AcquisitionClass.py:126] 20.0[0m
[32m2023-11-22 14:49:01.863 DEBUG    [AcquisitionClass.py:127] 1000.0[0m
[32m2023-11-22 14:49:01.863 DEBUG    [AcquisitionClass.py:128] 0.5[0m
[32m2023-11-22 14:49:01.863 DEBUG    [AcquisitionClass.py:129] 1000.0[0m
[32m2023-11-22 14:49:01.863 DEBUG    [AcquisitionClass.py:130] 20000[0m
[32m2023-11-22 14:49:01.863 DEBUG    [AcquisitionClass.py:131] 20000[0m
[32m2023-11-22 14:49:03.316 DEBUG    [AcquisitionClass.py:125] 2000[0m
[32m2023-11-22 14:49:03.316 DEBUG    [AcquisitionClass.py:126] 20.0[0m
[32m2023-11-22 14:49:03.316 DEBUG    [AcquisitionClass.py:127] 1000.0[0m
[32m2023-11-22 14:49:03.316 DEBUG    [AcquisitionClass.py:128] 0.5[0m
[32m2023-11-22 14:49:03.316 DEBUG    [AcquisitionClass.py:129] 1000.0[0m
[32m2023-11-22 14:49:03.316 DEBUG    [AcquisitionClass.py:130] 20000[0m
[32m2023-11-22 14:49:03.316 DEBUG    [AcquisitionClass.py:131] 20000[0m
[36m2023-11-22 14:49:03.376 INFO     [AcquisitionClass.py:517] frequency: 0.500 
 amplitude 0.228 
 offset 0.455  
 acquisiton time 20.000 
 points per period 2000.000 
 number of periods 10.000[0m
[36m2023-11-22 14:49:24.405 INFO     [AcquisitionClass.py:630] Shutting down all LEDs for 1 seconds[0m
[36m2023-11-22 14:49:24.465 INFO     [AcquisitionClass.py:371] Did not start digital generator, check generator_analog_channels[0m
