[32m2023-11-30 17:34:42.583 DEBUG    [DC4100_LED.py:69] Serial<id=0x280fe04b940, open=True>(port='COM5', baudrate=115200, bytesize=8, parity='N', stopbits=1, timeout=0.1, xonxoff=0, rtscts=0, dsrdtr=False)[0m
[32m2023-11-30 17:34:42.583 DEBUG    [DC4100_LED.py:89] DC4100: Sending o 0 0[0m
[32m2023-11-30 17:34:42.698 DEBUG    [DC4100_LED.py:92] DC4100: Received b''[0m
[32m2023-11-30 17:34:42.698 DEBUG    [DC4100_LED.py:89] DC4100: Sending o 1 0[0m
[32m2023-11-30 17:34:42.807 DEBUG    [DC4100_LED.py:92] DC4100: Received b''[0m
[32m2023-11-30 17:34:42.807 DEBUG    [DC4100_LED.py:89] DC4100: Sending o 2 0[0m
[32m2023-11-30 17:34:42.915 DEBUG    [DC4100_LED.py:92] DC4100: Received b''[0m
[32m2023-11-30 17:34:42.915 DEBUG    [DC4100_LED.py:89] DC4100: Sending o 3 0[0m
[32m2023-11-30 17:34:43.23 DEBUG    [DC4100_LED.py:92] DC4100: Received b''[0m
[1;35m2023-11-30 17:34:43.23 CRITICAL [DC4100_LED.py:164] setting mode[0m
[32m2023-11-30 17:34:43.23 DEBUG    [DC4100_LED.py:89] DC4100: Sending m 2[0m
[32m2023-11-30 17:34:43.133 DEBUG    [DC4100_LED.py:92] DC4100: Received b''[0m
[32m2023-11-30 17:34:44.145 DEBUG    [DC4100_LED.py:89] DC4100: Sending m?[0m
[32m2023-11-30 17:34:44.147 DEBUG    [DC4100_LED.py:92] DC4100: Received b'2\r\n'[0m
[36m2023-11-30 17:34:44.147 INFO     [DC4100_LED.py:215] External Control Mode[0m
[1;35m2023-11-30 17:34:44.147 CRITICAL [DC4100_LED.py:219] 1[0m
[32m2023-11-30 17:34:44.147 DEBUG    [DC4100_LED.py:89] DC4100: Sending o 0 1[0m
[32m2023-11-30 17:34:44.254 DEBUG    [DC4100_LED.py:92] DC4100: Received b''[0m
[1;35m2023-11-30 17:34:44.254 CRITICAL [DC4100_LED.py:219] 2[0m
[32m2023-11-30 17:34:44.254 DEBUG    [DC4100_LED.py:89] DC4100: Sending o 1 1[0m
[32m2023-11-30 17:34:44.364 DEBUG    [DC4100_LED.py:92] DC4100: Received b''[0m
[1;35m2023-11-30 17:34:44.364 CRITICAL [DC4100_LED.py:219] 3[0m
[32m2023-11-30 17:34:44.364 DEBUG    [DC4100_LED.py:89] DC4100: Sending o 2 1[0m
[32m2023-11-30 17:34:44.472 DEBUG    [DC4100_LED.py:92] DC4100: Received b''[0m
[1;35m2023-11-30 17:34:44.472 CRITICAL [DC4100_LED.py:219] 4[0m
[32m2023-11-30 17:34:44.472 DEBUG    [DC4100_LED.py:89] DC4100: Sending o 3 1[0m
[32m2023-11-30 17:34:44.580 DEBUG    [DC4100_LED.py:92] DC4100: Received b''[0m
[32m2023-11-30 17:34:44.580 DEBUG    [DC4100_LED.py:89] DC4100: Sending o 1 1[0m
[32m2023-11-30 17:34:44.690 DEBUG    [DC4100_LED.py:92] DC4100: Received b''[0m
[32m2023-11-30 17:34:44.690 DEBUG    [DC4100_LED.py:89] DC4100: Sending l 1 1000[0m
[32m2023-11-30 17:34:44.802 DEBUG    [DC4100_LED.py:92] DC4100: Received b''[0m
[32m2023-11-30 17:34:44.802 DEBUG    [DC4100_LED.py:89] DC4100: Sending o 2 0[0m
[32m2023-11-30 17:34:44.910 DEBUG    [DC4100_LED.py:92] DC4100: Received b''[0m
[32m2023-11-30 17:34:44.910 DEBUG    [DC4100_LED.py:89] DC4100: Sending o 3 1[0m
[32m2023-11-30 17:34:45.18 DEBUG    [DC4100_LED.py:92] DC4100: Received b''[0m
[32m2023-11-30 17:34:45.18 DEBUG    [DC4100_LED.py:89] DC4100: Sending l 3 1000[0m
[32m2023-11-30 17:34:45.128 DEBUG    [DC4100_LED.py:92] DC4100: Received b''[0m
[32m2023-11-30 17:34:45.128 DEBUG    [DC4100_LED.py:89] DC4100: Sending o 0 0[0m
[32m2023-11-30 17:34:45.238 DEBUG    [DC4100_LED.py:92] DC4100: Received b''[0m
[32m2023-11-30 17:34:51.449 DEBUG    [AcquisitionClass.py:125] 1000[0m
[32m2023-11-30 17:34:51.449 DEBUG    [AcquisitionClass.py:126] 1.0[0m
[32m2023-11-30 17:34:51.450 DEBUG    [AcquisitionClass.py:127] 10000[0m
[32m2023-11-30 17:34:51.450 DEBUG    [AcquisitionClass.py:128] 10[0m
[32m2023-11-30 17:34:51.450 DEBUG    [AcquisitionClass.py:129] 10000[0m
[32m2023-11-30 17:34:51.450 DEBUG    [AcquisitionClass.py:130] 10000[0m
[32m2023-11-30 17:34:51.450 DEBUG    [AcquisitionClass.py:131] 10000[0m
[32m2023-11-30 17:34:51.451 DEBUG    [AcquisitionClass.py:125] 1000[0m
[32m2023-11-30 17:34:51.451 DEBUG    [AcquisitionClass.py:126] 10.0[0m
[32m2023-11-30 17:34:51.451 DEBUG    [AcquisitionClass.py:127] 1000[0m
[32m2023-11-30 17:34:51.452 DEBUG    [AcquisitionClass.py:128] 1[0m
[32m2023-11-30 17:34:51.452 DEBUG    [AcquisitionClass.py:129] 1000[0m
[32m2023-11-30 17:34:51.452 DEBUG    [AcquisitionClass.py:130] 10000[0m
[32m2023-11-30 17:34:51.452 DEBUG    [AcquisitionClass.py:131] 10000[0m
[36m2023-11-30 17:34:51.558 INFO     [AcquisitionClass.py:517] frequency: 1.000 
 amplitude 2.000 
 offset 4.000  
 acquisiton time 10.000 
 points per period 1000.000 
 number of periods 10.000[0m
[1;31m2023-11-30 17:35:13.61 ERROR    [AcquisitionClass.py:526] Voltage saturation of the MPPC intensity reader[0m
[1;31m2023-11-30 17:35:13.62 ERROR    [AcquisitionClass.py:530] Voltage saturation of the MPPC fluorescence reader[0m
[32m2023-11-30 17:35:13.77 DEBUG    [AcquisitionClass.py:125] 1000[0m
[32m2023-11-30 17:35:13.77 DEBUG    [AcquisitionClass.py:126] 0.01[0m
[32m2023-11-30 17:35:13.77 DEBUG    [AcquisitionClass.py:127] 1000000.0[0m
[32m2023-11-30 17:35:13.78 DEBUG    [AcquisitionClass.py:128] 1000.0[0m
[32m2023-11-30 17:35:13.78 DEBUG    [AcquisitionClass.py:129] 1000000.0[0m
[32m2023-11-30 17:35:13.78 DEBUG    [AcquisitionClass.py:130] 10000[0m
[32m2023-11-30 17:35:13.78 DEBUG    [AcquisitionClass.py:131] 10000[0m
[36m2023-11-30 17:35:13.143 INFO     [AcquisitionClass.py:517] frequency: 1000.000 
 amplitude 2.000 
 offset 4.000  
 acquisiton time 0.010 
 points per period 1000.000 
 number of periods 10.000[0m
[1;31m2023-11-30 17:35:13.169 ERROR    [AcquisitionClass.py:526] Voltage saturation of the MPPC intensity reader[0m
[1;35m2023-11-30 17:35:13.170 CRITICAL [AcquisitionClass.py:169] -1.6506888352522593[0m
[32m2023-11-30 17:35:15.303 DEBUG    [AcquisitionClass.py:125] 1000[0m
[32m2023-11-30 17:35:15.303 DEBUG    [AcquisitionClass.py:126] 0.01291549665014884[0m
[32m2023-11-30 17:35:15.303 DEBUG    [AcquisitionClass.py:127] 774263.0[0m
[32m2023-11-30 17:35:15.304 DEBUG    [AcquisitionClass.py:128] 774.263682681127[0m
[32m2023-11-30 17:35:15.304 DEBUG    [AcquisitionClass.py:129] 774263.682681127[0m
[32m2023-11-30 17:35:15.304 DEBUG    [AcquisitionClass.py:130] 10000[0m
[32m2023-11-30 17:35:15.304 DEBUG    [AcquisitionClass.py:131] 10000[0m
[36m2023-11-30 17:35:15.369 INFO     [AcquisitionClass.py:517] frequency: 774.264 
 amplitude 2.000 
 offset 4.000  
 acquisiton time 0.013 
 points per period 1000.000 
 number of periods 10.000[0m
[1;35m2023-11-30 17:35:15.396 CRITICAL [AcquisitionClass.py:169] -1.6836785609345002[0m
[32m2023-11-30 17:35:17.507 DEBUG    [AcquisitionClass.py:125] 1000[0m
[32m2023-11-30 17:35:17.507 DEBUG    [AcquisitionClass.py:126] 0.016681005372000592[0m
[32m2023-11-30 17:35:17.508 DEBUG    [AcquisitionClass.py:127] 599484.0[0m
[32m2023-11-30 17:35:17.508 DEBUG    [AcquisitionClass.py:128] 599.4842503189409[0m
[32m2023-11-30 17:35:17.508 DEBUG    [AcquisitionClass.py:129] 599484.2503189408[0m
[32m2023-11-30 17:35:17.508 DEBUG    [AcquisitionClass.py:130] 10000[0m
[32m2023-11-30 17:35:17.508 DEBUG    [AcquisitionClass.py:131] 10000[0m
[36m2023-11-30 17:35:17.573 INFO     [AcquisitionClass.py:517] frequency: 599.484 
 amplitude 2.000 
 offset 4.000  
 acquisiton time 0.017 
 points per period 1000.000 
 number of periods 10.000[0m
[1;35m2023-11-30 17:35:17.600 CRITICAL [AcquisitionClass.py:169] -1.514297421783235[0m
[32m2023-11-30 17:35:19.718 DEBUG    [AcquisitionClass.py:125] 1000[0m
[32m2023-11-30 17:35:19.718 DEBUG    [AcquisitionClass.py:126] 0.021544346900318846[0m
[32m2023-11-30 17:35:19.719 DEBUG    [AcquisitionClass.py:127] 464158.0[0m
[32m2023-11-30 17:35:19.719 DEBUG    [AcquisitionClass.py:128] 464.15888336127773[0m
[32m2023-11-30 17:35:19.719 DEBUG    [AcquisitionClass.py:129] 464158.88336127775[0m
[32m2023-11-30 17:35:19.719 DEBUG    [AcquisitionClass.py:130] 10000[0m
[32m2023-11-30 17:35:19.719 DEBUG    [AcquisitionClass.py:131] 10000[0m
[36m2023-11-30 17:35:19.785 INFO     [AcquisitionClass.py:517] frequency: 464.159 
 amplitude 2.000 
 offset 4.000  
 acquisiton time 0.022 
 points per period 1000.000 
 number of periods 10.000[0m
[1;35m2023-11-30 17:35:19.810 CRITICAL [AcquisitionClass.py:169] -1.7395445477973341[0m
[32m2023-11-30 17:35:21.930 DEBUG    [AcquisitionClass.py:125] 1000[0m
[32m2023-11-30 17:35:21.930 DEBUG    [AcquisitionClass.py:126] 0.02782559402207126[0m
[32m2023-11-30 17:35:21.930 DEBUG    [AcquisitionClass.py:127] 359381.0[0m
[32m2023-11-30 17:35:21.930 DEBUG    [AcquisitionClass.py:128] 359.38136638046257[0m
[32m2023-11-30 17:35:21.931 DEBUG    [AcquisitionClass.py:129] 359381.36638046254[0m
[32m2023-11-30 17:35:21.931 DEBUG    [AcquisitionClass.py:130] 10000[0m
[32m2023-11-30 17:35:21.931 DEBUG    [AcquisitionClass.py:131] 10000[0m
[36m2023-11-30 17:35:21.999 INFO     [AcquisitionClass.py:517] frequency: 359.381 
 amplitude 2.000 
 offset 4.000  
 acquisiton time 0.028 
 points per period 1000.000 
 number of periods 10.000[0m
[1;35m2023-11-30 17:35:22.41 CRITICAL [AcquisitionClass.py:169] -1.7531183419296072[0m
[32m2023-11-30 17:35:24.164 DEBUG    [AcquisitionClass.py:125] 1000[0m
[32m2023-11-30 17:35:24.164 DEBUG    [AcquisitionClass.py:126] 0.03593813663804626[0m
[32m2023-11-30 17:35:24.164 DEBUG    [AcquisitionClass.py:127] 278255.0[0m
[32m2023-11-30 17:35:24.165 DEBUG    [AcquisitionClass.py:128] 278.2559402207126[0m
[32m2023-11-30 17:35:24.165 DEBUG    [AcquisitionClass.py:129] 278255.9402207126[0m
[32m2023-11-30 17:35:24.165 DEBUG    [AcquisitionClass.py:130] 10000[0m
[32m2023-11-30 17:35:24.165 DEBUG    [AcquisitionClass.py:131] 10000[0m
[36m2023-11-30 17:35:24.232 INFO     [AcquisitionClass.py:517] frequency: 278.256 
 amplitude 2.000 
 offset 4.000  
 acquisiton time 0.036 
 points per period 1000.000 
 number of periods 10.000[0m
[1;35m2023-11-30 17:35:24.272 CRITICAL [AcquisitionClass.py:169] -1.7079060155180805[0m
[32m2023-11-30 17:35:26.388 DEBUG    [AcquisitionClass.py:125] 1000[0m
[32m2023-11-30 17:35:26.388 DEBUG    [AcquisitionClass.py:126] 0.046415888336127774[0m
[32m2023-11-30 17:35:26.388 DEBUG    [AcquisitionClass.py:127] 215443.0[0m
[32m2023-11-30 17:35:26.389 DEBUG    [AcquisitionClass.py:128] 215.44346900318845[0m
[32m2023-11-30 17:35:26.389 DEBUG    [AcquisitionClass.py:129] 215443.46900318845[0m
[32m2023-11-30 17:35:26.389 DEBUG    [AcquisitionClass.py:130] 10000[0m
[32m2023-11-30 17:35:26.389 DEBUG    [AcquisitionClass.py:131] 10000[0m
[36m2023-11-30 17:35:26.457 INFO     [AcquisitionClass.py:517] frequency: 215.443 
 amplitude 2.000 
 offset 4.000  
 acquisiton time 0.046 
 points per period 1000.000 
 number of periods 10.000[0m
[1;35m2023-11-30 17:35:26.516 CRITICAL [AcquisitionClass.py:169] -1.544729840948081[0m
[32m2023-11-30 17:35:28.641 DEBUG    [AcquisitionClass.py:125] 1000[0m
[32m2023-11-30 17:35:28.641 DEBUG    [AcquisitionClass.py:126] 0.059948425031894084[0m
[32m2023-11-30 17:35:28.642 DEBUG    [AcquisitionClass.py:127] 166810.0[0m
[32m2023-11-30 17:35:28.642 DEBUG    [AcquisitionClass.py:128] 166.81005372000593[0m
[32m2023-11-30 17:35:28.642 DEBUG    [AcquisitionClass.py:129] 166810.05372000593[0m
[32m2023-11-30 17:35:28.642 DEBUG    [AcquisitionClass.py:130] 10000[0m
[32m2023-11-30 17:35:28.643 DEBUG    [AcquisitionClass.py:131] 10000[0m
[36m2023-11-30 17:35:28.711 INFO     [AcquisitionClass.py:517] frequency: 166.810 
 amplitude 2.000 
 offset 4.000  
 acquisiton time 0.060 
 points per period 1000.000 
 number of periods 10.000[0m
[1;35m2023-11-30 17:35:28.784 CRITICAL [AcquisitionClass.py:169] -1.4608588721960538[0m
[32m2023-11-30 17:35:30.897 DEBUG    [AcquisitionClass.py:125] 1000[0m
[32m2023-11-30 17:35:30.897 DEBUG    [AcquisitionClass.py:126] 0.07742636826811271[0m
[32m2023-11-30 17:35:30.898 DEBUG    [AcquisitionClass.py:127] 129154.0[0m
[32m2023-11-30 17:35:30.898 DEBUG    [AcquisitionClass.py:128] 129.1549665014884[0m
[32m2023-11-30 17:35:30.898 DEBUG    [AcquisitionClass.py:129] 129154.9665014884[0m
[32m2023-11-30 17:35:30.898 DEBUG    [AcquisitionClass.py:130] 10000[0m
[32m2023-11-30 17:35:30.899 DEBUG    [AcquisitionClass.py:131] 10000[0m
[36m2023-11-30 17:35:30.962 INFO     [AcquisitionClass.py:517] frequency: 129.155 
 amplitude 2.000 
 offset 4.000  
 acquisiton time 0.077 
 points per period 1000.000 
 number of periods 10.000[0m
[1;35m2023-11-30 17:35:31.52 CRITICAL [AcquisitionClass.py:169] -1.4458681553365773[0m
[32m2023-11-30 17:35:33.173 DEBUG    [AcquisitionClass.py:125] 1000[0m
[32m2023-11-30 17:35:33.173 DEBUG    [AcquisitionClass.py:126] 0.1[0m
[32m2023-11-30 17:35:33.174 DEBUG    [AcquisitionClass.py:127] 100000.0[0m
[32m2023-11-30 17:35:33.174 DEBUG    [AcquisitionClass.py:128] 100.0[0m
[32m2023-11-30 17:35:33.174 DEBUG    [AcquisitionClass.py:129] 100000.0[0m
[32m2023-11-30 17:35:33.175 DEBUG    [AcquisitionClass.py:130] 10000[0m
[32m2023-11-30 17:35:33.175 DEBUG    [AcquisitionClass.py:131] 10000[0m
[36m2023-11-30 17:35:33.241 INFO     [AcquisitionClass.py:517] frequency: 100.000 
 amplitude 2.000 
 offset 4.000  
 acquisiton time 0.100 
 points per period 1000.000 
 number of periods 10.000[0m
[1;35m2023-11-30 17:35:33.362 CRITICAL [AcquisitionClass.py:169] -1.4607829385823203[0m
[32m2023-11-30 17:35:38.275 DEBUG    [AcquisitionClass.py:125] 1000[0m
[32m2023-11-30 17:35:38.275 DEBUG    [AcquisitionClass.py:126] 1.0[0m
[32m2023-11-30 17:35:38.275 DEBUG    [AcquisitionClass.py:127] 10000[0m
[32m2023-11-30 17:35:38.276 DEBUG    [AcquisitionClass.py:128] 10[0m
[32m2023-11-30 17:35:38.276 DEBUG    [AcquisitionClass.py:129] 10000[0m
[32m2023-11-30 17:35:38.276 DEBUG    [AcquisitionClass.py:130] 10000[0m
[32m2023-11-30 17:35:38.276 DEBUG    [AcquisitionClass.py:131] 10000[0m
[32m2023-11-30 17:35:38.276 DEBUG    [AcquisitionClass.py:125] 10000[0m
[32m2023-11-30 17:35:38.277 DEBUG    [AcquisitionClass.py:126] 25.0[0m
[32m2023-11-30 17:35:38.277 DEBUG    [AcquisitionClass.py:127] 2000.0[0m
[32m2023-11-30 17:35:38.279 DEBUG    [AcquisitionClass.py:128] 0.2[0m
[32m2023-11-30 17:35:38.279 DEBUG    [AcquisitionClass.py:129] 2000.0[0m
[32m2023-11-30 17:35:38.279 DEBUG    [AcquisitionClass.py:130] 50000[0m
[32m2023-11-30 17:35:38.279 DEBUG    [AcquisitionClass.py:131] 50000[0m
[32m2023-11-30 17:35:38.282 DEBUG    [AcquisitionClass.py:125] 10000[0m
[32m2023-11-30 17:35:38.282 DEBUG    [AcquisitionClass.py:126] 25.0[0m
[32m2023-11-30 17:35:38.282 DEBUG    [AcquisitionClass.py:127] 2000.0[0m
[32m2023-11-30 17:35:38.283 DEBUG    [AcquisitionClass.py:128] 0.2[0m
[32m2023-11-30 17:35:38.283 DEBUG    [AcquisitionClass.py:129] 2000.0[0m
[32m2023-11-30 17:35:38.283 DEBUG    [AcquisitionClass.py:130] 50000[0m
[32m2023-11-30 17:35:38.283 DEBUG    [AcquisitionClass.py:131] 50000[0m
[36m2023-11-30 17:35:38.339 INFO     [AcquisitionClass.py:371] Did not start digital generator, check generator_analog_channels[0m
[36m2023-11-30 17:35:38.342 INFO     [AcquisitionClass.py:517] frequency: 0.200 
 amplitude 2.000 
 offset 2.000  
 acquisiton time 25.000 
 points per period 10000.000 
 number of periods 5.000[0m
[1;31m2023-11-30 17:36:35.853 ERROR    [AcquisitionClass.py:526] Voltage saturation of the MPPC intensity reader[0m
[1;31m2023-11-30 17:36:35.853 ERROR    [AcquisitionClass.py:530] Voltage saturation of the MPPC fluorescence reader[0m
[36m2023-11-30 17:36:36.229 INFO     [AcquisitionClass.py:630] Shutting down all LEDs for 1 seconds[0m
[36m2023-11-30 17:36:36.310 INFO     [AcquisitionClass.py:371] Did not start digital generator, check generator_analog_channels[0m
[1;35m2023-11-30 17:36:39.228 CRITICAL [DronpaClass.py:183] [][0m
[32m2023-11-30 17:36:39.228 DEBUG    [AcquisitionClass.py:125] 10000[0m
[32m2023-11-30 17:36:39.229 DEBUG    [AcquisitionClass.py:126] 24.65753424657534[0m
[32m2023-11-30 17:36:39.229 DEBUG    [AcquisitionClass.py:127] 2027.0[0m
[32m2023-11-30 17:36:39.230 DEBUG    [AcquisitionClass.py:128] 0.20277777777777778[0m
[32m2023-11-30 17:36:39.230 DEBUG    [AcquisitionClass.py:129] 2027.7777777777778[0m
[32m2023-11-30 17:36:39.230 DEBUG    [AcquisitionClass.py:130] 50000[0m
[32m2023-11-30 17:36:39.230 DEBUG    [AcquisitionClass.py:131] 50000[0m
[32m2023-11-30 17:36:39.233 DEBUG    [AcquisitionClass.py:125] 10000[0m
[32m2023-11-30 17:36:39.233 DEBUG    [AcquisitionClass.py:126] 24.65753424657534[0m
[32m2023-11-30 17:36:39.233 DEBUG    [AcquisitionClass.py:127] 2027.0[0m
[32m2023-11-30 17:36:39.233 DEBUG    [AcquisitionClass.py:128] 0.20277777777777778[0m
[32m2023-11-30 17:36:39.234 DEBUG    [AcquisitionClass.py:129] 2027.7777777777778[0m
[32m2023-11-30 17:36:39.234 DEBUG    [AcquisitionClass.py:130] 50000[0m
[32m2023-11-30 17:36:39.234 DEBUG    [AcquisitionClass.py:131] 50000[0m
[36m2023-11-30 17:36:39.299 INFO     [AcquisitionClass.py:371] Did not start digital generator, check generator_analog_channels[0m
[36m2023-11-30 17:36:39.302 INFO     [AcquisitionClass.py:517] frequency: 0.203 
 amplitude 2.028 
 offset 2.028  
 acquisiton time 24.658 
 points per period 10000.000 
 number of periods 5.000[0m
[1;31m2023-11-30 17:37:36.29 ERROR    [AcquisitionClass.py:526] Voltage saturation of the MPPC intensity reader[0m
[1;31m2023-11-30 17:37:36.29 ERROR    [AcquisitionClass.py:530] Voltage saturation of the MPPC fluorescence reader[0m
[36m2023-11-30 17:37:36.433 INFO     [AcquisitionClass.py:630] Shutting down all LEDs for 1 seconds[0m
[36m2023-11-30 17:37:36.506 INFO     [AcquisitionClass.py:371] Did not start digital generator, check generator_analog_channels[0m
[1;35m2023-11-30 17:37:39.558 CRITICAL [DronpaClass.py:183] [][0m
[32m2023-11-30 17:37:39.558 DEBUG    [AcquisitionClass.py:125] 10000[0m
[32m2023-11-30 17:37:39.559 DEBUG    [AcquisitionClass.py:126] 24.324324324324326[0m
[32m2023-11-30 17:37:39.559 DEBUG    [AcquisitionClass.py:127] 2055.0[0m
[32m2023-11-30 17:37:39.559 DEBUG    [AcquisitionClass.py:128] 0.20555555555555555[0m
[32m2023-11-30 17:37:39.559 DEBUG    [AcquisitionClass.py:129] 2055.5555555555557[0m
[32m2023-11-30 17:37:39.560 DEBUG    [AcquisitionClass.py:130] 50000[0m
[32m2023-11-30 17:37:39.560 DEBUG    [AcquisitionClass.py:131] 50000[0m
[32m2023-11-30 17:37:39.562 DEBUG    [AcquisitionClass.py:125] 10000[0m
[32m2023-11-30 17:37:39.562 DEBUG    [AcquisitionClass.py:126] 24.324324324324326[0m
[32m2023-11-30 17:37:39.563 DEBUG    [AcquisitionClass.py:127] 2055.0[0m
[32m2023-11-30 17:37:39.563 DEBUG    [AcquisitionClass.py:128] 0.20555555555555555[0m
[32m2023-11-30 17:37:39.563 DEBUG    [AcquisitionClass.py:129] 2055.5555555555557[0m
[32m2023-11-30 17:37:39.563 DEBUG    [AcquisitionClass.py:130] 50000[0m
[32m2023-11-30 17:37:39.563 DEBUG    [AcquisitionClass.py:131] 50000[0m
[36m2023-11-30 17:37:39.631 INFO     [AcquisitionClass.py:371] Did not start digital generator, check generator_analog_channels[0m
[36m2023-11-30 17:37:39.634 INFO     [AcquisitionClass.py:517] frequency: 0.206 
 amplitude 2.056 
 offset 2.056  
 acquisiton time 24.324 
 points per period 10000.000 
 number of periods 5.000[0m
[1;31m2023-11-30 17:38:35.585 ERROR    [AcquisitionClass.py:526] Voltage saturation of the MPPC intensity reader[0m
[1;31m2023-11-30 17:38:35.585 ERROR    [AcquisitionClass.py:530] Voltage saturation of the MPPC fluorescence reader[0m
[36m2023-11-30 17:38:35.961 INFO     [AcquisitionClass.py:630] Shutting down all LEDs for 1 seconds[0m
[36m2023-11-30 17:38:36.39 INFO     [AcquisitionClass.py:371] Did not start digital generator, check generator_analog_channels[0m
[1;35m2023-11-30 17:38:39.144 CRITICAL [DronpaClass.py:183] [][0m
[32m2023-11-30 17:38:39.144 DEBUG    [AcquisitionClass.py:125] 10000[0m
[32m2023-11-30 17:38:39.145 DEBUG    [AcquisitionClass.py:126] 23.999999999999996[0m
[32m2023-11-30 17:38:39.145 DEBUG    [AcquisitionClass.py:127] 2083.0[0m
[32m2023-11-30 17:38:39.145 DEBUG    [AcquisitionClass.py:128] 0.20833333333333337[0m
[32m2023-11-30 17:38:39.145 DEBUG    [AcquisitionClass.py:129] 2083.3333333333335[0m
[32m2023-11-30 17:38:39.145 DEBUG    [AcquisitionClass.py:130] 50000[0m
[32m2023-11-30 17:38:39.146 DEBUG    [AcquisitionClass.py:131] 50000[0m
[32m2023-11-30 17:38:39.148 DEBUG    [AcquisitionClass.py:125] 10000[0m
[32m2023-11-30 17:38:39.148 DEBUG    [AcquisitionClass.py:126] 23.999999999999996[0m
[32m2023-11-30 17:38:39.148 DEBUG    [AcquisitionClass.py:127] 2083.0[0m
[32m2023-11-30 17:38:39.149 DEBUG    [AcquisitionClass.py:128] 0.20833333333333337[0m
[32m2023-11-30 17:38:39.149 DEBUG    [AcquisitionClass.py:129] 2083.3333333333335[0m
[32m2023-11-30 17:38:39.149 DEBUG    [AcquisitionClass.py:130] 50000[0m
[32m2023-11-30 17:38:39.149 DEBUG    [AcquisitionClass.py:131] 50000[0m
[36m2023-11-30 17:38:39.214 INFO     [AcquisitionClass.py:371] Did not start digital generator, check generator_analog_channels[0m
[36m2023-11-30 17:38:39.217 INFO     [AcquisitionClass.py:517] frequency: 0.208 
 amplitude 2.083 
 offset 2.083  
 acquisiton time 24.000 
 points per period 10000.000 
 number of periods 5.000[0m
[1;31m2023-11-30 17:39:34.420 ERROR    [AcquisitionClass.py:526] Voltage saturation of the MPPC intensity reader[0m
[1;31m2023-11-30 17:39:34.420 ERROR    [AcquisitionClass.py:530] Voltage saturation of the MPPC fluorescence reader[0m
[36m2023-11-30 17:39:34.727 INFO     [AcquisitionClass.py:630] Shutting down all LEDs for 1 seconds[0m
[36m2023-11-30 17:39:34.798 INFO     [AcquisitionClass.py:371] Did not start digital generator, check generator_analog_channels[0m
[1;35m2023-11-30 17:39:37.818 CRITICAL [DronpaClass.py:183] [][0m
[32m2023-11-30 17:39:37.818 DEBUG    [AcquisitionClass.py:125] 10000[0m
[32m2023-11-30 17:39:37.819 DEBUG    [AcquisitionClass.py:126] 23.684210526315788[0m
[32m2023-11-30 17:39:37.819 DEBUG    [AcquisitionClass.py:127] 2111.0[0m
[32m2023-11-30 17:39:37.819 DEBUG    [AcquisitionClass.py:128] 0.21111111111111114[0m
[32m2023-11-30 17:39:37.820 DEBUG    [AcquisitionClass.py:129] 2111.1111111111113[0m
[32m2023-11-30 17:39:37.820 DEBUG    [AcquisitionClass.py:130] 50000[0m
[32m2023-11-30 17:39:37.820 DEBUG    [AcquisitionClass.py:131] 50000[0m
[32m2023-11-30 17:39:37.822 DEBUG    [AcquisitionClass.py:125] 10000[0m
[32m2023-11-30 17:39:37.822 DEBUG    [AcquisitionClass.py:126] 23.684210526315788[0m
[32m2023-11-30 17:39:37.823 DEBUG    [AcquisitionClass.py:127] 2111.0[0m
[32m2023-11-30 17:39:37.823 DEBUG    [AcquisitionClass.py:128] 0.21111111111111114[0m
[32m2023-11-30 17:39:37.823 DEBUG    [AcquisitionClass.py:129] 2111.1111111111113[0m
[32m2023-11-30 17:39:37.823 DEBUG    [AcquisitionClass.py:130] 50000[0m
[32m2023-11-30 17:39:37.824 DEBUG    [AcquisitionClass.py:131] 50000[0m
[36m2023-11-30 17:39:37.885 INFO     [AcquisitionClass.py:371] Did not start digital generator, check generator_analog_channels[0m
[36m2023-11-30 17:39:37.889 INFO     [AcquisitionClass.py:517] frequency: 0.211 
 amplitude 2.111 
 offset 2.111  
 acquisiton time 23.684 
 points per period 10000.000 
 number of periods 5.000[0m
[1;31m2023-11-30 17:40:32.377 ERROR    [AcquisitionClass.py:526] Voltage saturation of the MPPC intensity reader[0m
[1;31m2023-11-30 17:40:32.377 ERROR    [AcquisitionClass.py:530] Voltage saturation of the MPPC fluorescence reader[0m
[36m2023-11-30 17:40:32.714 INFO     [AcquisitionClass.py:630] Shutting down all LEDs for 1 seconds[0m
[36m2023-11-30 17:40:32.786 INFO     [AcquisitionClass.py:371] Did not start digital generator, check generator_analog_channels[0m
[1;35m2023-11-30 17:40:35.859 CRITICAL [DronpaClass.py:183] [][0m
[32m2023-11-30 17:40:35.859 DEBUG    [AcquisitionClass.py:125] 10000[0m
[32m2023-11-30 17:40:35.860 DEBUG    [AcquisitionClass.py:126] 23.376623376623375[0m
[32m2023-11-30 17:40:35.860 DEBUG    [AcquisitionClass.py:127] 2138.0[0m
[32m2023-11-30 17:40:35.860 DEBUG    [AcquisitionClass.py:128] 0.2138888888888889[0m
[32m2023-11-30 17:40:35.861 DEBUG    [AcquisitionClass.py:129] 2138.888888888889[0m
[32m2023-11-30 17:40:35.861 DEBUG    [AcquisitionClass.py:130] 50000[0m
[32m2023-11-30 17:40:35.861 DEBUG    [AcquisitionClass.py:131] 50000[0m
[32m2023-11-30 17:40:35.864 DEBUG    [AcquisitionClass.py:125] 10000[0m
[32m2023-11-30 17:40:35.864 DEBUG    [AcquisitionClass.py:126] 23.376623376623375[0m
[32m2023-11-30 17:40:35.864 DEBUG    [AcquisitionClass.py:127] 2138.0[0m
[32m2023-11-30 17:40:35.865 DEBUG    [AcquisitionClass.py:128] 0.2138888888888889[0m
[32m2023-11-30 17:40:35.865 DEBUG    [AcquisitionClass.py:129] 2138.888888888889[0m
[32m2023-11-30 17:40:35.865 DEBUG    [AcquisitionClass.py:130] 50000[0m
[32m2023-11-30 17:40:35.865 DEBUG    [AcquisitionClass.py:131] 50000[0m
[36m2023-11-30 17:40:35.932 INFO     [AcquisitionClass.py:371] Did not start digital generator, check generator_analog_channels[0m
[36m2023-11-30 17:40:35.936 INFO     [AcquisitionClass.py:517] frequency: 0.214 
 amplitude 2.139 
 offset 2.139  
 acquisiton time 23.377 
 points per period 10000.000 
 number of periods 5.000[0m
[1;31m2023-11-30 17:41:29.705 ERROR    [AcquisitionClass.py:526] Voltage saturation of the MPPC intensity reader[0m
[1;31m2023-11-30 17:41:29.705 ERROR    [AcquisitionClass.py:530] Voltage saturation of the MPPC fluorescence reader[0m
[36m2023-11-30 17:41:30.87 INFO     [AcquisitionClass.py:630] Shutting down all LEDs for 1 seconds[0m
[36m2023-11-30 17:41:30.158 INFO     [AcquisitionClass.py:371] Did not start digital generator, check generator_analog_channels[0m
[1;35m2023-11-30 17:41:33.317 CRITICAL [DronpaClass.py:183] [][0m
[32m2023-11-30 17:41:33.317 DEBUG    [AcquisitionClass.py:125] 10000[0m
[32m2023-11-30 17:41:33.318 DEBUG    [AcquisitionClass.py:126] 23.076923076923077[0m
[32m2023-11-30 17:41:33.318 DEBUG    [AcquisitionClass.py:127] 2166.0[0m
[32m2023-11-30 17:41:33.318 DEBUG    [AcquisitionClass.py:128] 0.21666666666666667[0m
[32m2023-11-30 17:41:33.319 DEBUG    [AcquisitionClass.py:129] 2166.6666666666665[0m
[32m2023-11-30 17:41:33.319 DEBUG    [AcquisitionClass.py:130] 50000[0m
[32m2023-11-30 17:41:33.319 DEBUG    [AcquisitionClass.py:131] 50000[0m
[32m2023-11-30 17:41:33.321 DEBUG    [AcquisitionClass.py:125] 10000[0m
[32m2023-11-30 17:41:33.322 DEBUG    [AcquisitionClass.py:126] 23.076923076923077[0m
[32m2023-11-30 17:41:33.322 DEBUG    [AcquisitionClass.py:127] 2166.0[0m
[32m2023-11-30 17:41:33.322 DEBUG    [AcquisitionClass.py:128] 0.21666666666666667[0m
[32m2023-11-30 17:41:33.322 DEBUG    [AcquisitionClass.py:129] 2166.6666666666665[0m
[32m2023-11-30 17:41:33.322 DEBUG    [AcquisitionClass.py:130] 50000[0m
[32m2023-11-30 17:41:33.323 DEBUG    [AcquisitionClass.py:131] 50000[0m
[36m2023-11-30 17:41:33.381 INFO     [AcquisitionClass.py:371] Did not start digital generator, check generator_analog_channels[0m
[36m2023-11-30 17:41:33.384 INFO     [AcquisitionClass.py:517] frequency: 0.217 
 amplitude 2.167 
 offset 2.167  
 acquisiton time 23.077 
 points per period 10000.000 
 number of periods 5.000[0m
[1;31m2023-11-30 17:42:26.475 ERROR    [AcquisitionClass.py:526] Voltage saturation of the MPPC intensity reader[0m
[1;31m2023-11-30 17:42:26.475 ERROR    [AcquisitionClass.py:530] Voltage saturation of the MPPC fluorescence reader[0m
[36m2023-11-30 17:42:26.821 INFO     [AcquisitionClass.py:630] Shutting down all LEDs for 1 seconds[0m
[36m2023-11-30 17:42:26.900 INFO     [AcquisitionClass.py:371] Did not start digital generator, check generator_analog_channels[0m
[1;35m2023-11-30 17:42:29.870 CRITICAL [DronpaClass.py:183] [][0m
[32m2023-11-30 17:42:29.870 DEBUG    [AcquisitionClass.py:125] 10000[0m
[32m2023-11-30 17:42:29.871 DEBUG    [AcquisitionClass.py:126] 22.784810126582276[0m
[32m2023-11-30 17:42:29.871 DEBUG    [AcquisitionClass.py:127] 2194.0[0m
[32m2023-11-30 17:42:29.871 DEBUG    [AcquisitionClass.py:128] 0.21944444444444447[0m
[32m2023-11-30 17:42:29.871 DEBUG    [AcquisitionClass.py:129] 2194.444444444445[0m
[32m2023-11-30 17:42:29.872 DEBUG    [AcquisitionClass.py:130] 50000[0m
[32m2023-11-30 17:42:29.872 DEBUG    [AcquisitionClass.py:131] 50000[0m
[32m2023-11-30 17:42:29.874 DEBUG    [AcquisitionClass.py:125] 10000[0m
[32m2023-11-30 17:42:29.874 DEBUG    [AcquisitionClass.py:126] 22.784810126582276[0m
[32m2023-11-30 17:42:29.875 DEBUG    [AcquisitionClass.py:127] 2194.0[0m
[32m2023-11-30 17:42:29.875 DEBUG    [AcquisitionClass.py:128] 0.21944444444444447[0m
[32m2023-11-30 17:42:29.875 DEBUG    [AcquisitionClass.py:129] 2194.444444444445[0m
[32m2023-11-30 17:42:29.875 DEBUG    [AcquisitionClass.py:130] 50000[0m
[32m2023-11-30 17:42:29.875 DEBUG    [AcquisitionClass.py:131] 50000[0m
[36m2023-11-30 17:42:29.935 INFO     [AcquisitionClass.py:371] Did not start digital generator, check generator_analog_channels[0m
[36m2023-11-30 17:42:29.938 INFO     [AcquisitionClass.py:517] frequency: 0.219 
 amplitude 2.194 
 offset 2.194  
 acquisiton time 22.785 
 points per period 10000.000 
 number of periods 5.000[0m
[1;31m2023-11-30 17:43:22.358 ERROR    [AcquisitionClass.py:526] Voltage saturation of the MPPC intensity reader[0m
[1;31m2023-11-30 17:43:22.359 ERROR    [AcquisitionClass.py:530] Voltage saturation of the MPPC fluorescence reader[0m
[36m2023-11-30 17:43:22.703 INFO     [AcquisitionClass.py:630] Shutting down all LEDs for 1 seconds[0m
[36m2023-11-30 17:43:22.783 INFO     [AcquisitionClass.py:371] Did not start digital generator, check generator_analog_channels[0m
[1;35m2023-11-30 17:43:25.677 CRITICAL [DronpaClass.py:183] [][0m
[32m2023-11-30 17:43:25.677 DEBUG    [AcquisitionClass.py:125] 10000[0m
[32m2023-11-30 17:43:25.678 DEBUG    [AcquisitionClass.py:126] 22.5[0m
[32m2023-11-30 17:43:25.678 DEBUG    [AcquisitionClass.py:127] 2222.0[0m
[32m2023-11-30 17:43:25.678 DEBUG    [AcquisitionClass.py:128] 0.22222222222222224[0m
[32m2023-11-30 17:43:25.678 DEBUG    [AcquisitionClass.py:129] 2222.222222222222[0m
[32m2023-11-30 17:43:25.679 DEBUG    [AcquisitionClass.py:130] 50000[0m
[32m2023-11-30 17:43:25.679 DEBUG    [AcquisitionClass.py:131] 50000[0m
[32m2023-11-30 17:43:25.681 DEBUG    [AcquisitionClass.py:125] 10000[0m
[32m2023-11-30 17:43:25.681 DEBUG    [AcquisitionClass.py:126] 22.5[0m
[32m2023-11-30 17:43:25.682 DEBUG    [AcquisitionClass.py:127] 2222.0[0m
[32m2023-11-30 17:43:25.682 DEBUG    [AcquisitionClass.py:128] 0.22222222222222224[0m
[32m2023-11-30 17:43:25.682 DEBUG    [AcquisitionClass.py:129] 2222.222222222222[0m
[32m2023-11-30 17:43:25.682 DEBUG    [AcquisitionClass.py:130] 50000[0m
[32m2023-11-30 17:43:25.682 DEBUG    [AcquisitionClass.py:131] 50000[0m
[36m2023-11-30 17:43:25.749 INFO     [AcquisitionClass.py:371] Did not start digital generator, check generator_analog_channels[0m
[36m2023-11-30 17:43:25.752 INFO     [AcquisitionClass.py:517] frequency: 0.222 
 amplitude 2.222 
 offset 2.222  
 acquisiton time 22.500 
 points per period 10000.000 
 number of periods 5.000[0m
[1;31m2023-11-30 17:44:17.505 ERROR    [AcquisitionClass.py:526] Voltage saturation of the MPPC intensity reader[0m
[1;31m2023-11-30 17:44:17.505 ERROR    [AcquisitionClass.py:530] Voltage saturation of the MPPC fluorescence reader[0m
[36m2023-11-30 17:44:17.836 INFO     [AcquisitionClass.py:630] Shutting down all LEDs for 1 seconds[0m
[36m2023-11-30 17:44:17.911 INFO     [AcquisitionClass.py:371] Did not start digital generator, check generator_analog_channels[0m
[1;35m2023-11-30 17:44:20.895 CRITICAL [DronpaClass.py:183] [][0m
[32m2023-11-30 17:44:20.895 DEBUG    [AcquisitionClass.py:125] 10000[0m
[32m2023-11-30 17:44:20.896 DEBUG    [AcquisitionClass.py:126] 22.22222222222222[0m
[32m2023-11-30 17:44:20.896 DEBUG    [AcquisitionClass.py:127] 2250.0[0m
[32m2023-11-30 17:44:20.896 DEBUG    [AcquisitionClass.py:128] 0.225[0m
[32m2023-11-30 17:44:20.897 DEBUG    [AcquisitionClass.py:129] 2250.0[0m
[32m2023-11-30 17:44:20.897 DEBUG    [AcquisitionClass.py:130] 50000[0m
[32m2023-11-30 17:44:20.897 DEBUG    [AcquisitionClass.py:131] 50000[0m
[32m2023-11-30 17:44:20.899 DEBUG    [AcquisitionClass.py:125] 10000[0m
[32m2023-11-30 17:44:20.899 DEBUG    [AcquisitionClass.py:126] 22.22222222222222[0m
[32m2023-11-30 17:44:20.900 DEBUG    [AcquisitionClass.py:127] 2250.0[0m
[32m2023-11-30 17:44:20.900 DEBUG    [AcquisitionClass.py:128] 0.225[0m
[32m2023-11-30 17:44:20.900 DEBUG    [AcquisitionClass.py:129] 2250.0[0m
[32m2023-11-30 17:44:20.900 DEBUG    [AcquisitionClass.py:130] 50000[0m
[32m2023-11-30 17:44:20.900 DEBUG    [AcquisitionClass.py:131] 50000[0m
[36m2023-11-30 17:44:20.958 INFO     [AcquisitionClass.py:371] Did not start digital generator, check generator_analog_channels[0m
[36m2023-11-30 17:44:20.960 INFO     [AcquisitionClass.py:517] frequency: 0.225 
 amplitude 2.250 
 offset 2.250  
 acquisiton time 22.222 
 points per period 10000.000 
 number of periods 5.000[0m
[1;31m2023-11-30 17:45:12.77 ERROR    [AcquisitionClass.py:526] Voltage saturation of the MPPC intensity reader[0m
[1;31m2023-11-30 17:45:12.77 ERROR    [AcquisitionClass.py:530] Voltage saturation of the MPPC fluorescence reader[0m
[36m2023-11-30 17:45:12.420 INFO     [AcquisitionClass.py:630] Shutting down all LEDs for 1 seconds[0m
[36m2023-11-30 17:45:12.489 INFO     [AcquisitionClass.py:371] Did not start digital generator, check generator_analog_channels[0m
[1;35m2023-11-30 17:45:15.484 CRITICAL [DronpaClass.py:183] [][0m
[32m2023-11-30 17:45:15.486 DEBUG    [AcquisitionClass.py:125] 1000[0m
[32m2023-11-30 17:45:15.486 DEBUG    [AcquisitionClass.py:126] 1.0[0m
[32m2023-11-30 17:45:15.486 DEBUG    [AcquisitionClass.py:127] 10000[0m
[32m2023-11-30 17:45:15.486 DEBUG    [AcquisitionClass.py:128] 10[0m
[32m2023-11-30 17:45:15.486 DEBUG    [AcquisitionClass.py:129] 10000[0m
[32m2023-11-30 17:45:15.487 DEBUG    [AcquisitionClass.py:130] 10000[0m
[32m2023-11-30 17:45:15.487 DEBUG    [AcquisitionClass.py:131] 10000[0m
[32m2023-11-30 17:45:15.487 DEBUG    [AcquisitionClass.py:125] 10000[0m
[32m2023-11-30 17:45:15.487 DEBUG    [AcquisitionClass.py:126] 1.0[0m
[32m2023-11-30 17:45:15.487 DEBUG    [AcquisitionClass.py:127] 100000[0m
[32m2023-11-30 17:45:15.488 DEBUG    [AcquisitionClass.py:128] 10[0m
[32m2023-11-30 17:45:15.488 DEBUG    [AcquisitionClass.py:129] 100000[0m
[32m2023-11-30 17:45:15.488 DEBUG    [AcquisitionClass.py:130] 100000[0m
[32m2023-11-30 17:45:15.488 DEBUG    [AcquisitionClass.py:131] 100000[0m
[1;35m2023-11-30 17:45:15.488 CRITICAL [DronpaClass.py:197] channels[0m
[1;35m2023-11-30 17:45:15.489 CRITICAL [DronpaClass.py:198] 1[0m
[36m2023-11-30 17:45:15.489 INFO     [RoutinesClass.py:28] Running the detector response routine[0m
[1;35m2023-11-30 17:45:15.489 CRITICAL [RoutinesClass.py:38] 4.0[0m
[36m2023-11-30 17:45:16.567 INFO     [AcquisitionClass.py:517] frequency: 10.000 
 amplitude 0.000 
 offset 4.000  
 acquisiton time 1.000 
 points per period 10000.000 
 number of periods 10.000[0m
[1;31m2023-11-30 17:45:17.683 ERROR    [AcquisitionClass.py:526] Voltage saturation of the MPPC intensity reader[0m
[1;31m2023-11-30 17:45:17.683 ERROR    [AcquisitionClass.py:530] Voltage saturation of the MPPC fluorescence reader[0m
[36m2023-11-30 17:45:17.695 INFO     [AcquisitionClass.py:630] Shutting down all LEDs for 1 seconds[0m
[36m2023-11-30 17:45:17.773 INFO     [AcquisitionClass.py:371] Did not start digital generator, check generator_analog_channels[0m
[1;35m2023-11-30 17:45:18.807 CRITICAL [RoutinesClass.py:38] 4.055555555555555[0m
[36m2023-11-30 17:45:19.886 INFO     [AcquisitionClass.py:517] frequency: 10.000 
 amplitude 0.000 
 offset 4.056  
 acquisiton time 1.000 
 points per period 10000.000 
 number of periods 10.000[0m
[1;31m2023-11-30 17:45:20.995 ERROR    [AcquisitionClass.py:526] Voltage saturation of the MPPC intensity reader[0m
[1;31m2023-11-30 17:45:20.995 ERROR    [AcquisitionClass.py:530] Voltage saturation of the MPPC fluorescence reader[0m
[36m2023-11-30 17:45:21.8 INFO     [AcquisitionClass.py:630] Shutting down all LEDs for 1 seconds[0m
[36m2023-11-30 17:45:21.88 INFO     [AcquisitionClass.py:371] Did not start digital generator, check generator_analog_channels[0m
[1;35m2023-11-30 17:45:22.121 CRITICAL [RoutinesClass.py:38] 4.111111111111111[0m
[36m2023-11-30 17:45:23.204 INFO     [AcquisitionClass.py:517] frequency: 10.000 
 amplitude 0.000 
 offset 4.111  
 acquisiton time 1.000 
 points per period 10000.000 
 number of periods 10.000[0m
[1;31m2023-11-30 17:45:24.309 ERROR    [AcquisitionClass.py:526] Voltage saturation of the MPPC intensity reader[0m
[1;31m2023-11-30 17:45:24.310 ERROR    [AcquisitionClass.py:530] Voltage saturation of the MPPC fluorescence reader[0m
[36m2023-11-30 17:45:24.321 INFO     [AcquisitionClass.py:630] Shutting down all LEDs for 1 seconds[0m
[36m2023-11-30 17:45:24.398 INFO     [AcquisitionClass.py:371] Did not start digital generator, check generator_analog_channels[0m
[1;35m2023-11-30 17:45:25.422 CRITICAL [RoutinesClass.py:38] 4.166666666666667[0m
[36m2023-11-30 17:45:26.498 INFO     [AcquisitionClass.py:517] frequency: 10.000 
 amplitude 0.000 
 offset 4.167  
 acquisiton time 1.000 
 points per period 10000.000 
 number of periods 10.000[0m
[1;31m2023-11-30 17:45:27.613 ERROR    [AcquisitionClass.py:526] Voltage saturation of the MPPC intensity reader[0m
[1;31m2023-11-30 17:45:27.613 ERROR    [AcquisitionClass.py:530] Voltage saturation of the MPPC fluorescence reader[0m
[36m2023-11-30 17:45:27.625 INFO     [AcquisitionClass.py:630] Shutting down all LEDs for 1 seconds[0m
[36m2023-11-30 17:45:27.702 INFO     [AcquisitionClass.py:371] Did not start digital generator, check generator_analog_channels[0m
[1;35m2023-11-30 17:45:28.725 CRITICAL [RoutinesClass.py:38] 4.222222222222222[0m
[36m2023-11-30 17:45:29.797 INFO     [AcquisitionClass.py:517] frequency: 10.000 
 amplitude 0.000 
 offset 4.222  
 acquisiton time 1.000 
 points per period 10000.000 
 number of periods 10.000[0m
[1;31m2023-11-30 17:45:30.912 ERROR    [AcquisitionClass.py:526] Voltage saturation of the MPPC intensity reader[0m
[1;31m2023-11-30 17:45:30.912 ERROR    [AcquisitionClass.py:530] Voltage saturation of the MPPC fluorescence reader[0m
[36m2023-11-30 17:45:30.924 INFO     [AcquisitionClass.py:630] Shutting down all LEDs for 1 seconds[0m
[36m2023-11-30 17:45:31.2 INFO     [AcquisitionClass.py:371] Did not start digital generator, check generator_analog_channels[0m
[1;35m2023-11-30 17:45:32.24 CRITICAL [RoutinesClass.py:38] 4.277777777777778[0m
[36m2023-11-30 17:45:33.97 INFO     [AcquisitionClass.py:517] frequency: 10.000 
 amplitude 0.000 
 offset 4.278  
 acquisiton time 1.000 
 points per period 10000.000 
 number of periods 10.000[0m
[1;31m2023-11-30 17:45:34.211 ERROR    [AcquisitionClass.py:526] Voltage saturation of the MPPC intensity reader[0m
[1;31m2023-11-30 17:45:34.212 ERROR    [AcquisitionClass.py:530] Voltage saturation of the MPPC fluorescence reader[0m
[36m2023-11-30 17:45:34.222 INFO     [AcquisitionClass.py:630] Shutting down all LEDs for 1 seconds[0m
[36m2023-11-30 17:45:34.299 INFO     [AcquisitionClass.py:371] Did not start digital generator, check generator_analog_channels[0m
[1;35m2023-11-30 17:45:35.326 CRITICAL [RoutinesClass.py:38] 4.333333333333333[0m
[36m2023-11-30 17:45:36.408 INFO     [AcquisitionClass.py:517] frequency: 10.000 
 amplitude 0.000 
 offset 4.333  
 acquisiton time 1.000 
 points per period 10000.000 
 number of periods 10.000[0m
[1;31m2023-11-30 17:45:37.521 ERROR    [AcquisitionClass.py:526] Voltage saturation of the MPPC intensity reader[0m
[1;31m2023-11-30 17:45:37.521 ERROR    [AcquisitionClass.py:530] Voltage saturation of the MPPC fluorescence reader[0m
[36m2023-11-30 17:45:37.534 INFO     [AcquisitionClass.py:630] Shutting down all LEDs for 1 seconds[0m
[36m2023-11-30 17:45:37.611 INFO     [AcquisitionClass.py:371] Did not start digital generator, check generator_analog_channels[0m
[1;35m2023-11-30 17:45:38.636 CRITICAL [RoutinesClass.py:38] 4.388888888888889[0m
[36m2023-11-30 17:45:39.710 INFO     [AcquisitionClass.py:517] frequency: 10.000 
 amplitude 0.000 
 offset 4.389  
 acquisiton time 1.000 
 points per period 10000.000 
 number of periods 10.000[0m
[1;31m2023-11-30 17:45:40.827 ERROR    [AcquisitionClass.py:526] Voltage saturation of the MPPC intensity reader[0m
[1;31m2023-11-30 17:45:40.827 ERROR    [AcquisitionClass.py:530] Voltage saturation of the MPPC fluorescence reader[0m
[36m2023-11-30 17:45:40.838 INFO     [AcquisitionClass.py:630] Shutting down all LEDs for 1 seconds[0m
[36m2023-11-30 17:45:40.915 INFO     [AcquisitionClass.py:371] Did not start digital generator, check generator_analog_channels[0m
[1;35m2023-11-30 17:45:41.941 CRITICAL [RoutinesClass.py:38] 4.444444444444445[0m
[36m2023-11-30 17:45:43.13 INFO     [AcquisitionClass.py:517] frequency: 10.000 
 amplitude 0.000 
 offset 4.444  
 acquisiton time 1.000 
 points per period 10000.000 
 number of periods 10.000[0m
[1;31m2023-11-30 17:45:44.128 ERROR    [AcquisitionClass.py:526] Voltage saturation of the MPPC intensity reader[0m
[1;31m2023-11-30 17:45:44.128 ERROR    [AcquisitionClass.py:530] Voltage saturation of the MPPC fluorescence reader[0m
[36m2023-11-30 17:45:44.140 INFO     [AcquisitionClass.py:630] Shutting down all LEDs for 1 seconds[0m
[36m2023-11-30 17:45:44.217 INFO     [AcquisitionClass.py:371] Did not start digital generator, check generator_analog_channels[0m
[1;35m2023-11-30 17:45:45.238 CRITICAL [RoutinesClass.py:38] 4.5[0m
[36m2023-11-30 17:45:46.315 INFO     [AcquisitionClass.py:517] frequency: 10.000 
 amplitude 0.000 
 offset 4.500  
 acquisiton time 1.000 
 points per period 10000.000 
 number of periods 10.000[0m
[1;31m2023-11-30 17:45:47.418 ERROR    [AcquisitionClass.py:526] Voltage saturation of the MPPC intensity reader[0m
[1;31m2023-11-30 17:45:47.419 ERROR    [AcquisitionClass.py:530] Voltage saturation of the MPPC fluorescence reader[0m
[36m2023-11-30 17:45:47.430 INFO     [AcquisitionClass.py:630] Shutting down all LEDs for 1 seconds[0m
[36m2023-11-30 17:45:47.507 INFO     [AcquisitionClass.py:371] Did not start digital generator, check generator_analog_channels[0m
[36m2023-11-30 17:45:49.702 INFO     [RoutinesClass.py:28] Running the detector response routine[0m
[1;35m2023-11-30 17:45:49.702 CRITICAL [RoutinesClass.py:38] 0.0[0m
[36m2023-11-30 17:45:50.778 INFO     [AcquisitionClass.py:517] frequency: 10.000 
 amplitude 0.000 
 offset 0.000  
 acquisiton time 1.000 
 points per period 10000.000 
 number of periods 10.000[0m
[36m2023-11-30 17:45:51.897 INFO     [AcquisitionClass.py:630] Shutting down all LEDs for 1 seconds[0m
[36m2023-11-30 17:45:51.974 INFO     [AcquisitionClass.py:371] Did not start digital generator, check generator_analog_channels[0m
[1;35m2023-11-30 17:45:52.997 CRITICAL [RoutinesClass.py:38] 0.21052631578947367[0m
[36m2023-11-30 17:45:54.76 INFO     [AcquisitionClass.py:517] frequency: 10.000 
 amplitude 0.000 
 offset 0.211  
 acquisiton time 1.000 
 points per period 10000.000 
 number of periods 10.000[0m
[36m2023-11-30 17:45:55.197 INFO     [AcquisitionClass.py:630] Shutting down all LEDs for 1 seconds[0m
[36m2023-11-30 17:45:55.274 INFO     [AcquisitionClass.py:371] Did not start digital generator, check generator_analog_channels[0m
[1;35m2023-11-30 17:45:56.299 CRITICAL [RoutinesClass.py:38] 0.42105263157894735[0m
[36m2023-11-30 17:45:57.379 INFO     [AcquisitionClass.py:517] frequency: 10.000 
 amplitude 0.000 
 offset 0.421  
 acquisiton time 1.000 
 points per period 10000.000 
 number of periods 10.000[0m
[36m2023-11-30 17:45:58.495 INFO     [AcquisitionClass.py:630] Shutting down all LEDs for 1 seconds[0m
[36m2023-11-30 17:45:58.573 INFO     [AcquisitionClass.py:371] Did not start digital generator, check generator_analog_channels[0m
[1;35m2023-11-30 17:45:59.600 CRITICAL [RoutinesClass.py:38] 0.631578947368421[0m
[36m2023-11-30 17:46:00.673 INFO     [AcquisitionClass.py:517] frequency: 10.000 
 amplitude 0.000 
 offset 0.632  
 acquisiton time 1.000 
 points per period 10000.000 
 number of periods 10.000[0m
[36m2023-11-30 17:46:01.787 INFO     [AcquisitionClass.py:630] Shutting down all LEDs for 1 seconds[0m
[36m2023-11-30 17:46:01.865 INFO     [AcquisitionClass.py:371] Did not start digital generator, check generator_analog_channels[0m
[1;35m2023-11-30 17:46:02.893 CRITICAL [RoutinesClass.py:38] 0.8421052631578947[0m
[36m2023-11-30 17:46:03.968 INFO     [AcquisitionClass.py:517] frequency: 10.000 
 amplitude 0.000 
 offset 0.842  
 acquisiton time 1.000 
 points per period 10000.000 
 number of periods 10.000[0m
[36m2023-11-30 17:46:05.90 INFO     [AcquisitionClass.py:630] Shutting down all LEDs for 1 seconds[0m
[36m2023-11-30 17:46:05.166 INFO     [AcquisitionClass.py:371] Did not start digital generator, check generator_analog_channels[0m
[1;35m2023-11-30 17:46:06.190 CRITICAL [RoutinesClass.py:38] 1.0526315789473684[0m
[36m2023-11-30 17:46:07.269 INFO     [AcquisitionClass.py:517] frequency: 10.000 
 amplitude 0.000 
 offset 1.053  
 acquisiton time 1.000 
 points per period 10000.000 
 number of periods 10.000[0m
[36m2023-11-30 17:46:08.386 INFO     [AcquisitionClass.py:630] Shutting down all LEDs for 1 seconds[0m
[36m2023-11-30 17:46:08.464 INFO     [AcquisitionClass.py:371] Did not start digital generator, check generator_analog_channels[0m
[1;35m2023-11-30 17:46:09.493 CRITICAL [RoutinesClass.py:38] 1.263157894736842[0m
[36m2023-11-30 17:46:10.576 INFO     [AcquisitionClass.py:517] frequency: 10.000 
 amplitude 0.000 
 offset 1.263  
 acquisiton time 1.000 
 points per period 10000.000 
 number of periods 10.000[0m
[36m2023-11-30 17:46:11.700 INFO     [AcquisitionClass.py:630] Shutting down all LEDs for 1 seconds[0m
[36m2023-11-30 17:46:11.777 INFO     [AcquisitionClass.py:371] Did not start digital generator, check generator_analog_channels[0m
[1;35m2023-11-30 17:46:12.799 CRITICAL [RoutinesClass.py:38] 1.4736842105263157[0m
[36m2023-11-30 17:46:13.875 INFO     [AcquisitionClass.py:517] frequency: 10.000 
 amplitude 0.000 
 offset 1.474  
 acquisiton time 1.000 
 points per period 10000.000 
 number of periods 10.000[0m
[36m2023-11-30 17:46:14.993 INFO     [AcquisitionClass.py:630] Shutting down all LEDs for 1 seconds[0m
[36m2023-11-30 17:46:15.69 INFO     [AcquisitionClass.py:371] Did not start digital generator, check generator_analog_channels[0m
[1;35m2023-11-30 17:46:16.91 CRITICAL [RoutinesClass.py:38] 1.6842105263157894[0m
[36m2023-11-30 17:46:17.165 INFO     [AcquisitionClass.py:517] frequency: 10.000 
 amplitude 0.000 
 offset 1.684  
 acquisiton time 1.000 
 points per period 10000.000 
 number of periods 10.000[0m
[36m2023-11-30 17:46:18.291 INFO     [AcquisitionClass.py:630] Shutting down all LEDs for 1 seconds[0m
[36m2023-11-30 17:46:18.368 INFO     [AcquisitionClass.py:371] Did not start digital generator, check generator_analog_channels[0m
[1;35m2023-11-30 17:46:19.389 CRITICAL [RoutinesClass.py:38] 1.894736842105263[0m
[36m2023-11-30 17:46:20.462 INFO     [AcquisitionClass.py:517] frequency: 10.000 
 amplitude 0.000 
 offset 1.895  
 acquisiton time 1.000 
 points per period 10000.000 
 number of periods 10.000[0m
[36m2023-11-30 17:46:21.589 INFO     [AcquisitionClass.py:630] Shutting down all LEDs for 1 seconds[0m
[36m2023-11-30 17:46:21.667 INFO     [AcquisitionClass.py:371] Did not start digital generator, check generator_analog_channels[0m
[1;35m2023-11-30 17:46:22.692 CRITICAL [RoutinesClass.py:38] 2.1052631578947367[0m
[36m2023-11-30 17:46:23.772 INFO     [AcquisitionClass.py:517] frequency: 10.000 
 amplitude 0.000 
 offset 2.105  
 acquisiton time 1.000 
 points per period 10000.000 
 number of periods 10.000[0m
[36m2023-11-30 17:46:24.899 INFO     [AcquisitionClass.py:630] Shutting down all LEDs for 1 seconds[0m
[36m2023-11-30 17:46:24.977 INFO     [AcquisitionClass.py:371] Did not start digital generator, check generator_analog_channels[0m
[1;35m2023-11-30 17:46:26.4 CRITICAL [RoutinesClass.py:38] 2.3157894736842106[0m
[36m2023-11-30 17:46:27.78 INFO     [AcquisitionClass.py:517] frequency: 10.000 
 amplitude 0.000 
 offset 2.316  
 acquisiton time 1.000 
 points per period 10000.000 
 number of periods 10.000[0m
[36m2023-11-30 17:46:28.202 INFO     [AcquisitionClass.py:630] Shutting down all LEDs for 1 seconds[0m
[36m2023-11-30 17:46:28.280 INFO     [AcquisitionClass.py:371] Did not start digital generator, check generator_analog_channels[0m
[1;35m2023-11-30 17:46:29.307 CRITICAL [RoutinesClass.py:38] 2.526315789473684[0m
[36m2023-11-30 17:46:30.378 INFO     [AcquisitionClass.py:517] frequency: 10.000 
 amplitude 0.000 
 offset 2.526  
 acquisiton time 1.000 
 points per period 10000.000 
 number of periods 10.000[0m
[36m2023-11-30 17:46:31.503 INFO     [AcquisitionClass.py:630] Shutting down all LEDs for 1 seconds[0m
[36m2023-11-30 17:46:31.580 INFO     [AcquisitionClass.py:371] Did not start digital generator, check generator_analog_channels[0m
[1;35m2023-11-30 17:46:32.602 CRITICAL [RoutinesClass.py:38] 2.7368421052631575[0m
[36m2023-11-30 17:46:33.675 INFO     [AcquisitionClass.py:517] frequency: 10.000 
 amplitude 0.000 
 offset 2.737  
 acquisiton time 1.000 
 points per period 10000.000 
 number of periods 10.000[0m
[36m2023-11-30 17:46:34.800 INFO     [AcquisitionClass.py:630] Shutting down all LEDs for 1 seconds[0m
[36m2023-11-30 17:46:34.879 INFO     [AcquisitionClass.py:371] Did not start digital generator, check generator_analog_channels[0m
[1;35m2023-11-30 17:46:35.903 CRITICAL [RoutinesClass.py:38] 2.9473684210526314[0m
[36m2023-11-30 17:46:36.977 INFO     [AcquisitionClass.py:517] frequency: 10.000 
 amplitude 0.000 
 offset 2.947  
 acquisiton time 1.000 
 points per period 10000.000 
 number of periods 10.000[0m
[36m2023-11-30 17:46:38.105 INFO     [AcquisitionClass.py:630] Shutting down all LEDs for 1 seconds[0m
[36m2023-11-30 17:46:38.183 INFO     [AcquisitionClass.py:371] Did not start digital generator, check generator_analog_channels[0m
[1;35m2023-11-30 17:46:39.205 CRITICAL [RoutinesClass.py:38] 3.1578947368421053[0m
[36m2023-11-30 17:46:40.275 INFO     [AcquisitionClass.py:517] frequency: 10.000 
 amplitude 0.000 
 offset 3.158  
 acquisiton time 1.000 
 points per period 10000.000 
 number of periods 10.000[0m
[36m2023-11-30 17:46:41.400 INFO     [AcquisitionClass.py:630] Shutting down all LEDs for 1 seconds[0m
[36m2023-11-30 17:46:41.475 INFO     [AcquisitionClass.py:371] Did not start digital generator, check generator_analog_channels[0m
[1;35m2023-11-30 17:46:42.498 CRITICAL [RoutinesClass.py:38] 3.3684210526315788[0m
[36m2023-11-30 17:46:43.570 INFO     [AcquisitionClass.py:517] frequency: 10.000 
 amplitude 0.000 
 offset 3.368  
 acquisiton time 1.000 
 points per period 10000.000 
 number of periods 10.000[0m
[36m2023-11-30 17:46:44.698 INFO     [AcquisitionClass.py:630] Shutting down all LEDs for 1 seconds[0m
[36m2023-11-30 17:46:44.777 INFO     [AcquisitionClass.py:371] Did not start digital generator, check generator_analog_channels[0m
[1;35m2023-11-30 17:46:45.804 CRITICAL [RoutinesClass.py:38] 3.578947368421052[0m
[36m2023-11-30 17:46:46.879 INFO     [AcquisitionClass.py:517] frequency: 10.000 
 amplitude 0.000 
 offset 3.579  
 acquisiton time 1.000 
 points per period 10000.000 
 number of periods 10.000[0m
[36m2023-11-30 17:46:48.2 INFO     [AcquisitionClass.py:630] Shutting down all LEDs for 1 seconds[0m
[36m2023-11-30 17:46:48.80 INFO     [AcquisitionClass.py:371] Did not start digital generator, check generator_analog_channels[0m
[1;35m2023-11-30 17:46:49.102 CRITICAL [RoutinesClass.py:38] 3.789473684210526[0m
[36m2023-11-30 17:46:50.176 INFO     [AcquisitionClass.py:517] frequency: 10.000 
 amplitude 0.000 
 offset 3.789  
 acquisiton time 1.000 
 points per period 10000.000 
 number of periods 10.000[0m
[36m2023-11-30 17:46:51.302 INFO     [AcquisitionClass.py:630] Shutting down all LEDs for 1 seconds[0m
[36m2023-11-30 17:46:51.380 INFO     [AcquisitionClass.py:371] Did not start digital generator, check generator_analog_channels[0m
[1;35m2023-11-30 17:46:52.403 CRITICAL [RoutinesClass.py:38] 4.0[0m
[36m2023-11-30 17:46:53.473 INFO     [AcquisitionClass.py:517] frequency: 10.000 
 amplitude 0.000 
 offset 4.000  
 acquisiton time 1.000 
 points per period 10000.000 
 number of periods 10.000[0m
[1;31m2023-11-30 17:46:54.589 ERROR    [AcquisitionClass.py:526] Voltage saturation of the MPPC intensity reader[0m
[1;31m2023-11-30 17:46:54.590 ERROR    [AcquisitionClass.py:530] Voltage saturation of the MPPC fluorescence reader[0m
[36m2023-11-30 17:46:54.602 INFO     [AcquisitionClass.py:630] Shutting down all LEDs for 1 seconds[0m
[36m2023-11-30 17:46:54.680 INFO     [AcquisitionClass.py:371] Did not start digital generator, check generator_analog_channels[0m
[32m2023-11-30 17:46:56.869 DEBUG    [AcquisitionClass.py:125] 10000[0m
[32m2023-11-30 17:46:56.869 DEBUG    [AcquisitionClass.py:126] 1.0[0m
[32m2023-11-30 17:46:56.869 DEBUG    [AcquisitionClass.py:127] 100000[0m
[32m2023-11-30 17:46:56.870 DEBUG    [AcquisitionClass.py:128] 10[0m
[32m2023-11-30 17:46:56.870 DEBUG    [AcquisitionClass.py:129] 100000[0m
[32m2023-11-30 17:46:56.870 DEBUG    [AcquisitionClass.py:130] 100000[0m
[32m2023-11-30 17:46:56.870 DEBUG    [AcquisitionClass.py:131] 100000[0m
[36m2023-11-30 17:46:56.871 INFO     [RoutinesClass.py:28] Running the detector response routine[0m
[1;35m2023-11-30 17:46:56.871 CRITICAL [RoutinesClass.py:38] 4.0[0m
[36m2023-11-30 17:46:57.942 INFO     [AcquisitionClass.py:517] frequency: 10.000 
 amplitude 0.000 
 offset 4.000  
 acquisiton time 1.000 
 points per period 10000.000 
 number of periods 10.000[0m
[36m2023-11-30 17:46:59.55 INFO     [AcquisitionClass.py:630] Shutting down all LEDs for 1 seconds[0m
[36m2023-11-30 17:46:59.134 INFO     [AcquisitionClass.py:371] Did not start digital generator, check generator_analog_channels[0m
[1;35m2023-11-30 17:47:00.156 CRITICAL [RoutinesClass.py:38] 4.055555555555555[0m
[36m2023-11-30 17:47:01.236 INFO     [AcquisitionClass.py:517] frequency: 10.000 
 amplitude 0.000 
 offset 4.056  
 acquisiton time 1.000 
 points per period 10000.000 
 number of periods 10.000[0m
[36m2023-11-30 17:47:02.363 INFO     [AcquisitionClass.py:630] Shutting down all LEDs for 1 seconds[0m
[36m2023-11-30 17:47:02.440 INFO     [AcquisitionClass.py:371] Did not start digital generator, check generator_analog_channels[0m
[1;35m2023-11-30 17:47:03.465 CRITICAL [RoutinesClass.py:38] 4.111111111111111[0m
[36m2023-11-30 17:47:04.541 INFO     [AcquisitionClass.py:517] frequency: 10.000 
 amplitude 0.000 
 offset 4.111  
 acquisiton time 1.000 
 points per period 10000.000 
 number of periods 10.000[0m
[36m2023-11-30 17:47:05.663 INFO     [AcquisitionClass.py:630] Shutting down all LEDs for 1 seconds[0m
[36m2023-11-30 17:47:05.740 INFO     [AcquisitionClass.py:371] Did not start digital generator, check generator_analog_channels[0m
[1;35m2023-11-30 17:47:06.765 CRITICAL [RoutinesClass.py:38] 4.166666666666667[0m
[36m2023-11-30 17:47:07.837 INFO     [AcquisitionClass.py:517] frequency: 10.000 
 amplitude 0.000 
 offset 4.167  
 acquisiton time 1.000 
 points per period 10000.000 
 number of periods 10.000[0m
[36m2023-11-30 17:47:08.952 INFO     [AcquisitionClass.py:630] Shutting down all LEDs for 1 seconds[0m
[36m2023-11-30 17:47:09.28 INFO     [AcquisitionClass.py:371] Did not start digital generator, check generator_analog_channels[0m
[1;35m2023-11-30 17:47:10.54 CRITICAL [RoutinesClass.py:38] 4.222222222222222[0m
[36m2023-11-30 17:47:11.131 INFO     [AcquisitionClass.py:517] frequency: 10.000 
 amplitude 0.000 
 offset 4.222  
 acquisiton time 1.000 
 points per period 10000.000 
 number of periods 10.000[0m
[36m2023-11-30 17:47:12.258 INFO     [AcquisitionClass.py:630] Shutting down all LEDs for 1 seconds[0m
[36m2023-11-30 17:47:12.335 INFO     [AcquisitionClass.py:371] Did not start digital generator, check generator_analog_channels[0m
[1;35m2023-11-30 17:47:13.364 CRITICAL [RoutinesClass.py:38] 4.277777777777778[0m
[36m2023-11-30 17:47:14.442 INFO     [AcquisitionClass.py:517] frequency: 10.000 
 amplitude 0.000 
 offset 4.278  
 acquisiton time 1.000 
 points per period 10000.000 
 number of periods 10.000[0m
[36m2023-11-30 17:47:15.557 INFO     [AcquisitionClass.py:630] Shutting down all LEDs for 1 seconds[0m
[36m2023-11-30 17:47:15.634 INFO     [AcquisitionClass.py:371] Did not start digital generator, check generator_analog_channels[0m
[1;35m2023-11-30 17:47:16.661 CRITICAL [RoutinesClass.py:38] 4.333333333333333[0m
[36m2023-11-30 17:47:17.735 INFO     [AcquisitionClass.py:517] frequency: 10.000 
 amplitude 0.000 
 offset 4.333  
 acquisiton time 1.000 
 points per period 10000.000 
 number of periods 10.000[0m
[36m2023-11-30 17:47:18.858 INFO     [AcquisitionClass.py:630] Shutting down all LEDs for 1 seconds[0m
[36m2023-11-30 17:47:18.936 INFO     [AcquisitionClass.py:371] Did not start digital generator, check generator_analog_channels[0m
[1;35m2023-11-30 17:47:19.963 CRITICAL [RoutinesClass.py:38] 4.388888888888889[0m
[36m2023-11-30 17:47:21.43 INFO     [AcquisitionClass.py:517] frequency: 10.000 
 amplitude 0.000 
 offset 4.389  
 acquisiton time 1.000 
 points per period 10000.000 
 number of periods 10.000[0m
[36m2023-11-30 17:47:22.170 INFO     [AcquisitionClass.py:630] Shutting down all LEDs for 1 seconds[0m
[36m2023-11-30 17:47:22.246 INFO     [AcquisitionClass.py:371] Did not start digital generator, check generator_analog_channels[0m
[1;35m2023-11-30 17:47:23.272 CRITICAL [RoutinesClass.py:38] 4.444444444444445[0m
[36m2023-11-30 17:47:24.340 INFO     [AcquisitionClass.py:517] frequency: 10.000 
 amplitude 0.000 
 offset 4.444  
 acquisiton time 1.000 
 points per period 10000.000 
 number of periods 10.000[0m
[36m2023-11-30 17:47:25.464 INFO     [AcquisitionClass.py:630] Shutting down all LEDs for 1 seconds[0m
[36m2023-11-30 17:47:25.541 INFO     [AcquisitionClass.py:371] Did not start digital generator, check generator_analog_channels[0m
[1;35m2023-11-30 17:47:26.566 CRITICAL [RoutinesClass.py:38] 4.5[0m
[36m2023-11-30 17:47:27.644 INFO     [AcquisitionClass.py:517] frequency: 10.000 
 amplitude 0.000 
 offset 4.500  
 acquisiton time 1.000 
 points per period 10000.000 
 number of periods 10.000[0m
[36m2023-11-30 17:47:28.773 INFO     [AcquisitionClass.py:630] Shutting down all LEDs for 1 seconds[0m
[36m2023-11-30 17:47:28.852 INFO     [AcquisitionClass.py:371] Did not start digital generator, check generator_analog_channels[0m
[36m2023-11-30 17:47:31.43 INFO     [RoutinesClass.py:28] Running the detector response routine[0m
[1;35m2023-11-30 17:47:31.43 CRITICAL [RoutinesClass.py:38] 0.0[0m
[36m2023-11-30 17:47:32.127 INFO     [AcquisitionClass.py:517] frequency: 10.000 
 amplitude 0.000 
 offset 0.000  
 acquisiton time 1.000 
 points per period 10000.000 
 number of periods 10.000[0m
[36m2023-11-30 17:47:33.250 INFO     [AcquisitionClass.py:630] Shutting down all LEDs for 1 seconds[0m
[36m2023-11-30 17:47:33.327 INFO     [AcquisitionClass.py:371] Did not start digital generator, check generator_analog_channels[0m
[1;35m2023-11-30 17:47:34.353 CRITICAL [RoutinesClass.py:38] 0.21052631578947367[0m
[36m2023-11-30 17:47:35.430 INFO     [AcquisitionClass.py:517] frequency: 10.000 
 amplitude 0.000 
 offset 0.211  
 acquisiton time 1.000 
 points per period 10000.000 
 number of periods 10.000[0m
[36m2023-11-30 17:47:36.546 INFO     [AcquisitionClass.py:630] Shutting down all LEDs for 1 seconds[0m
[36m2023-11-30 17:47:36.623 INFO     [AcquisitionClass.py:371] Did not start digital generator, check generator_analog_channels[0m
[1;35m2023-11-30 17:47:37.654 CRITICAL [RoutinesClass.py:38] 0.42105263157894735[0m
[36m2023-11-30 17:47:38.727 INFO     [AcquisitionClass.py:517] frequency: 10.000 
 amplitude 0.000 
 offset 0.421  
 acquisiton time 1.000 
 points per period 10000.000 
 number of periods 10.000[0m
[36m2023-11-30 17:47:39.842 INFO     [AcquisitionClass.py:630] Shutting down all LEDs for 1 seconds[0m
[36m2023-11-30 17:47:39.903 INFO     [AcquisitionClass.py:371] Did not start digital generator, check generator_analog_channels[0m
[1;35m2023-11-30 17:47:40.924 CRITICAL [RoutinesClass.py:38] 0.631578947368421[0m
[36m2023-11-30 17:47:42.1 INFO     [AcquisitionClass.py:517] frequency: 10.000 
 amplitude 0.000 
 offset 0.632  
 acquisiton time 1.000 
 points per period 10000.000 
 number of periods 10.000[0m
[36m2023-11-30 17:47:43.115 INFO     [AcquisitionClass.py:630] Shutting down all LEDs for 1 seconds[0m
[36m2023-11-30 17:47:43.192 INFO     [AcquisitionClass.py:371] Did not start digital generator, check generator_analog_channels[0m
[1;35m2023-11-30 17:47:44.218 CRITICAL [RoutinesClass.py:38] 0.8421052631578947[0m
[36m2023-11-30 17:47:45.295 INFO     [AcquisitionClass.py:517] frequency: 10.000 
 amplitude 0.000 
 offset 0.842  
 acquisiton time 1.000 
 points per period 10000.000 
 number of periods 10.000[0m
[36m2023-11-30 17:47:46.424 INFO     [AcquisitionClass.py:630] Shutting down all LEDs for 1 seconds[0m
[36m2023-11-30 17:47:46.501 INFO     [AcquisitionClass.py:371] Did not start digital generator, check generator_analog_channels[0m
[1;35m2023-11-30 17:47:47.525 CRITICAL [RoutinesClass.py:38] 1.0526315789473684[0m
[36m2023-11-30 17:47:48.602 INFO     [AcquisitionClass.py:517] frequency: 10.000 
 amplitude 0.000 
 offset 1.053  
 acquisiton time 1.000 
 points per period 10000.000 
 number of periods 10.000[0m
[36m2023-11-30 17:47:49.732 INFO     [AcquisitionClass.py:630] Shutting down all LEDs for 1 seconds[0m
[36m2023-11-30 17:47:49.810 INFO     [AcquisitionClass.py:371] Did not start digital generator, check generator_analog_channels[0m
[1;35m2023-11-30 17:47:50.834 CRITICAL [RoutinesClass.py:38] 1.263157894736842[0m
[36m2023-11-30 17:47:51.911 INFO     [AcquisitionClass.py:517] frequency: 10.000 
 amplitude 0.000 
 offset 1.263  
 acquisiton time 1.000 
 points per period 10000.000 
 number of periods 10.000[0m
[36m2023-11-30 17:47:53.28 INFO     [AcquisitionClass.py:630] Shutting down all LEDs for 1 seconds[0m
[36m2023-11-30 17:47:53.104 INFO     [AcquisitionClass.py:371] Did not start digital generator, check generator_analog_channels[0m
[1;35m2023-11-30 17:47:54.128 CRITICAL [RoutinesClass.py:38] 1.4736842105263157[0m
[36m2023-11-30 17:47:55.207 INFO     [AcquisitionClass.py:517] frequency: 10.000 
 amplitude 0.000 
 offset 1.474  
 acquisiton time 1.000 
 points per period 10000.000 
 number of periods 10.000[0m
[36m2023-11-30 17:47:56.334 INFO     [AcquisitionClass.py:630] Shutting down all LEDs for 1 seconds[0m
[36m2023-11-30 17:47:56.409 INFO     [AcquisitionClass.py:371] Did not start digital generator, check generator_analog_channels[0m
[1;35m2023-11-30 17:47:57.433 CRITICAL [RoutinesClass.py:38] 1.6842105263157894[0m
[36m2023-11-30 17:47:58.505 INFO     [AcquisitionClass.py:517] frequency: 10.000 
 amplitude 0.000 
 offset 1.684  
 acquisiton time 1.000 
 points per period 10000.000 
 number of periods 10.000[0m
[36m2023-11-30 17:47:59.631 INFO     [AcquisitionClass.py:630] Shutting down all LEDs for 1 seconds[0m
[36m2023-11-30 17:47:59.710 INFO     [AcquisitionClass.py:371] Did not start digital generator, check generator_analog_channels[0m
[1;35m2023-11-30 17:48:00.731 CRITICAL [RoutinesClass.py:38] 1.894736842105263[0m
[36m2023-11-30 17:48:01.805 INFO     [AcquisitionClass.py:517] frequency: 10.000 
 amplitude 0.000 
 offset 1.895  
 acquisiton time 1.000 
 points per period 10000.000 
 number of periods 10.000[0m
[36m2023-11-30 17:48:02.921 INFO     [AcquisitionClass.py:630] Shutting down all LEDs for 1 seconds[0m
[36m2023-11-30 17:48:02.998 INFO     [AcquisitionClass.py:371] Did not start digital generator, check generator_analog_channels[0m
[1;35m2023-11-30 17:48:04.23 CRITICAL [RoutinesClass.py:38] 2.1052631578947367[0m
[36m2023-11-30 17:48:05.101 INFO     [AcquisitionClass.py:517] frequency: 10.000 
 amplitude 0.000 
 offset 2.105  
 acquisiton time 1.000 
 points per period 10000.000 
 number of periods 10.000[0m
[36m2023-11-30 17:48:06.229 INFO     [AcquisitionClass.py:630] Shutting down all LEDs for 1 seconds[0m
[36m2023-11-30 17:48:06.305 INFO     [AcquisitionClass.py:371] Did not start digital generator, check generator_analog_channels[0m
[1;35m2023-11-30 17:48:07.331 CRITICAL [RoutinesClass.py:38] 2.3157894736842106[0m
[36m2023-11-30 17:48:08.409 INFO     [AcquisitionClass.py:517] frequency: 10.000 
 amplitude 0.000 
 offset 2.316  
 acquisiton time 1.000 
 points per period 10000.000 
 number of periods 10.000[0m
[36m2023-11-30 17:48:09.532 INFO     [AcquisitionClass.py:630] Shutting down all LEDs for 1 seconds[0m
[36m2023-11-30 17:48:09.610 INFO     [AcquisitionClass.py:371] Did not start digital generator, check generator_analog_channels[0m
[1;35m2023-11-30 17:48:10.631 CRITICAL [RoutinesClass.py:38] 2.526315789473684[0m
[36m2023-11-30 17:48:11.707 INFO     [AcquisitionClass.py:517] frequency: 10.000 
 amplitude 0.000 
 offset 2.526  
 acquisiton time 1.000 
 points per period 10000.000 
 number of periods 10.000[0m
[36m2023-11-30 17:48:12.830 INFO     [AcquisitionClass.py:630] Shutting down all LEDs for 1 seconds[0m
[36m2023-11-30 17:48:12.908 INFO     [AcquisitionClass.py:371] Did not start digital generator, check generator_analog_channels[0m
[1;35m2023-11-30 17:48:13.937 CRITICAL [RoutinesClass.py:38] 2.7368421052631575[0m
[36m2023-11-30 17:48:15.13 INFO     [AcquisitionClass.py:517] frequency: 10.000 
 amplitude 0.000 
 offset 2.737  
 acquisiton time 1.000 
 points per period 10000.000 
 number of periods 10.000[0m
[36m2023-11-30 17:48:16.135 INFO     [AcquisitionClass.py:630] Shutting down all LEDs for 1 seconds[0m
[36m2023-11-30 17:48:16.212 INFO     [AcquisitionClass.py:371] Did not start digital generator, check generator_analog_channels[0m
[1;35m2023-11-30 17:48:17.245 CRITICAL [RoutinesClass.py:38] 2.9473684210526314[0m
[36m2023-11-30 17:48:18.318 INFO     [AcquisitionClass.py:517] frequency: 10.000 
 amplitude 0.000 
 offset 2.947  
 acquisiton time 1.000 
 points per period 10000.000 
 number of periods 10.000[0m
[36m2023-11-30 17:48:19.437 INFO     [AcquisitionClass.py:630] Shutting down all LEDs for 1 seconds[0m
[36m2023-11-30 17:48:19.514 INFO     [AcquisitionClass.py:371] Did not start digital generator, check generator_analog_channels[0m
[1;35m2023-11-30 17:48:20.536 CRITICAL [RoutinesClass.py:38] 3.1578947368421053[0m
[36m2023-11-30 17:48:21.611 INFO     [AcquisitionClass.py:517] frequency: 10.000 
 amplitude 0.000 
 offset 3.158  
 acquisiton time 1.000 
 points per period 10000.000 
 number of periods 10.000[0m
[36m2023-11-30 17:48:22.736 INFO     [AcquisitionClass.py:630] Shutting down all LEDs for 1 seconds[0m
[36m2023-11-30 17:48:22.815 INFO     [AcquisitionClass.py:371] Did not start digital generator, check generator_analog_channels[0m
[1;35m2023-11-30 17:48:23.836 CRITICAL [RoutinesClass.py:38] 3.3684210526315788[0m
[36m2023-11-30 17:48:24.913 INFO     [AcquisitionClass.py:517] frequency: 10.000 
 amplitude 0.000 
 offset 3.368  
 acquisiton time 1.000 
 points per period 10000.000 
 number of periods 10.000[0m
[36m2023-11-30 17:48:26.36 INFO     [AcquisitionClass.py:630] Shutting down all LEDs for 1 seconds[0m
[36m2023-11-30 17:48:26.113 INFO     [AcquisitionClass.py:371] Did not start digital generator, check generator_analog_channels[0m
[1;35m2023-11-30 17:48:27.136 CRITICAL [RoutinesClass.py:38] 3.578947368421052[0m
[36m2023-11-30 17:48:28.211 INFO     [AcquisitionClass.py:517] frequency: 10.000 
 amplitude 0.000 
 offset 3.579  
 acquisiton time 1.000 
 points per period 10000.000 
 number of periods 10.000[0m
[36m2023-11-30 17:48:29.336 INFO     [AcquisitionClass.py:630] Shutting down all LEDs for 1 seconds[0m
[36m2023-11-30 17:48:29.413 INFO     [AcquisitionClass.py:371] Did not start digital generator, check generator_analog_channels[0m
[1;35m2023-11-30 17:48:30.433 CRITICAL [RoutinesClass.py:38] 3.789473684210526[0m
[36m2023-11-30 17:48:31.510 INFO     [AcquisitionClass.py:517] frequency: 10.000 
 amplitude 0.000 
 offset 3.789  
 acquisiton time 1.000 
 points per period 10000.000 
 number of periods 10.000[0m
[36m2023-11-30 17:48:32.637 INFO     [AcquisitionClass.py:630] Shutting down all LEDs for 1 seconds[0m
[36m2023-11-30 17:48:32.715 INFO     [AcquisitionClass.py:371] Did not start digital generator, check generator_analog_channels[0m
[1;35m2023-11-30 17:48:33.741 CRITICAL [RoutinesClass.py:38] 4.0[0m
[36m2023-11-30 17:48:34.818 INFO     [AcquisitionClass.py:517] frequency: 10.000 
 amplitude 0.000 
 offset 4.000  
 acquisiton time 1.000 
 points per period 10000.000 
 number of periods 10.000[0m
[36m2023-11-30 17:48:35.947 INFO     [AcquisitionClass.py:630] Shutting down all LEDs for 1 seconds[0m
[36m2023-11-30 17:48:36.24 INFO     [AcquisitionClass.py:371] Did not start digital generator, check generator_analog_channels[0m
