[32m2023-10-16 17:43:57.278 DEBUG    [DC4100_LED.py:69] Serial<id=0x19bf3f17c40, open=True>(port='COM5', baudrate=115200, bytesize=8, parity='N', stopbits=1, timeout=0.1, xonxoff=0, rtscts=0, dsrdtr=False)[0m
[32m2023-10-16 17:43:57.278 DEBUG    [DC4100_LED.py:89] DC4100: Sending o 0 0[0m
[32m2023-10-16 17:43:57.389 DEBUG    [DC4100_LED.py:92] DC4100: Received b''[0m
[32m2023-10-16 17:43:57.389 DEBUG    [DC4100_LED.py:89] DC4100: Sending o 1 0[0m
[32m2023-10-16 17:43:57.497 DEBUG    [DC4100_LED.py:92] DC4100: Received b''[0m
[32m2023-10-16 17:43:57.497 DEBUG    [DC4100_LED.py:89] DC4100: Sending o 2 0[0m
[32m2023-10-16 17:43:57.605 DEBUG    [DC4100_LED.py:92] DC4100: Received b''[0m
[32m2023-10-16 17:43:57.605 DEBUG    [DC4100_LED.py:89] DC4100: Sending o 3 0[0m
[32m2023-10-16 17:43:57.714 DEBUG    [DC4100_LED.py:92] DC4100: Received b''[0m
[1;35m2023-10-16 17:43:57.714 CRITICAL [DC4100_LED.py:164] setting mode[0m
[32m2023-10-16 17:43:57.714 DEBUG    [DC4100_LED.py:89] DC4100: Sending m 2[0m
[32m2023-10-16 17:43:57.823 DEBUG    [DC4100_LED.py:92] DC4100: Received b''[0m
[32m2023-10-16 17:43:58.834 DEBUG    [DC4100_LED.py:89] DC4100: Sending m?[0m
[32m2023-10-16 17:43:58.836 DEBUG    [DC4100_LED.py:92] DC4100: Received b'2\r\n'[0m
[36m2023-10-16 17:43:58.836 INFO     [DC4100_LED.py:215] External Control Mode[0m
[1;35m2023-10-16 17:43:58.836 CRITICAL [DC4100_LED.py:219] 1[0m
[32m2023-10-16 17:43:58.836 DEBUG    [DC4100_LED.py:89] DC4100: Sending o 0 1[0m
[32m2023-10-16 17:43:58.943 DEBUG    [DC4100_LED.py:92] DC4100: Received b''[0m
[1;35m2023-10-16 17:43:58.943 CRITICAL [DC4100_LED.py:219] 2[0m
[32m2023-10-16 17:43:58.943 DEBUG    [DC4100_LED.py:89] DC4100: Sending o 1 1[0m
[32m2023-10-16 17:43:59.50 DEBUG    [DC4100_LED.py:92] DC4100: Received b''[0m
[1;35m2023-10-16 17:43:59.50 CRITICAL [DC4100_LED.py:219] 3[0m
[32m2023-10-16 17:43:59.50 DEBUG    [DC4100_LED.py:89] DC4100: Sending o 2 1[0m
[32m2023-10-16 17:43:59.159 DEBUG    [DC4100_LED.py:92] DC4100: Received b''[0m
[1;35m2023-10-16 17:43:59.159 CRITICAL [DC4100_LED.py:219] 4[0m
[32m2023-10-16 17:43:59.159 DEBUG    [DC4100_LED.py:89] DC4100: Sending o 3 1[0m
[32m2023-10-16 17:43:59.269 DEBUG    [DC4100_LED.py:92] DC4100: Received b''[0m
[32m2023-10-16 17:43:59.269 DEBUG    [DC4100_LED.py:89] DC4100: Sending o 1 1[0m
[32m2023-10-16 17:43:59.377 DEBUG    [DC4100_LED.py:92] DC4100: Received b''[0m
[32m2023-10-16 17:43:59.377 DEBUG    [DC4100_LED.py:89] DC4100: Sending l 1 1000[0m
[32m2023-10-16 17:43:59.487 DEBUG    [DC4100_LED.py:92] DC4100: Received b''[0m
[32m2023-10-16 17:43:59.487 DEBUG    [DC4100_LED.py:89] DC4100: Sending o 2 0[0m
[32m2023-10-16 17:43:59.595 DEBUG    [DC4100_LED.py:92] DC4100: Received b''[0m
[32m2023-10-16 17:43:59.595 DEBUG    [DC4100_LED.py:89] DC4100: Sending o 3 0[0m
[32m2023-10-16 17:43:59.706 DEBUG    [DC4100_LED.py:92] DC4100: Received b''[0m
[32m2023-10-16 17:43:59.706 DEBUG    [DC4100_LED.py:89] DC4100: Sending o 0 0[0m
[32m2023-10-16 17:43:59.815 DEBUG    [DC4100_LED.py:92] DC4100: Received b''[0m
[32m2023-10-16 17:44:01.322 DEBUG    [AcquisitionClass.py:124] 1000[0m
[32m2023-10-16 17:44:01.322 DEBUG    [AcquisitionClass.py:125] 1.0[0m
[32m2023-10-16 17:44:01.323 DEBUG    [AcquisitionClass.py:126] 10000[0m
[32m2023-10-16 17:44:01.323 DEBUG    [AcquisitionClass.py:127] 10[0m
[32m2023-10-16 17:44:01.323 DEBUG    [AcquisitionClass.py:128] 10000[0m
[32m2023-10-16 17:44:01.324 DEBUG    [AcquisitionClass.py:129] 10000[0m
[32m2023-10-16 17:44:01.324 DEBUG    [AcquisitionClass.py:130] 10000[0m
[32m2023-10-16 17:44:26.578 DEBUG    [AcquisitionClass.py:124] 1000[0m
[32m2023-10-16 17:44:26.578 DEBUG    [AcquisitionClass.py:125] 1.0[0m
[32m2023-10-16 17:44:26.578 DEBUG    [AcquisitionClass.py:126] 10000[0m
[32m2023-10-16 17:44:26.578 DEBUG    [AcquisitionClass.py:127] 10[0m
[32m2023-10-16 17:44:26.579 DEBUG    [AcquisitionClass.py:128] 10000[0m
[32m2023-10-16 17:44:26.579 DEBUG    [AcquisitionClass.py:129] 10000[0m
[32m2023-10-16 17:44:26.579 DEBUG    [AcquisitionClass.py:130] 10000[0m
[36m2023-10-16 17:44:28.32 INFO     [AcquisitionClass.py:516] frequency: 10.000 
 amplitude 0.200 
 offset 1.000  
 acquisiton time 20.000 
 points per period 1000.000 
 number of periods 10.000[0m
[36m2023-10-16 17:44:48.132 INFO     [AcquisitionClass.py:629] Shutting down all LEDs for 1 seconds[0m
[36m2023-10-16 17:44:48.209 INFO     [AcquisitionClass.py:370] Did not start digital generator, check generator_analog_channels[0m
[36m2023-10-16 17:46:08.538 INFO     [AcquisitionClass.py:516] frequency: 10.000 
 amplitude 0.200 
 offset 1.000  
 acquisiton time 20.000 
 points per period 1000.000 
 number of periods 10.000[0m
[36m2023-10-16 17:46:28.621 INFO     [AcquisitionClass.py:629] Shutting down all LEDs for 1 seconds[0m
[36m2023-10-16 17:46:28.699 INFO     [AcquisitionClass.py:370] Did not start digital generator, check generator_analog_channels[0m
[36m2023-10-16 17:47:45.951 INFO     [AcquisitionClass.py:516] frequency: 10.000 
 amplitude 0.200 
 offset 1.000  
 acquisiton time 20.000 
 points per period 1000.000 
 number of periods 10.000[0m
[36m2023-10-16 17:48:06.37 INFO     [AcquisitionClass.py:629] Shutting down all LEDs for 1 seconds[0m
[36m2023-10-16 17:48:06.115 INFO     [AcquisitionClass.py:370] Did not start digital generator, check generator_analog_channels[0m
