[32m2023-10-24 10:47:13.381 DEBUG    [DC4100_LED.py:69] Serial<id=0x1b2d6e61c70, open=True>(port='COM5', baudrate=115200, bytesize=8, parity='N', stopbits=1, timeout=0.1, xonxoff=0, rtscts=0, dsrdtr=False)[0m
[32m2023-10-24 10:47:13.381 DEBUG    [DC4100_LED.py:89] DC4100: Sending o 0 0[0m
[32m2023-10-24 10:47:13.487 DEBUG    [DC4100_LED.py:92] DC4100: Received b''[0m
[32m2023-10-24 10:47:13.487 DEBUG    [DC4100_LED.py:89] DC4100: Sending o 1 0[0m
[32m2023-10-24 10:47:13.598 DEBUG    [DC4100_LED.py:92] DC4100: Received b''[0m
[32m2023-10-24 10:47:13.598 DEBUG    [DC4100_LED.py:89] DC4100: Sending o 2 0[0m
[32m2023-10-24 10:47:13.706 DEBUG    [DC4100_LED.py:92] DC4100: Received b''[0m
[32m2023-10-24 10:47:13.706 DEBUG    [DC4100_LED.py:89] DC4100: Sending o 3 0[0m
[32m2023-10-24 10:47:13.814 DEBUG    [DC4100_LED.py:92] DC4100: Received b''[0m
[1;35m2023-10-24 10:47:13.814 CRITICAL [DC4100_LED.py:164] setting mode[0m
[32m2023-10-24 10:47:13.814 DEBUG    [DC4100_LED.py:89] DC4100: Sending m 2[0m
[32m2023-10-24 10:47:13.922 DEBUG    [DC4100_LED.py:92] DC4100: Received b''[0m
[32m2023-10-24 10:47:14.932 DEBUG    [DC4100_LED.py:89] DC4100: Sending m?[0m
[32m2023-10-24 10:47:14.934 DEBUG    [DC4100_LED.py:92] DC4100: Received b'2\r\n'[0m
[36m2023-10-24 10:47:14.934 INFO     [DC4100_LED.py:215] External Control Mode[0m
[1;35m2023-10-24 10:47:14.934 CRITICAL [DC4100_LED.py:219] 1[0m
[32m2023-10-24 10:47:14.934 DEBUG    [DC4100_LED.py:89] DC4100: Sending o 0 1[0m
[32m2023-10-24 10:47:15.40 DEBUG    [DC4100_LED.py:92] DC4100: Received b''[0m
[1;35m2023-10-24 10:47:15.40 CRITICAL [DC4100_LED.py:219] 2[0m
[32m2023-10-24 10:47:15.40 DEBUG    [DC4100_LED.py:89] DC4100: Sending o 1 1[0m
[32m2023-10-24 10:47:15.149 DEBUG    [DC4100_LED.py:92] DC4100: Received b''[0m
[1;35m2023-10-24 10:47:15.149 CRITICAL [DC4100_LED.py:219] 3[0m
[32m2023-10-24 10:47:15.149 DEBUG    [DC4100_LED.py:89] DC4100: Sending o 2 1[0m
[32m2023-10-24 10:47:15.257 DEBUG    [DC4100_LED.py:92] DC4100: Received b''[0m
[1;35m2023-10-24 10:47:15.257 CRITICAL [DC4100_LED.py:219] 4[0m
[32m2023-10-24 10:47:15.257 DEBUG    [DC4100_LED.py:89] DC4100: Sending o 3 1[0m
[32m2023-10-24 10:47:15.366 DEBUG    [DC4100_LED.py:92] DC4100: Received b''[0m
[32m2023-10-24 10:47:15.366 DEBUG    [DC4100_LED.py:89] DC4100: Sending o 1 1[0m
[32m2023-10-24 10:47:15.476 DEBUG    [DC4100_LED.py:92] DC4100: Received b''[0m
[32m2023-10-24 10:47:15.476 DEBUG    [DC4100_LED.py:89] DC4100: Sending l 1 30[0m
[32m2023-10-24 10:47:15.584 DEBUG    [DC4100_LED.py:92] DC4100: Received b''[0m
[32m2023-10-24 10:47:15.584 DEBUG    [DC4100_LED.py:89] DC4100: Sending o 2 1[0m
[32m2023-10-24 10:47:15.691 DEBUG    [DC4100_LED.py:92] DC4100: Received b''[0m
[32m2023-10-24 10:47:15.691 DEBUG    [DC4100_LED.py:89] DC4100: Sending l 2 150[0m
[32m2023-10-24 10:47:15.799 DEBUG    [DC4100_LED.py:92] DC4100: Received b''[0m
[32m2023-10-24 10:47:15.799 DEBUG    [DC4100_LED.py:89] DC4100: Sending o 3 1[0m
[32m2023-10-24 10:47:15.908 DEBUG    [DC4100_LED.py:92] DC4100: Received b''[0m
[32m2023-10-24 10:47:15.908 DEBUG    [DC4100_LED.py:89] DC4100: Sending l 3 100[0m
[32m2023-10-24 10:47:16.18 DEBUG    [DC4100_LED.py:92] DC4100: Received b''[0m
[32m2023-10-24 10:47:16.18 DEBUG    [DC4100_LED.py:89] DC4100: Sending o 0 0[0m
[32m2023-10-24 10:47:16.127 DEBUG    [DC4100_LED.py:92] DC4100: Received b''[0m
[32m2023-10-24 10:47:17.419 DEBUG    [AcquisitionClass.py:124] 1000[0m
[32m2023-10-24 10:47:17.419 DEBUG    [AcquisitionClass.py:125] 1.0[0m
[32m2023-10-24 10:47:17.420 DEBUG    [AcquisitionClass.py:126] 10000[0m
[32m2023-10-24 10:47:17.420 DEBUG    [AcquisitionClass.py:127] 10[0m
[32m2023-10-24 10:47:17.420 DEBUG    [AcquisitionClass.py:128] 10000[0m
[32m2023-10-24 10:47:17.421 DEBUG    [AcquisitionClass.py:129] 10000[0m
[32m2023-10-24 10:47:17.421 DEBUG    [AcquisitionClass.py:130] 10000[0m
