[32m2023-10-24 08:26:45.460 DEBUG    [DC4100_LED.py:69] Serial<id=0x1aa477f55e0, open=True>(port='COM5', baudrate=115200, bytesize=8, parity='N', stopbits=1, timeout=0.1, xonxoff=0, rtscts=0, dsrdtr=False)[0m
[32m2023-10-24 08:26:45.461 DEBUG    [DC4100_LED.py:89] DC4100: Sending o 0 0[0m
[32m2023-10-24 08:26:45.570 DEBUG    [DC4100_LED.py:92] DC4100: Received b''[0m
[32m2023-10-24 08:26:45.571 DEBUG    [DC4100_LED.py:89] DC4100: Sending o 1 0[0m
[32m2023-10-24 08:26:45.679 DEBUG    [DC4100_LED.py:92] DC4100: Received b''[0m
[32m2023-10-24 08:26:45.679 DEBUG    [DC4100_LED.py:89] DC4100: Sending o 2 0[0m
[32m2023-10-24 08:26:45.787 DEBUG    [DC4100_LED.py:92] DC4100: Received b''[0m
[32m2023-10-24 08:26:45.787 DEBUG    [DC4100_LED.py:89] DC4100: Sending o 3 0[0m
[32m2023-10-24 08:26:45.895 DEBUG    [DC4100_LED.py:92] DC4100: Received b''[0m
[1;35m2023-10-24 08:26:45.895 CRITICAL [DC4100_LED.py:164] setting mode[0m
[32m2023-10-24 08:26:45.895 DEBUG    [DC4100_LED.py:89] DC4100: Sending m 2[0m
[32m2023-10-24 08:26:46.6 DEBUG    [DC4100_LED.py:92] DC4100: Received b''[0m
[32m2023-10-24 08:26:47.21 DEBUG    [DC4100_LED.py:89] DC4100: Sending m?[0m
[32m2023-10-24 08:26:47.22 DEBUG    [DC4100_LED.py:92] DC4100: Received b'2\r\n'[0m
[36m2023-10-24 08:26:47.23 INFO     [DC4100_LED.py:215] External Control Mode[0m
[1;35m2023-10-24 08:26:47.23 CRITICAL [DC4100_LED.py:219] 1[0m
[32m2023-10-24 08:26:47.23 DEBUG    [DC4100_LED.py:89] DC4100: Sending o 0 1[0m
[32m2023-10-24 08:26:47.129 DEBUG    [DC4100_LED.py:92] DC4100: Received b''[0m
[1;35m2023-10-24 08:26:47.129 CRITICAL [DC4100_LED.py:219] 2[0m
[32m2023-10-24 08:26:47.129 DEBUG    [DC4100_LED.py:89] DC4100: Sending o 1 1[0m
[32m2023-10-24 08:26:47.238 DEBUG    [DC4100_LED.py:92] DC4100: Received b''[0m
[1;35m2023-10-24 08:26:47.238 CRITICAL [DC4100_LED.py:219] 3[0m
[32m2023-10-24 08:26:47.238 DEBUG    [DC4100_LED.py:89] DC4100: Sending o 2 1[0m
[32m2023-10-24 08:26:47.347 DEBUG    [DC4100_LED.py:92] DC4100: Received b''[0m
[1;35m2023-10-24 08:26:47.347 CRITICAL [DC4100_LED.py:219] 4[0m
[32m2023-10-24 08:26:47.347 DEBUG    [DC4100_LED.py:89] DC4100: Sending o 3 1[0m
[32m2023-10-24 08:26:47.455 DEBUG    [DC4100_LED.py:92] DC4100: Received b''[0m
[32m2023-10-24 08:26:47.455 DEBUG    [DC4100_LED.py:89] DC4100: Sending o 1 1[0m
[32m2023-10-24 08:26:47.565 DEBUG    [DC4100_LED.py:92] DC4100: Received b''[0m
[32m2023-10-24 08:26:47.565 DEBUG    [DC4100_LED.py:89] DC4100: Sending l 1 450[0m
[32m2023-10-24 08:26:47.674 DEBUG    [DC4100_LED.py:92] DC4100: Received b''[0m
[32m2023-10-24 08:26:47.674 DEBUG    [DC4100_LED.py:89] DC4100: Sending o 2 1[0m
[32m2023-10-24 08:26:47.784 DEBUG    [DC4100_LED.py:92] DC4100: Received b''[0m
[32m2023-10-24 08:26:47.784 DEBUG    [DC4100_LED.py:89] DC4100: Sending l 2 150[0m
[32m2023-10-24 08:26:47.893 DEBUG    [DC4100_LED.py:92] DC4100: Received b''[0m
[32m2023-10-24 08:26:47.893 DEBUG    [DC4100_LED.py:89] DC4100: Sending o 3 1[0m
[32m2023-10-24 08:26:48.2 DEBUG    [DC4100_LED.py:92] DC4100: Received b''[0m
[32m2023-10-24 08:26:48.2 DEBUG    [DC4100_LED.py:89] DC4100: Sending l 3 150[0m
[32m2023-10-24 08:26:48.110 DEBUG    [DC4100_LED.py:92] DC4100: Received b''[0m
[32m2023-10-24 08:26:48.110 DEBUG    [DC4100_LED.py:89] DC4100: Sending o 0 0[0m
[32m2023-10-24 08:26:48.219 DEBUG    [DC4100_LED.py:92] DC4100: Received b''[0m
[32m2023-10-24 08:26:49.494 DEBUG    [AcquisitionClass.py:124] 1000[0m
[32m2023-10-24 08:26:49.494 DEBUG    [AcquisitionClass.py:125] 1.0[0m
[32m2023-10-24 08:26:49.495 DEBUG    [AcquisitionClass.py:126] 10000[0m
[32m2023-10-24 08:26:49.495 DEBUG    [AcquisitionClass.py:127] 10[0m
[32m2023-10-24 08:26:49.496 DEBUG    [AcquisitionClass.py:128] 10000[0m
[32m2023-10-24 08:26:49.496 DEBUG    [AcquisitionClass.py:129] 10000[0m
[32m2023-10-24 08:26:49.496 DEBUG    [AcquisitionClass.py:130] 10000[0m
[32m2023-10-24 08:46:40.56 DEBUG    [DC4100_LED.py:89] DC4100: Sending o 1 0[0m
[32m2023-10-24 08:46:40.164 DEBUG    [DC4100_LED.py:92] DC4100: Received b''[0m
[36m2023-10-24 08:46:40.164 INFO     [AcquisitionClass.py:516] frequency: 10.000 
 amplitude 0.200 
 offset 1.000  
 acquisiton time 2052.000 
 points per period 1000.000 
 number of periods 10.000[0m
[1;31m2023-10-24 09:01:31.90 ERROR    [AcquisitionClass.py:529] Voltage saturation of the MPPC fluorescence reader[0m
[1;35m2023-10-24 09:01:42.10 CRITICAL [qE_OJIP_calib.py:139] 0.001149817320085978[0m
