[32m2023-10-10 11:57:21.146 DEBUG    [DC4100_LED.py:69] Serial<id=0x2a27eb9e700, open=True>(port='COM5', baudrate=115200, bytesize=8, parity='N', stopbits=1, timeout=0.1, xonxoff=0, rtscts=0, dsrdtr=False)[0m
[32m2023-10-10 11:57:21.146 DEBUG    [DC4100_LED.py:89] DC4100: Sending o 0 0[0m
[32m2023-10-10 11:57:21.250 DEBUG    [DC4100_LED.py:92] DC4100: Received b''[0m
[32m2023-10-10 11:57:21.250 DEBUG    [DC4100_LED.py:89] DC4100: Sending o 1 0[0m
[32m2023-10-10 11:57:21.359 DEBUG    [DC4100_LED.py:92] DC4100: Received b''[0m
[32m2023-10-10 11:57:21.359 DEBUG    [DC4100_LED.py:89] DC4100: Sending o 2 0[0m
[32m2023-10-10 11:57:21.467 DEBUG    [DC4100_LED.py:92] DC4100: Received b''[0m
[32m2023-10-10 11:57:21.467 DEBUG    [DC4100_LED.py:89] DC4100: Sending o 3 0[0m
[32m2023-10-10 11:57:21.578 DEBUG    [DC4100_LED.py:92] DC4100: Received b''[0m
[1;35m2023-10-10 11:57:21.578 CRITICAL [DC4100_LED.py:164] setting mode[0m
[32m2023-10-10 11:57:21.578 DEBUG    [DC4100_LED.py:89] DC4100: Sending m 2[0m
[32m2023-10-10 11:57:21.685 DEBUG    [DC4100_LED.py:92] DC4100: Received b''[0m
[32m2023-10-10 11:57:22.696 DEBUG    [DC4100_LED.py:89] DC4100: Sending m?[0m
[32m2023-10-10 11:57:22.697 DEBUG    [DC4100_LED.py:92] DC4100: Received b'2\r\n'[0m
[36m2023-10-10 11:57:22.698 INFO     [DC4100_LED.py:215] External Control Mode[0m
[1;35m2023-10-10 11:57:22.698 CRITICAL [DC4100_LED.py:219] 1[0m
[32m2023-10-10 11:57:22.698 DEBUG    [DC4100_LED.py:89] DC4100: Sending o 0 1[0m
[32m2023-10-10 11:57:22.806 DEBUG    [DC4100_LED.py:92] DC4100: Received b''[0m
[1;35m2023-10-10 11:57:22.806 CRITICAL [DC4100_LED.py:219] 2[0m
[32m2023-10-10 11:57:22.806 DEBUG    [DC4100_LED.py:89] DC4100: Sending o 1 1[0m
[32m2023-10-10 11:57:22.914 DEBUG    [DC4100_LED.py:92] DC4100: Received b''[0m
[1;35m2023-10-10 11:57:22.914 CRITICAL [DC4100_LED.py:219] 3[0m
[32m2023-10-10 11:57:22.914 DEBUG    [DC4100_LED.py:89] DC4100: Sending o 2 1[0m
[32m2023-10-10 11:57:23.21 DEBUG    [DC4100_LED.py:92] DC4100: Received b''[0m
[1;35m2023-10-10 11:57:23.21 CRITICAL [DC4100_LED.py:219] 4[0m
[32m2023-10-10 11:57:23.21 DEBUG    [DC4100_LED.py:89] DC4100: Sending o 3 1[0m
[32m2023-10-10 11:57:23.129 DEBUG    [DC4100_LED.py:92] DC4100: Received b''[0m
[32m2023-10-10 11:57:23.129 DEBUG    [DC4100_LED.py:89] DC4100: Sending o 1 1[0m
[32m2023-10-10 11:57:23.237 DEBUG    [DC4100_LED.py:92] DC4100: Received b''[0m
[32m2023-10-10 11:57:23.237 DEBUG    [DC4100_LED.py:89] DC4100: Sending l 1 1000[0m
[32m2023-10-10 11:57:23.345 DEBUG    [DC4100_LED.py:92] DC4100: Received b''[0m
[32m2023-10-10 11:57:23.346 DEBUG    [DC4100_LED.py:89] DC4100: Sending o 2 0[0m
[32m2023-10-10 11:57:23.455 DEBUG    [DC4100_LED.py:92] DC4100: Received b''[0m
[32m2023-10-10 11:57:23.455 DEBUG    [DC4100_LED.py:89] DC4100: Sending o 3 0[0m
[32m2023-10-10 11:57:23.566 DEBUG    [DC4100_LED.py:92] DC4100: Received b''[0m
[32m2023-10-10 11:57:23.566 DEBUG    [DC4100_LED.py:89] DC4100: Sending o 0 0[0m
[32m2023-10-10 11:57:23.674 DEBUG    [DC4100_LED.py:92] DC4100: Received b''[0m
[32m2023-10-10 11:57:25.185 DEBUG    [AcquisitionClass.py:124] 1000[0m
[32m2023-10-10 11:57:25.185 DEBUG    [AcquisitionClass.py:125] 1.0[0m
[32m2023-10-10 11:57:25.186 DEBUG    [AcquisitionClass.py:126] 10000[0m
[32m2023-10-10 11:57:25.186 DEBUG    [AcquisitionClass.py:127] 10[0m
[32m2023-10-10 11:57:25.186 DEBUG    [AcquisitionClass.py:128] 10000[0m
[32m2023-10-10 11:57:25.187 DEBUG    [AcquisitionClass.py:129] 10000[0m
[32m2023-10-10 11:57:25.187 DEBUG    [AcquisitionClass.py:130] 10000[0m
[32m2023-10-10 11:57:52.397 DEBUG    [AcquisitionClass.py:124] 1000[0m
[32m2023-10-10 11:57:52.397 DEBUG    [AcquisitionClass.py:125] 1.0[0m
[32m2023-10-10 11:57:52.398 DEBUG    [AcquisitionClass.py:126] 10000[0m
[32m2023-10-10 11:57:52.398 DEBUG    [AcquisitionClass.py:127] 10[0m
[32m2023-10-10 11:57:52.398 DEBUG    [AcquisitionClass.py:128] 10000[0m
[32m2023-10-10 11:57:52.398 DEBUG    [AcquisitionClass.py:129] 10000[0m
[32m2023-10-10 11:57:52.398 DEBUG    [AcquisitionClass.py:130] 10000[0m
[32m2023-10-10 11:57:52.399 DEBUG    [AcquisitionClass.py:124] 2000[0m
[32m2023-10-10 11:57:52.399 DEBUG    [AcquisitionClass.py:125] 10.0[0m
[32m2023-10-10 11:57:52.399 DEBUG    [AcquisitionClass.py:126] 2000[0m
[32m2023-10-10 11:57:52.399 DEBUG    [AcquisitionClass.py:127] 1[0m
[32m2023-10-10 11:57:52.399 DEBUG    [AcquisitionClass.py:128] 2000[0m
[32m2023-10-10 11:57:52.400 DEBUG    [AcquisitionClass.py:129] 20000[0m
[32m2023-10-10 11:57:52.400 DEBUG    [AcquisitionClass.py:130] 20000[0m
[32m2023-10-10 11:57:53.851 DEBUG    [AcquisitionClass.py:124] 2000[0m
[32m2023-10-10 11:57:53.851 DEBUG    [AcquisitionClass.py:125] 10.0[0m
[32m2023-10-10 11:57:53.852 DEBUG    [AcquisitionClass.py:126] 2000[0m
[32m2023-10-10 11:57:53.852 DEBUG    [AcquisitionClass.py:127] 1[0m
[32m2023-10-10 11:57:53.852 DEBUG    [AcquisitionClass.py:128] 2000[0m
[32m2023-10-10 11:57:53.852 DEBUG    [AcquisitionClass.py:129] 20000[0m
[32m2023-10-10 11:57:53.852 DEBUG    [AcquisitionClass.py:130] 20000[0m
[36m2023-10-10 11:57:53.914 INFO     [AcquisitionClass.py:516] frequency: 1.000 
 amplitude 5.000 
 offset 5.000  
 acquisiton time 10.000 
 points per period 2000.000 
 number of periods 10.000[0m
[1;31m2023-10-10 11:58:04.427 ERROR    [AcquisitionClass.py:529] Voltage saturation of the MPPC fluorescence reader[0m
[36m2023-10-10 11:58:04.457 INFO     [AcquisitionClass.py:629] Shutting down all LEDs for 1 seconds[0m
[36m2023-10-10 11:58:04.536 INFO     [AcquisitionClass.py:370] Did not start digital generator, check generator_analog_channels[0m
