[32m2023-10-24 03:17:08.636 DEBUG    [DC4100_LED.py:69] Serial<id=0x14bf9ec0c70, open=True>(port='COM5', baudrate=115200, bytesize=8, parity='N', stopbits=1, timeout=0.1, xonxoff=0, rtscts=0, dsrdtr=False)[0m
[32m2023-10-24 03:17:08.636 DEBUG    [DC4100_LED.py:89] DC4100: Sending o 0 0[0m
[32m2023-10-24 03:17:08.745 DEBUG    [DC4100_LED.py:92] DC4100: Received b''[0m
[32m2023-10-24 03:17:08.745 DEBUG    [DC4100_LED.py:89] DC4100: Sending o 1 0[0m
[32m2023-10-24 03:17:08.854 DEBUG    [DC4100_LED.py:92] DC4100: Received b''[0m
[32m2023-10-24 03:17:08.854 DEBUG    [DC4100_LED.py:89] DC4100: Sending o 2 0[0m
[32m2023-10-24 03:17:08.977 DEBUG    [DC4100_LED.py:92] DC4100: Received b''[0m
[32m2023-10-24 03:17:08.977 DEBUG    [DC4100_LED.py:89] DC4100: Sending o 3 0[0m
[32m2023-10-24 03:17:09.87 DEBUG    [DC4100_LED.py:92] DC4100: Received b''[0m
[1;35m2023-10-24 03:17:09.87 CRITICAL [DC4100_LED.py:164] setting mode[0m
[32m2023-10-24 03:17:09.87 DEBUG    [DC4100_LED.py:89] DC4100: Sending m 2[0m
[32m2023-10-24 03:17:09.196 DEBUG    [DC4100_LED.py:92] DC4100: Received b''[0m
[32m2023-10-24 03:17:10.207 DEBUG    [DC4100_LED.py:89] DC4100: Sending m?[0m
[32m2023-10-24 03:17:10.209 DEBUG    [DC4100_LED.py:92] DC4100: Received b'2\r\n'[0m
[36m2023-10-24 03:17:10.209 INFO     [DC4100_LED.py:215] External Control Mode[0m
[1;35m2023-10-24 03:17:10.209 CRITICAL [DC4100_LED.py:219] 1[0m
[32m2023-10-24 03:17:10.209 DEBUG    [DC4100_LED.py:89] DC4100: Sending o 0 1[0m
[32m2023-10-24 03:17:10.316 DEBUG    [DC4100_LED.py:92] DC4100: Received b''[0m
[1;35m2023-10-24 03:17:10.316 CRITICAL [DC4100_LED.py:219] 2[0m
[32m2023-10-24 03:17:10.316 DEBUG    [DC4100_LED.py:89] DC4100: Sending o 1 1[0m
[32m2023-10-24 03:17:10.427 DEBUG    [DC4100_LED.py:92] DC4100: Received b''[0m
[1;35m2023-10-24 03:17:10.427 CRITICAL [DC4100_LED.py:219] 3[0m
[32m2023-10-24 03:17:10.427 DEBUG    [DC4100_LED.py:89] DC4100: Sending o 2 1[0m
[32m2023-10-24 03:17:10.536 DEBUG    [DC4100_LED.py:92] DC4100: Received b''[0m
[1;35m2023-10-24 03:17:10.536 CRITICAL [DC4100_LED.py:219] 4[0m
[32m2023-10-24 03:17:10.536 DEBUG    [DC4100_LED.py:89] DC4100: Sending o 3 1[0m
[32m2023-10-24 03:17:10.644 DEBUG    [DC4100_LED.py:92] DC4100: Received b''[0m
[32m2023-10-24 03:17:10.644 DEBUG    [DC4100_LED.py:89] DC4100: Sending o 1 1[0m
[32m2023-10-24 03:17:10.751 DEBUG    [DC4100_LED.py:92] DC4100: Received b''[0m
[32m2023-10-24 03:17:10.751 DEBUG    [DC4100_LED.py:89] DC4100: Sending l 1 30[0m
[32m2023-10-24 03:17:10.860 DEBUG    [DC4100_LED.py:92] DC4100: Received b''[0m
[32m2023-10-24 03:17:10.860 DEBUG    [DC4100_LED.py:89] DC4100: Sending o 2 1[0m
[32m2023-10-24 03:17:10.970 DEBUG    [DC4100_LED.py:92] DC4100: Received b''[0m
[32m2023-10-24 03:17:10.970 DEBUG    [DC4100_LED.py:89] DC4100: Sending l 2 150[0m
[32m2023-10-24 03:17:11.80 DEBUG    [DC4100_LED.py:92] DC4100: Received b''[0m
[32m2023-10-24 03:17:11.80 DEBUG    [DC4100_LED.py:89] DC4100: Sending o 3 1[0m
[32m2023-10-24 03:17:11.189 DEBUG    [DC4100_LED.py:92] DC4100: Received b''[0m
[32m2023-10-24 03:17:11.189 DEBUG    [DC4100_LED.py:89] DC4100: Sending l 3 100[0m
[32m2023-10-24 03:17:11.298 DEBUG    [DC4100_LED.py:92] DC4100: Received b''[0m
[32m2023-10-24 03:17:11.298 DEBUG    [DC4100_LED.py:89] DC4100: Sending o 0 0[0m
[32m2023-10-24 03:17:11.405 DEBUG    [DC4100_LED.py:92] DC4100: Received b''[0m
[32m2023-10-24 03:17:12.667 DEBUG    [AcquisitionClass.py:124] 1000[0m
[32m2023-10-24 03:17:12.667 DEBUG    [AcquisitionClass.py:125] 1.0[0m
[32m2023-10-24 03:17:12.668 DEBUG    [AcquisitionClass.py:126] 10000[0m
[32m2023-10-24 03:17:12.669 DEBUG    [AcquisitionClass.py:127] 10[0m
[32m2023-10-24 03:17:12.669 DEBUG    [AcquisitionClass.py:128] 10000[0m
[32m2023-10-24 03:17:12.669 DEBUG    [AcquisitionClass.py:129] 10000[0m
[32m2023-10-24 03:17:12.669 DEBUG    [AcquisitionClass.py:130] 10000[0m
