[32m2023-10-24 07:19:27.992 DEBUG    [DC4100_LED.py:69] Serial<id=0x1841bd72c10, open=True>(port='COM5', baudrate=115200, bytesize=8, parity='N', stopbits=1, timeout=0.1, xonxoff=0, rtscts=0, dsrdtr=False)[0m
[32m2023-10-24 07:19:27.993 DEBUG    [DC4100_LED.py:89] DC4100: Sending o 0 0[0m
[32m2023-10-24 07:19:28.103 DEBUG    [DC4100_LED.py:92] DC4100: Received b''[0m
[32m2023-10-24 07:19:28.112 DEBUG    [DC4100_LED.py:89] DC4100: Sending o 1 0[0m
[32m2023-10-24 07:19:28.227 DEBUG    [DC4100_LED.py:92] DC4100: Received b''[0m
[32m2023-10-24 07:19:28.227 DEBUG    [DC4100_LED.py:89] DC4100: Sending o 2 0[0m
[32m2023-10-24 07:19:28.337 DEBUG    [DC4100_LED.py:92] DC4100: Received b''[0m
[32m2023-10-24 07:19:28.337 DEBUG    [DC4100_LED.py:89] DC4100: Sending o 3 0[0m
[32m2023-10-24 07:19:28.446 DEBUG    [DC4100_LED.py:92] DC4100: Received b''[0m
[1;35m2023-10-24 07:19:28.446 CRITICAL [DC4100_LED.py:164] setting mode[0m
[32m2023-10-24 07:19:28.446 DEBUG    [DC4100_LED.py:89] DC4100: Sending m 2[0m
[32m2023-10-24 07:19:28.555 DEBUG    [DC4100_LED.py:92] DC4100: Received b''[0m
[32m2023-10-24 07:19:29.566 DEBUG    [DC4100_LED.py:89] DC4100: Sending m?[0m
[32m2023-10-24 07:19:29.567 DEBUG    [DC4100_LED.py:92] DC4100: Received b'2\r\n'[0m
[36m2023-10-24 07:19:29.567 INFO     [DC4100_LED.py:215] External Control Mode[0m
[1;35m2023-10-24 07:19:29.567 CRITICAL [DC4100_LED.py:219] 1[0m
[32m2023-10-24 07:19:29.567 DEBUG    [DC4100_LED.py:89] DC4100: Sending o 0 1[0m
[32m2023-10-24 07:19:29.674 DEBUG    [DC4100_LED.py:92] DC4100: Received b''[0m
[1;35m2023-10-24 07:19:29.674 CRITICAL [DC4100_LED.py:219] 2[0m
[32m2023-10-24 07:19:29.675 DEBUG    [DC4100_LED.py:89] DC4100: Sending o 1 1[0m
[32m2023-10-24 07:19:29.782 DEBUG    [DC4100_LED.py:92] DC4100: Received b''[0m
[1;35m2023-10-24 07:19:29.782 CRITICAL [DC4100_LED.py:219] 3[0m
[32m2023-10-24 07:19:29.782 DEBUG    [DC4100_LED.py:89] DC4100: Sending o 2 1[0m
[32m2023-10-24 07:19:29.890 DEBUG    [DC4100_LED.py:92] DC4100: Received b''[0m
[1;35m2023-10-24 07:19:29.890 CRITICAL [DC4100_LED.py:219] 4[0m
[32m2023-10-24 07:19:29.890 DEBUG    [DC4100_LED.py:89] DC4100: Sending o 3 1[0m
[32m2023-10-24 07:19:30.0 DEBUG    [DC4100_LED.py:92] DC4100: Received b''[0m
[32m2023-10-24 07:19:30.0 DEBUG    [DC4100_LED.py:89] DC4100: Sending o 1 1[0m
[32m2023-10-24 07:19:30.110 DEBUG    [DC4100_LED.py:92] DC4100: Received b''[0m
[32m2023-10-24 07:19:30.110 DEBUG    [DC4100_LED.py:89] DC4100: Sending l 1 150[0m
[32m2023-10-24 07:19:30.220 DEBUG    [DC4100_LED.py:92] DC4100: Received b''[0m
[32m2023-10-24 07:19:30.220 DEBUG    [DC4100_LED.py:89] DC4100: Sending o 2 1[0m
[32m2023-10-24 07:19:30.330 DEBUG    [DC4100_LED.py:92] DC4100: Received b''[0m
[32m2023-10-24 07:19:30.330 DEBUG    [DC4100_LED.py:89] DC4100: Sending l 2 10[0m
[32m2023-10-24 07:19:30.439 DEBUG    [DC4100_LED.py:92] DC4100: Received b''[0m
[32m2023-10-24 07:19:30.439 DEBUG    [DC4100_LED.py:89] DC4100: Sending o 3 1[0m
[32m2023-10-24 07:19:30.546 DEBUG    [DC4100_LED.py:92] DC4100: Received b''[0m
[32m2023-10-24 07:19:30.546 DEBUG    [DC4100_LED.py:89] DC4100: Sending l 3 10[0m
[32m2023-10-24 07:19:30.656 DEBUG    [DC4100_LED.py:92] DC4100: Received b''[0m
[32m2023-10-24 07:19:30.656 DEBUG    [DC4100_LED.py:89] DC4100: Sending o 0 1[0m
[32m2023-10-24 07:19:30.767 DEBUG    [DC4100_LED.py:92] DC4100: Received b''[0m
[32m2023-10-24 07:19:30.767 DEBUG    [DC4100_LED.py:89] DC4100: Sending l 0 500[0m
[32m2023-10-24 07:19:30.877 DEBUG    [DC4100_LED.py:92] DC4100: Received b''[0m
[32m2023-10-24 07:19:32.47 DEBUG    [AcquisitionClass.py:124] 1000[0m
[32m2023-10-24 07:19:32.47 DEBUG    [AcquisitionClass.py:125] 1.0[0m
[32m2023-10-24 07:19:32.48 DEBUG    [AcquisitionClass.py:126] 10000[0m
[32m2023-10-24 07:19:32.48 DEBUG    [AcquisitionClass.py:127] 10[0m
[32m2023-10-24 07:19:32.48 DEBUG    [AcquisitionClass.py:128] 10000[0m
[32m2023-10-24 07:19:32.49 DEBUG    [AcquisitionClass.py:129] 10000[0m
[32m2023-10-24 07:19:32.49 DEBUG    [AcquisitionClass.py:130] 10000[0m
[36m2023-10-24 07:20:31.580 INFO     [AcquisitionClass.py:516] frequency: 10.000 
 amplitude 0.200 
 offset 1.000  
 acquisiton time 2952.000 
 points per period 1000.000 
 number of periods 10.000[0m
[1;31m2023-10-24 08:09:12.670 ERROR    [AcquisitionClass.py:529] Voltage saturation of the MPPC fluorescence reader[0m
