[32m2023-11-21 16:37:54.651 DEBUG    [DC4100_LED.py:69] Serial<id=0x16126174910, open=True>(port='COM5', baudrate=115200, bytesize=8, parity='N', stopbits=1, timeout=0.1, xonxoff=0, rtscts=0, dsrdtr=False)[0m
[32m2023-11-21 16:37:54.651 DEBUG    [DC4100_LED.py:89] DC4100: Sending o 0 0[0m
[32m2023-11-21 16:37:54.761 DEBUG    [DC4100_LED.py:92] DC4100: Received b''[0m
[32m2023-11-21 16:37:54.761 DEBUG    [DC4100_LED.py:89] DC4100: Sending o 1 0[0m
[32m2023-11-21 16:37:54.871 DEBUG    [DC4100_LED.py:92] DC4100: Received b''[0m
[32m2023-11-21 16:37:54.871 DEBUG    [DC4100_LED.py:89] DC4100: Sending o 2 0[0m
[32m2023-11-21 16:37:54.981 DEBUG    [DC4100_LED.py:92] DC4100: Received b''[0m
[32m2023-11-21 16:37:54.981 DEBUG    [DC4100_LED.py:89] DC4100: Sending o 3 0[0m
[32m2023-11-21 16:37:55.82 DEBUG    [DC4100_LED.py:92] DC4100: Received b''[0m
[1;35m2023-11-21 16:37:55.82 CRITICAL [DC4100_LED.py:164] setting mode[0m
[32m2023-11-21 16:37:55.82 DEBUG    [DC4100_LED.py:89] DC4100: Sending m 2[0m
[32m2023-11-21 16:37:55.182 DEBUG    [DC4100_LED.py:92] DC4100: Received b''[0m
[32m2023-11-21 16:37:56.196 DEBUG    [DC4100_LED.py:89] DC4100: Sending m?[0m
[32m2023-11-21 16:37:56.196 DEBUG    [DC4100_LED.py:92] DC4100: Received b'2\r\n'[0m
[36m2023-11-21 16:37:56.196 INFO     [DC4100_LED.py:215] External Control Mode[0m
[1;35m2023-11-21 16:37:56.196 CRITICAL [DC4100_LED.py:219] 1[0m
[32m2023-11-21 16:37:56.196 DEBUG    [DC4100_LED.py:89] DC4100: Sending o 0 1[0m
[32m2023-11-21 16:37:56.306 DEBUG    [DC4100_LED.py:92] DC4100: Received b''[0m
[1;35m2023-11-21 16:37:56.306 CRITICAL [DC4100_LED.py:219] 2[0m
[32m2023-11-21 16:37:56.306 DEBUG    [DC4100_LED.py:89] DC4100: Sending o 1 1[0m
[32m2023-11-21 16:37:56.415 DEBUG    [DC4100_LED.py:92] DC4100: Received b''[0m
[1;35m2023-11-21 16:37:56.415 CRITICAL [DC4100_LED.py:219] 3[0m
[32m2023-11-21 16:37:56.415 DEBUG    [DC4100_LED.py:89] DC4100: Sending o 2 1[0m
[32m2023-11-21 16:37:56.515 DEBUG    [DC4100_LED.py:92] DC4100: Received b''[0m
[1;35m2023-11-21 16:37:56.515 CRITICAL [DC4100_LED.py:219] 4[0m
[32m2023-11-21 16:37:56.515 DEBUG    [DC4100_LED.py:89] DC4100: Sending o 3 1[0m
[32m2023-11-21 16:37:56.615 DEBUG    [DC4100_LED.py:92] DC4100: Received b''[0m
[32m2023-11-21 16:37:56.615 DEBUG    [DC4100_LED.py:89] DC4100: Sending o 1 1[0m
[32m2023-11-21 16:37:56.723 DEBUG    [DC4100_LED.py:92] DC4100: Received b''[0m
[32m2023-11-21 16:37:56.723 DEBUG    [DC4100_LED.py:89] DC4100: Sending l 1 1000[0m
[32m2023-11-21 16:37:56.823 DEBUG    [DC4100_LED.py:92] DC4100: Received b''[0m
[32m2023-11-21 16:37:56.823 DEBUG    [DC4100_LED.py:89] DC4100: Sending o 2 0[0m
[32m2023-11-21 16:37:56.923 DEBUG    [DC4100_LED.py:92] DC4100: Received b''[0m
[32m2023-11-21 16:37:56.923 DEBUG    [DC4100_LED.py:89] DC4100: Sending o 3 0[0m
[32m2023-11-21 16:37:57.33 DEBUG    [DC4100_LED.py:92] DC4100: Received b''[0m
[32m2023-11-21 16:37:57.33 DEBUG    [DC4100_LED.py:89] DC4100: Sending o 0 0[0m
[32m2023-11-21 16:37:57.134 DEBUG    [DC4100_LED.py:92] DC4100: Received b''[0m
[32m2023-11-21 16:37:58.703 DEBUG    [AcquisitionClass.py:125] 1000[0m
[32m2023-11-21 16:37:58.703 DEBUG    [AcquisitionClass.py:126] 1.0[0m
[32m2023-11-21 16:37:58.703 DEBUG    [AcquisitionClass.py:127] 10000[0m
[32m2023-11-21 16:37:58.703 DEBUG    [AcquisitionClass.py:128] 10[0m
[32m2023-11-21 16:37:58.703 DEBUG    [AcquisitionClass.py:129] 10000[0m
[32m2023-11-21 16:37:58.703 DEBUG    [AcquisitionClass.py:130] 10000[0m
[32m2023-11-21 16:37:58.703 DEBUG    [AcquisitionClass.py:131] 10000[0m
[32m2023-11-21 16:38:13.796 DEBUG    [AcquisitionClass.py:125] 1000[0m
[32m2023-11-21 16:38:13.796 DEBUG    [AcquisitionClass.py:126] 1.0[0m
[32m2023-11-21 16:38:13.796 DEBUG    [AcquisitionClass.py:127] 10000[0m
[32m2023-11-21 16:38:13.796 DEBUG    [AcquisitionClass.py:128] 10[0m
[32m2023-11-21 16:38:13.796 DEBUG    [AcquisitionClass.py:129] 10000[0m
[32m2023-11-21 16:38:13.796 DEBUG    [AcquisitionClass.py:130] 10000[0m
[32m2023-11-21 16:38:13.796 DEBUG    [AcquisitionClass.py:131] 10000[0m
[32m2023-11-21 16:38:13.796 DEBUG    [AcquisitionClass.py:125] 2000[0m
[32m2023-11-21 16:38:13.796 DEBUG    [AcquisitionClass.py:126] 10.0[0m
[32m2023-11-21 16:38:13.796 DEBUG    [AcquisitionClass.py:127] 2000[0m
[32m2023-11-21 16:38:13.796 DEBUG    [AcquisitionClass.py:128] 1[0m
[32m2023-11-21 16:38:13.796 DEBUG    [AcquisitionClass.py:129] 2000[0m
[32m2023-11-21 16:38:13.796 DEBUG    [AcquisitionClass.py:130] 20000[0m
[32m2023-11-21 16:38:13.796 DEBUG    [AcquisitionClass.py:131] 20000[0m
[32m2023-11-21 16:38:17.284 DEBUG    [AcquisitionClass.py:125] 2000[0m
[32m2023-11-21 16:38:17.284 DEBUG    [AcquisitionClass.py:126] 20.0[0m
[32m2023-11-21 16:38:17.284 DEBUG    [AcquisitionClass.py:127] 1000.0[0m
[32m2023-11-21 16:38:17.284 DEBUG    [AcquisitionClass.py:128] 0.5[0m
[32m2023-11-21 16:38:17.284 DEBUG    [AcquisitionClass.py:129] 1000.0[0m
[32m2023-11-21 16:38:17.284 DEBUG    [AcquisitionClass.py:130] 20000[0m
[32m2023-11-21 16:38:17.284 DEBUG    [AcquisitionClass.py:131] 20000[0m
[36m2023-11-21 16:38:17.394 INFO     [AcquisitionClass.py:517] frequency: 0.500 
 amplitude 0.228 
 offset 0.455  
 acquisiton time 20.000 
 points per period 2000.000 
 number of periods 10.000[0m
[36m2023-11-21 16:38:38.446 INFO     [AcquisitionClass.py:630] Shutting down all LEDs for 1 seconds[0m
[36m2023-11-21 16:38:38.506 INFO     [AcquisitionClass.py:371] Did not start digital generator, check generator_analog_channels[0m
