[32m2023-10-25 16:29:00.989 DEBUG    [DC4100_LED.py:69] Serial<id=0x20195cb5eb0, open=True>(port='COM5', baudrate=115200, bytesize=8, parity='N', stopbits=1, timeout=0.1, xonxoff=0, rtscts=0, dsrdtr=False)[0m
[32m2023-10-25 16:29:00.989 DEBUG    [DC4100_LED.py:89] DC4100: Sending o 0 0[0m
[32m2023-10-25 16:29:01.98 DEBUG    [DC4100_LED.py:92] DC4100: Received b''[0m
[32m2023-10-25 16:29:01.98 DEBUG    [DC4100_LED.py:89] DC4100: Sending o 1 0[0m
[32m2023-10-25 16:29:01.208 DEBUG    [DC4100_LED.py:92] DC4100: Received b''[0m
[32m2023-10-25 16:29:01.208 DEBUG    [DC4100_LED.py:89] DC4100: Sending o 2 0[0m
[32m2023-10-25 16:29:01.317 DEBUG    [DC4100_LED.py:92] DC4100: Received b''[0m
[32m2023-10-25 16:29:01.318 DEBUG    [DC4100_LED.py:89] DC4100: Sending o 3 0[0m
[32m2023-10-25 16:29:01.425 DEBUG    [DC4100_LED.py:92] DC4100: Received b''[0m
[1;35m2023-10-25 16:29:01.425 CRITICAL [DC4100_LED.py:164] setting mode[0m
[32m2023-10-25 16:29:01.425 DEBUG    [DC4100_LED.py:89] DC4100: Sending m 2[0m
[32m2023-10-25 16:29:01.535 DEBUG    [DC4100_LED.py:92] DC4100: Received b''[0m
[32m2023-10-25 16:29:02.535 DEBUG    [DC4100_LED.py:89] DC4100: Sending m?[0m
[32m2023-10-25 16:29:02.538 DEBUG    [DC4100_LED.py:92] DC4100: Received b'2\r\n'[0m
[36m2023-10-25 16:29:02.538 INFO     [DC4100_LED.py:215] External Control Mode[0m
[1;35m2023-10-25 16:29:02.538 CRITICAL [DC4100_LED.py:219] 1[0m
[32m2023-10-25 16:29:02.538 DEBUG    [DC4100_LED.py:89] DC4100: Sending o 0 1[0m
[32m2023-10-25 16:29:02.643 DEBUG    [DC4100_LED.py:92] DC4100: Received b''[0m
[1;35m2023-10-25 16:29:02.643 CRITICAL [DC4100_LED.py:219] 2[0m
[32m2023-10-25 16:29:02.643 DEBUG    [DC4100_LED.py:89] DC4100: Sending o 1 1[0m
[32m2023-10-25 16:29:02.751 DEBUG    [DC4100_LED.py:92] DC4100: Received b''[0m
[1;35m2023-10-25 16:29:02.752 CRITICAL [DC4100_LED.py:219] 3[0m
[32m2023-10-25 16:29:02.752 DEBUG    [DC4100_LED.py:89] DC4100: Sending o 2 1[0m
[32m2023-10-25 16:29:02.859 DEBUG    [DC4100_LED.py:92] DC4100: Received b''[0m
[1;35m2023-10-25 16:29:02.860 CRITICAL [DC4100_LED.py:219] 4[0m
[32m2023-10-25 16:29:02.860 DEBUG    [DC4100_LED.py:89] DC4100: Sending o 3 1[0m
[32m2023-10-25 16:29:02.968 DEBUG    [DC4100_LED.py:92] DC4100: Received b''[0m
[32m2023-10-25 16:29:02.968 DEBUG    [DC4100_LED.py:89] DC4100: Sending o 1 1[0m
[32m2023-10-25 16:29:03.77 DEBUG    [DC4100_LED.py:92] DC4100: Received b''[0m
[32m2023-10-25 16:29:03.77 DEBUG    [DC4100_LED.py:89] DC4100: Sending l 1 1000[0m
[32m2023-10-25 16:29:03.187 DEBUG    [DC4100_LED.py:92] DC4100: Received b''[0m
[32m2023-10-25 16:29:03.187 DEBUG    [DC4100_LED.py:89] DC4100: Sending o 2 0[0m
[32m2023-10-25 16:29:03.295 DEBUG    [DC4100_LED.py:92] DC4100: Received b''[0m
[32m2023-10-25 16:29:03.295 DEBUG    [DC4100_LED.py:89] DC4100: Sending o 3 0[0m
[32m2023-10-25 16:29:03.404 DEBUG    [DC4100_LED.py:92] DC4100: Received b''[0m
[32m2023-10-25 16:29:03.404 DEBUG    [DC4100_LED.py:89] DC4100: Sending o 0 0[0m
[32m2023-10-25 16:29:03.514 DEBUG    [DC4100_LED.py:92] DC4100: Received b''[0m
[32m2023-10-25 16:29:05.25 DEBUG    [AcquisitionClass.py:124] 1000[0m
[32m2023-10-25 16:29:05.25 DEBUG    [AcquisitionClass.py:125] 1.0[0m
[32m2023-10-25 16:29:05.26 DEBUG    [AcquisitionClass.py:126] 10000[0m
[32m2023-10-25 16:29:05.26 DEBUG    [AcquisitionClass.py:127] 10[0m
[32m2023-10-25 16:29:05.26 DEBUG    [AcquisitionClass.py:128] 10000[0m
[32m2023-10-25 16:29:05.26 DEBUG    [AcquisitionClass.py:129] 10000[0m
[32m2023-10-25 16:29:05.27 DEBUG    [AcquisitionClass.py:130] 10000[0m
[32m2023-10-25 16:29:30.314 DEBUG    [AcquisitionClass.py:124] 1000[0m
[32m2023-10-25 16:29:30.314 DEBUG    [AcquisitionClass.py:125] 1.0[0m
[32m2023-10-25 16:29:30.314 DEBUG    [AcquisitionClass.py:126] 10000[0m
[32m2023-10-25 16:29:30.314 DEBUG    [AcquisitionClass.py:127] 10[0m
[32m2023-10-25 16:29:30.315 DEBUG    [AcquisitionClass.py:128] 10000[0m
[32m2023-10-25 16:29:30.315 DEBUG    [AcquisitionClass.py:129] 10000[0m
[32m2023-10-25 16:29:30.315 DEBUG    [AcquisitionClass.py:130] 10000[0m
[36m2023-10-25 16:29:32.257 INFO     [AcquisitionClass.py:516] frequency: 10.000 
 amplitude 0.200 
 offset 1.000  
 acquisiton time 20.000 
 points per period 1000.000 
 number of periods 10.000[0m
[36m2023-10-25 16:29:52.363 INFO     [AcquisitionClass.py:629] Shutting down all LEDs for 1 seconds[0m
[36m2023-10-25 16:29:52.439 INFO     [AcquisitionClass.py:370] Did not start digital generator, check generator_analog_channels[0m
[36m2023-10-25 16:30:56.96 INFO     [AcquisitionClass.py:516] frequency: 10.000 
 amplitude 0.200 
 offset 1.000  
 acquisiton time 20.000 
 points per period 1000.000 
 number of periods 10.000[0m
[36m2023-10-25 16:31:16.191 INFO     [AcquisitionClass.py:629] Shutting down all LEDs for 1 seconds[0m
[36m2023-10-25 16:31:16.268 INFO     [AcquisitionClass.py:370] Did not start digital generator, check generator_analog_channels[0m
[36m2023-10-25 16:32:19.695 INFO     [AcquisitionClass.py:516] frequency: 10.000 
 amplitude 0.200 
 offset 1.000  
 acquisiton time 20.000 
 points per period 1000.000 
 number of periods 10.000[0m
[36m2023-10-25 16:32:39.791 INFO     [AcquisitionClass.py:629] Shutting down all LEDs for 1 seconds[0m
[36m2023-10-25 16:32:39.869 INFO     [AcquisitionClass.py:370] Did not start digital generator, check generator_analog_channels[0m
[36m2023-10-25 16:33:43.556 INFO     [AcquisitionClass.py:516] frequency: 10.000 
 amplitude 0.200 
 offset 1.000  
 acquisiton time 20.000 
 points per period 1000.000 
 number of periods 10.000[0m
[36m2023-10-25 16:34:03.652 INFO     [AcquisitionClass.py:629] Shutting down all LEDs for 1 seconds[0m
[36m2023-10-25 16:34:03.732 INFO     [AcquisitionClass.py:370] Did not start digital generator, check generator_analog_channels[0m
[36m2023-10-25 16:35:07.148 INFO     [AcquisitionClass.py:516] frequency: 10.000 
 amplitude 0.200 
 offset 1.000  
 acquisiton time 20.000 
 points per period 1000.000 
 number of periods 10.000[0m
[36m2023-10-25 16:35:27.234 INFO     [AcquisitionClass.py:629] Shutting down all LEDs for 1 seconds[0m
[36m2023-10-25 16:35:27.312 INFO     [AcquisitionClass.py:370] Did not start digital generator, check generator_analog_channels[0m
[36m2023-10-25 16:36:30.779 INFO     [AcquisitionClass.py:516] frequency: 10.000 
 amplitude 0.200 
 offset 1.000  
 acquisiton time 20.000 
 points per period 1000.000 
 number of periods 10.000[0m
[36m2023-10-25 16:36:50.863 INFO     [AcquisitionClass.py:629] Shutting down all LEDs for 1 seconds[0m
[36m2023-10-25 16:36:50.939 INFO     [AcquisitionClass.py:370] Did not start digital generator, check generator_analog_channels[0m
[36m2023-10-25 16:37:54.408 INFO     [AcquisitionClass.py:516] frequency: 10.000 
 amplitude 0.200 
 offset 1.000  
 acquisiton time 20.000 
 points per period 1000.000 
 number of periods 10.000[0m
[36m2023-10-25 16:38:14.496 INFO     [AcquisitionClass.py:629] Shutting down all LEDs for 1 seconds[0m
[36m2023-10-25 16:38:14.574 INFO     [AcquisitionClass.py:370] Did not start digital generator, check generator_analog_channels[0m
[36m2023-10-25 16:44:09.582 INFO     [AcquisitionClass.py:516] frequency: 10.000 
 amplitude 0.200 
 offset 1.000  
 acquisiton time 20.000 
 points per period 1000.000 
 number of periods 10.000[0m
[36m2023-10-25 16:44:29.726 INFO     [AcquisitionClass.py:629] Shutting down all LEDs for 1 seconds[0m
[36m2023-10-25 16:44:29.805 INFO     [AcquisitionClass.py:370] Did not start digital generator, check generator_analog_channels[0m
[36m2023-10-25 16:45:33.340 INFO     [AcquisitionClass.py:516] frequency: 10.000 
 amplitude 0.200 
 offset 1.000  
 acquisiton time 20.000 
 points per period 1000.000 
 number of periods 10.000[0m
[36m2023-10-25 16:45:53.433 INFO     [AcquisitionClass.py:629] Shutting down all LEDs for 1 seconds[0m
[36m2023-10-25 16:45:53.512 INFO     [AcquisitionClass.py:370] Did not start digital generator, check generator_analog_channels[0m
[36m2023-10-25 16:46:56.992 INFO     [AcquisitionClass.py:516] frequency: 10.000 
 amplitude 0.200 
 offset 1.000  
 acquisiton time 20.000 
 points per period 1000.000 
 number of periods 10.000[0m
[36m2023-10-25 16:47:17.75 INFO     [AcquisitionClass.py:629] Shutting down all LEDs for 1 seconds[0m
[36m2023-10-25 16:47:17.152 INFO     [AcquisitionClass.py:370] Did not start digital generator, check generator_analog_channels[0m
[36m2023-10-25 16:48:20.586 INFO     [AcquisitionClass.py:516] frequency: 10.000 
 amplitude 0.200 
 offset 1.000  
 acquisiton time 20.000 
 points per period 1000.000 
 number of periods 10.000[0m
[36m2023-10-25 16:48:40.673 INFO     [AcquisitionClass.py:629] Shutting down all LEDs for 1 seconds[0m
[36m2023-10-25 16:48:40.752 INFO     [AcquisitionClass.py:370] Did not start digital generator, check generator_analog_channels[0m
[36m2023-10-25 16:49:44.455 INFO     [AcquisitionClass.py:516] frequency: 10.000 
 amplitude 0.200 
 offset 1.000  
 acquisiton time 20.000 
 points per period 1000.000 
 number of periods 10.000[0m
[36m2023-10-25 16:50:04.544 INFO     [AcquisitionClass.py:629] Shutting down all LEDs for 1 seconds[0m
[36m2023-10-25 16:50:04.623 INFO     [AcquisitionClass.py:370] Did not start digital generator, check generator_analog_channels[0m
[36m2023-10-25 16:51:08.108 INFO     [AcquisitionClass.py:516] frequency: 10.000 
 amplitude 0.200 
 offset 1.000  
 acquisiton time 20.000 
 points per period 1000.000 
 number of periods 10.000[0m
[36m2023-10-25 16:52:49.845 INFO     [AcquisitionClass.py:629] Shutting down all LEDs for 1 seconds[0m
[36m2023-10-25 16:52:49.921 INFO     [AcquisitionClass.py:370] Did not start digital generator, check generator_analog_channels[0m
[36m2023-10-25 16:53:53.330 INFO     [AcquisitionClass.py:516] frequency: 10.000 
 amplitude 0.200 
 offset 1.000  
 acquisiton time 20.000 
 points per period 1000.000 
 number of periods 10.000[0m
[36m2023-10-25 16:54:13.412 INFO     [AcquisitionClass.py:629] Shutting down all LEDs for 1 seconds[0m
[36m2023-10-25 16:54:13.488 INFO     [AcquisitionClass.py:370] Did not start digital generator, check generator_analog_channels[0m
[36m2023-10-25 16:55:17.99 INFO     [AcquisitionClass.py:516] frequency: 10.000 
 amplitude 0.200 
 offset 1.000  
 acquisiton time 20.000 
 points per period 1000.000 
 number of periods 10.000[0m
[36m2023-10-25 16:55:37.187 INFO     [AcquisitionClass.py:629] Shutting down all LEDs for 1 seconds[0m
[36m2023-10-25 16:55:37.266 INFO     [AcquisitionClass.py:370] Did not start digital generator, check generator_analog_channels[0m
