[32m2023-10-17 16:07:21.860 DEBUG    [DC4100_LED.py:69] Serial<id=0x205b6c378b0, open=True>(port='COM5', baudrate=115200, bytesize=8, parity='N', stopbits=1, timeout=0.1, xonxoff=0, rtscts=0, dsrdtr=False)[0m
[32m2023-10-17 16:07:21.860 DEBUG    [DC4100_LED.py:89] DC4100: Sending o 0 0[0m
[32m2023-10-17 16:07:21.967 DEBUG    [DC4100_LED.py:92] DC4100: Received b''[0m
[32m2023-10-17 16:07:21.967 DEBUG    [DC4100_LED.py:89] DC4100: Sending o 1 0[0m
[32m2023-10-17 16:07:22.78 DEBUG    [DC4100_LED.py:92] DC4100: Received b''[0m
[32m2023-10-17 16:07:22.78 DEBUG    [DC4100_LED.py:89] DC4100: Sending o 2 0[0m
[32m2023-10-17 16:07:22.187 DEBUG    [DC4100_LED.py:92] DC4100: Received b''[0m
[32m2023-10-17 16:07:22.187 DEBUG    [DC4100_LED.py:89] DC4100: Sending o 3 0[0m
[32m2023-10-17 16:07:22.296 DEBUG    [DC4100_LED.py:92] DC4100: Received b''[0m
[1;35m2023-10-17 16:07:22.296 CRITICAL [DC4100_LED.py:164] setting mode[0m
[32m2023-10-17 16:07:22.296 DEBUG    [DC4100_LED.py:89] DC4100: Sending m 2[0m
[32m2023-10-17 16:07:22.406 DEBUG    [DC4100_LED.py:92] DC4100: Received b''[0m
[32m2023-10-17 16:07:23.408 DEBUG    [DC4100_LED.py:89] DC4100: Sending m?[0m
[32m2023-10-17 16:07:23.410 DEBUG    [DC4100_LED.py:92] DC4100: Received b'2\r\n'[0m
[36m2023-10-17 16:07:23.410 INFO     [DC4100_LED.py:215] External Control Mode[0m
[1;35m2023-10-17 16:07:23.410 CRITICAL [DC4100_LED.py:219] 1[0m
[32m2023-10-17 16:07:23.410 DEBUG    [DC4100_LED.py:89] DC4100: Sending o 0 1[0m
[32m2023-10-17 16:07:23.518 DEBUG    [DC4100_LED.py:92] DC4100: Received b''[0m
[1;35m2023-10-17 16:07:23.518 CRITICAL [DC4100_LED.py:219] 2[0m
[32m2023-10-17 16:07:23.518 DEBUG    [DC4100_LED.py:89] DC4100: Sending o 1 1[0m
[32m2023-10-17 16:07:23.627 DEBUG    [DC4100_LED.py:92] DC4100: Received b''[0m
[1;35m2023-10-17 16:07:23.627 CRITICAL [DC4100_LED.py:219] 3[0m
[32m2023-10-17 16:07:23.627 DEBUG    [DC4100_LED.py:89] DC4100: Sending o 2 1[0m
[32m2023-10-17 16:07:23.734 DEBUG    [DC4100_LED.py:92] DC4100: Received b''[0m
[1;35m2023-10-17 16:07:23.734 CRITICAL [DC4100_LED.py:219] 4[0m
[32m2023-10-17 16:07:23.734 DEBUG    [DC4100_LED.py:89] DC4100: Sending o 3 1[0m
[32m2023-10-17 16:07:23.843 DEBUG    [DC4100_LED.py:92] DC4100: Received b''[0m
[32m2023-10-17 16:07:23.843 DEBUG    [DC4100_LED.py:89] DC4100: Sending o 1 1[0m
[32m2023-10-17 16:07:23.953 DEBUG    [DC4100_LED.py:92] DC4100: Received b''[0m
[32m2023-10-17 16:07:23.953 DEBUG    [DC4100_LED.py:89] DC4100: Sending l 1 1000[0m
[32m2023-10-17 16:07:24.61 DEBUG    [DC4100_LED.py:92] DC4100: Received b''[0m
[32m2023-10-17 16:07:24.61 DEBUG    [DC4100_LED.py:89] DC4100: Sending o 2 0[0m
[32m2023-10-17 16:07:24.169 DEBUG    [DC4100_LED.py:92] DC4100: Received b''[0m
[32m2023-10-17 16:07:24.169 DEBUG    [DC4100_LED.py:89] DC4100: Sending o 3 0[0m
[32m2023-10-17 16:07:24.277 DEBUG    [DC4100_LED.py:92] DC4100: Received b''[0m
[32m2023-10-17 16:07:24.277 DEBUG    [DC4100_LED.py:89] DC4100: Sending o 0 0[0m
[32m2023-10-17 16:07:24.386 DEBUG    [DC4100_LED.py:92] DC4100: Received b''[0m
[32m2023-10-17 16:07:25.894 DEBUG    [AcquisitionClass.py:124] 1000[0m
[32m2023-10-17 16:07:25.894 DEBUG    [AcquisitionClass.py:125] 1.0[0m
[32m2023-10-17 16:07:25.895 DEBUG    [AcquisitionClass.py:126] 10000[0m
[32m2023-10-17 16:07:25.895 DEBUG    [AcquisitionClass.py:127] 10[0m
[32m2023-10-17 16:07:25.895 DEBUG    [AcquisitionClass.py:128] 10000[0m
[32m2023-10-17 16:07:25.896 DEBUG    [AcquisitionClass.py:129] 10000[0m
[32m2023-10-17 16:07:25.896 DEBUG    [AcquisitionClass.py:130] 10000[0m
[32m2023-10-17 16:07:51.164 DEBUG    [AcquisitionClass.py:124] 1000[0m
[32m2023-10-17 16:07:51.164 DEBUG    [AcquisitionClass.py:125] 1.0[0m
[32m2023-10-17 16:07:51.164 DEBUG    [AcquisitionClass.py:126] 10000[0m
[32m2023-10-17 16:07:51.164 DEBUG    [AcquisitionClass.py:127] 10[0m
[32m2023-10-17 16:07:51.165 DEBUG    [AcquisitionClass.py:128] 10000[0m
[32m2023-10-17 16:07:51.165 DEBUG    [AcquisitionClass.py:129] 10000[0m
[32m2023-10-17 16:07:51.165 DEBUG    [AcquisitionClass.py:130] 10000[0m
[36m2023-10-17 16:07:52.631 INFO     [AcquisitionClass.py:516] frequency: 10.000 
 amplitude 0.200 
 offset 1.000  
 acquisiton time 20.000 
 points per period 1000.000 
 number of periods 10.000[0m
[36m2023-10-17 16:08:12.803 INFO     [AcquisitionClass.py:629] Shutting down all LEDs for 1 seconds[0m
[36m2023-10-17 16:08:12.880 INFO     [AcquisitionClass.py:370] Did not start digital generator, check generator_analog_channels[0m
[36m2023-10-17 16:09:16.247 INFO     [AcquisitionClass.py:516] frequency: 10.000 
 amplitude 0.200 
 offset 1.000  
 acquisiton time 20.000 
 points per period 1000.000 
 number of periods 10.000[0m
[36m2023-10-17 16:09:36.341 INFO     [AcquisitionClass.py:629] Shutting down all LEDs for 1 seconds[0m
[36m2023-10-17 16:09:36.419 INFO     [AcquisitionClass.py:370] Did not start digital generator, check generator_analog_channels[0m
[36m2023-10-17 16:10:39.888 INFO     [AcquisitionClass.py:516] frequency: 10.000 
 amplitude 0.200 
 offset 1.000  
 acquisiton time 20.000 
 points per period 1000.000 
 number of periods 10.000[0m
[36m2023-10-17 16:10:59.984 INFO     [AcquisitionClass.py:629] Shutting down all LEDs for 1 seconds[0m
[36m2023-10-17 16:11:00.63 INFO     [AcquisitionClass.py:370] Did not start digital generator, check generator_analog_channels[0m
