[32m2023-10-26 15:48:55.16 DEBUG    [DC4100_LED.py:69] Serial<id=0x2675ed65e80, open=True>(port='COM5', baudrate=115200, bytesize=8, parity='N', stopbits=1, timeout=0.1, xonxoff=0, rtscts=0, dsrdtr=False)[0m
[32m2023-10-26 15:48:55.17 DEBUG    [DC4100_LED.py:89] DC4100: Sending o 0 0[0m
[32m2023-10-26 15:48:55.122 DEBUG    [DC4100_LED.py:92] DC4100: Received b''[0m
[32m2023-10-26 15:48:55.122 DEBUG    [DC4100_LED.py:89] DC4100: Sending o 1 0[0m
[32m2023-10-26 15:48:55.231 DEBUG    [DC4100_LED.py:92] DC4100: Received b''[0m
[32m2023-10-26 15:48:55.231 DEBUG    [DC4100_LED.py:89] DC4100: Sending o 2 0[0m
[32m2023-10-26 15:48:55.341 DEBUG    [DC4100_LED.py:92] DC4100: Received b''[0m
[32m2023-10-26 15:48:55.341 DEBUG    [DC4100_LED.py:89] DC4100: Sending o 3 0[0m
[32m2023-10-26 15:48:55.450 DEBUG    [DC4100_LED.py:92] DC4100: Received b''[0m
[1;35m2023-10-26 15:48:55.450 CRITICAL [DC4100_LED.py:164] setting mode[0m
[32m2023-10-26 15:48:55.450 DEBUG    [DC4100_LED.py:89] DC4100: Sending m 2[0m
[32m2023-10-26 15:48:55.556 DEBUG    [DC4100_LED.py:92] DC4100: Received b''[0m
[32m2023-10-26 15:48:56.567 DEBUG    [DC4100_LED.py:89] DC4100: Sending m?[0m
[32m2023-10-26 15:48:56.568 DEBUG    [DC4100_LED.py:92] DC4100: Received b'2\r\n'[0m
[36m2023-10-26 15:48:56.568 INFO     [DC4100_LED.py:215] External Control Mode[0m
[1;35m2023-10-26 15:48:56.568 CRITICAL [DC4100_LED.py:219] 1[0m
[32m2023-10-26 15:48:56.568 DEBUG    [DC4100_LED.py:89] DC4100: Sending o 0 1[0m
[32m2023-10-26 15:48:56.676 DEBUG    [DC4100_LED.py:92] DC4100: Received b''[0m
[1;35m2023-10-26 15:48:56.676 CRITICAL [DC4100_LED.py:219] 2[0m
[32m2023-10-26 15:48:56.676 DEBUG    [DC4100_LED.py:89] DC4100: Sending o 1 1[0m
[32m2023-10-26 15:48:56.784 DEBUG    [DC4100_LED.py:92] DC4100: Received b''[0m
[1;35m2023-10-26 15:48:56.784 CRITICAL [DC4100_LED.py:219] 3[0m
[32m2023-10-26 15:48:56.784 DEBUG    [DC4100_LED.py:89] DC4100: Sending o 2 1[0m
[32m2023-10-26 15:48:56.893 DEBUG    [DC4100_LED.py:92] DC4100: Received b''[0m
[1;35m2023-10-26 15:48:56.893 CRITICAL [DC4100_LED.py:219] 4[0m
[32m2023-10-26 15:48:56.893 DEBUG    [DC4100_LED.py:89] DC4100: Sending o 3 1[0m
[32m2023-10-26 15:48:57.3 DEBUG    [DC4100_LED.py:92] DC4100: Received b''[0m
[32m2023-10-26 15:48:57.3 DEBUG    [DC4100_LED.py:89] DC4100: Sending o 1 1[0m
[32m2023-10-26 15:48:57.113 DEBUG    [DC4100_LED.py:92] DC4100: Received b''[0m
[32m2023-10-26 15:48:57.113 DEBUG    [DC4100_LED.py:89] DC4100: Sending l 1 1000[0m
[32m2023-10-26 15:48:57.222 DEBUG    [DC4100_LED.py:92] DC4100: Received b''[0m
[32m2023-10-26 15:48:57.222 DEBUG    [DC4100_LED.py:89] DC4100: Sending o 2 0[0m
[32m2023-10-26 15:48:57.332 DEBUG    [DC4100_LED.py:92] DC4100: Received b''[0m
[32m2023-10-26 15:48:57.332 DEBUG    [DC4100_LED.py:89] DC4100: Sending o 3 0[0m
[32m2023-10-26 15:48:57.440 DEBUG    [DC4100_LED.py:92] DC4100: Received b''[0m
[32m2023-10-26 15:48:57.440 DEBUG    [DC4100_LED.py:89] DC4100: Sending o 0 0[0m
[32m2023-10-26 15:48:57.547 DEBUG    [DC4100_LED.py:92] DC4100: Received b''[0m
