[32m2023-10-10 11:46:10.839 DEBUG    [DC4100_LED.py:69] Serial<id=0x1bcc2e9f8e0, open=True>(port='COM5', baudrate=115200, bytesize=8, parity='N', stopbits=1, timeout=0.1, xonxoff=0, rtscts=0, dsrdtr=False)[0m
[32m2023-10-10 11:46:10.840 DEBUG    [DC4100_LED.py:89] DC4100: Sending o 0 0[0m
[32m2023-10-10 11:46:10.949 DEBUG    [DC4100_LED.py:92] DC4100: Received b''[0m
[32m2023-10-10 11:46:10.949 DEBUG    [DC4100_LED.py:89] DC4100: Sending o 1 0[0m
[32m2023-10-10 11:46:11.59 DEBUG    [DC4100_LED.py:92] DC4100: Received b''[0m
[32m2023-10-10 11:46:11.59 DEBUG    [DC4100_LED.py:89] DC4100: Sending o 2 0[0m
[32m2023-10-10 11:46:11.167 DEBUG    [DC4100_LED.py:92] DC4100: Received b''[0m
[32m2023-10-10 11:46:11.167 DEBUG    [DC4100_LED.py:89] DC4100: Sending o 3 0[0m
[32m2023-10-10 11:46:11.278 DEBUG    [DC4100_LED.py:92] DC4100: Received b''[0m
[1;35m2023-10-10 11:46:11.278 CRITICAL [DC4100_LED.py:164] setting mode[0m
[32m2023-10-10 11:46:11.278 DEBUG    [DC4100_LED.py:89] DC4100: Sending m 2[0m
[32m2023-10-10 11:46:11.386 DEBUG    [DC4100_LED.py:92] DC4100: Received b''[0m
[32m2023-10-10 11:46:12.400 DEBUG    [DC4100_LED.py:89] DC4100: Sending m?[0m
[32m2023-10-10 11:46:12.402 DEBUG    [DC4100_LED.py:92] DC4100: Received b'2\r\n'[0m
[36m2023-10-10 11:46:12.402 INFO     [DC4100_LED.py:215] External Control Mode[0m
[1;35m2023-10-10 11:46:12.403 CRITICAL [DC4100_LED.py:219] 1[0m
[32m2023-10-10 11:46:12.403 DEBUG    [DC4100_LED.py:89] DC4100: Sending o 0 1[0m
[32m2023-10-10 11:46:12.510 DEBUG    [DC4100_LED.py:92] DC4100: Received b''[0m
[1;35m2023-10-10 11:46:12.510 CRITICAL [DC4100_LED.py:219] 2[0m
[32m2023-10-10 11:46:12.510 DEBUG    [DC4100_LED.py:89] DC4100: Sending o 1 1[0m
[32m2023-10-10 11:46:12.619 DEBUG    [DC4100_LED.py:92] DC4100: Received b''[0m
[1;35m2023-10-10 11:46:12.619 CRITICAL [DC4100_LED.py:219] 3[0m
[32m2023-10-10 11:46:12.619 DEBUG    [DC4100_LED.py:89] DC4100: Sending o 2 1[0m
[32m2023-10-10 11:46:12.727 DEBUG    [DC4100_LED.py:92] DC4100: Received b''[0m
[1;35m2023-10-10 11:46:12.727 CRITICAL [DC4100_LED.py:219] 4[0m
[32m2023-10-10 11:46:12.727 DEBUG    [DC4100_LED.py:89] DC4100: Sending o 3 1[0m
[32m2023-10-10 11:46:12.836 DEBUG    [DC4100_LED.py:92] DC4100: Received b''[0m
[32m2023-10-10 11:46:12.836 DEBUG    [DC4100_LED.py:89] DC4100: Sending o 1 1[0m
[32m2023-10-10 11:46:12.945 DEBUG    [DC4100_LED.py:92] DC4100: Received b''[0m
[32m2023-10-10 11:46:12.945 DEBUG    [DC4100_LED.py:89] DC4100: Sending l 1 1000[0m
[32m2023-10-10 11:46:13.53 DEBUG    [DC4100_LED.py:92] DC4100: Received b''[0m
[32m2023-10-10 11:46:13.53 DEBUG    [DC4100_LED.py:89] DC4100: Sending o 2 0[0m
[32m2023-10-10 11:46:13.161 DEBUG    [DC4100_LED.py:92] DC4100: Received b''[0m
[32m2023-10-10 11:46:13.161 DEBUG    [DC4100_LED.py:89] DC4100: Sending o 3 0[0m
[32m2023-10-10 11:46:13.272 DEBUG    [DC4100_LED.py:92] DC4100: Received b''[0m
[32m2023-10-10 11:46:13.272 DEBUG    [DC4100_LED.py:89] DC4100: Sending o 0 0[0m
[32m2023-10-10 11:46:13.380 DEBUG    [DC4100_LED.py:92] DC4100: Received b''[0m
[32m2023-10-10 11:46:14.900 DEBUG    [AcquisitionClass.py:124] 1000[0m
[32m2023-10-10 11:46:14.900 DEBUG    [AcquisitionClass.py:125] 1.0[0m
[32m2023-10-10 11:46:14.901 DEBUG    [AcquisitionClass.py:126] 10000[0m
[32m2023-10-10 11:46:14.903 DEBUG    [AcquisitionClass.py:127] 10[0m
[32m2023-10-10 11:46:14.903 DEBUG    [AcquisitionClass.py:128] 10000[0m
[32m2023-10-10 11:46:14.903 DEBUG    [AcquisitionClass.py:129] 10000[0m
[32m2023-10-10 11:46:14.903 DEBUG    [AcquisitionClass.py:130] 10000[0m
