[32m2023-10-24 03:33:52.54 DEBUG    [DC4100_LED.py:69] Serial<id=0x14f3d925610, open=True>(port='COM5', baudrate=115200, bytesize=8, parity='N', stopbits=1, timeout=0.1, xonxoff=0, rtscts=0, dsrdtr=False)[0m
[32m2023-10-24 03:33:52.55 DEBUG    [DC4100_LED.py:89] DC4100: Sending o 0 0[0m
[32m2023-10-24 03:33:52.165 DEBUG    [DC4100_LED.py:92] DC4100: Received b''[0m
[32m2023-10-24 03:33:52.165 DEBUG    [DC4100_LED.py:89] DC4100: Sending o 1 0[0m
[32m2023-10-24 03:33:52.275 DEBUG    [DC4100_LED.py:92] DC4100: Received b''[0m
[32m2023-10-24 03:33:52.275 DEBUG    [DC4100_LED.py:89] DC4100: Sending o 2 0[0m
[32m2023-10-24 03:33:52.383 DEBUG    [DC4100_LED.py:92] DC4100: Received b''[0m
[32m2023-10-24 03:33:52.383 DEBUG    [DC4100_LED.py:89] DC4100: Sending o 3 0[0m
[32m2023-10-24 03:33:52.490 DEBUG    [DC4100_LED.py:92] DC4100: Received b''[0m
[1;35m2023-10-24 03:33:52.490 CRITICAL [DC4100_LED.py:164] setting mode[0m
[32m2023-10-24 03:33:52.490 DEBUG    [DC4100_LED.py:89] DC4100: Sending m 2[0m
[32m2023-10-24 03:33:52.600 DEBUG    [DC4100_LED.py:92] DC4100: Received b''[0m
[32m2023-10-24 03:33:53.615 DEBUG    [DC4100_LED.py:89] DC4100: Sending m?[0m
[32m2023-10-24 03:33:53.617 DEBUG    [DC4100_LED.py:92] DC4100: Received b'2\r\n'[0m
[36m2023-10-24 03:33:53.617 INFO     [DC4100_LED.py:215] External Control Mode[0m
[1;35m2023-10-24 03:33:53.617 CRITICAL [DC4100_LED.py:219] 1[0m
[32m2023-10-24 03:33:53.617 DEBUG    [DC4100_LED.py:89] DC4100: Sending o 0 1[0m
[32m2023-10-24 03:33:53.726 DEBUG    [DC4100_LED.py:92] DC4100: Received b''[0m
[1;35m2023-10-24 03:33:53.726 CRITICAL [DC4100_LED.py:219] 2[0m
[32m2023-10-24 03:33:53.726 DEBUG    [DC4100_LED.py:89] DC4100: Sending o 1 1[0m
[32m2023-10-24 03:33:53.834 DEBUG    [DC4100_LED.py:92] DC4100: Received b''[0m
[1;35m2023-10-24 03:33:53.834 CRITICAL [DC4100_LED.py:219] 3[0m
[32m2023-10-24 03:33:53.834 DEBUG    [DC4100_LED.py:89] DC4100: Sending o 2 1[0m
[32m2023-10-24 03:33:53.943 DEBUG    [DC4100_LED.py:92] DC4100: Received b''[0m
[1;35m2023-10-24 03:33:53.943 CRITICAL [DC4100_LED.py:219] 4[0m
[32m2023-10-24 03:33:53.943 DEBUG    [DC4100_LED.py:89] DC4100: Sending o 3 1[0m
[32m2023-10-24 03:33:54.52 DEBUG    [DC4100_LED.py:92] DC4100: Received b''[0m
[32m2023-10-24 03:33:54.53 DEBUG    [DC4100_LED.py:89] DC4100: Sending o 1 1[0m
[32m2023-10-24 03:33:54.161 DEBUG    [DC4100_LED.py:92] DC4100: Received b''[0m
[32m2023-10-24 03:33:54.162 DEBUG    [DC4100_LED.py:89] DC4100: Sending l 1 450[0m
[32m2023-10-24 03:33:54.271 DEBUG    [DC4100_LED.py:92] DC4100: Received b''[0m
[32m2023-10-24 03:33:54.271 DEBUG    [DC4100_LED.py:89] DC4100: Sending o 2 1[0m
[32m2023-10-24 03:33:54.380 DEBUG    [DC4100_LED.py:92] DC4100: Received b''[0m
[32m2023-10-24 03:33:54.380 DEBUG    [DC4100_LED.py:89] DC4100: Sending l 2 150[0m
[32m2023-10-24 03:33:54.489 DEBUG    [DC4100_LED.py:92] DC4100: Received b''[0m
[32m2023-10-24 03:33:54.489 DEBUG    [DC4100_LED.py:89] DC4100: Sending o 3 1[0m
[32m2023-10-24 03:33:54.596 DEBUG    [DC4100_LED.py:92] DC4100: Received b''[0m
[32m2023-10-24 03:33:54.596 DEBUG    [DC4100_LED.py:89] DC4100: Sending l 3 150[0m
[32m2023-10-24 03:33:54.704 DEBUG    [DC4100_LED.py:92] DC4100: Received b''[0m
[32m2023-10-24 03:33:54.704 DEBUG    [DC4100_LED.py:89] DC4100: Sending o 0 0[0m
[32m2023-10-24 03:33:54.812 DEBUG    [DC4100_LED.py:92] DC4100: Received b''[0m
[32m2023-10-24 03:33:56.99 DEBUG    [AcquisitionClass.py:124] 1000[0m
[32m2023-10-24 03:33:56.100 DEBUG    [AcquisitionClass.py:125] 1.0[0m
[32m2023-10-24 03:33:56.100 DEBUG    [AcquisitionClass.py:126] 10000[0m
[32m2023-10-24 03:33:56.100 DEBUG    [AcquisitionClass.py:127] 10[0m
[32m2023-10-24 03:33:56.101 DEBUG    [AcquisitionClass.py:128] 10000[0m
[32m2023-10-24 03:33:56.101 DEBUG    [AcquisitionClass.py:129] 10000[0m
[32m2023-10-24 03:33:56.101 DEBUG    [AcquisitionClass.py:130] 10000[0m
[32m2023-10-24 03:53:46.640 DEBUG    [DC4100_LED.py:89] DC4100: Sending o 1 0[0m
[32m2023-10-24 03:53:46.748 DEBUG    [DC4100_LED.py:92] DC4100: Received b''[0m
[36m2023-10-24 03:53:46.748 INFO     [AcquisitionClass.py:516] frequency: 10.000 
 amplitude 0.200 
 offset 1.000  
 acquisiton time 2052.000 
 points per period 1000.000 
 number of periods 10.000[0m
[1;31m2023-10-24 04:08:37.690 ERROR    [AcquisitionClass.py:529] Voltage saturation of the MPPC fluorescence reader[0m
[1;35m2023-10-24 04:08:48.828 CRITICAL [qE_OJIP_calib.py:139] 0.0011258347857905128[0m
