[32m2023-10-24 19:15:23.990 DEBUG    [DC4100_LED.py:69] Serial<id=0x20f0d5d5610, open=True>(port='COM5', baudrate=115200, bytesize=8, parity='N', stopbits=1, timeout=0.1, xonxoff=0, rtscts=0, dsrdtr=False)[0m
[32m2023-10-24 19:15:23.990 DEBUG    [DC4100_LED.py:89] DC4100: Sending o 0 0[0m
[32m2023-10-24 19:15:24.99 DEBUG    [DC4100_LED.py:92] DC4100: Received b''[0m
[32m2023-10-24 19:15:24.99 DEBUG    [DC4100_LED.py:89] DC4100: Sending o 1 0[0m
[32m2023-10-24 19:15:24.208 DEBUG    [DC4100_LED.py:92] DC4100: Received b''[0m
[32m2023-10-24 19:15:24.208 DEBUG    [DC4100_LED.py:89] DC4100: Sending o 2 0[0m
[32m2023-10-24 19:15:24.315 DEBUG    [DC4100_LED.py:92] DC4100: Received b''[0m
[32m2023-10-24 19:15:24.315 DEBUG    [DC4100_LED.py:89] DC4100: Sending o 3 0[0m
[32m2023-10-24 19:15:24.422 DEBUG    [DC4100_LED.py:92] DC4100: Received b''[0m
[1;35m2023-10-24 19:15:24.422 CRITICAL [DC4100_LED.py:164] setting mode[0m
[32m2023-10-24 19:15:24.423 DEBUG    [DC4100_LED.py:89] DC4100: Sending m 2[0m
[32m2023-10-24 19:15:24.532 DEBUG    [DC4100_LED.py:92] DC4100: Received b''[0m
[32m2023-10-24 19:15:25.542 DEBUG    [DC4100_LED.py:89] DC4100: Sending m?[0m
[32m2023-10-24 19:15:25.544 DEBUG    [DC4100_LED.py:92] DC4100: Received b'2\r\n'[0m
[36m2023-10-24 19:15:25.544 INFO     [DC4100_LED.py:215] External Control Mode[0m
[1;35m2023-10-24 19:15:25.544 CRITICAL [DC4100_LED.py:219] 1[0m
[32m2023-10-24 19:15:25.545 DEBUG    [DC4100_LED.py:89] DC4100: Sending o 0 1[0m
[32m2023-10-24 19:15:25.652 DEBUG    [DC4100_LED.py:92] DC4100: Received b''[0m
[1;35m2023-10-24 19:15:25.652 CRITICAL [DC4100_LED.py:219] 2[0m
[32m2023-10-24 19:15:25.652 DEBUG    [DC4100_LED.py:89] DC4100: Sending o 1 1[0m
[32m2023-10-24 19:15:25.758 DEBUG    [DC4100_LED.py:92] DC4100: Received b''[0m
[1;35m2023-10-24 19:15:25.758 CRITICAL [DC4100_LED.py:219] 3[0m
[32m2023-10-24 19:15:25.758 DEBUG    [DC4100_LED.py:89] DC4100: Sending o 2 1[0m
[32m2023-10-24 19:15:25.866 DEBUG    [DC4100_LED.py:92] DC4100: Received b''[0m
[1;35m2023-10-24 19:15:25.866 CRITICAL [DC4100_LED.py:219] 4[0m
[32m2023-10-24 19:15:25.866 DEBUG    [DC4100_LED.py:89] DC4100: Sending o 3 1[0m
[32m2023-10-24 19:15:25.975 DEBUG    [DC4100_LED.py:92] DC4100: Received b''[0m
[32m2023-10-24 19:15:25.975 DEBUG    [DC4100_LED.py:89] DC4100: Sending o 1 1[0m
[32m2023-10-24 19:15:26.85 DEBUG    [DC4100_LED.py:92] DC4100: Received b''[0m
[32m2023-10-24 19:15:26.85 DEBUG    [DC4100_LED.py:89] DC4100: Sending l 1 450[0m
[32m2023-10-24 19:15:26.195 DEBUG    [DC4100_LED.py:92] DC4100: Received b''[0m
[32m2023-10-24 19:15:26.195 DEBUG    [DC4100_LED.py:89] DC4100: Sending o 2 1[0m
[32m2023-10-24 19:15:26.305 DEBUG    [DC4100_LED.py:92] DC4100: Received b''[0m
[32m2023-10-24 19:15:26.305 DEBUG    [DC4100_LED.py:89] DC4100: Sending l 2 150[0m
[32m2023-10-24 19:15:26.415 DEBUG    [DC4100_LED.py:92] DC4100: Received b''[0m
[32m2023-10-24 19:15:26.415 DEBUG    [DC4100_LED.py:89] DC4100: Sending o 3 1[0m
[32m2023-10-24 19:15:26.522 DEBUG    [DC4100_LED.py:92] DC4100: Received b''[0m
[32m2023-10-24 19:15:26.522 DEBUG    [DC4100_LED.py:89] DC4100: Sending l 3 150[0m
[32m2023-10-24 19:15:26.630 DEBUG    [DC4100_LED.py:92] DC4100: Received b''[0m
[32m2023-10-24 19:15:26.630 DEBUG    [DC4100_LED.py:89] DC4100: Sending o 0 0[0m
[32m2023-10-24 19:15:26.738 DEBUG    [DC4100_LED.py:92] DC4100: Received b''[0m
[32m2023-10-24 19:15:28.28 DEBUG    [AcquisitionClass.py:124] 1000[0m
[32m2023-10-24 19:15:28.29 DEBUG    [AcquisitionClass.py:125] 1.0[0m
[32m2023-10-24 19:15:28.29 DEBUG    [AcquisitionClass.py:126] 10000[0m
[32m2023-10-24 19:15:28.29 DEBUG    [AcquisitionClass.py:127] 10[0m
[32m2023-10-24 19:15:28.30 DEBUG    [AcquisitionClass.py:128] 10000[0m
[32m2023-10-24 19:15:28.30 DEBUG    [AcquisitionClass.py:129] 10000[0m
[32m2023-10-24 19:15:28.30 DEBUG    [AcquisitionClass.py:130] 10000[0m
[32m2023-10-24 19:35:18.586 DEBUG    [DC4100_LED.py:89] DC4100: Sending o 1 0[0m
[32m2023-10-24 19:35:18.694 DEBUG    [DC4100_LED.py:92] DC4100: Received b''[0m
[36m2023-10-24 19:35:18.694 INFO     [AcquisitionClass.py:516] frequency: 10.000 
 amplitude 0.200 
 offset 1.000  
 acquisiton time 2052.000 
 points per period 1000.000 
 number of periods 10.000[0m
[1;31m2023-10-24 19:50:09.635 ERROR    [AcquisitionClass.py:529] Voltage saturation of the MPPC fluorescence reader[0m
[1;35m2023-10-24 19:50:20.283 CRITICAL [qE_OJIP_calib.py:139] 0.000257413077225872[0m
