[32m2023-10-25 10:07:57.509 DEBUG    [DC4100_LED.py:69] Serial<id=0x297915d1c70, open=True>(port='COM5', baudrate=115200, bytesize=8, parity='N', stopbits=1, timeout=0.1, xonxoff=0, rtscts=0, dsrdtr=False)[0m
[32m2023-10-25 10:07:57.509 DEBUG    [DC4100_LED.py:89] DC4100: Sending o 0 0[0m
[32m2023-10-25 10:07:57.619 DEBUG    [DC4100_LED.py:92] DC4100: Received b''[0m
[32m2023-10-25 10:07:57.619 DEBUG    [DC4100_LED.py:89] DC4100: Sending o 1 0[0m
[32m2023-10-25 10:07:57.727 DEBUG    [DC4100_LED.py:92] DC4100: Received b''[0m
[32m2023-10-25 10:07:57.727 DEBUG    [DC4100_LED.py:89] DC4100: Sending o 2 0[0m
[32m2023-10-25 10:07:57.838 DEBUG    [DC4100_LED.py:92] DC4100: Received b''[0m
[32m2023-10-25 10:07:57.838 DEBUG    [DC4100_LED.py:89] DC4100: Sending o 3 0[0m
[32m2023-10-25 10:07:57.946 DEBUG    [DC4100_LED.py:92] DC4100: Received b''[0m
[1;35m2023-10-25 10:07:57.946 CRITICAL [DC4100_LED.py:164] setting mode[0m
[32m2023-10-25 10:07:57.946 DEBUG    [DC4100_LED.py:89] DC4100: Sending m 2[0m
[32m2023-10-25 10:07:58.55 DEBUG    [DC4100_LED.py:92] DC4100: Received b''[0m
[32m2023-10-25 10:07:59.67 DEBUG    [DC4100_LED.py:89] DC4100: Sending m?[0m
[32m2023-10-25 10:07:59.69 DEBUG    [DC4100_LED.py:92] DC4100: Received b'2\r\n'[0m
[36m2023-10-25 10:07:59.69 INFO     [DC4100_LED.py:215] External Control Mode[0m
[1;35m2023-10-25 10:07:59.69 CRITICAL [DC4100_LED.py:219] 1[0m
[32m2023-10-25 10:07:59.70 DEBUG    [DC4100_LED.py:89] DC4100: Sending o 0 1[0m
[32m2023-10-25 10:07:59.175 DEBUG    [DC4100_LED.py:92] DC4100: Received b''[0m
[1;35m2023-10-25 10:07:59.175 CRITICAL [DC4100_LED.py:219] 2[0m
[32m2023-10-25 10:07:59.175 DEBUG    [DC4100_LED.py:89] DC4100: Sending o 1 1[0m
[32m2023-10-25 10:07:59.285 DEBUG    [DC4100_LED.py:92] DC4100: Received b''[0m
[1;35m2023-10-25 10:07:59.285 CRITICAL [DC4100_LED.py:219] 3[0m
[32m2023-10-25 10:07:59.285 DEBUG    [DC4100_LED.py:89] DC4100: Sending o 2 1[0m
[32m2023-10-25 10:07:59.394 DEBUG    [DC4100_LED.py:92] DC4100: Received b''[0m
[1;35m2023-10-25 10:07:59.394 CRITICAL [DC4100_LED.py:219] 4[0m
[32m2023-10-25 10:07:59.394 DEBUG    [DC4100_LED.py:89] DC4100: Sending o 3 1[0m
[32m2023-10-25 10:07:59.501 DEBUG    [DC4100_LED.py:92] DC4100: Received b''[0m
[32m2023-10-25 10:07:59.501 DEBUG    [DC4100_LED.py:89] DC4100: Sending o 1 1[0m
[32m2023-10-25 10:07:59.608 DEBUG    [DC4100_LED.py:92] DC4100: Received b''[0m
[32m2023-10-25 10:07:59.608 DEBUG    [DC4100_LED.py:89] DC4100: Sending l 1 30[0m
[32m2023-10-25 10:07:59.716 DEBUG    [DC4100_LED.py:92] DC4100: Received b''[0m
[32m2023-10-25 10:07:59.716 DEBUG    [DC4100_LED.py:89] DC4100: Sending o 2 1[0m
[32m2023-10-25 10:07:59.825 DEBUG    [DC4100_LED.py:92] DC4100: Received b''[0m
[32m2023-10-25 10:07:59.825 DEBUG    [DC4100_LED.py:89] DC4100: Sending l 2 150[0m
[32m2023-10-25 10:07:59.933 DEBUG    [DC4100_LED.py:92] DC4100: Received b''[0m
[32m2023-10-25 10:07:59.933 DEBUG    [DC4100_LED.py:89] DC4100: Sending o 3 1[0m
[32m2023-10-25 10:08:00.42 DEBUG    [DC4100_LED.py:92] DC4100: Received b''[0m
[32m2023-10-25 10:08:00.42 DEBUG    [DC4100_LED.py:89] DC4100: Sending l 3 100[0m
[32m2023-10-25 10:08:00.151 DEBUG    [DC4100_LED.py:92] DC4100: Received b''[0m
[32m2023-10-25 10:08:00.151 DEBUG    [DC4100_LED.py:89] DC4100: Sending o 0 0[0m
[32m2023-10-25 10:08:00.259 DEBUG    [DC4100_LED.py:92] DC4100: Received b''[0m
[32m2023-10-25 10:08:01.552 DEBUG    [AcquisitionClass.py:124] 1000[0m
[32m2023-10-25 10:08:01.552 DEBUG    [AcquisitionClass.py:125] 1.0[0m
[32m2023-10-25 10:08:01.553 DEBUG    [AcquisitionClass.py:126] 10000[0m
[32m2023-10-25 10:08:01.553 DEBUG    [AcquisitionClass.py:127] 10[0m
[32m2023-10-25 10:08:01.553 DEBUG    [AcquisitionClass.py:128] 10000[0m
[32m2023-10-25 10:08:01.553 DEBUG    [AcquisitionClass.py:129] 10000[0m
[32m2023-10-25 10:08:01.554 DEBUG    [AcquisitionClass.py:130] 10000[0m
