[32m2023-11-30 17:55:48.847 DEBUG    [DC4100_LED.py:69] Serial<id=0x25d5f057ee0, open=True>(port='COM5', baudrate=115200, bytesize=8, parity='N', stopbits=1, timeout=0.1, xonxoff=0, rtscts=0, dsrdtr=False)[0m
[32m2023-11-30 17:55:48.847 DEBUG    [DC4100_LED.py:89] DC4100: Sending o 0 0[0m
[32m2023-11-30 17:55:48.962 DEBUG    [DC4100_LED.py:92] DC4100: Received b''[0m
[32m2023-11-30 17:55:48.962 DEBUG    [DC4100_LED.py:89] DC4100: Sending o 1 0[0m
[32m2023-11-30 17:55:49.70 DEBUG    [DC4100_LED.py:92] DC4100: Received b''[0m
[32m2023-11-30 17:55:49.70 DEBUG    [DC4100_LED.py:89] DC4100: Sending o 2 0[0m
[32m2023-11-30 17:55:49.179 DEBUG    [DC4100_LED.py:92] DC4100: Received b''[0m
[32m2023-11-30 17:55:49.179 DEBUG    [DC4100_LED.py:89] DC4100: Sending o 3 0[0m
[32m2023-11-30 17:55:49.286 DEBUG    [DC4100_LED.py:92] DC4100: Received b''[0m
[1;35m2023-11-30 17:55:49.286 CRITICAL [DC4100_LED.py:164] setting mode[0m
[32m2023-11-30 17:55:49.286 DEBUG    [DC4100_LED.py:89] DC4100: Sending m 2[0m
[32m2023-11-30 17:55:49.396 DEBUG    [DC4100_LED.py:92] DC4100: Received b''[0m
[32m2023-11-30 17:55:50.410 DEBUG    [DC4100_LED.py:89] DC4100: Sending m?[0m
[32m2023-11-30 17:55:50.412 DEBUG    [DC4100_LED.py:92] DC4100: Received b'2\r\n'[0m
[36m2023-11-30 17:55:50.412 INFO     [DC4100_LED.py:215] External Control Mode[0m
[1;35m2023-11-30 17:55:50.412 CRITICAL [DC4100_LED.py:219] 1[0m
[32m2023-11-30 17:55:50.412 DEBUG    [DC4100_LED.py:89] DC4100: Sending o 0 1[0m
[32m2023-11-30 17:55:50.519 DEBUG    [DC4100_LED.py:92] DC4100: Received b''[0m
[1;35m2023-11-30 17:55:50.519 CRITICAL [DC4100_LED.py:219] 2[0m
[32m2023-11-30 17:55:50.519 DEBUG    [DC4100_LED.py:89] DC4100: Sending o 1 1[0m
[32m2023-11-30 17:55:50.628 DEBUG    [DC4100_LED.py:92] DC4100: Received b''[0m
[1;35m2023-11-30 17:55:50.628 CRITICAL [DC4100_LED.py:219] 3[0m
[32m2023-11-30 17:55:50.628 DEBUG    [DC4100_LED.py:89] DC4100: Sending o 2 1[0m
[32m2023-11-30 17:55:50.736 DEBUG    [DC4100_LED.py:92] DC4100: Received b''[0m
[1;35m2023-11-30 17:55:50.736 CRITICAL [DC4100_LED.py:219] 4[0m
[32m2023-11-30 17:55:50.736 DEBUG    [DC4100_LED.py:89] DC4100: Sending o 3 1[0m
[32m2023-11-30 17:55:50.846 DEBUG    [DC4100_LED.py:92] DC4100: Received b''[0m
[32m2023-11-30 17:55:50.846 DEBUG    [DC4100_LED.py:89] DC4100: Sending o 1 1[0m
[32m2023-11-30 17:55:50.956 DEBUG    [DC4100_LED.py:92] DC4100: Received b''[0m
[32m2023-11-30 17:55:50.956 DEBUG    [DC4100_LED.py:89] DC4100: Sending l 1 1000[0m
[32m2023-11-30 17:55:51.65 DEBUG    [DC4100_LED.py:92] DC4100: Received b''[0m
[32m2023-11-30 17:55:51.65 DEBUG    [DC4100_LED.py:89] DC4100: Sending o 2 0[0m
[32m2023-11-30 17:55:51.173 DEBUG    [DC4100_LED.py:92] DC4100: Received b''[0m
[32m2023-11-30 17:55:51.173 DEBUG    [DC4100_LED.py:89] DC4100: Sending o 3 1[0m
[32m2023-11-30 17:55:51.284 DEBUG    [DC4100_LED.py:92] DC4100: Received b''[0m
[32m2023-11-30 17:55:51.284 DEBUG    [DC4100_LED.py:89] DC4100: Sending l 3 1000[0m
[32m2023-11-30 17:55:51.393 DEBUG    [DC4100_LED.py:92] DC4100: Received b''[0m
[32m2023-11-30 17:55:51.393 DEBUG    [DC4100_LED.py:89] DC4100: Sending o 0 0[0m
[32m2023-11-30 17:55:51.500 DEBUG    [DC4100_LED.py:92] DC4100: Received b''[0m
[32m2023-11-30 17:55:57.704 DEBUG    [AcquisitionClass.py:125] 1000[0m
[32m2023-11-30 17:55:57.704 DEBUG    [AcquisitionClass.py:126] 1.0[0m
[32m2023-11-30 17:55:57.705 DEBUG    [AcquisitionClass.py:127] 10000[0m
[32m2023-11-30 17:55:57.705 DEBUG    [AcquisitionClass.py:128] 10[0m
[32m2023-11-30 17:55:57.705 DEBUG    [AcquisitionClass.py:129] 10000[0m
[32m2023-11-30 17:55:57.705 DEBUG    [AcquisitionClass.py:130] 10000[0m
[32m2023-11-30 17:55:57.705 DEBUG    [AcquisitionClass.py:131] 10000[0m
[32m2023-11-30 17:55:57.706 DEBUG    [AcquisitionClass.py:125] 1000[0m
[32m2023-11-30 17:55:57.706 DEBUG    [AcquisitionClass.py:126] 10.0[0m
[32m2023-11-30 17:55:57.706 DEBUG    [AcquisitionClass.py:127] 1000[0m
[32m2023-11-30 17:55:57.707 DEBUG    [AcquisitionClass.py:128] 1[0m
[32m2023-11-30 17:55:57.707 DEBUG    [AcquisitionClass.py:129] 1000[0m
[32m2023-11-30 17:55:57.707 DEBUG    [AcquisitionClass.py:130] 10000[0m
[32m2023-11-30 17:55:57.707 DEBUG    [AcquisitionClass.py:131] 10000[0m
[36m2023-11-30 17:55:57.844 INFO     [AcquisitionClass.py:517] frequency: 1.000 
 amplitude 2.000 
 offset 4.000  
 acquisiton time 10.000 
 points per period 1000.000 
 number of periods 10.000[0m
[32m2023-11-30 17:56:19.371 DEBUG    [AcquisitionClass.py:125] 1000[0m
[32m2023-11-30 17:56:19.371 DEBUG    [AcquisitionClass.py:126] 0.01[0m
[32m2023-11-30 17:56:19.372 DEBUG    [AcquisitionClass.py:127] 1000000.0[0m
[32m2023-11-30 17:56:19.372 DEBUG    [AcquisitionClass.py:128] 1000.0[0m
[32m2023-11-30 17:56:19.372 DEBUG    [AcquisitionClass.py:129] 1000000.0[0m
[32m2023-11-30 17:56:19.373 DEBUG    [AcquisitionClass.py:130] 10000[0m
[32m2023-11-30 17:56:19.373 DEBUG    [AcquisitionClass.py:131] 10000[0m
[36m2023-11-30 17:56:19.436 INFO     [AcquisitionClass.py:517] frequency: 1000.000 
 amplitude 2.000 
 offset 4.000  
 acquisiton time 0.010 
 points per period 1000.000 
 number of periods 10.000[0m
[1;35m2023-11-30 17:56:19.463 CRITICAL [AcquisitionClass.py:169] -1.643925667339507[0m
[32m2023-11-30 17:56:21.604 DEBUG    [AcquisitionClass.py:125] 1000[0m
[32m2023-11-30 17:56:21.604 DEBUG    [AcquisitionClass.py:126] 0.01291549665014884[0m
[32m2023-11-30 17:56:21.604 DEBUG    [AcquisitionClass.py:127] 774263.0[0m
[32m2023-11-30 17:56:21.605 DEBUG    [AcquisitionClass.py:128] 774.263682681127[0m
[32m2023-11-30 17:56:21.605 DEBUG    [AcquisitionClass.py:129] 774263.682681127[0m
[32m2023-11-30 17:56:21.605 DEBUG    [AcquisitionClass.py:130] 10000[0m
[32m2023-11-30 17:56:21.605 DEBUG    [AcquisitionClass.py:131] 10000[0m
[36m2023-11-30 17:56:21.672 INFO     [AcquisitionClass.py:517] frequency: 774.264 
 amplitude 2.000 
 offset 4.000  
 acquisiton time 0.013 
 points per period 1000.000 
 number of periods 10.000[0m
[1;35m2023-11-30 17:56:21.698 CRITICAL [AcquisitionClass.py:169] -1.678318430621821[0m
[32m2023-11-30 17:56:23.821 DEBUG    [AcquisitionClass.py:125] 1000[0m
[32m2023-11-30 17:56:23.821 DEBUG    [AcquisitionClass.py:126] 0.016681005372000592[0m
[32m2023-11-30 17:56:23.822 DEBUG    [AcquisitionClass.py:127] 599484.0[0m
[32m2023-11-30 17:56:23.822 DEBUG    [AcquisitionClass.py:128] 599.4842503189409[0m
[32m2023-11-30 17:56:23.822 DEBUG    [AcquisitionClass.py:129] 599484.2503189408[0m
[32m2023-11-30 17:56:23.822 DEBUG    [AcquisitionClass.py:130] 10000[0m
[32m2023-11-30 17:56:23.823 DEBUG    [AcquisitionClass.py:131] 10000[0m
[36m2023-11-30 17:56:23.889 INFO     [AcquisitionClass.py:517] frequency: 599.484 
 amplitude 2.000 
 offset 4.000  
 acquisiton time 0.017 
 points per period 1000.000 
 number of periods 10.000[0m
[1;35m2023-11-30 17:56:23.914 CRITICAL [AcquisitionClass.py:169] -1.518166511816196[0m
[32m2023-11-30 17:56:26.31 DEBUG    [AcquisitionClass.py:125] 1000[0m
[32m2023-11-30 17:56:26.31 DEBUG    [AcquisitionClass.py:126] 0.021544346900318846[0m
[32m2023-11-30 17:56:26.32 DEBUG    [AcquisitionClass.py:127] 464158.0[0m
[32m2023-11-30 17:56:26.32 DEBUG    [AcquisitionClass.py:128] 464.15888336127773[0m
[32m2023-11-30 17:56:26.32 DEBUG    [AcquisitionClass.py:129] 464158.88336127775[0m
[32m2023-11-30 17:56:26.32 DEBUG    [AcquisitionClass.py:130] 10000[0m
[32m2023-11-30 17:56:26.33 DEBUG    [AcquisitionClass.py:131] 10000[0m
[36m2023-11-30 17:56:26.97 INFO     [AcquisitionClass.py:517] frequency: 464.159 
 amplitude 2.000 
 offset 4.000  
 acquisiton time 0.022 
 points per period 1000.000 
 number of periods 10.000[0m
[1;35m2023-11-30 17:56:26.124 CRITICAL [AcquisitionClass.py:169] -1.746733802996046[0m
[32m2023-11-30 17:56:28.238 DEBUG    [AcquisitionClass.py:125] 1000[0m
[32m2023-11-30 17:56:28.238 DEBUG    [AcquisitionClass.py:126] 0.02782559402207126[0m
[32m2023-11-30 17:56:28.239 DEBUG    [AcquisitionClass.py:127] 359381.0[0m
[32m2023-11-30 17:56:28.239 DEBUG    [AcquisitionClass.py:128] 359.38136638046257[0m
[32m2023-11-30 17:56:28.239 DEBUG    [AcquisitionClass.py:129] 359381.36638046254[0m
[32m2023-11-30 17:56:28.239 DEBUG    [AcquisitionClass.py:130] 10000[0m
[32m2023-11-30 17:56:28.239 DEBUG    [AcquisitionClass.py:131] 10000[0m
[36m2023-11-30 17:56:28.305 INFO     [AcquisitionClass.py:517] frequency: 359.381 
 amplitude 2.000 
 offset 4.000  
 acquisiton time 0.028 
 points per period 1000.000 
 number of periods 10.000[0m
[1;35m2023-11-30 17:56:28.346 CRITICAL [AcquisitionClass.py:169] -1.7563653885897144[0m
[32m2023-11-30 17:56:30.460 DEBUG    [AcquisitionClass.py:125] 1000[0m
[32m2023-11-30 17:56:30.460 DEBUG    [AcquisitionClass.py:126] 0.03593813663804626[0m
[32m2023-11-30 17:56:30.461 DEBUG    [AcquisitionClass.py:127] 278255.0[0m
[32m2023-11-30 17:56:30.461 DEBUG    [AcquisitionClass.py:128] 278.2559402207126[0m
[32m2023-11-30 17:56:30.461 DEBUG    [AcquisitionClass.py:129] 278255.9402207126[0m
[32m2023-11-30 17:56:30.462 DEBUG    [AcquisitionClass.py:130] 10000[0m
[32m2023-11-30 17:56:30.462 DEBUG    [AcquisitionClass.py:131] 10000[0m
[36m2023-11-30 17:56:30.528 INFO     [AcquisitionClass.py:517] frequency: 278.256 
 amplitude 2.000 
 offset 4.000  
 acquisiton time 0.036 
 points per period 1000.000 
 number of periods 10.000[0m
[1;35m2023-11-30 17:56:30.571 CRITICAL [AcquisitionClass.py:169] -1.7000690037089086[0m
[32m2023-11-30 17:56:32.684 DEBUG    [AcquisitionClass.py:125] 1000[0m
[32m2023-11-30 17:56:32.684 DEBUG    [AcquisitionClass.py:126] 0.046415888336127774[0m
[32m2023-11-30 17:56:32.685 DEBUG    [AcquisitionClass.py:127] 215443.0[0m
[32m2023-11-30 17:56:32.685 DEBUG    [AcquisitionClass.py:128] 215.44346900318845[0m
[32m2023-11-30 17:56:32.685 DEBUG    [AcquisitionClass.py:129] 215443.46900318845[0m
[32m2023-11-30 17:56:32.685 DEBUG    [AcquisitionClass.py:130] 10000[0m
[32m2023-11-30 17:56:32.686 DEBUG    [AcquisitionClass.py:131] 10000[0m
[36m2023-11-30 17:56:32.751 INFO     [AcquisitionClass.py:517] frequency: 215.443 
 amplitude 2.000 
 offset 4.000  
 acquisiton time 0.046 
 points per period 1000.000 
 number of periods 10.000[0m
[1;35m2023-11-30 17:56:32.810 CRITICAL [AcquisitionClass.py:169] -1.5596444784525048[0m
[32m2023-11-30 17:56:34.925 DEBUG    [AcquisitionClass.py:125] 1000[0m
[32m2023-11-30 17:56:34.926 DEBUG    [AcquisitionClass.py:126] 0.059948425031894084[0m
[32m2023-11-30 17:56:34.926 DEBUG    [AcquisitionClass.py:127] 166810.0[0m
[32m2023-11-30 17:56:34.926 DEBUG    [AcquisitionClass.py:128] 166.81005372000593[0m
[32m2023-11-30 17:56:34.926 DEBUG    [AcquisitionClass.py:129] 166810.05372000593[0m
[32m2023-11-30 17:56:34.927 DEBUG    [AcquisitionClass.py:130] 10000[0m
[32m2023-11-30 17:56:34.927 DEBUG    [AcquisitionClass.py:131] 10000[0m
[36m2023-11-30 17:56:34.993 INFO     [AcquisitionClass.py:517] frequency: 166.810 
 amplitude 2.000 
 offset 4.000  
 acquisiton time 0.060 
 points per period 1000.000 
 number of periods 10.000[0m
[1;35m2023-11-30 17:56:35.67 CRITICAL [AcquisitionClass.py:169] -1.4559776382222174[0m
[32m2023-11-30 17:56:37.178 DEBUG    [AcquisitionClass.py:125] 1000[0m
[32m2023-11-30 17:56:37.178 DEBUG    [AcquisitionClass.py:126] 0.07742636826811271[0m
[32m2023-11-30 17:56:37.178 DEBUG    [AcquisitionClass.py:127] 129154.0[0m
[32m2023-11-30 17:56:37.179 DEBUG    [AcquisitionClass.py:128] 129.1549665014884[0m
[32m2023-11-30 17:56:37.179 DEBUG    [AcquisitionClass.py:129] 129154.9665014884[0m
[32m2023-11-30 17:56:37.179 DEBUG    [AcquisitionClass.py:130] 10000[0m
[32m2023-11-30 17:56:37.179 DEBUG    [AcquisitionClass.py:131] 10000[0m
[36m2023-11-30 17:56:37.244 INFO     [AcquisitionClass.py:517] frequency: 129.155 
 amplitude 2.000 
 offset 4.000  
 acquisiton time 0.077 
 points per period 1000.000 
 number of periods 10.000[0m
[1;35m2023-11-30 17:56:37.333 CRITICAL [AcquisitionClass.py:169] -1.437073282302352[0m
[32m2023-11-30 17:56:39.448 DEBUG    [AcquisitionClass.py:125] 1000[0m
[32m2023-11-30 17:56:39.448 DEBUG    [AcquisitionClass.py:126] 0.1[0m
[32m2023-11-30 17:56:39.448 DEBUG    [AcquisitionClass.py:127] 100000.0[0m
[32m2023-11-30 17:56:39.449 DEBUG    [AcquisitionClass.py:128] 100.0[0m
[32m2023-11-30 17:56:39.449 DEBUG    [AcquisitionClass.py:129] 100000.0[0m
[32m2023-11-30 17:56:39.449 DEBUG    [AcquisitionClass.py:130] 10000[0m
[32m2023-11-30 17:56:39.449 DEBUG    [AcquisitionClass.py:131] 10000[0m
[36m2023-11-30 17:56:39.517 INFO     [AcquisitionClass.py:517] frequency: 100.000 
 amplitude 2.000 
 offset 4.000  
 acquisiton time 0.100 
 points per period 1000.000 
 number of periods 10.000[0m
[1;35m2023-11-30 17:56:39.636 CRITICAL [AcquisitionClass.py:169] -1.4532610001334245[0m
[32m2023-11-30 17:56:44.550 DEBUG    [AcquisitionClass.py:125] 1000[0m
[32m2023-11-30 17:56:44.550 DEBUG    [AcquisitionClass.py:126] 1.0[0m
[32m2023-11-30 17:56:44.551 DEBUG    [AcquisitionClass.py:127] 10000[0m
[32m2023-11-30 17:56:44.551 DEBUG    [AcquisitionClass.py:128] 10[0m
[32m2023-11-30 17:56:44.551 DEBUG    [AcquisitionClass.py:129] 10000[0m
[32m2023-11-30 17:56:44.551 DEBUG    [AcquisitionClass.py:130] 10000[0m
[32m2023-11-30 17:56:44.552 DEBUG    [AcquisitionClass.py:131] 10000[0m
[32m2023-11-30 17:56:44.552 DEBUG    [AcquisitionClass.py:125] 10000[0m
[32m2023-11-30 17:56:44.552 DEBUG    [AcquisitionClass.py:126] 25.0[0m
[32m2023-11-30 17:56:44.552 DEBUG    [AcquisitionClass.py:127] 2000.0[0m
[32m2023-11-30 17:56:44.553 DEBUG    [AcquisitionClass.py:128] 0.2[0m
[32m2023-11-30 17:56:44.553 DEBUG    [AcquisitionClass.py:129] 2000.0[0m
[32m2023-11-30 17:56:44.553 DEBUG    [AcquisitionClass.py:130] 50000[0m
[32m2023-11-30 17:56:44.553 DEBUG    [AcquisitionClass.py:131] 50000[0m
[32m2023-11-30 17:56:44.556 DEBUG    [AcquisitionClass.py:125] 10000[0m
[32m2023-11-30 17:56:44.556 DEBUG    [AcquisitionClass.py:126] 25.0[0m
[32m2023-11-30 17:56:44.556 DEBUG    [AcquisitionClass.py:127] 2000.0[0m
[32m2023-11-30 17:56:44.557 DEBUG    [AcquisitionClass.py:128] 0.2[0m
[32m2023-11-30 17:56:44.557 DEBUG    [AcquisitionClass.py:129] 2000.0[0m
[32m2023-11-30 17:56:44.557 DEBUG    [AcquisitionClass.py:130] 50000[0m
[32m2023-11-30 17:56:44.557 DEBUG    [AcquisitionClass.py:131] 50000[0m
[36m2023-11-30 17:56:44.621 INFO     [AcquisitionClass.py:371] Did not start digital generator, check generator_analog_channels[0m
[36m2023-11-30 17:56:44.625 INFO     [AcquisitionClass.py:517] frequency: 0.200 
 amplitude 2.000 
 offset 2.000  
 acquisiton time 25.000 
 points per period 10000.000 
 number of periods 5.000[0m
[1;31m2023-11-30 17:57:42.135 ERROR    [AcquisitionClass.py:526] Voltage saturation of the MPPC intensity reader[0m
[1;31m2023-11-30 17:57:42.135 ERROR    [AcquisitionClass.py:530] Voltage saturation of the MPPC fluorescence reader[0m
[36m2023-11-30 17:57:42.474 INFO     [AcquisitionClass.py:630] Shutting down all LEDs for 1 seconds[0m
[36m2023-11-30 17:57:42.542 INFO     [AcquisitionClass.py:371] Did not start digital generator, check generator_analog_channels[0m
[1;35m2023-11-30 17:57:45.332 CRITICAL [DronpaClass.py:183] [][0m
[32m2023-11-30 17:57:45.332 DEBUG    [AcquisitionClass.py:125] 10000[0m
[32m2023-11-30 17:57:45.332 DEBUG    [AcquisitionClass.py:126] 24.65753424657534[0m
[32m2023-11-30 17:57:45.333 DEBUG    [AcquisitionClass.py:127] 2027.0[0m
[32m2023-11-30 17:57:45.333 DEBUG    [AcquisitionClass.py:128] 0.20277777777777778[0m
[32m2023-11-30 17:57:45.333 DEBUG    [AcquisitionClass.py:129] 2027.7777777777778[0m
[32m2023-11-30 17:57:45.333 DEBUG    [AcquisitionClass.py:130] 50000[0m
[32m2023-11-30 17:57:45.333 DEBUG    [AcquisitionClass.py:131] 50000[0m
[32m2023-11-30 17:57:45.336 DEBUG    [AcquisitionClass.py:125] 10000[0m
[32m2023-11-30 17:57:45.336 DEBUG    [AcquisitionClass.py:126] 24.65753424657534[0m
[32m2023-11-30 17:57:45.336 DEBUG    [AcquisitionClass.py:127] 2027.0[0m
[32m2023-11-30 17:57:45.336 DEBUG    [AcquisitionClass.py:128] 0.20277777777777778[0m
[32m2023-11-30 17:57:45.337 DEBUG    [AcquisitionClass.py:129] 2027.7777777777778[0m
[32m2023-11-30 17:57:45.337 DEBUG    [AcquisitionClass.py:130] 50000[0m
[32m2023-11-30 17:57:45.337 DEBUG    [AcquisitionClass.py:131] 50000[0m
[36m2023-11-30 17:57:45.401 INFO     [AcquisitionClass.py:371] Did not start digital generator, check generator_analog_channels[0m
[36m2023-11-30 17:57:45.404 INFO     [AcquisitionClass.py:517] frequency: 0.203 
 amplitude 2.028 
 offset 2.028  
 acquisiton time 24.658 
 points per period 10000.000 
 number of periods 5.000[0m
[1;31m2023-11-30 17:58:42.135 ERROR    [AcquisitionClass.py:526] Voltage saturation of the MPPC intensity reader[0m
[1;31m2023-11-30 17:58:48.825 ERROR    [AcquisitionClass.py:530] Voltage saturation of the MPPC fluorescence reader[0m
[36m2023-11-30 17:58:49.124 INFO     [AcquisitionClass.py:630] Shutting down all LEDs for 1 seconds[0m
[36m2023-11-30 17:58:49.199 INFO     [AcquisitionClass.py:371] Did not start digital generator, check generator_analog_channels[0m
[1;35m2023-11-30 17:58:52.115 CRITICAL [DronpaClass.py:183] [][0m
[32m2023-11-30 17:58:52.115 DEBUG    [AcquisitionClass.py:125] 10000[0m
[32m2023-11-30 17:58:52.116 DEBUG    [AcquisitionClass.py:126] 24.324324324324326[0m
[32m2023-11-30 17:58:52.116 DEBUG    [AcquisitionClass.py:127] 2055.0[0m
[32m2023-11-30 17:58:52.116 DEBUG    [AcquisitionClass.py:128] 0.20555555555555555[0m
[32m2023-11-30 17:58:52.116 DEBUG    [AcquisitionClass.py:129] 2055.5555555555557[0m
[32m2023-11-30 17:58:52.117 DEBUG    [AcquisitionClass.py:130] 50000[0m
[32m2023-11-30 17:58:52.117 DEBUG    [AcquisitionClass.py:131] 50000[0m
[32m2023-11-30 17:58:52.119 DEBUG    [AcquisitionClass.py:125] 10000[0m
[32m2023-11-30 17:58:52.119 DEBUG    [AcquisitionClass.py:126] 24.324324324324326[0m
[32m2023-11-30 17:58:52.120 DEBUG    [AcquisitionClass.py:127] 2055.0[0m
[32m2023-11-30 17:58:52.120 DEBUG    [AcquisitionClass.py:128] 0.20555555555555555[0m
[32m2023-11-30 17:58:52.120 DEBUG    [AcquisitionClass.py:129] 2055.5555555555557[0m
[32m2023-11-30 17:58:52.120 DEBUG    [AcquisitionClass.py:130] 50000[0m
[32m2023-11-30 17:58:52.120 DEBUG    [AcquisitionClass.py:131] 50000[0m
[36m2023-11-30 17:58:52.174 INFO     [AcquisitionClass.py:371] Did not start digital generator, check generator_analog_channels[0m
[36m2023-11-30 17:58:52.178 INFO     [AcquisitionClass.py:517] frequency: 0.206 
 amplitude 2.056 
 offset 2.056  
 acquisiton time 24.324 
 points per period 10000.000 
 number of periods 5.000[0m
[1;31m2023-11-30 17:59:48.140 ERROR    [AcquisitionClass.py:526] Voltage saturation of the MPPC intensity reader[0m
[1;31m2023-11-30 17:59:48.140 ERROR    [AcquisitionClass.py:530] Voltage saturation of the MPPC fluorescence reader[0m
[36m2023-11-30 17:59:48.445 INFO     [AcquisitionClass.py:630] Shutting down all LEDs for 1 seconds[0m
[36m2023-11-30 17:59:48.518 INFO     [AcquisitionClass.py:371] Did not start digital generator, check generator_analog_channels[0m
[1;35m2023-11-30 17:59:51.362 CRITICAL [DronpaClass.py:183] [][0m
[32m2023-11-30 17:59:51.363 DEBUG    [AcquisitionClass.py:125] 10000[0m
[32m2023-11-30 17:59:51.363 DEBUG    [AcquisitionClass.py:126] 23.999999999999996[0m
[32m2023-11-30 17:59:51.363 DEBUG    [AcquisitionClass.py:127] 2083.0[0m
[32m2023-11-30 17:59:51.363 DEBUG    [AcquisitionClass.py:128] 0.20833333333333337[0m
[32m2023-11-30 17:59:51.363 DEBUG    [AcquisitionClass.py:129] 2083.3333333333335[0m
[32m2023-11-30 17:59:51.364 DEBUG    [AcquisitionClass.py:130] 50000[0m
[32m2023-11-30 17:59:51.364 DEBUG    [AcquisitionClass.py:131] 50000[0m
[32m2023-11-30 17:59:51.366 DEBUG    [AcquisitionClass.py:125] 10000[0m
[32m2023-11-30 17:59:51.366 DEBUG    [AcquisitionClass.py:126] 23.999999999999996[0m
[32m2023-11-30 17:59:51.367 DEBUG    [AcquisitionClass.py:127] 2083.0[0m
[32m2023-11-30 17:59:51.367 DEBUG    [AcquisitionClass.py:128] 0.20833333333333337[0m
[32m2023-11-30 17:59:51.367 DEBUG    [AcquisitionClass.py:129] 2083.3333333333335[0m
[32m2023-11-30 17:59:51.367 DEBUG    [AcquisitionClass.py:130] 50000[0m
[32m2023-11-30 17:59:51.367 DEBUG    [AcquisitionClass.py:131] 50000[0m
[36m2023-11-30 17:59:51.434 INFO     [AcquisitionClass.py:371] Did not start digital generator, check generator_analog_channels[0m
[36m2023-11-30 17:59:51.437 INFO     [AcquisitionClass.py:517] frequency: 0.208 
 amplitude 2.083 
 offset 2.083  
 acquisiton time 24.000 
 points per period 10000.000 
 number of periods 5.000[0m
[1;31m2023-11-30 18:00:46.651 ERROR    [AcquisitionClass.py:526] Voltage saturation of the MPPC intensity reader[0m
[1;31m2023-11-30 18:00:46.651 ERROR    [AcquisitionClass.py:530] Voltage saturation of the MPPC fluorescence reader[0m
[36m2023-11-30 18:00:46.941 INFO     [AcquisitionClass.py:630] Shutting down all LEDs for 1 seconds[0m
[36m2023-11-30 18:00:47.22 INFO     [AcquisitionClass.py:371] Did not start digital generator, check generator_analog_channels[0m
[1;35m2023-11-30 18:00:49.876 CRITICAL [DronpaClass.py:183] [][0m
[32m2023-11-30 18:00:49.876 DEBUG    [AcquisitionClass.py:125] 10000[0m
[32m2023-11-30 18:00:49.876 DEBUG    [AcquisitionClass.py:126] 23.684210526315788[0m
[32m2023-11-30 18:00:49.876 DEBUG    [AcquisitionClass.py:127] 2111.0[0m
[32m2023-11-30 18:00:49.877 DEBUG    [AcquisitionClass.py:128] 0.21111111111111114[0m
[32m2023-11-30 18:00:49.877 DEBUG    [AcquisitionClass.py:129] 2111.1111111111113[0m
[32m2023-11-30 18:00:49.877 DEBUG    [AcquisitionClass.py:130] 50000[0m
[32m2023-11-30 18:00:49.877 DEBUG    [AcquisitionClass.py:131] 50000[0m
[32m2023-11-30 18:00:49.880 DEBUG    [AcquisitionClass.py:125] 10000[0m
[32m2023-11-30 18:00:49.880 DEBUG    [AcquisitionClass.py:126] 23.684210526315788[0m
[32m2023-11-30 18:00:49.880 DEBUG    [AcquisitionClass.py:127] 2111.0[0m
[32m2023-11-30 18:00:49.880 DEBUG    [AcquisitionClass.py:128] 0.21111111111111114[0m
[32m2023-11-30 18:00:49.881 DEBUG    [AcquisitionClass.py:129] 2111.1111111111113[0m
[32m2023-11-30 18:00:49.881 DEBUG    [AcquisitionClass.py:130] 50000[0m
[32m2023-11-30 18:00:49.881 DEBUG    [AcquisitionClass.py:131] 50000[0m
[36m2023-11-30 18:00:49.937 INFO     [AcquisitionClass.py:371] Did not start digital generator, check generator_analog_channels[0m
[36m2023-11-30 18:00:49.939 INFO     [AcquisitionClass.py:517] frequency: 0.211 
 amplitude 2.111 
 offset 2.111  
 acquisiton time 23.684 
 points per period 10000.000 
 number of periods 5.000[0m
[1;31m2023-11-30 18:01:44.427 ERROR    [AcquisitionClass.py:526] Voltage saturation of the MPPC intensity reader[0m
[1;31m2023-11-30 18:01:44.427 ERROR    [AcquisitionClass.py:530] Voltage saturation of the MPPC fluorescence reader[0m
[36m2023-11-30 18:01:44.728 INFO     [AcquisitionClass.py:630] Shutting down all LEDs for 1 seconds[0m
[36m2023-11-30 18:01:44.800 INFO     [AcquisitionClass.py:371] Did not start digital generator, check generator_analog_channels[0m
[1;35m2023-11-30 18:01:47.681 CRITICAL [DronpaClass.py:183] [][0m
[32m2023-11-30 18:01:47.681 DEBUG    [AcquisitionClass.py:125] 10000[0m
[32m2023-11-30 18:01:47.682 DEBUG    [AcquisitionClass.py:126] 23.376623376623375[0m
[32m2023-11-30 18:01:47.682 DEBUG    [AcquisitionClass.py:127] 2138.0[0m
[32m2023-11-30 18:01:47.682 DEBUG    [AcquisitionClass.py:128] 0.2138888888888889[0m
[32m2023-11-30 18:01:47.683 DEBUG    [AcquisitionClass.py:129] 2138.888888888889[0m
[32m2023-11-30 18:01:47.683 DEBUG    [AcquisitionClass.py:130] 50000[0m
[32m2023-11-30 18:01:47.683 DEBUG    [AcquisitionClass.py:131] 50000[0m
[32m2023-11-30 18:01:47.685 DEBUG    [AcquisitionClass.py:125] 10000[0m
[32m2023-11-30 18:01:47.685 DEBUG    [AcquisitionClass.py:126] 23.376623376623375[0m
[32m2023-11-30 18:01:47.686 DEBUG    [AcquisitionClass.py:127] 2138.0[0m
[32m2023-11-30 18:01:47.686 DEBUG    [AcquisitionClass.py:128] 0.2138888888888889[0m
[32m2023-11-30 18:01:47.686 DEBUG    [AcquisitionClass.py:129] 2138.888888888889[0m
[32m2023-11-30 18:01:47.686 DEBUG    [AcquisitionClass.py:130] 50000[0m
[32m2023-11-30 18:01:47.686 DEBUG    [AcquisitionClass.py:131] 50000[0m
[36m2023-11-30 18:01:47.750 INFO     [AcquisitionClass.py:371] Did not start digital generator, check generator_analog_channels[0m
[36m2023-11-30 18:01:47.753 INFO     [AcquisitionClass.py:517] frequency: 0.214 
 amplitude 2.139 
 offset 2.139  
 acquisiton time 23.377 
 points per period 10000.000 
 number of periods 5.000[0m
[1;31m2023-11-30 18:02:41.528 ERROR    [AcquisitionClass.py:526] Voltage saturation of the MPPC intensity reader[0m
[1;31m2023-11-30 18:02:41.528 ERROR    [AcquisitionClass.py:530] Voltage saturation of the MPPC fluorescence reader[0m
[36m2023-11-30 18:02:41.829 INFO     [AcquisitionClass.py:630] Shutting down all LEDs for 1 seconds[0m
[36m2023-11-30 18:02:41.908 INFO     [AcquisitionClass.py:371] Did not start digital generator, check generator_analog_channels[0m
[1;35m2023-11-30 18:02:44.752 CRITICAL [DronpaClass.py:183] [][0m
[32m2023-11-30 18:02:44.752 DEBUG    [AcquisitionClass.py:125] 10000[0m
[32m2023-11-30 18:02:44.752 DEBUG    [AcquisitionClass.py:126] 23.076923076923077[0m
[32m2023-11-30 18:02:44.753 DEBUG    [AcquisitionClass.py:127] 2166.0[0m
[32m2023-11-30 18:02:44.753 DEBUG    [AcquisitionClass.py:128] 0.21666666666666667[0m
[32m2023-11-30 18:02:44.753 DEBUG    [AcquisitionClass.py:129] 2166.6666666666665[0m
[32m2023-11-30 18:02:44.753 DEBUG    [AcquisitionClass.py:130] 50000[0m
[32m2023-11-30 18:02:44.754 DEBUG    [AcquisitionClass.py:131] 50000[0m
[32m2023-11-30 18:02:44.756 DEBUG    [AcquisitionClass.py:125] 10000[0m
[32m2023-11-30 18:02:44.756 DEBUG    [AcquisitionClass.py:126] 23.076923076923077[0m
[32m2023-11-30 18:02:44.757 DEBUG    [AcquisitionClass.py:127] 2166.0[0m
[32m2023-11-30 18:02:44.757 DEBUG    [AcquisitionClass.py:128] 0.21666666666666667[0m
[32m2023-11-30 18:02:44.757 DEBUG    [AcquisitionClass.py:129] 2166.6666666666665[0m
[32m2023-11-30 18:02:44.757 DEBUG    [AcquisitionClass.py:130] 50000[0m
[32m2023-11-30 18:02:44.758 DEBUG    [AcquisitionClass.py:131] 50000[0m
[36m2023-11-30 18:02:44.823 INFO     [AcquisitionClass.py:371] Did not start digital generator, check generator_analog_channels[0m
[36m2023-11-30 18:02:44.826 INFO     [AcquisitionClass.py:517] frequency: 0.217 
 amplitude 2.167 
 offset 2.167  
 acquisiton time 23.077 
 points per period 10000.000 
 number of periods 5.000[0m
