[32m2023-10-24 18:04:52.288 DEBUG    [DC4100_LED.py:69] Serial<id=0x1ba949abeb0, open=True>(port='COM5', baudrate=115200, bytesize=8, parity='N', stopbits=1, timeout=0.1, xonxoff=0, rtscts=0, dsrdtr=False)[0m
[32m2023-10-24 18:04:52.288 DEBUG    [DC4100_LED.py:89] DC4100: Sending o 0 0[0m
[32m2023-10-24 18:04:52.395 DEBUG    [DC4100_LED.py:92] DC4100: Received b''[0m
[32m2023-10-24 18:04:52.395 DEBUG    [DC4100_LED.py:89] DC4100: Sending o 1 0[0m
[32m2023-10-24 18:04:52.503 DEBUG    [DC4100_LED.py:92] DC4100: Received b''[0m
[32m2023-10-24 18:04:52.503 DEBUG    [DC4100_LED.py:89] DC4100: Sending o 2 0[0m
[32m2023-10-24 18:04:52.613 DEBUG    [DC4100_LED.py:92] DC4100: Received b''[0m
[32m2023-10-24 18:04:52.613 DEBUG    [DC4100_LED.py:89] DC4100: Sending o 3 0[0m
[32m2023-10-24 18:04:52.723 DEBUG    [DC4100_LED.py:92] DC4100: Received b''[0m
[1;35m2023-10-24 18:04:52.723 CRITICAL [DC4100_LED.py:164] setting mode[0m
[32m2023-10-24 18:04:52.723 DEBUG    [DC4100_LED.py:89] DC4100: Sending m 2[0m
[32m2023-10-24 18:04:52.831 DEBUG    [DC4100_LED.py:92] DC4100: Received b''[0m
[32m2023-10-24 18:04:53.839 DEBUG    [DC4100_LED.py:89] DC4100: Sending m?[0m
[32m2023-10-24 18:04:53.841 DEBUG    [DC4100_LED.py:92] DC4100: Received b'2\r\n'[0m
[36m2023-10-24 18:04:53.841 INFO     [DC4100_LED.py:215] External Control Mode[0m
[1;35m2023-10-24 18:04:53.841 CRITICAL [DC4100_LED.py:219] 1[0m
[32m2023-10-24 18:04:53.841 DEBUG    [DC4100_LED.py:89] DC4100: Sending o 0 1[0m
[32m2023-10-24 18:04:53.947 DEBUG    [DC4100_LED.py:92] DC4100: Received b''[0m
[1;35m2023-10-24 18:04:53.947 CRITICAL [DC4100_LED.py:219] 2[0m
[32m2023-10-24 18:04:53.947 DEBUG    [DC4100_LED.py:89] DC4100: Sending o 1 1[0m
[32m2023-10-24 18:04:54.56 DEBUG    [DC4100_LED.py:92] DC4100: Received b''[0m
[1;35m2023-10-24 18:04:54.56 CRITICAL [DC4100_LED.py:219] 3[0m
[32m2023-10-24 18:04:54.56 DEBUG    [DC4100_LED.py:89] DC4100: Sending o 2 1[0m
[32m2023-10-24 18:04:54.162 DEBUG    [DC4100_LED.py:92] DC4100: Received b''[0m
[1;35m2023-10-24 18:04:54.162 CRITICAL [DC4100_LED.py:219] 4[0m
[32m2023-10-24 18:04:54.162 DEBUG    [DC4100_LED.py:89] DC4100: Sending o 3 1[0m
[32m2023-10-24 18:04:54.269 DEBUG    [DC4100_LED.py:92] DC4100: Received b''[0m
[32m2023-10-24 18:04:54.269 DEBUG    [DC4100_LED.py:89] DC4100: Sending o 1 1[0m
[32m2023-10-24 18:04:54.378 DEBUG    [DC4100_LED.py:92] DC4100: Received b''[0m
[32m2023-10-24 18:04:54.378 DEBUG    [DC4100_LED.py:89] DC4100: Sending l 1 1000[0m
[32m2023-10-24 18:04:54.487 DEBUG    [DC4100_LED.py:92] DC4100: Received b''[0m
[32m2023-10-24 18:04:54.487 DEBUG    [DC4100_LED.py:89] DC4100: Sending o 2 0[0m
[32m2023-10-24 18:04:54.595 DEBUG    [DC4100_LED.py:92] DC4100: Received b''[0m
[32m2023-10-24 18:04:54.595 DEBUG    [DC4100_LED.py:89] DC4100: Sending o 3 0[0m
[32m2023-10-24 18:04:54.704 DEBUG    [DC4100_LED.py:92] DC4100: Received b''[0m
[32m2023-10-24 18:04:54.704 DEBUG    [DC4100_LED.py:89] DC4100: Sending o 0 0[0m
[32m2023-10-24 18:04:54.814 DEBUG    [DC4100_LED.py:92] DC4100: Received b''[0m
[32m2023-10-24 18:04:56.323 DEBUG    [AcquisitionClass.py:124] 1000[0m
[32m2023-10-24 18:04:56.323 DEBUG    [AcquisitionClass.py:125] 1.0[0m
[32m2023-10-24 18:04:56.324 DEBUG    [AcquisitionClass.py:126] 10000[0m
[32m2023-10-24 18:04:56.324 DEBUG    [AcquisitionClass.py:127] 10[0m
[32m2023-10-24 18:04:56.324 DEBUG    [AcquisitionClass.py:128] 10000[0m
[32m2023-10-24 18:04:56.324 DEBUG    [AcquisitionClass.py:129] 10000[0m
[32m2023-10-24 18:04:56.325 DEBUG    [AcquisitionClass.py:130] 10000[0m
[32m2023-10-24 18:05:21.572 DEBUG    [AcquisitionClass.py:124] 1000[0m
[32m2023-10-24 18:05:21.572 DEBUG    [AcquisitionClass.py:125] 1.0[0m
[32m2023-10-24 18:05:21.572 DEBUG    [AcquisitionClass.py:126] 10000[0m
[32m2023-10-24 18:05:21.572 DEBUG    [AcquisitionClass.py:127] 10[0m
[32m2023-10-24 18:05:21.572 DEBUG    [AcquisitionClass.py:128] 10000[0m
[32m2023-10-24 18:05:21.572 DEBUG    [AcquisitionClass.py:129] 10000[0m
[32m2023-10-24 18:05:21.573 DEBUG    [AcquisitionClass.py:130] 10000[0m
[36m2023-10-24 18:05:23.257 INFO     [AcquisitionClass.py:516] frequency: 10.000 
 amplitude 0.200 
 offset 1.000  
 acquisiton time 20.000 
 points per period 1000.000 
 number of periods 10.000[0m
[36m2023-10-24 18:05:43.355 INFO     [AcquisitionClass.py:629] Shutting down all LEDs for 1 seconds[0m
[36m2023-10-24 18:05:43.432 INFO     [AcquisitionClass.py:370] Did not start digital generator, check generator_analog_channels[0m
[36m2023-10-24 18:06:47.959 INFO     [AcquisitionClass.py:516] frequency: 10.000 
 amplitude 0.200 
 offset 1.000  
 acquisiton time 20.000 
 points per period 1000.000 
 number of periods 10.000[0m
[36m2023-10-24 18:07:08.41 INFO     [AcquisitionClass.py:629] Shutting down all LEDs for 1 seconds[0m
[36m2023-10-24 18:07:08.118 INFO     [AcquisitionClass.py:370] Did not start digital generator, check generator_analog_channels[0m
[36m2023-10-24 18:08:11.572 INFO     [AcquisitionClass.py:516] frequency: 10.000 
 amplitude 0.200 
 offset 1.000  
 acquisiton time 20.000 
 points per period 1000.000 
 number of periods 10.000[0m
[36m2023-10-24 18:08:31.656 INFO     [AcquisitionClass.py:629] Shutting down all LEDs for 1 seconds[0m
[36m2023-10-24 18:08:31.734 INFO     [AcquisitionClass.py:370] Did not start digital generator, check generator_analog_channels[0m
[36m2023-10-24 18:09:35.446 INFO     [AcquisitionClass.py:516] frequency: 10.000 
 amplitude 0.200 
 offset 1.000  
 acquisiton time 20.000 
 points per period 1000.000 
 number of periods 10.000[0m
[36m2023-10-24 18:09:55.533 INFO     [AcquisitionClass.py:629] Shutting down all LEDs for 1 seconds[0m
[36m2023-10-24 18:09:55.609 INFO     [AcquisitionClass.py:370] Did not start digital generator, check generator_analog_channels[0m
[36m2023-10-24 18:10:59.62 INFO     [AcquisitionClass.py:516] frequency: 10.000 
 amplitude 0.200 
 offset 1.000  
 acquisiton time 20.000 
 points per period 1000.000 
 number of periods 10.000[0m
[36m2023-10-24 18:11:19.145 INFO     [AcquisitionClass.py:629] Shutting down all LEDs for 1 seconds[0m
[36m2023-10-24 18:11:19.222 INFO     [AcquisitionClass.py:370] Did not start digital generator, check generator_analog_channels[0m
[36m2023-10-24 18:12:22.701 INFO     [AcquisitionClass.py:516] frequency: 10.000 
 amplitude 0.200 
 offset 1.000  
 acquisiton time 20.000 
 points per period 1000.000 
 number of periods 10.000[0m
[36m2023-10-24 18:12:42.789 INFO     [AcquisitionClass.py:629] Shutting down all LEDs for 1 seconds[0m
[36m2023-10-24 18:12:42.867 INFO     [AcquisitionClass.py:370] Did not start digital generator, check generator_analog_channels[0m
[36m2023-10-24 18:13:46.397 INFO     [AcquisitionClass.py:516] frequency: 10.000 
 amplitude 0.200 
 offset 1.000  
 acquisiton time 20.000 
 points per period 1000.000 
 number of periods 10.000[0m
[36m2023-10-24 18:14:06.486 INFO     [AcquisitionClass.py:629] Shutting down all LEDs for 1 seconds[0m
[36m2023-10-24 18:14:06.564 INFO     [AcquisitionClass.py:370] Did not start digital generator, check generator_analog_channels[0m
[36m2023-10-24 18:15:09.943 INFO     [AcquisitionClass.py:516] frequency: 10.000 
 amplitude 0.200 
 offset 1.000  
 acquisiton time 20.000 
 points per period 1000.000 
 number of periods 10.000[0m
[36m2023-10-24 18:15:30.40 INFO     [AcquisitionClass.py:629] Shutting down all LEDs for 1 seconds[0m
[36m2023-10-24 18:15:30.117 INFO     [AcquisitionClass.py:370] Did not start digital generator, check generator_analog_channels[0m
[36m2023-10-24 18:16:33.517 INFO     [AcquisitionClass.py:516] frequency: 10.000 
 amplitude 0.200 
 offset 1.000  
 acquisiton time 20.000 
 points per period 1000.000 
 number of periods 10.000[0m
[36m2023-10-24 18:16:53.599 INFO     [AcquisitionClass.py:629] Shutting down all LEDs for 1 seconds[0m
[36m2023-10-24 18:16:53.660 INFO     [AcquisitionClass.py:370] Did not start digital generator, check generator_analog_channels[0m
[36m2023-10-24 18:17:57.162 INFO     [AcquisitionClass.py:516] frequency: 10.000 
 amplitude 0.200 
 offset 1.000  
 acquisiton time 20.000 
 points per period 1000.000 
 number of periods 10.000[0m
[36m2023-10-24 18:18:17.256 INFO     [AcquisitionClass.py:629] Shutting down all LEDs for 1 seconds[0m
[36m2023-10-24 18:18:17.333 INFO     [AcquisitionClass.py:370] Did not start digital generator, check generator_analog_channels[0m
[36m2023-10-24 18:19:20.739 INFO     [AcquisitionClass.py:516] frequency: 10.000 
 amplitude 0.200 
 offset 1.000  
 acquisiton time 20.000 
 points per period 1000.000 
 number of periods 10.000[0m
[36m2023-10-24 18:19:40.831 INFO     [AcquisitionClass.py:629] Shutting down all LEDs for 1 seconds[0m
[36m2023-10-24 18:19:40.910 INFO     [AcquisitionClass.py:370] Did not start digital generator, check generator_analog_channels[0m
[36m2023-10-24 18:20:44.327 INFO     [AcquisitionClass.py:516] frequency: 10.000 
 amplitude 0.200 
 offset 1.000  
 acquisiton time 20.000 
 points per period 1000.000 
 number of periods 10.000[0m
[36m2023-10-24 18:21:04.415 INFO     [AcquisitionClass.py:629] Shutting down all LEDs for 1 seconds[0m
[36m2023-10-24 18:21:04.493 INFO     [AcquisitionClass.py:370] Did not start digital generator, check generator_analog_channels[0m
[36m2023-10-24 18:22:07.907 INFO     [AcquisitionClass.py:516] frequency: 10.000 
 amplitude 0.200 
 offset 1.000  
 acquisiton time 20.000 
 points per period 1000.000 
 number of periods 10.000[0m
[36m2023-10-24 18:22:27.998 INFO     [AcquisitionClass.py:629] Shutting down all LEDs for 1 seconds[0m
[36m2023-10-24 18:22:28.76 INFO     [AcquisitionClass.py:370] Did not start digital generator, check generator_analog_channels[0m
[36m2023-10-24 18:23:31.483 INFO     [AcquisitionClass.py:516] frequency: 10.000 
 amplitude 0.200 
 offset 1.000  
 acquisiton time 20.000 
 points per period 1000.000 
 number of periods 10.000[0m
[36m2023-10-24 18:23:51.568 INFO     [AcquisitionClass.py:629] Shutting down all LEDs for 1 seconds[0m
[36m2023-10-24 18:23:51.645 INFO     [AcquisitionClass.py:370] Did not start digital generator, check generator_analog_channels[0m
[36m2023-10-24 18:24:55.217 INFO     [AcquisitionClass.py:516] frequency: 10.000 
 amplitude 0.200 
 offset 1.000  
 acquisiton time 20.000 
 points per period 1000.000 
 number of periods 10.000[0m
[36m2023-10-24 18:25:15.314 INFO     [AcquisitionClass.py:629] Shutting down all LEDs for 1 seconds[0m
[36m2023-10-24 18:25:15.392 INFO     [AcquisitionClass.py:370] Did not start digital generator, check generator_analog_channels[0m
