[32m2023-10-25 10:24:40.836 DEBUG    [DC4100_LED.py:69] Serial<id=0x1a3a4085610, open=True>(port='COM5', baudrate=115200, bytesize=8, parity='N', stopbits=1, timeout=0.1, xonxoff=0, rtscts=0, dsrdtr=False)[0m
[32m2023-10-25 10:24:40.837 DEBUG    [DC4100_LED.py:89] DC4100: Sending o 0 0[0m
[32m2023-10-25 10:24:40.945 DEBUG    [DC4100_LED.py:92] DC4100: Received b''[0m
[32m2023-10-25 10:24:40.945 DEBUG    [DC4100_LED.py:89] DC4100: Sending o 1 0[0m
[32m2023-10-25 10:24:41.53 DEBUG    [DC4100_LED.py:92] DC4100: Received b''[0m
[32m2023-10-25 10:24:41.53 DEBUG    [DC4100_LED.py:89] DC4100: Sending o 2 0[0m
[32m2023-10-25 10:24:41.164 DEBUG    [DC4100_LED.py:92] DC4100: Received b''[0m
[32m2023-10-25 10:24:41.164 DEBUG    [DC4100_LED.py:89] DC4100: Sending o 3 0[0m
[32m2023-10-25 10:24:41.272 DEBUG    [DC4100_LED.py:92] DC4100: Received b''[0m
[1;35m2023-10-25 10:24:41.272 CRITICAL [DC4100_LED.py:164] setting mode[0m
[32m2023-10-25 10:24:41.272 DEBUG    [DC4100_LED.py:89] DC4100: Sending m 2[0m
[32m2023-10-25 10:24:41.381 DEBUG    [DC4100_LED.py:92] DC4100: Received b''[0m
[32m2023-10-25 10:24:42.391 DEBUG    [DC4100_LED.py:89] DC4100: Sending m?[0m
[32m2023-10-25 10:24:42.393 DEBUG    [DC4100_LED.py:92] DC4100: Received b'2\r\n'[0m
[36m2023-10-25 10:24:42.393 INFO     [DC4100_LED.py:215] External Control Mode[0m
[1;35m2023-10-25 10:24:42.394 CRITICAL [DC4100_LED.py:219] 1[0m
[32m2023-10-25 10:24:42.394 DEBUG    [DC4100_LED.py:89] DC4100: Sending o 0 1[0m
[32m2023-10-25 10:24:42.498 DEBUG    [DC4100_LED.py:92] DC4100: Received b''[0m
[1;35m2023-10-25 10:24:42.498 CRITICAL [DC4100_LED.py:219] 2[0m
[32m2023-10-25 10:24:42.498 DEBUG    [DC4100_LED.py:89] DC4100: Sending o 1 1[0m
[32m2023-10-25 10:24:42.606 DEBUG    [DC4100_LED.py:92] DC4100: Received b''[0m
[1;35m2023-10-25 10:24:42.606 CRITICAL [DC4100_LED.py:219] 3[0m
[32m2023-10-25 10:24:42.606 DEBUG    [DC4100_LED.py:89] DC4100: Sending o 2 1[0m
[32m2023-10-25 10:24:42.715 DEBUG    [DC4100_LED.py:92] DC4100: Received b''[0m
[1;35m2023-10-25 10:24:42.715 CRITICAL [DC4100_LED.py:219] 4[0m
[32m2023-10-25 10:24:42.715 DEBUG    [DC4100_LED.py:89] DC4100: Sending o 3 1[0m
[32m2023-10-25 10:24:42.823 DEBUG    [DC4100_LED.py:92] DC4100: Received b''[0m
[32m2023-10-25 10:24:42.823 DEBUG    [DC4100_LED.py:89] DC4100: Sending o 1 1[0m
[32m2023-10-25 10:24:42.932 DEBUG    [DC4100_LED.py:92] DC4100: Received b''[0m
[32m2023-10-25 10:24:42.932 DEBUG    [DC4100_LED.py:89] DC4100: Sending l 1 450[0m
[32m2023-10-25 10:24:43.41 DEBUG    [DC4100_LED.py:92] DC4100: Received b''[0m
[32m2023-10-25 10:24:43.41 DEBUG    [DC4100_LED.py:89] DC4100: Sending o 2 1[0m
[32m2023-10-25 10:24:43.150 DEBUG    [DC4100_LED.py:92] DC4100: Received b''[0m
[32m2023-10-25 10:24:43.150 DEBUG    [DC4100_LED.py:89] DC4100: Sending l 2 150[0m
[32m2023-10-25 10:24:43.260 DEBUG    [DC4100_LED.py:92] DC4100: Received b''[0m
[32m2023-10-25 10:24:43.260 DEBUG    [DC4100_LED.py:89] DC4100: Sending o 3 1[0m
[32m2023-10-25 10:24:43.370 DEBUG    [DC4100_LED.py:92] DC4100: Received b''[0m
[32m2023-10-25 10:24:43.370 DEBUG    [DC4100_LED.py:89] DC4100: Sending l 3 150[0m
[32m2023-10-25 10:24:43.478 DEBUG    [DC4100_LED.py:92] DC4100: Received b''[0m
[32m2023-10-25 10:24:43.478 DEBUG    [DC4100_LED.py:89] DC4100: Sending o 0 0[0m
[32m2023-10-25 10:24:43.588 DEBUG    [DC4100_LED.py:92] DC4100: Received b''[0m
[32m2023-10-25 10:24:44.882 DEBUG    [AcquisitionClass.py:124] 1000[0m
[32m2023-10-25 10:24:44.882 DEBUG    [AcquisitionClass.py:125] 1.0[0m
[32m2023-10-25 10:24:44.883 DEBUG    [AcquisitionClass.py:126] 10000[0m
[32m2023-10-25 10:24:44.883 DEBUG    [AcquisitionClass.py:127] 10[0m
[32m2023-10-25 10:24:44.883 DEBUG    [AcquisitionClass.py:128] 10000[0m
[32m2023-10-25 10:24:44.883 DEBUG    [AcquisitionClass.py:129] 10000[0m
[32m2023-10-25 10:24:44.884 DEBUG    [AcquisitionClass.py:130] 10000[0m
[32m2023-10-25 10:44:35.423 DEBUG    [DC4100_LED.py:89] DC4100: Sending o 1 0[0m
[32m2023-10-25 10:44:35.532 DEBUG    [DC4100_LED.py:92] DC4100: Received b''[0m
[36m2023-10-25 10:44:35.532 INFO     [AcquisitionClass.py:516] frequency: 10.000 
 amplitude 0.200 
 offset 1.000  
 acquisiton time 2052.000 
 points per period 1000.000 
 number of periods 10.000[0m
[1;31m2023-10-25 10:59:26.482 ERROR    [AcquisitionClass.py:529] Voltage saturation of the MPPC fluorescence reader[0m
[1;35m2023-10-25 10:59:38.136 CRITICAL [qE_OJIP_calib.py:139] 0.0001686608538454287[0m
