[32m2023-10-25 09:17:33.827 DEBUG    [DC4100_LED.py:69] Serial<id=0x21d8c0a2c40, open=True>(port='COM5', baudrate=115200, bytesize=8, parity='N', stopbits=1, timeout=0.1, xonxoff=0, rtscts=0, dsrdtr=False)[0m
[32m2023-10-25 09:17:33.827 DEBUG    [DC4100_LED.py:89] DC4100: Sending o 0 0[0m
[32m2023-10-25 09:17:33.936 DEBUG    [DC4100_LED.py:92] DC4100: Received b''[0m
[32m2023-10-25 09:17:33.936 DEBUG    [DC4100_LED.py:89] DC4100: Sending o 1 0[0m
[32m2023-10-25 09:17:34.45 DEBUG    [DC4100_LED.py:92] DC4100: Received b''[0m
[32m2023-10-25 09:17:34.45 DEBUG    [DC4100_LED.py:89] DC4100: Sending o 2 0[0m
[32m2023-10-25 09:17:34.154 DEBUG    [DC4100_LED.py:92] DC4100: Received b''[0m
[32m2023-10-25 09:17:34.154 DEBUG    [DC4100_LED.py:89] DC4100: Sending o 3 0[0m
[32m2023-10-25 09:17:34.263 DEBUG    [DC4100_LED.py:92] DC4100: Received b''[0m
[1;35m2023-10-25 09:17:34.263 CRITICAL [DC4100_LED.py:164] setting mode[0m
[32m2023-10-25 09:17:34.263 DEBUG    [DC4100_LED.py:89] DC4100: Sending m 2[0m
[32m2023-10-25 09:17:34.371 DEBUG    [DC4100_LED.py:92] DC4100: Received b''[0m
[32m2023-10-25 09:17:35.382 DEBUG    [DC4100_LED.py:89] DC4100: Sending m?[0m
[32m2023-10-25 09:17:35.384 DEBUG    [DC4100_LED.py:92] DC4100: Received b'2\r\n'[0m
[36m2023-10-25 09:17:35.384 INFO     [DC4100_LED.py:215] External Control Mode[0m
[1;35m2023-10-25 09:17:35.384 CRITICAL [DC4100_LED.py:219] 1[0m
[32m2023-10-25 09:17:35.384 DEBUG    [DC4100_LED.py:89] DC4100: Sending o 0 1[0m
[32m2023-10-25 09:17:35.494 DEBUG    [DC4100_LED.py:92] DC4100: Received b''[0m
[1;35m2023-10-25 09:17:35.494 CRITICAL [DC4100_LED.py:219] 2[0m
[32m2023-10-25 09:17:35.494 DEBUG    [DC4100_LED.py:89] DC4100: Sending o 1 1[0m
[32m2023-10-25 09:17:35.601 DEBUG    [DC4100_LED.py:92] DC4100: Received b''[0m
[1;35m2023-10-25 09:17:35.602 CRITICAL [DC4100_LED.py:219] 3[0m
[32m2023-10-25 09:17:35.602 DEBUG    [DC4100_LED.py:89] DC4100: Sending o 2 1[0m
[32m2023-10-25 09:17:35.711 DEBUG    [DC4100_LED.py:92] DC4100: Received b''[0m
[1;35m2023-10-25 09:17:35.711 CRITICAL [DC4100_LED.py:219] 4[0m
[32m2023-10-25 09:17:35.711 DEBUG    [DC4100_LED.py:89] DC4100: Sending o 3 1[0m
[32m2023-10-25 09:17:35.818 DEBUG    [DC4100_LED.py:92] DC4100: Received b''[0m
[32m2023-10-25 09:17:35.818 DEBUG    [DC4100_LED.py:89] DC4100: Sending o 1 1[0m
[32m2023-10-25 09:17:35.927 DEBUG    [DC4100_LED.py:92] DC4100: Received b''[0m
[32m2023-10-25 09:17:35.927 DEBUG    [DC4100_LED.py:89] DC4100: Sending l 1 150[0m
[32m2023-10-25 09:17:36.36 DEBUG    [DC4100_LED.py:92] DC4100: Received b''[0m
[32m2023-10-25 09:17:36.36 DEBUG    [DC4100_LED.py:89] DC4100: Sending o 2 1[0m
[32m2023-10-25 09:17:36.146 DEBUG    [DC4100_LED.py:92] DC4100: Received b''[0m
[32m2023-10-25 09:17:36.146 DEBUG    [DC4100_LED.py:89] DC4100: Sending l 2 10[0m
[32m2023-10-25 09:17:36.256 DEBUG    [DC4100_LED.py:92] DC4100: Received b''[0m
[32m2023-10-25 09:17:36.256 DEBUG    [DC4100_LED.py:89] DC4100: Sending o 3 1[0m
[32m2023-10-25 09:17:36.363 DEBUG    [DC4100_LED.py:92] DC4100: Received b''[0m
[32m2023-10-25 09:17:36.363 DEBUG    [DC4100_LED.py:89] DC4100: Sending l 3 10[0m
[32m2023-10-25 09:17:36.471 DEBUG    [DC4100_LED.py:92] DC4100: Received b''[0m
[32m2023-10-25 09:17:36.471 DEBUG    [DC4100_LED.py:89] DC4100: Sending o 0 1[0m
[32m2023-10-25 09:17:36.581 DEBUG    [DC4100_LED.py:92] DC4100: Received b''[0m
[32m2023-10-25 09:17:36.581 DEBUG    [DC4100_LED.py:89] DC4100: Sending l 0 500[0m
[32m2023-10-25 09:17:36.690 DEBUG    [DC4100_LED.py:92] DC4100: Received b''[0m
[32m2023-10-25 09:17:37.881 DEBUG    [AcquisitionClass.py:124] 1000[0m
[32m2023-10-25 09:17:37.881 DEBUG    [AcquisitionClass.py:125] 1.0[0m
[32m2023-10-25 09:17:37.882 DEBUG    [AcquisitionClass.py:126] 10000[0m
[32m2023-10-25 09:17:37.882 DEBUG    [AcquisitionClass.py:127] 10[0m
[32m2023-10-25 09:17:37.882 DEBUG    [AcquisitionClass.py:128] 10000[0m
[32m2023-10-25 09:17:37.882 DEBUG    [AcquisitionClass.py:129] 10000[0m
[32m2023-10-25 09:17:37.883 DEBUG    [AcquisitionClass.py:130] 10000[0m
[36m2023-10-25 09:18:37.407 INFO     [AcquisitionClass.py:516] frequency: 10.000 
 amplitude 0.200 
 offset 1.000  
 acquisiton time 2952.000 
 points per period 1000.000 
 number of periods 10.000[0m
[1;31m2023-10-25 10:07:16.891 ERROR    [AcquisitionClass.py:529] Voltage saturation of the MPPC fluorescence reader[0m
