[32m2023-10-16 17:39:48.106 DEBUG    [DC4100_LED.py:69] Serial<id=0x22b72acc0a0, open=True>(port='COM5', baudrate=115200, bytesize=8, parity='N', stopbits=1, timeout=0.1, xonxoff=0, rtscts=0, dsrdtr=False)[0m
[32m2023-10-16 17:39:48.106 DEBUG    [DC4100_LED.py:89] DC4100: Sending o 0 0[0m
[32m2023-10-16 17:39:48.216 DEBUG    [DC4100_LED.py:92] DC4100: Received b''[0m
[32m2023-10-16 17:39:48.216 DEBUG    [DC4100_LED.py:89] DC4100: Sending o 1 0[0m
[32m2023-10-16 17:39:48.326 DEBUG    [DC4100_LED.py:92] DC4100: Received b''[0m
[32m2023-10-16 17:39:48.326 DEBUG    [DC4100_LED.py:89] DC4100: Sending o 2 0[0m
[32m2023-10-16 17:39:48.437 DEBUG    [DC4100_LED.py:92] DC4100: Received b''[0m
[32m2023-10-16 17:39:48.437 DEBUG    [DC4100_LED.py:89] DC4100: Sending o 3 0[0m
[32m2023-10-16 17:39:48.547 DEBUG    [DC4100_LED.py:92] DC4100: Received b''[0m
[1;35m2023-10-16 17:39:48.547 CRITICAL [DC4100_LED.py:164] setting mode[0m
[32m2023-10-16 17:39:48.547 DEBUG    [DC4100_LED.py:89] DC4100: Sending m 2[0m
[32m2023-10-16 17:39:48.656 DEBUG    [DC4100_LED.py:92] DC4100: Received b''[0m
[32m2023-10-16 17:39:49.664 DEBUG    [DC4100_LED.py:89] DC4100: Sending m?[0m
[32m2023-10-16 17:39:49.666 DEBUG    [DC4100_LED.py:92] DC4100: Received b'2\r\n'[0m
[36m2023-10-16 17:39:49.666 INFO     [DC4100_LED.py:215] External Control Mode[0m
[1;35m2023-10-16 17:39:49.666 CRITICAL [DC4100_LED.py:219] 1[0m
[32m2023-10-16 17:39:49.666 DEBUG    [DC4100_LED.py:89] DC4100: Sending o 0 1[0m
[32m2023-10-16 17:39:49.773 DEBUG    [DC4100_LED.py:92] DC4100: Received b''[0m
[1;35m2023-10-16 17:39:49.773 CRITICAL [DC4100_LED.py:219] 2[0m
[32m2023-10-16 17:39:49.773 DEBUG    [DC4100_LED.py:89] DC4100: Sending o 1 1[0m
[32m2023-10-16 17:39:49.883 DEBUG    [DC4100_LED.py:92] DC4100: Received b''[0m
[1;35m2023-10-16 17:39:49.883 CRITICAL [DC4100_LED.py:219] 3[0m
[32m2023-10-16 17:39:49.883 DEBUG    [DC4100_LED.py:89] DC4100: Sending o 2 1[0m
[32m2023-10-16 17:39:49.990 DEBUG    [DC4100_LED.py:92] DC4100: Received b''[0m
[1;35m2023-10-16 17:39:49.990 CRITICAL [DC4100_LED.py:219] 4[0m
[32m2023-10-16 17:39:49.990 DEBUG    [DC4100_LED.py:89] DC4100: Sending o 3 1[0m
[32m2023-10-16 17:39:50.98 DEBUG    [DC4100_LED.py:92] DC4100: Received b''[0m
[32m2023-10-16 17:39:50.98 DEBUG    [DC4100_LED.py:89] DC4100: Sending o 1 1[0m
[32m2023-10-16 17:39:50.208 DEBUG    [DC4100_LED.py:92] DC4100: Received b''[0m
[32m2023-10-16 17:39:50.208 DEBUG    [DC4100_LED.py:89] DC4100: Sending l 1 1000[0m
[32m2023-10-16 17:39:50.317 DEBUG    [DC4100_LED.py:92] DC4100: Received b''[0m
[32m2023-10-16 17:39:50.317 DEBUG    [DC4100_LED.py:89] DC4100: Sending o 2 0[0m
[32m2023-10-16 17:39:50.423 DEBUG    [DC4100_LED.py:92] DC4100: Received b''[0m
[32m2023-10-16 17:39:50.423 DEBUG    [DC4100_LED.py:89] DC4100: Sending o 3 1[0m
[32m2023-10-16 17:39:50.531 DEBUG    [DC4100_LED.py:92] DC4100: Received b''[0m
[32m2023-10-16 17:39:50.531 DEBUG    [DC4100_LED.py:89] DC4100: Sending l 3 1000[0m
[32m2023-10-16 17:39:50.640 DEBUG    [DC4100_LED.py:92] DC4100: Received b''[0m
[32m2023-10-16 17:39:50.640 DEBUG    [DC4100_LED.py:89] DC4100: Sending o 0 0[0m
[32m2023-10-16 17:39:50.750 DEBUG    [DC4100_LED.py:92] DC4100: Received b''[0m
[32m2023-10-16 17:40:07.45 DEBUG    [AcquisitionClass.py:124] 1000[0m
[32m2023-10-16 17:40:07.45 DEBUG    [AcquisitionClass.py:125] 1.0[0m
[32m2023-10-16 17:40:07.46 DEBUG    [AcquisitionClass.py:126] 10000[0m
[32m2023-10-16 17:40:07.46 DEBUG    [AcquisitionClass.py:127] 10[0m
[32m2023-10-16 17:40:07.46 DEBUG    [AcquisitionClass.py:128] 10000[0m
[32m2023-10-16 17:40:07.46 DEBUG    [AcquisitionClass.py:129] 10000[0m
[32m2023-10-16 17:40:07.46 DEBUG    [AcquisitionClass.py:130] 10000[0m
[32m2023-10-16 17:40:07.47 DEBUG    [AcquisitionClass.py:124] 1000[0m
[32m2023-10-16 17:40:07.47 DEBUG    [AcquisitionClass.py:125] 10.0[0m
[32m2023-10-16 17:40:07.47 DEBUG    [AcquisitionClass.py:126] 1000[0m
[32m2023-10-16 17:40:07.48 DEBUG    [AcquisitionClass.py:127] 1[0m
[32m2023-10-16 17:40:07.48 DEBUG    [AcquisitionClass.py:128] 1000[0m
[32m2023-10-16 17:40:07.48 DEBUG    [AcquisitionClass.py:129] 10000[0m
[32m2023-10-16 17:40:07.48 DEBUG    [AcquisitionClass.py:130] 10000[0m
[36m2023-10-16 17:40:07.153 INFO     [AcquisitionClass.py:516] frequency: 1.000 
 amplitude 2.000 
 offset 4.000  
 acquisiton time 10.000 
 points per period 1000.000 
 number of periods 10.000[0m
[32m2023-10-16 17:40:28.678 DEBUG    [AcquisitionClass.py:124] 1000[0m
[32m2023-10-16 17:40:28.678 DEBUG    [AcquisitionClass.py:125] 0.01[0m
[32m2023-10-16 17:40:28.679 DEBUG    [AcquisitionClass.py:126] 1000000.0[0m
[32m2023-10-16 17:40:28.679 DEBUG    [AcquisitionClass.py:127] 1000.0[0m
[32m2023-10-16 17:40:28.679 DEBUG    [AcquisitionClass.py:128] 1000000.0[0m
[32m2023-10-16 17:40:28.679 DEBUG    [AcquisitionClass.py:129] 10000[0m
[32m2023-10-16 17:40:28.679 DEBUG    [AcquisitionClass.py:130] 10000[0m
[36m2023-10-16 17:40:28.745 INFO     [AcquisitionClass.py:516] frequency: 1000.000 
 amplitude 2.000 
 offset 4.000  
 acquisiton time 0.010 
 points per period 1000.000 
 number of periods 10.000[0m
[1;35m2023-10-16 17:40:28.769 CRITICAL [AcquisitionClass.py:168] -1.5921648672456203[0m
[32m2023-10-16 17:40:30.896 DEBUG    [AcquisitionClass.py:124] 1000[0m
[32m2023-10-16 17:40:30.896 DEBUG    [AcquisitionClass.py:125] 0.024484367468222266[0m
[32m2023-10-16 17:40:30.897 DEBUG    [AcquisitionClass.py:126] 408423.0[0m
[32m2023-10-16 17:40:30.897 DEBUG    [AcquisitionClass.py:127] 408.4238652674522[0m
[32m2023-10-16 17:40:30.897 DEBUG    [AcquisitionClass.py:128] 408423.8652674522[0m
[32m2023-10-16 17:40:30.897 DEBUG    [AcquisitionClass.py:129] 10000[0m
[32m2023-10-16 17:40:30.897 DEBUG    [AcquisitionClass.py:130] 10000[0m
[36m2023-10-16 17:40:30.965 INFO     [AcquisitionClass.py:516] frequency: 408.424 
 amplitude 2.000 
 offset 4.000  
 acquisiton time 0.024 
 points per period 1000.000 
 number of periods 10.000[0m
[1;35m2023-10-16 17:40:31.7 CRITICAL [AcquisitionClass.py:168] -1.4740616618088123[0m
[32m2023-10-16 17:40:33.130 DEBUG    [AcquisitionClass.py:124] 1000[0m
[32m2023-10-16 17:40:33.131 DEBUG    [AcquisitionClass.py:125] 0.059948425031894084[0m
[32m2023-10-16 17:40:33.131 DEBUG    [AcquisitionClass.py:126] 166810.0[0m
[32m2023-10-16 17:40:33.131 DEBUG    [AcquisitionClass.py:127] 166.81005372000593[0m
[32m2023-10-16 17:40:33.132 DEBUG    [AcquisitionClass.py:128] 166810.05372000593[0m
[32m2023-10-16 17:40:33.132 DEBUG    [AcquisitionClass.py:129] 10000[0m
[32m2023-10-16 17:40:33.132 DEBUG    [AcquisitionClass.py:130] 10000[0m
[36m2023-10-16 17:40:33.197 INFO     [AcquisitionClass.py:516] frequency: 166.810 
 amplitude 2.000 
 offset 4.000  
 acquisiton time 0.060 
 points per period 1000.000 
 number of periods 10.000[0m
[1;35m2023-10-16 17:40:33.270 CRITICAL [AcquisitionClass.py:168] -1.531128365007776[0m
[32m2023-10-16 17:40:35.387 DEBUG    [AcquisitionClass.py:124] 1000[0m
[32m2023-10-16 17:40:35.387 DEBUG    [AcquisitionClass.py:125] 0.1467799267622069[0m
[32m2023-10-16 17:40:35.387 DEBUG    [AcquisitionClass.py:126] 68129.0[0m
[32m2023-10-16 17:40:35.388 DEBUG    [AcquisitionClass.py:127] 68.12920690579615[0m
[32m2023-10-16 17:40:35.388 DEBUG    [AcquisitionClass.py:128] 68129.20690579615[0m
[32m2023-10-16 17:40:35.388 DEBUG    [AcquisitionClass.py:129] 10000[0m
[32m2023-10-16 17:40:35.388 DEBUG    [AcquisitionClass.py:130] 10000[0m
[36m2023-10-16 17:40:35.454 INFO     [AcquisitionClass.py:516] frequency: 68.129 
 amplitude 2.000 
 offset 4.000  
 acquisiton time 0.147 
 points per period 1000.000 
 number of periods 10.000[0m
[1;35m2023-10-16 17:40:35.619 CRITICAL [AcquisitionClass.py:168] -1.5417298003627575[0m
[32m2023-10-16 17:40:37.744 DEBUG    [AcquisitionClass.py:124] 1000[0m
[32m2023-10-16 17:40:37.744 DEBUG    [AcquisitionClass.py:125] 0.35938136638046275[0m
[32m2023-10-16 17:40:37.745 DEBUG    [AcquisitionClass.py:126] 27825.0[0m
[32m2023-10-16 17:40:37.745 DEBUG    [AcquisitionClass.py:127] 27.825594022071243[0m
[32m2023-10-16 17:40:37.745 DEBUG    [AcquisitionClass.py:128] 27825.594022071244[0m
[32m2023-10-16 17:40:37.745 DEBUG    [AcquisitionClass.py:129] 10000[0m
[32m2023-10-16 17:40:37.746 DEBUG    [AcquisitionClass.py:130] 10000[0m
[36m2023-10-16 17:40:37.811 INFO     [AcquisitionClass.py:516] frequency: 27.826 
 amplitude 2.000 
 offset 4.000  
 acquisiton time 0.359 
 points per period 1000.000 
 number of periods 10.000[0m
[1;35m2023-10-16 17:40:38.195 CRITICAL [AcquisitionClass.py:168] -1.5537681325704815[0m
[32m2023-10-16 17:40:40.313 DEBUG    [AcquisitionClass.py:124] 1000[0m
[32m2023-10-16 17:40:40.313 DEBUG    [AcquisitionClass.py:125] 0.879922543569107[0m
[32m2023-10-16 17:40:40.313 DEBUG    [AcquisitionClass.py:126] 11364.0[0m
[32m2023-10-16 17:40:40.314 DEBUG    [AcquisitionClass.py:127] 11.364636663857247[0m
[32m2023-10-16 17:40:40.314 DEBUG    [AcquisitionClass.py:128] 11364.636663857247[0m
[32m2023-10-16 17:40:40.314 DEBUG    [AcquisitionClass.py:129] 10000[0m
[32m2023-10-16 17:40:40.314 DEBUG    [AcquisitionClass.py:130] 10000[0m
[36m2023-10-16 17:40:40.383 INFO     [AcquisitionClass.py:516] frequency: 11.365 
 amplitude 2.000 
 offset 4.000  
 acquisiton time 0.880 
 points per period 1000.000 
 number of periods 10.000[0m
[1;35m2023-10-16 17:40:41.321 CRITICAL [AcquisitionClass.py:168] -1.582283468829037[0m
[32m2023-10-16 17:40:43.431 DEBUG    [AcquisitionClass.py:124] 1000[0m
[32m2023-10-16 17:40:43.432 DEBUG    [AcquisitionClass.py:125] 2.1544346900318834[0m
[32m2023-10-16 17:40:43.432 DEBUG    [AcquisitionClass.py:126] 4641.0[0m
[32m2023-10-16 17:40:43.432 DEBUG    [AcquisitionClass.py:127] 4.641588833612779[0m
[32m2023-10-16 17:40:43.432 DEBUG    [AcquisitionClass.py:128] 4641.588833612779[0m
[32m2023-10-16 17:40:43.433 DEBUG    [AcquisitionClass.py:129] 10000[0m
[32m2023-10-16 17:40:43.433 DEBUG    [AcquisitionClass.py:130] 10000[0m
[36m2023-10-16 17:40:43.499 INFO     [AcquisitionClass.py:516] frequency: 4.642 
 amplitude 2.000 
 offset 4.000  
 acquisiton time 2.154 
 points per period 1000.000 
 number of periods 10.000[0m
[1;35m2023-10-16 17:40:45.773 CRITICAL [AcquisitionClass.py:168] -1.590762572568113[0m
[32m2023-10-16 17:40:47.887 DEBUG    [AcquisitionClass.py:124] 1000[0m
[32m2023-10-16 17:40:47.887 DEBUG    [AcquisitionClass.py:125] 5.274997063702618[0m
[32m2023-10-16 17:40:47.887 DEBUG    [AcquisitionClass.py:126] 1895.0[0m
[32m2023-10-16 17:40:47.888 DEBUG    [AcquisitionClass.py:127] 1.8957356524063758[0m
[32m2023-10-16 17:40:47.888 DEBUG    [AcquisitionClass.py:128] 1895.7356524063757[0m
[32m2023-10-16 17:40:47.888 DEBUG    [AcquisitionClass.py:129] 10000[0m
[32m2023-10-16 17:40:47.888 DEBUG    [AcquisitionClass.py:130] 10000[0m
[36m2023-10-16 17:40:47.954 INFO     [AcquisitionClass.py:516] frequency: 1.896 
 amplitude 2.000 
 offset 4.000  
 acquisiton time 5.275 
 points per period 1000.000 
 number of periods 10.000[0m
[1;35m2023-10-16 17:40:53.497 CRITICAL [AcquisitionClass.py:168] -1.5818158003624339[0m
[32m2023-10-16 17:40:55.620 DEBUG    [AcquisitionClass.py:124] 1000[0m
[32m2023-10-16 17:40:55.620 DEBUG    [AcquisitionClass.py:125] 12.915496650148837[0m
[32m2023-10-16 17:40:55.620 DEBUG    [AcquisitionClass.py:126] 774.0[0m
[32m2023-10-16 17:40:55.620 DEBUG    [AcquisitionClass.py:127] 0.7742636826811271[0m
[32m2023-10-16 17:40:55.621 DEBUG    [AcquisitionClass.py:128] 774.2636826811271[0m
[32m2023-10-16 17:40:55.621 DEBUG    [AcquisitionClass.py:129] 10000[0m
[32m2023-10-16 17:40:55.621 DEBUG    [AcquisitionClass.py:130] 10000[0m
[36m2023-10-16 17:40:55.685 INFO     [AcquisitionClass.py:516] frequency: 0.774 
 amplitude 2.000 
 offset 4.000  
 acquisiton time 12.915 
 points per period 1000.000 
 number of periods 10.000[0m
[1;35m2023-10-16 17:41:09.256 CRITICAL [AcquisitionClass.py:168] -1.5663600401776032[0m
[32m2023-10-16 17:41:11.371 DEBUG    [AcquisitionClass.py:124] 1000[0m
[32m2023-10-16 17:41:11.371 DEBUG    [AcquisitionClass.py:125] 31.622776601683793[0m
[32m2023-10-16 17:41:11.372 DEBUG    [AcquisitionClass.py:126] 316.0[0m
[32m2023-10-16 17:41:11.372 DEBUG    [AcquisitionClass.py:127] 0.31622776601683794[0m
[32m2023-10-16 17:41:11.372 DEBUG    [AcquisitionClass.py:128] 316.22776601683796[0m
[32m2023-10-16 17:41:11.372 DEBUG    [AcquisitionClass.py:129] 10000[0m
[32m2023-10-16 17:41:11.373 DEBUG    [AcquisitionClass.py:130] 10000[0m
[36m2023-10-16 17:41:11.439 INFO     [AcquisitionClass.py:516] frequency: 0.316 
 amplitude 2.000 
 offset 4.000  
 acquisiton time 31.623 
 points per period 1000.000 
 number of periods 10.000[0m
[1;35m2023-10-16 17:41:44.642 CRITICAL [AcquisitionClass.py:168] -1.5731804888168615[0m
[32m2023-10-16 17:41:49.645 DEBUG    [AcquisitionClass.py:124] 1000[0m
[32m2023-10-16 17:41:49.645 DEBUG    [AcquisitionClass.py:125] 1.0[0m
[32m2023-10-16 17:41:49.646 DEBUG    [AcquisitionClass.py:126] 10000[0m
[32m2023-10-16 17:41:49.646 DEBUG    [AcquisitionClass.py:127] 10[0m
[32m2023-10-16 17:41:49.646 DEBUG    [AcquisitionClass.py:128] 10000[0m
[32m2023-10-16 17:41:49.646 DEBUG    [AcquisitionClass.py:129] 10000[0m
[32m2023-10-16 17:41:49.646 DEBUG    [AcquisitionClass.py:130] 10000[0m
[32m2023-10-16 17:41:49.647 DEBUG    [AcquisitionClass.py:124] 10000[0m
[32m2023-10-16 17:41:49.647 DEBUG    [AcquisitionClass.py:125] 499.9999999999999[0m
[32m2023-10-16 17:41:49.647 DEBUG    [AcquisitionClass.py:126] 100.0[0m
[32m2023-10-16 17:41:49.647 DEBUG    [AcquisitionClass.py:127] 0.010000000000000002[0m
[32m2023-10-16 17:41:49.648 DEBUG    [AcquisitionClass.py:128] 100.00000000000001[0m
[32m2023-10-16 17:41:49.648 DEBUG    [AcquisitionClass.py:129] 50000[0m
[32m2023-10-16 17:41:49.648 DEBUG    [AcquisitionClass.py:130] 50000[0m
[32m2023-10-16 17:41:49.650 DEBUG    [AcquisitionClass.py:124] 10000[0m
[32m2023-10-16 17:41:49.651 DEBUG    [AcquisitionClass.py:125] 499.9999999999999[0m
[32m2023-10-16 17:41:49.651 DEBUG    [AcquisitionClass.py:126] 100.0[0m
[32m2023-10-16 17:41:49.651 DEBUG    [AcquisitionClass.py:127] 0.010000000000000002[0m
[32m2023-10-16 17:41:49.651 DEBUG    [AcquisitionClass.py:128] 100.00000000000001[0m
[32m2023-10-16 17:41:49.652 DEBUG    [AcquisitionClass.py:129] 50000[0m
[32m2023-10-16 17:41:49.652 DEBUG    [AcquisitionClass.py:130] 50000[0m
[36m2023-10-16 17:41:49.712 INFO     [AcquisitionClass.py:370] Did not start digital generator, check generator_analog_channels[0m
[36m2023-10-16 17:41:49.715 INFO     [AcquisitionClass.py:516] frequency: 0.010 
 amplitude 0.100 
 offset 0.100  
 acquisiton time 500.000 
 points per period 10000.000 
 number of periods 5.000[0m
