[32m2023-10-23 20:10:26.614 DEBUG    [DC4100_LED.py:69] Serial<id=0x1e4f9413c10, open=True>(port='COM5', baudrate=115200, bytesize=8, parity='N', stopbits=1, timeout=0.1, xonxoff=0, rtscts=0, dsrdtr=False)[0m
[32m2023-10-23 20:10:26.614 DEBUG    [DC4100_LED.py:89] DC4100: Sending o 0 0[0m
[32m2023-10-23 20:10:26.724 DEBUG    [DC4100_LED.py:92] DC4100: Received b''[0m
[32m2023-10-23 20:10:26.724 DEBUG    [DC4100_LED.py:89] DC4100: Sending o 1 0[0m
[32m2023-10-23 20:10:26.836 DEBUG    [DC4100_LED.py:92] DC4100: Received b''[0m
[32m2023-10-23 20:10:26.836 DEBUG    [DC4100_LED.py:89] DC4100: Sending o 2 0[0m
[32m2023-10-23 20:10:26.946 DEBUG    [DC4100_LED.py:92] DC4100: Received b''[0m
[32m2023-10-23 20:10:26.946 DEBUG    [DC4100_LED.py:89] DC4100: Sending o 3 0[0m
[32m2023-10-23 20:10:27.53 DEBUG    [DC4100_LED.py:92] DC4100: Received b''[0m
[1;35m2023-10-23 20:10:27.53 CRITICAL [DC4100_LED.py:164] setting mode[0m
[32m2023-10-23 20:10:27.53 DEBUG    [DC4100_LED.py:89] DC4100: Sending m 2[0m
[32m2023-10-23 20:10:27.163 DEBUG    [DC4100_LED.py:92] DC4100: Received b''[0m
[32m2023-10-23 20:10:28.171 DEBUG    [DC4100_LED.py:89] DC4100: Sending m?[0m
[32m2023-10-23 20:10:28.174 DEBUG    [DC4100_LED.py:92] DC4100: Received b'2\r\n'[0m
[36m2023-10-23 20:10:28.174 INFO     [DC4100_LED.py:215] External Control Mode[0m
[1;35m2023-10-23 20:10:28.174 CRITICAL [DC4100_LED.py:219] 1[0m
[32m2023-10-23 20:10:28.174 DEBUG    [DC4100_LED.py:89] DC4100: Sending o 0 1[0m
[32m2023-10-23 20:10:28.279 DEBUG    [DC4100_LED.py:92] DC4100: Received b''[0m
[1;35m2023-10-23 20:10:28.279 CRITICAL [DC4100_LED.py:219] 2[0m
[32m2023-10-23 20:10:28.279 DEBUG    [DC4100_LED.py:89] DC4100: Sending o 1 1[0m
[32m2023-10-23 20:10:28.388 DEBUG    [DC4100_LED.py:92] DC4100: Received b''[0m
[1;35m2023-10-23 20:10:28.388 CRITICAL [DC4100_LED.py:219] 3[0m
[32m2023-10-23 20:10:28.388 DEBUG    [DC4100_LED.py:89] DC4100: Sending o 2 1[0m
[32m2023-10-23 20:10:28.498 DEBUG    [DC4100_LED.py:92] DC4100: Received b''[0m
[1;35m2023-10-23 20:10:28.498 CRITICAL [DC4100_LED.py:219] 4[0m
[32m2023-10-23 20:10:28.498 DEBUG    [DC4100_LED.py:89] DC4100: Sending o 3 1[0m
[32m2023-10-23 20:10:28.605 DEBUG    [DC4100_LED.py:92] DC4100: Received b''[0m
[32m2023-10-23 20:10:28.605 DEBUG    [DC4100_LED.py:89] DC4100: Sending o 1 1[0m
[32m2023-10-23 20:10:28.715 DEBUG    [DC4100_LED.py:92] DC4100: Received b''[0m
[32m2023-10-23 20:10:28.715 DEBUG    [DC4100_LED.py:89] DC4100: Sending l 1 450[0m
[32m2023-10-23 20:10:28.824 DEBUG    [DC4100_LED.py:92] DC4100: Received b''[0m
[32m2023-10-23 20:10:28.824 DEBUG    [DC4100_LED.py:89] DC4100: Sending o 2 1[0m
[32m2023-10-23 20:10:28.934 DEBUG    [DC4100_LED.py:92] DC4100: Received b''[0m
[32m2023-10-23 20:10:28.934 DEBUG    [DC4100_LED.py:89] DC4100: Sending l 2 10[0m
[32m2023-10-23 20:10:29.42 DEBUG    [DC4100_LED.py:92] DC4100: Received b''[0m
[32m2023-10-23 20:10:29.42 DEBUG    [DC4100_LED.py:89] DC4100: Sending o 3 1[0m
[32m2023-10-23 20:10:29.150 DEBUG    [DC4100_LED.py:92] DC4100: Received b''[0m
[32m2023-10-23 20:10:29.150 DEBUG    [DC4100_LED.py:89] DC4100: Sending l 3 10[0m
[32m2023-10-23 20:10:29.260 DEBUG    [DC4100_LED.py:92] DC4100: Received b''[0m
[32m2023-10-23 20:10:29.260 DEBUG    [DC4100_LED.py:89] DC4100: Sending o 0 1[0m
[32m2023-10-23 20:10:29.369 DEBUG    [DC4100_LED.py:92] DC4100: Received b''[0m
[32m2023-10-23 20:10:29.369 DEBUG    [DC4100_LED.py:89] DC4100: Sending l 0 500[0m
[32m2023-10-23 20:10:29.478 DEBUG    [DC4100_LED.py:92] DC4100: Received b''[0m
[32m2023-10-23 20:10:30.662 DEBUG    [AcquisitionClass.py:124] 1000[0m
[32m2023-10-23 20:10:30.662 DEBUG    [AcquisitionClass.py:125] 1.0[0m
[32m2023-10-23 20:10:30.663 DEBUG    [AcquisitionClass.py:126] 10000[0m
[32m2023-10-23 20:10:30.663 DEBUG    [AcquisitionClass.py:127] 10[0m
[32m2023-10-23 20:10:30.664 DEBUG    [AcquisitionClass.py:128] 10000[0m
[32m2023-10-23 20:10:30.664 DEBUG    [AcquisitionClass.py:129] 10000[0m
[32m2023-10-23 20:10:30.664 DEBUG    [AcquisitionClass.py:130] 10000[0m
[36m2023-10-23 20:11:30.197 INFO     [AcquisitionClass.py:516] frequency: 10.000 
 amplitude 0.200 
 offset 1.000  
 acquisiton time 4932.000 
 points per period 1000.000 
 number of periods 10.000[0m
[1;31m2023-10-23 21:33:11.335 ERROR    [AcquisitionClass.py:529] Voltage saturation of the MPPC fluorescence reader[0m
