[32m2023-10-24 15:40:03.676 DEBUG    [DC4100_LED.py:69] Serial<id=0x1a64c890c70, open=True>(port='COM5', baudrate=115200, bytesize=8, parity='N', stopbits=1, timeout=0.1, xonxoff=0, rtscts=0, dsrdtr=False)[0m
[32m2023-10-24 15:40:03.676 DEBUG    [DC4100_LED.py:89] DC4100: Sending o 0 0[0m
[32m2023-10-24 15:40:03.786 DEBUG    [DC4100_LED.py:92] DC4100: Received b''[0m
[32m2023-10-24 15:40:03.786 DEBUG    [DC4100_LED.py:89] DC4100: Sending o 1 0[0m
[32m2023-10-24 15:40:03.893 DEBUG    [DC4100_LED.py:92] DC4100: Received b''[0m
[32m2023-10-24 15:40:03.893 DEBUG    [DC4100_LED.py:89] DC4100: Sending o 2 0[0m
[32m2023-10-24 15:40:04.2 DEBUG    [DC4100_LED.py:92] DC4100: Received b''[0m
[32m2023-10-24 15:40:04.2 DEBUG    [DC4100_LED.py:89] DC4100: Sending o 3 0[0m
[32m2023-10-24 15:40:04.112 DEBUG    [DC4100_LED.py:92] DC4100: Received b''[0m
[1;35m2023-10-24 15:40:04.112 CRITICAL [DC4100_LED.py:164] setting mode[0m
[32m2023-10-24 15:40:04.112 DEBUG    [DC4100_LED.py:89] DC4100: Sending m 2[0m
[32m2023-10-24 15:40:04.221 DEBUG    [DC4100_LED.py:92] DC4100: Received b''[0m
[32m2023-10-24 15:40:05.229 DEBUG    [DC4100_LED.py:89] DC4100: Sending m?[0m
[32m2023-10-24 15:40:05.231 DEBUG    [DC4100_LED.py:92] DC4100: Received b'2\r\n'[0m
[36m2023-10-24 15:40:05.231 INFO     [DC4100_LED.py:215] External Control Mode[0m
[1;35m2023-10-24 15:40:05.231 CRITICAL [DC4100_LED.py:219] 1[0m
[32m2023-10-24 15:40:05.231 DEBUG    [DC4100_LED.py:89] DC4100: Sending o 0 1[0m
[32m2023-10-24 15:40:05.336 DEBUG    [DC4100_LED.py:92] DC4100: Received b''[0m
[1;35m2023-10-24 15:40:05.336 CRITICAL [DC4100_LED.py:219] 2[0m
[32m2023-10-24 15:40:05.337 DEBUG    [DC4100_LED.py:89] DC4100: Sending o 1 1[0m
[32m2023-10-24 15:40:05.447 DEBUG    [DC4100_LED.py:92] DC4100: Received b''[0m
[1;35m2023-10-24 15:40:05.447 CRITICAL [DC4100_LED.py:219] 3[0m
[32m2023-10-24 15:40:05.447 DEBUG    [DC4100_LED.py:89] DC4100: Sending o 2 1[0m
[32m2023-10-24 15:40:05.555 DEBUG    [DC4100_LED.py:92] DC4100: Received b''[0m
[1;35m2023-10-24 15:40:05.555 CRITICAL [DC4100_LED.py:219] 4[0m
[32m2023-10-24 15:40:05.555 DEBUG    [DC4100_LED.py:89] DC4100: Sending o 3 1[0m
[32m2023-10-24 15:40:05.665 DEBUG    [DC4100_LED.py:92] DC4100: Received b''[0m
[32m2023-10-24 15:40:05.665 DEBUG    [DC4100_LED.py:89] DC4100: Sending o 1 1[0m
[32m2023-10-24 15:40:05.773 DEBUG    [DC4100_LED.py:92] DC4100: Received b''[0m
[32m2023-10-24 15:40:05.773 DEBUG    [DC4100_LED.py:89] DC4100: Sending l 1 30[0m
[32m2023-10-24 15:40:05.882 DEBUG    [DC4100_LED.py:92] DC4100: Received b''[0m
[32m2023-10-24 15:40:05.882 DEBUG    [DC4100_LED.py:89] DC4100: Sending o 2 1[0m
[32m2023-10-24 15:40:05.992 DEBUG    [DC4100_LED.py:92] DC4100: Received b''[0m
[32m2023-10-24 15:40:05.992 DEBUG    [DC4100_LED.py:89] DC4100: Sending l 2 150[0m
[32m2023-10-24 15:40:06.102 DEBUG    [DC4100_LED.py:92] DC4100: Received b''[0m
[32m2023-10-24 15:40:06.102 DEBUG    [DC4100_LED.py:89] DC4100: Sending o 3 1[0m
[32m2023-10-24 15:40:06.212 DEBUG    [DC4100_LED.py:92] DC4100: Received b''[0m
[32m2023-10-24 15:40:06.212 DEBUG    [DC4100_LED.py:89] DC4100: Sending l 3 100[0m
[32m2023-10-24 15:40:06.320 DEBUG    [DC4100_LED.py:92] DC4100: Received b''[0m
[32m2023-10-24 15:40:06.320 DEBUG    [DC4100_LED.py:89] DC4100: Sending o 0 0[0m
[32m2023-10-24 15:40:06.426 DEBUG    [DC4100_LED.py:92] DC4100: Received b''[0m
[32m2023-10-24 15:40:07.716 DEBUG    [AcquisitionClass.py:124] 1000[0m
[32m2023-10-24 15:40:07.716 DEBUG    [AcquisitionClass.py:125] 1.0[0m
[32m2023-10-24 15:40:07.717 DEBUG    [AcquisitionClass.py:126] 10000[0m
[32m2023-10-24 15:40:07.717 DEBUG    [AcquisitionClass.py:127] 10[0m
[32m2023-10-24 15:40:07.718 DEBUG    [AcquisitionClass.py:128] 10000[0m
[32m2023-10-24 15:40:07.718 DEBUG    [AcquisitionClass.py:129] 10000[0m
[32m2023-10-24 15:40:07.718 DEBUG    [AcquisitionClass.py:130] 10000[0m
