[32m2023-10-23 20:08:42.844 DEBUG    [DC4100_LED.py:69] Serial<id=0x175910a2c70, open=True>(port='COM5', baudrate=115200, bytesize=8, parity='N', stopbits=1, timeout=0.1, xonxoff=0, rtscts=0, dsrdtr=False)[0m
[32m2023-10-23 20:08:42.845 DEBUG    [DC4100_LED.py:89] DC4100: Sending o 0 0[0m
[32m2023-10-23 20:08:42.954 DEBUG    [DC4100_LED.py:92] DC4100: Received b''[0m
[32m2023-10-23 20:08:42.954 DEBUG    [DC4100_LED.py:89] DC4100: Sending o 1 0[0m
[32m2023-10-23 20:08:43.64 DEBUG    [DC4100_LED.py:92] DC4100: Received b''[0m
[32m2023-10-23 20:08:43.64 DEBUG    [DC4100_LED.py:89] DC4100: Sending o 2 0[0m
[32m2023-10-23 20:08:43.174 DEBUG    [DC4100_LED.py:92] DC4100: Received b''[0m
[32m2023-10-23 20:08:43.174 DEBUG    [DC4100_LED.py:89] DC4100: Sending o 3 0[0m
[32m2023-10-23 20:08:43.284 DEBUG    [DC4100_LED.py:92] DC4100: Received b''[0m
[1;35m2023-10-23 20:08:43.284 CRITICAL [DC4100_LED.py:164] setting mode[0m
[32m2023-10-23 20:08:43.284 DEBUG    [DC4100_LED.py:89] DC4100: Sending m 2[0m
[32m2023-10-23 20:08:43.394 DEBUG    [DC4100_LED.py:92] DC4100: Received b''[0m
[32m2023-10-23 20:08:44.404 DEBUG    [DC4100_LED.py:89] DC4100: Sending m?[0m
[32m2023-10-23 20:08:44.406 DEBUG    [DC4100_LED.py:92] DC4100: Received b'2\r\n'[0m
[36m2023-10-23 20:08:44.406 INFO     [DC4100_LED.py:215] External Control Mode[0m
[1;35m2023-10-23 20:08:44.406 CRITICAL [DC4100_LED.py:219] 1[0m
[32m2023-10-23 20:08:44.406 DEBUG    [DC4100_LED.py:89] DC4100: Sending o 0 1[0m
[32m2023-10-23 20:08:44.510 DEBUG    [DC4100_LED.py:92] DC4100: Received b''[0m
[1;35m2023-10-23 20:08:44.510 CRITICAL [DC4100_LED.py:219] 2[0m
[32m2023-10-23 20:08:44.510 DEBUG    [DC4100_LED.py:89] DC4100: Sending o 1 1[0m
[32m2023-10-23 20:08:44.618 DEBUG    [DC4100_LED.py:92] DC4100: Received b''[0m
[1;35m2023-10-23 20:08:44.618 CRITICAL [DC4100_LED.py:219] 3[0m
[32m2023-10-23 20:08:44.618 DEBUG    [DC4100_LED.py:89] DC4100: Sending o 2 1[0m
[32m2023-10-23 20:08:44.727 DEBUG    [DC4100_LED.py:92] DC4100: Received b''[0m
[1;35m2023-10-23 20:08:44.727 CRITICAL [DC4100_LED.py:219] 4[0m
[32m2023-10-23 20:08:44.727 DEBUG    [DC4100_LED.py:89] DC4100: Sending o 3 1[0m
[32m2023-10-23 20:08:44.836 DEBUG    [DC4100_LED.py:92] DC4100: Received b''[0m
[32m2023-10-23 20:08:44.836 DEBUG    [DC4100_LED.py:89] DC4100: Sending o 1 1[0m
[32m2023-10-23 20:08:44.946 DEBUG    [DC4100_LED.py:92] DC4100: Received b''[0m
[32m2023-10-23 20:08:44.946 DEBUG    [DC4100_LED.py:89] DC4100: Sending l 1 30[0m
[32m2023-10-23 20:08:45.54 DEBUG    [DC4100_LED.py:92] DC4100: Received b''[0m
[32m2023-10-23 20:08:45.54 DEBUG    [DC4100_LED.py:89] DC4100: Sending o 2 1[0m
[32m2023-10-23 20:08:45.162 DEBUG    [DC4100_LED.py:92] DC4100: Received b''[0m
[32m2023-10-23 20:08:45.162 DEBUG    [DC4100_LED.py:89] DC4100: Sending l 2 150[0m
[32m2023-10-23 20:08:45.271 DEBUG    [DC4100_LED.py:92] DC4100: Received b''[0m
[32m2023-10-23 20:08:45.271 DEBUG    [DC4100_LED.py:89] DC4100: Sending o 3 1[0m
[32m2023-10-23 20:08:45.383 DEBUG    [DC4100_LED.py:92] DC4100: Received b''[0m
[32m2023-10-23 20:08:45.383 DEBUG    [DC4100_LED.py:89] DC4100: Sending l 3 100[0m
[32m2023-10-23 20:08:45.492 DEBUG    [DC4100_LED.py:92] DC4100: Received b''[0m
[32m2023-10-23 20:08:45.492 DEBUG    [DC4100_LED.py:89] DC4100: Sending o 0 0[0m
[32m2023-10-23 20:08:45.602 DEBUG    [DC4100_LED.py:92] DC4100: Received b''[0m
[32m2023-10-23 20:08:46.891 DEBUG    [AcquisitionClass.py:124] 1000[0m
[32m2023-10-23 20:08:46.891 DEBUG    [AcquisitionClass.py:125] 1.0[0m
[32m2023-10-23 20:08:46.892 DEBUG    [AcquisitionClass.py:126] 10000[0m
[32m2023-10-23 20:08:46.892 DEBUG    [AcquisitionClass.py:127] 10[0m
[32m2023-10-23 20:08:46.892 DEBUG    [AcquisitionClass.py:128] 10000[0m
[32m2023-10-23 20:08:46.892 DEBUG    [AcquisitionClass.py:129] 10000[0m
[32m2023-10-23 20:08:46.893 DEBUG    [AcquisitionClass.py:130] 10000[0m
