[32m2023-10-25 03:25:18.151 DEBUG    [DC4100_LED.py:69] Serial<id=0x22cabc06610, open=True>(port='COM5', baudrate=115200, bytesize=8, parity='N', stopbits=1, timeout=0.1, xonxoff=0, rtscts=0, dsrdtr=False)[0m
[32m2023-10-25 03:25:18.151 DEBUG    [DC4100_LED.py:89] DC4100: Sending o 0 0[0m
[32m2023-10-25 03:25:18.261 DEBUG    [DC4100_LED.py:92] DC4100: Received b''[0m
[32m2023-10-25 03:25:18.261 DEBUG    [DC4100_LED.py:89] DC4100: Sending o 1 0[0m
[32m2023-10-25 03:25:18.370 DEBUG    [DC4100_LED.py:92] DC4100: Received b''[0m
[32m2023-10-25 03:25:18.370 DEBUG    [DC4100_LED.py:89] DC4100: Sending o 2 0[0m
[32m2023-10-25 03:25:18.480 DEBUG    [DC4100_LED.py:92] DC4100: Received b''[0m
[32m2023-10-25 03:25:18.480 DEBUG    [DC4100_LED.py:89] DC4100: Sending o 3 0[0m
[32m2023-10-25 03:25:18.590 DEBUG    [DC4100_LED.py:92] DC4100: Received b''[0m
[1;35m2023-10-25 03:25:18.590 CRITICAL [DC4100_LED.py:164] setting mode[0m
[32m2023-10-25 03:25:18.590 DEBUG    [DC4100_LED.py:89] DC4100: Sending m 2[0m
[32m2023-10-25 03:25:18.699 DEBUG    [DC4100_LED.py:92] DC4100: Received b''[0m
[32m2023-10-25 03:25:19.713 DEBUG    [DC4100_LED.py:89] DC4100: Sending m?[0m
[32m2023-10-25 03:25:19.715 DEBUG    [DC4100_LED.py:92] DC4100: Received b'2\r\n'[0m
[36m2023-10-25 03:25:19.715 INFO     [DC4100_LED.py:215] External Control Mode[0m
[1;35m2023-10-25 03:25:19.715 CRITICAL [DC4100_LED.py:219] 1[0m
[32m2023-10-25 03:25:19.715 DEBUG    [DC4100_LED.py:89] DC4100: Sending o 0 1[0m
[32m2023-10-25 03:25:19.821 DEBUG    [DC4100_LED.py:92] DC4100: Received b''[0m
[1;35m2023-10-25 03:25:19.821 CRITICAL [DC4100_LED.py:219] 2[0m
[32m2023-10-25 03:25:19.821 DEBUG    [DC4100_LED.py:89] DC4100: Sending o 1 1[0m
[32m2023-10-25 03:25:19.931 DEBUG    [DC4100_LED.py:92] DC4100: Received b''[0m
[1;35m2023-10-25 03:25:19.931 CRITICAL [DC4100_LED.py:219] 3[0m
[32m2023-10-25 03:25:19.931 DEBUG    [DC4100_LED.py:89] DC4100: Sending o 2 1[0m
[32m2023-10-25 03:25:20.41 DEBUG    [DC4100_LED.py:92] DC4100: Received b''[0m
[1;35m2023-10-25 03:25:20.41 CRITICAL [DC4100_LED.py:219] 4[0m
[32m2023-10-25 03:25:20.41 DEBUG    [DC4100_LED.py:89] DC4100: Sending o 3 1[0m
[32m2023-10-25 03:25:20.151 DEBUG    [DC4100_LED.py:92] DC4100: Received b''[0m
[32m2023-10-25 03:25:20.151 DEBUG    [DC4100_LED.py:89] DC4100: Sending o 1 1[0m
[32m2023-10-25 03:25:20.258 DEBUG    [DC4100_LED.py:92] DC4100: Received b''[0m
[32m2023-10-25 03:25:20.258 DEBUG    [DC4100_LED.py:89] DC4100: Sending l 1 450[0m
[32m2023-10-25 03:25:20.367 DEBUG    [DC4100_LED.py:92] DC4100: Received b''[0m
[32m2023-10-25 03:25:20.367 DEBUG    [DC4100_LED.py:89] DC4100: Sending o 2 1[0m
[32m2023-10-25 03:25:20.476 DEBUG    [DC4100_LED.py:92] DC4100: Received b''[0m
[32m2023-10-25 03:25:20.476 DEBUG    [DC4100_LED.py:89] DC4100: Sending l 2 150[0m
[32m2023-10-25 03:25:20.586 DEBUG    [DC4100_LED.py:92] DC4100: Received b''[0m
[32m2023-10-25 03:25:20.587 DEBUG    [DC4100_LED.py:89] DC4100: Sending o 3 1[0m
[32m2023-10-25 03:25:20.694 DEBUG    [DC4100_LED.py:92] DC4100: Received b''[0m
[32m2023-10-25 03:25:20.695 DEBUG    [DC4100_LED.py:89] DC4100: Sending l 3 150[0m
[32m2023-10-25 03:25:20.803 DEBUG    [DC4100_LED.py:92] DC4100: Received b''[0m
[32m2023-10-25 03:25:20.803 DEBUG    [DC4100_LED.py:89] DC4100: Sending o 0 0[0m
[32m2023-10-25 03:25:20.913 DEBUG    [DC4100_LED.py:92] DC4100: Received b''[0m
[32m2023-10-25 03:25:22.193 DEBUG    [AcquisitionClass.py:124] 1000[0m
[32m2023-10-25 03:25:22.193 DEBUG    [AcquisitionClass.py:125] 1.0[0m
[32m2023-10-25 03:25:22.194 DEBUG    [AcquisitionClass.py:126] 10000[0m
[32m2023-10-25 03:25:22.194 DEBUG    [AcquisitionClass.py:127] 10[0m
[32m2023-10-25 03:25:22.194 DEBUG    [AcquisitionClass.py:128] 10000[0m
[32m2023-10-25 03:25:22.194 DEBUG    [AcquisitionClass.py:129] 10000[0m
[32m2023-10-25 03:25:22.195 DEBUG    [AcquisitionClass.py:130] 10000[0m
[32m2023-10-25 03:45:12.740 DEBUG    [DC4100_LED.py:89] DC4100: Sending o 1 0[0m
[32m2023-10-25 03:45:12.848 DEBUG    [DC4100_LED.py:92] DC4100: Received b''[0m
[36m2023-10-25 03:45:12.848 INFO     [AcquisitionClass.py:516] frequency: 10.000 
 amplitude 0.200 
 offset 1.000  
 acquisiton time 2052.000 
 points per period 1000.000 
 number of periods 10.000[0m
[1;31m2023-10-25 04:00:03.793 ERROR    [AcquisitionClass.py:529] Voltage saturation of the MPPC fluorescence reader[0m
[1;35m2023-10-25 04:00:14.758 CRITICAL [qE_OJIP_calib.py:139] 0.00023348669187225093[0m
