[32m2023-10-24 00:26:26.396 DEBUG    [DC4100_LED.py:69] Serial<id=0x2782b845610, open=True>(port='COM5', baudrate=115200, bytesize=8, parity='N', stopbits=1, timeout=0.1, xonxoff=0, rtscts=0, dsrdtr=False)[0m
[32m2023-10-24 00:26:26.396 DEBUG    [DC4100_LED.py:89] DC4100: Sending o 0 0[0m
[32m2023-10-24 00:26:26.508 DEBUG    [DC4100_LED.py:92] DC4100: Received b''[0m
[32m2023-10-24 00:26:26.508 DEBUG    [DC4100_LED.py:89] DC4100: Sending o 1 0[0m
[32m2023-10-24 00:26:26.617 DEBUG    [DC4100_LED.py:92] DC4100: Received b''[0m
[32m2023-10-24 00:26:26.617 DEBUG    [DC4100_LED.py:89] DC4100: Sending o 2 0[0m
[32m2023-10-24 00:26:26.726 DEBUG    [DC4100_LED.py:92] DC4100: Received b''[0m
[32m2023-10-24 00:26:26.726 DEBUG    [DC4100_LED.py:89] DC4100: Sending o 3 0[0m
[32m2023-10-24 00:26:26.835 DEBUG    [DC4100_LED.py:92] DC4100: Received b''[0m
[1;35m2023-10-24 00:26:26.835 CRITICAL [DC4100_LED.py:164] setting mode[0m
[32m2023-10-24 00:26:26.835 DEBUG    [DC4100_LED.py:89] DC4100: Sending m 2[0m
[32m2023-10-24 00:26:26.943 DEBUG    [DC4100_LED.py:92] DC4100: Received b''[0m
[32m2023-10-24 00:26:27.953 DEBUG    [DC4100_LED.py:89] DC4100: Sending m?[0m
[32m2023-10-24 00:26:27.955 DEBUG    [DC4100_LED.py:92] DC4100: Received b'2\r\n'[0m
[36m2023-10-24 00:26:27.955 INFO     [DC4100_LED.py:215] External Control Mode[0m
[1;35m2023-10-24 00:26:27.955 CRITICAL [DC4100_LED.py:219] 1[0m
[32m2023-10-24 00:26:27.955 DEBUG    [DC4100_LED.py:89] DC4100: Sending o 0 1[0m
[32m2023-10-24 00:26:28.63 DEBUG    [DC4100_LED.py:92] DC4100: Received b''[0m
[1;35m2023-10-24 00:26:28.63 CRITICAL [DC4100_LED.py:219] 2[0m
[32m2023-10-24 00:26:28.64 DEBUG    [DC4100_LED.py:89] DC4100: Sending o 1 1[0m
[32m2023-10-24 00:26:28.171 DEBUG    [DC4100_LED.py:92] DC4100: Received b''[0m
[1;35m2023-10-24 00:26:28.171 CRITICAL [DC4100_LED.py:219] 3[0m
[32m2023-10-24 00:26:28.171 DEBUG    [DC4100_LED.py:89] DC4100: Sending o 2 1[0m
[32m2023-10-24 00:26:28.280 DEBUG    [DC4100_LED.py:92] DC4100: Received b''[0m
[1;35m2023-10-24 00:26:28.280 CRITICAL [DC4100_LED.py:219] 4[0m
[32m2023-10-24 00:26:28.280 DEBUG    [DC4100_LED.py:89] DC4100: Sending o 3 1[0m
[32m2023-10-24 00:26:28.389 DEBUG    [DC4100_LED.py:92] DC4100: Received b''[0m
[32m2023-10-24 00:26:28.389 DEBUG    [DC4100_LED.py:89] DC4100: Sending o 1 1[0m
[32m2023-10-24 00:26:28.496 DEBUG    [DC4100_LED.py:92] DC4100: Received b''[0m
[32m2023-10-24 00:26:28.496 DEBUG    [DC4100_LED.py:89] DC4100: Sending l 1 450[0m
[32m2023-10-24 00:26:28.605 DEBUG    [DC4100_LED.py:92] DC4100: Received b''[0m
[32m2023-10-24 00:26:28.606 DEBUG    [DC4100_LED.py:89] DC4100: Sending o 2 1[0m
[32m2023-10-24 00:26:28.715 DEBUG    [DC4100_LED.py:92] DC4100: Received b''[0m
[32m2023-10-24 00:26:28.715 DEBUG    [DC4100_LED.py:89] DC4100: Sending l 2 150[0m
[32m2023-10-24 00:26:28.824 DEBUG    [DC4100_LED.py:92] DC4100: Received b''[0m
[32m2023-10-24 00:26:28.824 DEBUG    [DC4100_LED.py:89] DC4100: Sending o 3 1[0m
[32m2023-10-24 00:26:28.934 DEBUG    [DC4100_LED.py:92] DC4100: Received b''[0m
[32m2023-10-24 00:26:28.934 DEBUG    [DC4100_LED.py:89] DC4100: Sending l 3 150[0m
[32m2023-10-24 00:26:29.44 DEBUG    [DC4100_LED.py:92] DC4100: Received b''[0m
[32m2023-10-24 00:26:29.44 DEBUG    [DC4100_LED.py:89] DC4100: Sending o 0 0[0m
[32m2023-10-24 00:26:29.154 DEBUG    [DC4100_LED.py:92] DC4100: Received b''[0m
[32m2023-10-24 00:26:30.425 DEBUG    [AcquisitionClass.py:124] 1000[0m
[32m2023-10-24 00:26:30.425 DEBUG    [AcquisitionClass.py:125] 1.0[0m
[32m2023-10-24 00:26:30.426 DEBUG    [AcquisitionClass.py:126] 10000[0m
[32m2023-10-24 00:26:30.426 DEBUG    [AcquisitionClass.py:127] 10[0m
[32m2023-10-24 00:26:30.427 DEBUG    [AcquisitionClass.py:128] 10000[0m
[32m2023-10-24 00:26:30.427 DEBUG    [AcquisitionClass.py:129] 10000[0m
[32m2023-10-24 00:26:30.427 DEBUG    [AcquisitionClass.py:130] 10000[0m
[32m2023-10-24 00:46:20.967 DEBUG    [DC4100_LED.py:89] DC4100: Sending o 1 0[0m
[32m2023-10-24 00:46:21.77 DEBUG    [DC4100_LED.py:92] DC4100: Received b''[0m
[36m2023-10-24 00:46:21.77 INFO     [AcquisitionClass.py:516] frequency: 10.000 
 amplitude 0.200 
 offset 1.000  
 acquisiton time 2052.000 
 points per period 1000.000 
 number of periods 10.000[0m
[1;31m2023-10-24 01:01:12.29 ERROR    [AcquisitionClass.py:529] Voltage saturation of the MPPC fluorescence reader[0m
[1;35m2023-10-24 01:01:23.39 CRITICAL [qE_OJIP_calib.py:139] 0.0011026223543073703[0m
