[32m2023-11-21 16:44:54.395 DEBUG    [DC4100_LED.py:69] Serial<id=0x276b0204940, open=True>(port='COM5', baudrate=115200, bytesize=8, parity='N', stopbits=1, timeout=0.1, xonxoff=0, rtscts=0, dsrdtr=False)[0m
[32m2023-11-21 16:44:54.395 DEBUG    [DC4100_LED.py:89] DC4100: Sending o 0 0[0m
[32m2023-11-21 16:44:54.495 DEBUG    [DC4100_LED.py:92] DC4100: Received b''[0m
[32m2023-11-21 16:44:54.495 DEBUG    [DC4100_LED.py:89] DC4100: Sending o 1 0[0m
[32m2023-11-21 16:44:54.605 DEBUG    [DC4100_LED.py:92] DC4100: Received b''[0m
[32m2023-11-21 16:44:54.606 DEBUG    [DC4100_LED.py:89] DC4100: Sending o 2 0[0m
[32m2023-11-21 16:44:54.714 DEBUG    [DC4100_LED.py:92] DC4100: Received b''[0m
[32m2023-11-21 16:44:54.714 DEBUG    [DC4100_LED.py:89] DC4100: Sending o 3 0[0m
[32m2023-11-21 16:44:54.814 DEBUG    [DC4100_LED.py:92] DC4100: Received b''[0m
[1;35m2023-11-21 16:44:54.814 CRITICAL [DC4100_LED.py:164] setting mode[0m
[32m2023-11-21 16:44:54.814 DEBUG    [DC4100_LED.py:89] DC4100: Sending m 2[0m
[32m2023-11-21 16:44:54.914 DEBUG    [DC4100_LED.py:92] DC4100: Received b''[0m
[32m2023-11-21 16:44:55.924 DEBUG    [DC4100_LED.py:89] DC4100: Sending m?[0m
[32m2023-11-21 16:44:55.924 DEBUG    [DC4100_LED.py:92] DC4100: Received b'2\r\n'[0m
[36m2023-11-21 16:44:55.924 INFO     [DC4100_LED.py:215] External Control Mode[0m
[1;35m2023-11-21 16:44:55.924 CRITICAL [DC4100_LED.py:219] 1[0m
[32m2023-11-21 16:44:55.924 DEBUG    [DC4100_LED.py:89] DC4100: Sending o 0 1[0m
[32m2023-11-21 16:44:56.34 DEBUG    [DC4100_LED.py:92] DC4100: Received b''[0m
[1;35m2023-11-21 16:44:56.34 CRITICAL [DC4100_LED.py:219] 2[0m
[32m2023-11-21 16:44:56.34 DEBUG    [DC4100_LED.py:89] DC4100: Sending o 1 1[0m
[32m2023-11-21 16:44:56.139 DEBUG    [DC4100_LED.py:92] DC4100: Received b''[0m
[1;35m2023-11-21 16:44:56.139 CRITICAL [DC4100_LED.py:219] 3[0m
[32m2023-11-21 16:44:56.139 DEBUG    [DC4100_LED.py:89] DC4100: Sending o 2 1[0m
[32m2023-11-21 16:44:56.239 DEBUG    [DC4100_LED.py:92] DC4100: Received b''[0m
[1;35m2023-11-21 16:44:56.239 CRITICAL [DC4100_LED.py:219] 4[0m
[32m2023-11-21 16:44:56.239 DEBUG    [DC4100_LED.py:89] DC4100: Sending o 3 1[0m
[32m2023-11-21 16:44:56.348 DEBUG    [DC4100_LED.py:92] DC4100: Received b''[0m
[32m2023-11-21 16:44:56.348 DEBUG    [DC4100_LED.py:89] DC4100: Sending o 1 1[0m
[32m2023-11-21 16:44:56.448 DEBUG    [DC4100_LED.py:92] DC4100: Received b''[0m
[32m2023-11-21 16:44:56.448 DEBUG    [DC4100_LED.py:89] DC4100: Sending l 1 1000[0m
[32m2023-11-21 16:44:56.548 DEBUG    [DC4100_LED.py:92] DC4100: Received b''[0m
[32m2023-11-21 16:44:56.548 DEBUG    [DC4100_LED.py:89] DC4100: Sending o 2 0[0m
[32m2023-11-21 16:44:56.658 DEBUG    [DC4100_LED.py:92] DC4100: Received b''[0m
[32m2023-11-21 16:44:56.658 DEBUG    [DC4100_LED.py:89] DC4100: Sending o 3 0[0m
[32m2023-11-21 16:44:56.768 DEBUG    [DC4100_LED.py:92] DC4100: Received b''[0m
[32m2023-11-21 16:44:56.768 DEBUG    [DC4100_LED.py:89] DC4100: Sending o 0 0[0m
[32m2023-11-21 16:44:56.868 DEBUG    [DC4100_LED.py:92] DC4100: Received b''[0m
[32m2023-11-21 16:44:58.429 DEBUG    [AcquisitionClass.py:125] 1000[0m
[32m2023-11-21 16:44:58.429 DEBUG    [AcquisitionClass.py:126] 1.0[0m
[32m2023-11-21 16:44:58.429 DEBUG    [AcquisitionClass.py:127] 10000[0m
[32m2023-11-21 16:44:58.429 DEBUG    [AcquisitionClass.py:128] 10[0m
[32m2023-11-21 16:44:58.429 DEBUG    [AcquisitionClass.py:129] 10000[0m
[32m2023-11-21 16:44:58.429 DEBUG    [AcquisitionClass.py:130] 10000[0m
[32m2023-11-21 16:44:58.429 DEBUG    [AcquisitionClass.py:131] 10000[0m
[32m2023-11-21 16:45:23.614 DEBUG    [AcquisitionClass.py:125] 1000[0m
[32m2023-11-21 16:45:23.614 DEBUG    [AcquisitionClass.py:126] 1.0[0m
[32m2023-11-21 16:45:23.614 DEBUG    [AcquisitionClass.py:127] 10000[0m
[32m2023-11-21 16:45:23.614 DEBUG    [AcquisitionClass.py:128] 10[0m
[32m2023-11-21 16:45:23.614 DEBUG    [AcquisitionClass.py:129] 10000[0m
[32m2023-11-21 16:45:23.614 DEBUG    [AcquisitionClass.py:130] 10000[0m
[32m2023-11-21 16:45:23.614 DEBUG    [AcquisitionClass.py:131] 10000[0m
[32m2023-11-21 16:45:23.614 DEBUG    [AcquisitionClass.py:125] 2000[0m
[32m2023-11-21 16:45:23.614 DEBUG    [AcquisitionClass.py:126] 10.0[0m
[32m2023-11-21 16:45:23.614 DEBUG    [AcquisitionClass.py:127] 2000[0m
[32m2023-11-21 16:45:23.614 DEBUG    [AcquisitionClass.py:128] 1[0m
[32m2023-11-21 16:45:23.614 DEBUG    [AcquisitionClass.py:129] 2000[0m
[32m2023-11-21 16:45:23.614 DEBUG    [AcquisitionClass.py:130] 20000[0m
[32m2023-11-21 16:45:23.614 DEBUG    [AcquisitionClass.py:131] 20000[0m
[32m2023-11-21 16:45:25.86 DEBUG    [AcquisitionClass.py:125] 2000[0m
[32m2023-11-21 16:45:25.86 DEBUG    [AcquisitionClass.py:126] 20.0[0m
[32m2023-11-21 16:45:25.86 DEBUG    [AcquisitionClass.py:127] 1000.0[0m
[32m2023-11-21 16:45:25.86 DEBUG    [AcquisitionClass.py:128] 0.5[0m
[32m2023-11-21 16:45:25.86 DEBUG    [AcquisitionClass.py:129] 1000.0[0m
[32m2023-11-21 16:45:25.86 DEBUG    [AcquisitionClass.py:130] 20000[0m
[32m2023-11-21 16:45:25.86 DEBUG    [AcquisitionClass.py:131] 20000[0m
[36m2023-11-21 16:45:25.137 INFO     [AcquisitionClass.py:517] frequency: 0.500 
 amplitude 0.228 
 offset 0.455  
 acquisiton time 20.000 
 points per period 2000.000 
 number of periods 10.000[0m
[36m2023-11-21 16:45:46.177 INFO     [AcquisitionClass.py:630] Shutting down all LEDs for 1 seconds[0m
[36m2023-11-21 16:45:46.227 INFO     [AcquisitionClass.py:371] Did not start digital generator, check generator_analog_channels[0m
