[32m2023-10-24 02:26:43.15 DEBUG    [DC4100_LED.py:69] Serial<id=0x2571f022c40, open=True>(port='COM5', baudrate=115200, bytesize=8, parity='N', stopbits=1, timeout=0.1, xonxoff=0, rtscts=0, dsrdtr=False)[0m
[32m2023-10-24 02:26:43.15 DEBUG    [DC4100_LED.py:89] DC4100: Sending o 0 0[0m
[32m2023-10-24 02:26:43.125 DEBUG    [DC4100_LED.py:92] DC4100: Received b''[0m
[32m2023-10-24 02:26:43.125 DEBUG    [DC4100_LED.py:89] DC4100: Sending o 1 0[0m
[32m2023-10-24 02:26:43.233 DEBUG    [DC4100_LED.py:92] DC4100: Received b''[0m
[32m2023-10-24 02:26:43.233 DEBUG    [DC4100_LED.py:89] DC4100: Sending o 2 0[0m
[32m2023-10-24 02:26:43.342 DEBUG    [DC4100_LED.py:92] DC4100: Received b''[0m
[32m2023-10-24 02:26:43.342 DEBUG    [DC4100_LED.py:89] DC4100: Sending o 3 0[0m
[32m2023-10-24 02:26:43.451 DEBUG    [DC4100_LED.py:92] DC4100: Received b''[0m
[1;35m2023-10-24 02:26:43.451 CRITICAL [DC4100_LED.py:164] setting mode[0m
[32m2023-10-24 02:26:43.451 DEBUG    [DC4100_LED.py:89] DC4100: Sending m 2[0m
[32m2023-10-24 02:26:43.561 DEBUG    [DC4100_LED.py:92] DC4100: Received b''[0m
[32m2023-10-24 02:26:44.563 DEBUG    [DC4100_LED.py:89] DC4100: Sending m?[0m
[32m2023-10-24 02:26:44.565 DEBUG    [DC4100_LED.py:92] DC4100: Received b'2\r\n'[0m
[36m2023-10-24 02:26:44.565 INFO     [DC4100_LED.py:215] External Control Mode[0m
[1;35m2023-10-24 02:26:44.565 CRITICAL [DC4100_LED.py:219] 1[0m
[32m2023-10-24 02:26:44.565 DEBUG    [DC4100_LED.py:89] DC4100: Sending o 0 1[0m
[32m2023-10-24 02:26:44.670 DEBUG    [DC4100_LED.py:92] DC4100: Received b''[0m
[1;35m2023-10-24 02:26:44.670 CRITICAL [DC4100_LED.py:219] 2[0m
[32m2023-10-24 02:26:44.670 DEBUG    [DC4100_LED.py:89] DC4100: Sending o 1 1[0m
[32m2023-10-24 02:26:44.777 DEBUG    [DC4100_LED.py:92] DC4100: Received b''[0m
[1;35m2023-10-24 02:26:44.777 CRITICAL [DC4100_LED.py:219] 3[0m
[32m2023-10-24 02:26:44.777 DEBUG    [DC4100_LED.py:89] DC4100: Sending o 2 1[0m
[32m2023-10-24 02:26:44.885 DEBUG    [DC4100_LED.py:92] DC4100: Received b''[0m
[1;35m2023-10-24 02:26:44.885 CRITICAL [DC4100_LED.py:219] 4[0m
[32m2023-10-24 02:26:44.885 DEBUG    [DC4100_LED.py:89] DC4100: Sending o 3 1[0m
[32m2023-10-24 02:26:44.994 DEBUG    [DC4100_LED.py:92] DC4100: Received b''[0m
[32m2023-10-24 02:26:44.994 DEBUG    [DC4100_LED.py:89] DC4100: Sending o 1 1[0m
[32m2023-10-24 02:26:45.103 DEBUG    [DC4100_LED.py:92] DC4100: Received b''[0m
[32m2023-10-24 02:26:45.103 DEBUG    [DC4100_LED.py:89] DC4100: Sending l 1 150[0m
[32m2023-10-24 02:26:45.212 DEBUG    [DC4100_LED.py:92] DC4100: Received b''[0m
[32m2023-10-24 02:26:45.212 DEBUG    [DC4100_LED.py:89] DC4100: Sending o 2 1[0m
[32m2023-10-24 02:26:45.320 DEBUG    [DC4100_LED.py:92] DC4100: Received b''[0m
[32m2023-10-24 02:26:45.320 DEBUG    [DC4100_LED.py:89] DC4100: Sending l 2 10[0m
[32m2023-10-24 02:26:45.429 DEBUG    [DC4100_LED.py:92] DC4100: Received b''[0m
[32m2023-10-24 02:26:45.429 DEBUG    [DC4100_LED.py:89] DC4100: Sending o 3 1[0m
[32m2023-10-24 02:26:45.538 DEBUG    [DC4100_LED.py:92] DC4100: Received b''[0m
[32m2023-10-24 02:26:45.538 DEBUG    [DC4100_LED.py:89] DC4100: Sending l 3 10[0m
[32m2023-10-24 02:26:45.646 DEBUG    [DC4100_LED.py:92] DC4100: Received b''[0m
[32m2023-10-24 02:26:45.646 DEBUG    [DC4100_LED.py:89] DC4100: Sending o 0 1[0m
[32m2023-10-24 02:26:45.755 DEBUG    [DC4100_LED.py:92] DC4100: Received b''[0m
[32m2023-10-24 02:26:45.755 DEBUG    [DC4100_LED.py:89] DC4100: Sending l 0 500[0m
[32m2023-10-24 02:26:45.865 DEBUG    [DC4100_LED.py:92] DC4100: Received b''[0m
[32m2023-10-24 02:26:47.53 DEBUG    [AcquisitionClass.py:124] 1000[0m
[32m2023-10-24 02:26:47.53 DEBUG    [AcquisitionClass.py:125] 1.0[0m
[32m2023-10-24 02:26:47.54 DEBUG    [AcquisitionClass.py:126] 10000[0m
[32m2023-10-24 02:26:47.54 DEBUG    [AcquisitionClass.py:127] 10[0m
[32m2023-10-24 02:26:47.55 DEBUG    [AcquisitionClass.py:128] 10000[0m
[32m2023-10-24 02:26:47.55 DEBUG    [AcquisitionClass.py:129] 10000[0m
[32m2023-10-24 02:26:47.55 DEBUG    [AcquisitionClass.py:130] 10000[0m
[36m2023-10-24 02:27:46.589 INFO     [AcquisitionClass.py:516] frequency: 10.000 
 amplitude 0.200 
 offset 1.000  
 acquisiton time 2952.000 
 points per period 1000.000 
 number of periods 10.000[0m
[1;31m2023-10-24 03:16:27.673 ERROR    [AcquisitionClass.py:529] Voltage saturation of the MPPC fluorescence reader[0m
