[32m2023-10-23 22:24:22.961 DEBUG    [DC4100_LED.py:69] Serial<id=0x26217631c70, open=True>(port='COM5', baudrate=115200, bytesize=8, parity='N', stopbits=1, timeout=0.1, xonxoff=0, rtscts=0, dsrdtr=False)[0m
[32m2023-10-23 22:24:22.961 DEBUG    [DC4100_LED.py:89] DC4100: Sending o 0 0[0m
[32m2023-10-23 22:24:23.71 DEBUG    [DC4100_LED.py:92] DC4100: Received b''[0m
[32m2023-10-23 22:24:23.71 DEBUG    [DC4100_LED.py:89] DC4100: Sending o 1 0[0m
[32m2023-10-23 22:24:23.180 DEBUG    [DC4100_LED.py:92] DC4100: Received b''[0m
[32m2023-10-23 22:24:23.180 DEBUG    [DC4100_LED.py:89] DC4100: Sending o 2 0[0m
[32m2023-10-23 22:24:23.290 DEBUG    [DC4100_LED.py:92] DC4100: Received b''[0m
[32m2023-10-23 22:24:23.290 DEBUG    [DC4100_LED.py:89] DC4100: Sending o 3 0[0m
[32m2023-10-23 22:24:23.397 DEBUG    [DC4100_LED.py:92] DC4100: Received b''[0m
[1;35m2023-10-23 22:24:23.397 CRITICAL [DC4100_LED.py:164] setting mode[0m
[32m2023-10-23 22:24:23.397 DEBUG    [DC4100_LED.py:89] DC4100: Sending m 2[0m
[32m2023-10-23 22:24:23.507 DEBUG    [DC4100_LED.py:92] DC4100: Received b''[0m
[32m2023-10-23 22:24:24.516 DEBUG    [DC4100_LED.py:89] DC4100: Sending m?[0m
[32m2023-10-23 22:24:24.518 DEBUG    [DC4100_LED.py:92] DC4100: Received b'2\r\n'[0m
[36m2023-10-23 22:24:24.518 INFO     [DC4100_LED.py:215] External Control Mode[0m
[1;35m2023-10-23 22:24:24.518 CRITICAL [DC4100_LED.py:219] 1[0m
[32m2023-10-23 22:24:24.519 DEBUG    [DC4100_LED.py:89] DC4100: Sending o 0 1[0m
[32m2023-10-23 22:24:24.625 DEBUG    [DC4100_LED.py:92] DC4100: Received b''[0m
[1;35m2023-10-23 22:24:24.625 CRITICAL [DC4100_LED.py:219] 2[0m
[32m2023-10-23 22:24:24.625 DEBUG    [DC4100_LED.py:89] DC4100: Sending o 1 1[0m
[32m2023-10-23 22:24:24.734 DEBUG    [DC4100_LED.py:92] DC4100: Received b''[0m
[1;35m2023-10-23 22:24:24.734 CRITICAL [DC4100_LED.py:219] 3[0m
[32m2023-10-23 22:24:24.734 DEBUG    [DC4100_LED.py:89] DC4100: Sending o 2 1[0m
[32m2023-10-23 22:24:24.842 DEBUG    [DC4100_LED.py:92] DC4100: Received b''[0m
[1;35m2023-10-23 22:24:24.842 CRITICAL [DC4100_LED.py:219] 4[0m
[32m2023-10-23 22:24:24.842 DEBUG    [DC4100_LED.py:89] DC4100: Sending o 3 1[0m
[32m2023-10-23 22:24:24.952 DEBUG    [DC4100_LED.py:92] DC4100: Received b''[0m
[32m2023-10-23 22:24:24.952 DEBUG    [DC4100_LED.py:89] DC4100: Sending o 1 1[0m
[32m2023-10-23 22:24:25.63 DEBUG    [DC4100_LED.py:92] DC4100: Received b''[0m
[32m2023-10-23 22:24:25.63 DEBUG    [DC4100_LED.py:89] DC4100: Sending l 1 30[0m
[32m2023-10-23 22:24:25.171 DEBUG    [DC4100_LED.py:92] DC4100: Received b''[0m
[32m2023-10-23 22:24:25.171 DEBUG    [DC4100_LED.py:89] DC4100: Sending o 2 1[0m
[32m2023-10-23 22:24:25.280 DEBUG    [DC4100_LED.py:92] DC4100: Received b''[0m
[32m2023-10-23 22:24:25.280 DEBUG    [DC4100_LED.py:89] DC4100: Sending l 2 150[0m
[32m2023-10-23 22:24:25.392 DEBUG    [DC4100_LED.py:92] DC4100: Received b''[0m
[32m2023-10-23 22:24:25.392 DEBUG    [DC4100_LED.py:89] DC4100: Sending o 3 1[0m
[32m2023-10-23 22:24:25.501 DEBUG    [DC4100_LED.py:92] DC4100: Received b''[0m
[32m2023-10-23 22:24:25.501 DEBUG    [DC4100_LED.py:89] DC4100: Sending l 3 100[0m
[32m2023-10-23 22:24:25.609 DEBUG    [DC4100_LED.py:92] DC4100: Received b''[0m
[32m2023-10-23 22:24:25.609 DEBUG    [DC4100_LED.py:89] DC4100: Sending o 0 0[0m
[32m2023-10-23 22:24:25.717 DEBUG    [DC4100_LED.py:92] DC4100: Received b''[0m
[32m2023-10-23 22:24:27.12 DEBUG    [AcquisitionClass.py:124] 1000[0m
[32m2023-10-23 22:24:27.12 DEBUG    [AcquisitionClass.py:125] 1.0[0m
[32m2023-10-23 22:24:27.13 DEBUG    [AcquisitionClass.py:126] 10000[0m
[32m2023-10-23 22:24:27.13 DEBUG    [AcquisitionClass.py:127] 10[0m
[32m2023-10-23 22:24:27.13 DEBUG    [AcquisitionClass.py:128] 10000[0m
[32m2023-10-23 22:24:27.14 DEBUG    [AcquisitionClass.py:129] 10000[0m
[32m2023-10-23 22:24:27.14 DEBUG    [AcquisitionClass.py:130] 10000[0m
