[32m2023-10-24 18:58:40.645 DEBUG    [DC4100_LED.py:69] Serial<id=0x2a510e31c70, open=True>(port='COM5', baudrate=115200, bytesize=8, parity='N', stopbits=1, timeout=0.1, xonxoff=0, rtscts=0, dsrdtr=False)[0m
[32m2023-10-24 18:58:40.645 DEBUG    [DC4100_LED.py:89] DC4100: Sending o 0 0[0m
[32m2023-10-24 18:58:40.756 DEBUG    [DC4100_LED.py:92] DC4100: Received b''[0m
[32m2023-10-24 18:58:40.756 DEBUG    [DC4100_LED.py:89] DC4100: Sending o 1 0[0m
[32m2023-10-24 18:58:40.864 DEBUG    [DC4100_LED.py:92] DC4100: Received b''[0m
[32m2023-10-24 18:58:40.864 DEBUG    [DC4100_LED.py:89] DC4100: Sending o 2 0[0m
[32m2023-10-24 18:58:40.975 DEBUG    [DC4100_LED.py:92] DC4100: Received b''[0m
[32m2023-10-24 18:58:40.975 DEBUG    [DC4100_LED.py:89] DC4100: Sending o 3 0[0m
[32m2023-10-24 18:58:41.85 DEBUG    [DC4100_LED.py:92] DC4100: Received b''[0m
[1;35m2023-10-24 18:58:41.85 CRITICAL [DC4100_LED.py:164] setting mode[0m
[32m2023-10-24 18:58:41.85 DEBUG    [DC4100_LED.py:89] DC4100: Sending m 2[0m
[32m2023-10-24 18:58:41.195 DEBUG    [DC4100_LED.py:92] DC4100: Received b''[0m
[32m2023-10-24 18:58:42.204 DEBUG    [DC4100_LED.py:89] DC4100: Sending m?[0m
[32m2023-10-24 18:58:42.206 DEBUG    [DC4100_LED.py:92] DC4100: Received b'2\r\n'[0m
[36m2023-10-24 18:58:42.206 INFO     [DC4100_LED.py:215] External Control Mode[0m
[1;35m2023-10-24 18:58:42.206 CRITICAL [DC4100_LED.py:219] 1[0m
[32m2023-10-24 18:58:42.206 DEBUG    [DC4100_LED.py:89] DC4100: Sending o 0 1[0m
[32m2023-10-24 18:58:42.312 DEBUG    [DC4100_LED.py:92] DC4100: Received b''[0m
[1;35m2023-10-24 18:58:42.312 CRITICAL [DC4100_LED.py:219] 2[0m
[32m2023-10-24 18:58:42.312 DEBUG    [DC4100_LED.py:89] DC4100: Sending o 1 1[0m
[32m2023-10-24 18:58:42.420 DEBUG    [DC4100_LED.py:92] DC4100: Received b''[0m
[1;35m2023-10-24 18:58:42.420 CRITICAL [DC4100_LED.py:219] 3[0m
[32m2023-10-24 18:58:42.420 DEBUG    [DC4100_LED.py:89] DC4100: Sending o 2 1[0m
[32m2023-10-24 18:58:42.529 DEBUG    [DC4100_LED.py:92] DC4100: Received b''[0m
[1;35m2023-10-24 18:58:42.529 CRITICAL [DC4100_LED.py:219] 4[0m
[32m2023-10-24 18:58:42.529 DEBUG    [DC4100_LED.py:89] DC4100: Sending o 3 1[0m
[32m2023-10-24 18:58:42.639 DEBUG    [DC4100_LED.py:92] DC4100: Received b''[0m
[32m2023-10-24 18:58:42.639 DEBUG    [DC4100_LED.py:89] DC4100: Sending o 1 1[0m
[32m2023-10-24 18:58:42.747 DEBUG    [DC4100_LED.py:92] DC4100: Received b''[0m
[32m2023-10-24 18:58:42.747 DEBUG    [DC4100_LED.py:89] DC4100: Sending l 1 30[0m
[32m2023-10-24 18:58:42.858 DEBUG    [DC4100_LED.py:92] DC4100: Received b''[0m
[32m2023-10-24 18:58:42.858 DEBUG    [DC4100_LED.py:89] DC4100: Sending o 2 1[0m
[32m2023-10-24 18:58:42.968 DEBUG    [DC4100_LED.py:92] DC4100: Received b''[0m
[32m2023-10-24 18:58:42.968 DEBUG    [DC4100_LED.py:89] DC4100: Sending l 2 150[0m
[32m2023-10-24 18:58:43.75 DEBUG    [DC4100_LED.py:92] DC4100: Received b''[0m
[32m2023-10-24 18:58:43.75 DEBUG    [DC4100_LED.py:89] DC4100: Sending o 3 1[0m
[32m2023-10-24 18:58:43.184 DEBUG    [DC4100_LED.py:92] DC4100: Received b''[0m
[32m2023-10-24 18:58:43.184 DEBUG    [DC4100_LED.py:89] DC4100: Sending l 3 100[0m
[32m2023-10-24 18:58:43.292 DEBUG    [DC4100_LED.py:92] DC4100: Received b''[0m
[32m2023-10-24 18:58:43.292 DEBUG    [DC4100_LED.py:89] DC4100: Sending o 0 0[0m
[32m2023-10-24 18:58:43.402 DEBUG    [DC4100_LED.py:92] DC4100: Received b''[0m
[32m2023-10-24 18:58:44.680 DEBUG    [AcquisitionClass.py:124] 1000[0m
[32m2023-10-24 18:58:44.680 DEBUG    [AcquisitionClass.py:125] 1.0[0m
[32m2023-10-24 18:58:44.681 DEBUG    [AcquisitionClass.py:126] 10000[0m
[32m2023-10-24 18:58:44.681 DEBUG    [AcquisitionClass.py:127] 10[0m
[32m2023-10-24 18:58:44.681 DEBUG    [AcquisitionClass.py:128] 10000[0m
[32m2023-10-24 18:58:44.681 DEBUG    [AcquisitionClass.py:129] 10000[0m
[32m2023-10-24 18:58:44.682 DEBUG    [AcquisitionClass.py:130] 10000[0m
