[32m2023-10-17 15:52:34.467 DEBUG    [DC4100_LED.py:69] Serial<id=0x28bc264bc40, open=True>(port='COM5', baudrate=115200, bytesize=8, parity='N', stopbits=1, timeout=0.1, xonxoff=0, rtscts=0, dsrdtr=False)[0m
[32m2023-10-17 15:52:34.477 DEBUG    [DC4100_LED.py:89] DC4100: Sending o 0 0[0m
[32m2023-10-17 15:52:34.579 DEBUG    [DC4100_LED.py:92] DC4100: Received b''[0m
[32m2023-10-17 15:52:34.579 DEBUG    [DC4100_LED.py:89] DC4100: Sending o 1 0[0m
[32m2023-10-17 15:52:34.686 DEBUG    [DC4100_LED.py:92] DC4100: Received b''[0m
[32m2023-10-17 15:52:34.686 DEBUG    [DC4100_LED.py:89] DC4100: Sending o 2 0[0m
[32m2023-10-17 15:52:34.793 DEBUG    [DC4100_LED.py:92] DC4100: Received b''[0m
[32m2023-10-17 15:52:34.793 DEBUG    [DC4100_LED.py:89] DC4100: Sending o 3 0[0m
[32m2023-10-17 15:52:34.902 DEBUG    [DC4100_LED.py:92] DC4100: Received b''[0m
[1;35m2023-10-17 15:52:34.902 CRITICAL [DC4100_LED.py:164] setting mode[0m
[32m2023-10-17 15:52:34.902 DEBUG    [DC4100_LED.py:89] DC4100: Sending m 2[0m
[32m2023-10-17 15:52:35.11 DEBUG    [DC4100_LED.py:92] DC4100: Received b''[0m
[32m2023-10-17 15:52:36.23 DEBUG    [DC4100_LED.py:89] DC4100: Sending m?[0m
[32m2023-10-17 15:52:36.25 DEBUG    [DC4100_LED.py:92] DC4100: Received b'2\r\n'[0m
[36m2023-10-17 15:52:36.25 INFO     [DC4100_LED.py:215] External Control Mode[0m
[1;35m2023-10-17 15:52:36.25 CRITICAL [DC4100_LED.py:219] 1[0m
[32m2023-10-17 15:52:36.25 DEBUG    [DC4100_LED.py:89] DC4100: Sending o 0 1[0m
[32m2023-10-17 15:52:36.133 DEBUG    [DC4100_LED.py:92] DC4100: Received b''[0m
[1;35m2023-10-17 15:52:36.133 CRITICAL [DC4100_LED.py:219] 2[0m
[32m2023-10-17 15:52:36.133 DEBUG    [DC4100_LED.py:89] DC4100: Sending o 1 1[0m
[32m2023-10-17 15:52:36.241 DEBUG    [DC4100_LED.py:92] DC4100: Received b''[0m
[1;35m2023-10-17 15:52:36.241 CRITICAL [DC4100_LED.py:219] 3[0m
[32m2023-10-17 15:52:36.241 DEBUG    [DC4100_LED.py:89] DC4100: Sending o 2 1[0m
[32m2023-10-17 15:52:36.349 DEBUG    [DC4100_LED.py:92] DC4100: Received b''[0m
[1;35m2023-10-17 15:52:36.349 CRITICAL [DC4100_LED.py:219] 4[0m
[32m2023-10-17 15:52:36.350 DEBUG    [DC4100_LED.py:89] DC4100: Sending o 3 1[0m
[32m2023-10-17 15:52:36.457 DEBUG    [DC4100_LED.py:92] DC4100: Received b''[0m
[32m2023-10-17 15:52:36.457 DEBUG    [DC4100_LED.py:89] DC4100: Sending o 1 1[0m
[32m2023-10-17 15:52:36.567 DEBUG    [DC4100_LED.py:92] DC4100: Received b''[0m
[32m2023-10-17 15:52:36.567 DEBUG    [DC4100_LED.py:89] DC4100: Sending l 1 1000[0m
[32m2023-10-17 15:52:36.676 DEBUG    [DC4100_LED.py:92] DC4100: Received b''[0m
[32m2023-10-17 15:52:36.676 DEBUG    [DC4100_LED.py:89] DC4100: Sending o 2 0[0m
[32m2023-10-17 15:52:36.784 DEBUG    [DC4100_LED.py:92] DC4100: Received b''[0m
[32m2023-10-17 15:52:36.784 DEBUG    [DC4100_LED.py:89] DC4100: Sending o 3 0[0m
[32m2023-10-17 15:52:36.893 DEBUG    [DC4100_LED.py:92] DC4100: Received b''[0m
[32m2023-10-17 15:52:36.893 DEBUG    [DC4100_LED.py:89] DC4100: Sending o 0 0[0m
[32m2023-10-17 15:52:37.1 DEBUG    [DC4100_LED.py:92] DC4100: Received b''[0m
[32m2023-10-17 15:52:38.512 DEBUG    [AcquisitionClass.py:124] 1000[0m
[32m2023-10-17 15:52:38.512 DEBUG    [AcquisitionClass.py:125] 1.0[0m
[32m2023-10-17 15:52:38.513 DEBUG    [AcquisitionClass.py:126] 10000[0m
[32m2023-10-17 15:52:38.513 DEBUG    [AcquisitionClass.py:127] 10[0m
[32m2023-10-17 15:52:38.515 DEBUG    [AcquisitionClass.py:128] 10000[0m
[32m2023-10-17 15:52:38.515 DEBUG    [AcquisitionClass.py:129] 10000[0m
[32m2023-10-17 15:52:38.515 DEBUG    [AcquisitionClass.py:130] 10000[0m
[32m2023-10-17 15:52:53.685 DEBUG    [AcquisitionClass.py:124] 1000[0m
[32m2023-10-17 15:52:53.685 DEBUG    [AcquisitionClass.py:125] 1.0[0m
[32m2023-10-17 15:52:53.685 DEBUG    [AcquisitionClass.py:126] 10000[0m
[32m2023-10-17 15:52:53.685 DEBUG    [AcquisitionClass.py:127] 10[0m
[32m2023-10-17 15:52:53.686 DEBUG    [AcquisitionClass.py:128] 10000[0m
[32m2023-10-17 15:52:53.686 DEBUG    [AcquisitionClass.py:129] 10000[0m
[32m2023-10-17 15:52:53.686 DEBUG    [AcquisitionClass.py:130] 10000[0m
[36m2023-10-17 15:52:56.98 INFO     [AcquisitionClass.py:516] frequency: 10.000 
 amplitude 0.200 
 offset 1.000  
 acquisiton time 20.000 
 points per period 1000.000 
 number of periods 10.000[0m
[36m2023-10-17 15:53:16.203 INFO     [AcquisitionClass.py:629] Shutting down all LEDs for 1 seconds[0m
[36m2023-10-17 15:53:16.281 INFO     [AcquisitionClass.py:370] Did not start digital generator, check generator_analog_channels[0m
[36m2023-10-17 15:54:37.469 INFO     [AcquisitionClass.py:516] frequency: 10.000 
 amplitude 0.200 
 offset 1.000  
 acquisiton time 20.000 
 points per period 1000.000 
 number of periods 10.000[0m
[36m2023-10-17 15:54:57.559 INFO     [AcquisitionClass.py:629] Shutting down all LEDs for 1 seconds[0m
[36m2023-10-17 15:54:57.636 INFO     [AcquisitionClass.py:370] Did not start digital generator, check generator_analog_channels[0m
