[32m2023-10-24 09:36:54.928 DEBUG    [DC4100_LED.py:69] Serial<id=0x24a147a5610, open=True>(port='COM5', baudrate=115200, bytesize=8, parity='N', stopbits=1, timeout=0.1, xonxoff=0, rtscts=0, dsrdtr=False)[0m
[32m2023-10-24 09:36:54.928 DEBUG    [DC4100_LED.py:89] DC4100: Sending o 0 0[0m
[32m2023-10-24 09:36:55.36 DEBUG    [DC4100_LED.py:92] DC4100: Received b''[0m
[32m2023-10-24 09:36:55.36 DEBUG    [DC4100_LED.py:89] DC4100: Sending o 1 0[0m
[32m2023-10-24 09:36:55.145 DEBUG    [DC4100_LED.py:92] DC4100: Received b''[0m
[32m2023-10-24 09:36:55.145 DEBUG    [DC4100_LED.py:89] DC4100: Sending o 2 0[0m
[32m2023-10-24 09:36:55.254 DEBUG    [DC4100_LED.py:92] DC4100: Received b''[0m
[32m2023-10-24 09:36:55.254 DEBUG    [DC4100_LED.py:89] DC4100: Sending o 3 0[0m
[32m2023-10-24 09:36:55.362 DEBUG    [DC4100_LED.py:92] DC4100: Received b''[0m
[1;35m2023-10-24 09:36:55.362 CRITICAL [DC4100_LED.py:164] setting mode[0m
[32m2023-10-24 09:36:55.362 DEBUG    [DC4100_LED.py:89] DC4100: Sending m 2[0m
[32m2023-10-24 09:36:55.470 DEBUG    [DC4100_LED.py:92] DC4100: Received b''[0m
[32m2023-10-24 09:36:56.484 DEBUG    [DC4100_LED.py:89] DC4100: Sending m?[0m
[32m2023-10-24 09:36:56.486 DEBUG    [DC4100_LED.py:92] DC4100: Received b'2\r\n'[0m
[36m2023-10-24 09:36:56.486 INFO     [DC4100_LED.py:215] External Control Mode[0m
[1;35m2023-10-24 09:36:56.486 CRITICAL [DC4100_LED.py:219] 1[0m
[32m2023-10-24 09:36:56.486 DEBUG    [DC4100_LED.py:89] DC4100: Sending o 0 1[0m
[32m2023-10-24 09:36:56.594 DEBUG    [DC4100_LED.py:92] DC4100: Received b''[0m
[1;35m2023-10-24 09:36:56.594 CRITICAL [DC4100_LED.py:219] 2[0m
[32m2023-10-24 09:36:56.594 DEBUG    [DC4100_LED.py:89] DC4100: Sending o 1 1[0m
[32m2023-10-24 09:36:56.702 DEBUG    [DC4100_LED.py:92] DC4100: Received b''[0m
[1;35m2023-10-24 09:36:56.702 CRITICAL [DC4100_LED.py:219] 3[0m
[32m2023-10-24 09:36:56.702 DEBUG    [DC4100_LED.py:89] DC4100: Sending o 2 1[0m
[32m2023-10-24 09:36:56.811 DEBUG    [DC4100_LED.py:92] DC4100: Received b''[0m
[1;35m2023-10-24 09:36:56.812 CRITICAL [DC4100_LED.py:219] 4[0m
[32m2023-10-24 09:36:56.812 DEBUG    [DC4100_LED.py:89] DC4100: Sending o 3 1[0m
[32m2023-10-24 09:36:56.921 DEBUG    [DC4100_LED.py:92] DC4100: Received b''[0m
[32m2023-10-24 09:36:56.922 DEBUG    [DC4100_LED.py:89] DC4100: Sending o 1 1[0m
[32m2023-10-24 09:36:57.31 DEBUG    [DC4100_LED.py:92] DC4100: Received b''[0m
[32m2023-10-24 09:36:57.32 DEBUG    [DC4100_LED.py:89] DC4100: Sending l 1 450[0m
[32m2023-10-24 09:36:57.140 DEBUG    [DC4100_LED.py:92] DC4100: Received b''[0m
[32m2023-10-24 09:36:57.140 DEBUG    [DC4100_LED.py:89] DC4100: Sending o 2 1[0m
[32m2023-10-24 09:36:57.248 DEBUG    [DC4100_LED.py:92] DC4100: Received b''[0m
[32m2023-10-24 09:36:57.248 DEBUG    [DC4100_LED.py:89] DC4100: Sending l 2 150[0m
[32m2023-10-24 09:36:57.355 DEBUG    [DC4100_LED.py:92] DC4100: Received b''[0m
[32m2023-10-24 09:36:57.355 DEBUG    [DC4100_LED.py:89] DC4100: Sending o 3 1[0m
[32m2023-10-24 09:36:57.464 DEBUG    [DC4100_LED.py:92] DC4100: Received b''[0m
[32m2023-10-24 09:36:57.464 DEBUG    [DC4100_LED.py:89] DC4100: Sending l 3 150[0m
[32m2023-10-24 09:36:57.573 DEBUG    [DC4100_LED.py:92] DC4100: Received b''[0m
[32m2023-10-24 09:36:57.573 DEBUG    [DC4100_LED.py:89] DC4100: Sending o 0 0[0m
[32m2023-10-24 09:36:57.681 DEBUG    [DC4100_LED.py:92] DC4100: Received b''[0m
[32m2023-10-24 09:36:58.971 DEBUG    [AcquisitionClass.py:124] 1000[0m
[32m2023-10-24 09:36:58.971 DEBUG    [AcquisitionClass.py:125] 1.0[0m
[32m2023-10-24 09:36:58.972 DEBUG    [AcquisitionClass.py:126] 10000[0m
[32m2023-10-24 09:36:58.972 DEBUG    [AcquisitionClass.py:127] 10[0m
[32m2023-10-24 09:36:58.972 DEBUG    [AcquisitionClass.py:128] 10000[0m
[32m2023-10-24 09:36:58.973 DEBUG    [AcquisitionClass.py:129] 10000[0m
[32m2023-10-24 09:36:58.973 DEBUG    [AcquisitionClass.py:130] 10000[0m
[32m2023-10-24 09:56:47.934 DEBUG    [DC4100_LED.py:89] DC4100: Sending o 1 0[0m
[32m2023-10-24 09:56:48.43 DEBUG    [DC4100_LED.py:92] DC4100: Received b''[0m
[36m2023-10-24 09:56:48.43 INFO     [AcquisitionClass.py:516] frequency: 10.000 
 amplitude 0.200 
 offset 1.000  
 acquisiton time 2052.000 
 points per period 1000.000 
 number of periods 10.000[0m
[1;31m2023-10-24 10:11:38.991 ERROR    [AcquisitionClass.py:529] Voltage saturation of the MPPC fluorescence reader[0m
[1;35m2023-10-24 10:11:49.989 CRITICAL [qE_OJIP_calib.py:139] 0.0011599973119514949[0m
