[32m2023-10-23 17:25:01.375 DEBUG    [DC4100_LED.py:69] Serial<id=0x1fc016c3c70, open=True>(port='COM5', baudrate=115200, bytesize=8, parity='N', stopbits=1, timeout=0.1, xonxoff=0, rtscts=0, dsrdtr=False)[0m
[32m2023-10-23 17:25:01.376 DEBUG    [DC4100_LED.py:89] DC4100: Sending o 0 0[0m
[32m2023-10-23 17:25:01.485 DEBUG    [DC4100_LED.py:92] DC4100: Received b''[0m
[32m2023-10-23 17:25:01.485 DEBUG    [DC4100_LED.py:89] DC4100: Sending o 1 0[0m
[32m2023-10-23 17:25:01.593 DEBUG    [DC4100_LED.py:92] DC4100: Received b''[0m
[32m2023-10-23 17:25:01.593 DEBUG    [DC4100_LED.py:89] DC4100: Sending o 2 0[0m
[32m2023-10-23 17:25:01.702 DEBUG    [DC4100_LED.py:92] DC4100: Received b''[0m
[32m2023-10-23 17:25:01.702 DEBUG    [DC4100_LED.py:89] DC4100: Sending o 3 0[0m
[32m2023-10-23 17:25:01.810 DEBUG    [DC4100_LED.py:92] DC4100: Received b''[0m
[1;35m2023-10-23 17:25:01.810 CRITICAL [DC4100_LED.py:164] setting mode[0m
[32m2023-10-23 17:25:01.810 DEBUG    [DC4100_LED.py:89] DC4100: Sending m 2[0m
[32m2023-10-23 17:25:01.918 DEBUG    [DC4100_LED.py:92] DC4100: Received b''[0m
[32m2023-10-23 17:25:02.930 DEBUG    [DC4100_LED.py:89] DC4100: Sending m?[0m
[32m2023-10-23 17:25:02.931 DEBUG    [DC4100_LED.py:92] DC4100: Received b'2\r\n'[0m
[36m2023-10-23 17:25:02.931 INFO     [DC4100_LED.py:215] External Control Mode[0m
[1;35m2023-10-23 17:25:02.931 CRITICAL [DC4100_LED.py:219] 1[0m
[32m2023-10-23 17:25:02.931 DEBUG    [DC4100_LED.py:89] DC4100: Sending o 0 1[0m
[32m2023-10-23 17:25:03.36 DEBUG    [DC4100_LED.py:92] DC4100: Received b''[0m
[1;35m2023-10-23 17:25:03.36 CRITICAL [DC4100_LED.py:219] 2[0m
[32m2023-10-23 17:25:03.36 DEBUG    [DC4100_LED.py:89] DC4100: Sending o 1 1[0m
[32m2023-10-23 17:25:03.145 DEBUG    [DC4100_LED.py:92] DC4100: Received b''[0m
[1;35m2023-10-23 17:25:03.145 CRITICAL [DC4100_LED.py:219] 3[0m
[32m2023-10-23 17:25:03.145 DEBUG    [DC4100_LED.py:89] DC4100: Sending o 2 1[0m
[32m2023-10-23 17:25:03.253 DEBUG    [DC4100_LED.py:92] DC4100: Received b''[0m
[1;35m2023-10-23 17:25:03.253 CRITICAL [DC4100_LED.py:219] 4[0m
[32m2023-10-23 17:25:03.253 DEBUG    [DC4100_LED.py:89] DC4100: Sending o 3 1[0m
[32m2023-10-23 17:25:03.362 DEBUG    [DC4100_LED.py:92] DC4100: Received b''[0m
[32m2023-10-23 17:25:03.362 DEBUG    [DC4100_LED.py:89] DC4100: Sending o 1 1[0m
[32m2023-10-23 17:25:03.471 DEBUG    [DC4100_LED.py:92] DC4100: Received b''[0m
[32m2023-10-23 17:25:03.471 DEBUG    [DC4100_LED.py:89] DC4100: Sending l 1 30[0m
[32m2023-10-23 17:25:03.580 DEBUG    [DC4100_LED.py:92] DC4100: Received b''[0m
[32m2023-10-23 17:25:03.580 DEBUG    [DC4100_LED.py:89] DC4100: Sending o 2 1[0m
[32m2023-10-23 17:25:03.689 DEBUG    [DC4100_LED.py:92] DC4100: Received b''[0m
[32m2023-10-23 17:25:03.689 DEBUG    [DC4100_LED.py:89] DC4100: Sending l 2 150[0m
[32m2023-10-23 17:25:03.797 DEBUG    [DC4100_LED.py:92] DC4100: Received b''[0m
[32m2023-10-23 17:25:03.797 DEBUG    [DC4100_LED.py:89] DC4100: Sending o 3 1[0m
[32m2023-10-23 17:25:03.906 DEBUG    [DC4100_LED.py:92] DC4100: Received b''[0m
[32m2023-10-23 17:25:03.906 DEBUG    [DC4100_LED.py:89] DC4100: Sending l 3 100[0m
[32m2023-10-23 17:25:04.13 DEBUG    [DC4100_LED.py:92] DC4100: Received b''[0m
[32m2023-10-23 17:25:04.13 DEBUG    [DC4100_LED.py:89] DC4100: Sending o 0 0[0m
[32m2023-10-23 17:25:04.120 DEBUG    [DC4100_LED.py:92] DC4100: Received b''[0m
[32m2023-10-23 17:25:05.418 DEBUG    [AcquisitionClass.py:124] 1000[0m
[32m2023-10-23 17:25:05.418 DEBUG    [AcquisitionClass.py:125] 1.0[0m
[32m2023-10-23 17:25:05.419 DEBUG    [AcquisitionClass.py:126] 10000[0m
[32m2023-10-23 17:25:05.419 DEBUG    [AcquisitionClass.py:127] 10[0m
[32m2023-10-23 17:25:05.419 DEBUG    [AcquisitionClass.py:128] 10000[0m
[32m2023-10-23 17:25:05.419 DEBUG    [AcquisitionClass.py:129] 10000[0m
[32m2023-10-23 17:25:05.420 DEBUG    [AcquisitionClass.py:130] 10000[0m
