[32m2023-10-24 10:12:00.760 DEBUG    [DC4100_LED.py:69] Serial<id=0x177cf2c6610, open=True>(port='COM5', baudrate=115200, bytesize=8, parity='N', stopbits=1, timeout=0.1, xonxoff=0, rtscts=0, dsrdtr=False)[0m
[32m2023-10-24 10:12:00.760 DEBUG    [DC4100_LED.py:89] DC4100: Sending o 0 0[0m
[32m2023-10-24 10:12:00.869 DEBUG    [DC4100_LED.py:92] DC4100: Received b''[0m
[32m2023-10-24 10:12:00.869 DEBUG    [DC4100_LED.py:89] DC4100: Sending o 1 0[0m
[32m2023-10-24 10:12:00.977 DEBUG    [DC4100_LED.py:92] DC4100: Received b''[0m
[32m2023-10-24 10:12:00.977 DEBUG    [DC4100_LED.py:89] DC4100: Sending o 2 0[0m
[32m2023-10-24 10:12:01.102 DEBUG    [DC4100_LED.py:92] DC4100: Received b''[0m
[32m2023-10-24 10:12:01.102 DEBUG    [DC4100_LED.py:89] DC4100: Sending o 3 0[0m
[32m2023-10-24 10:12:01.209 DEBUG    [DC4100_LED.py:92] DC4100: Received b''[0m
[1;35m2023-10-24 10:12:01.209 CRITICAL [DC4100_LED.py:164] setting mode[0m
[32m2023-10-24 10:12:01.209 DEBUG    [DC4100_LED.py:89] DC4100: Sending m 2[0m
[32m2023-10-24 10:12:01.318 DEBUG    [DC4100_LED.py:92] DC4100: Received b''[0m
[32m2023-10-24 10:12:02.322 DEBUG    [DC4100_LED.py:89] DC4100: Sending m?[0m
[32m2023-10-24 10:12:02.324 DEBUG    [DC4100_LED.py:92] DC4100: Received b'2\r\n'[0m
[36m2023-10-24 10:12:02.324 INFO     [DC4100_LED.py:215] External Control Mode[0m
[1;35m2023-10-24 10:12:02.324 CRITICAL [DC4100_LED.py:219] 1[0m
[32m2023-10-24 10:12:02.324 DEBUG    [DC4100_LED.py:89] DC4100: Sending o 0 1[0m
[32m2023-10-24 10:12:02.432 DEBUG    [DC4100_LED.py:92] DC4100: Received b''[0m
[1;35m2023-10-24 10:12:02.432 CRITICAL [DC4100_LED.py:219] 2[0m
[32m2023-10-24 10:12:02.432 DEBUG    [DC4100_LED.py:89] DC4100: Sending o 1 1[0m
[32m2023-10-24 10:12:02.540 DEBUG    [DC4100_LED.py:92] DC4100: Received b''[0m
[1;35m2023-10-24 10:12:02.540 CRITICAL [DC4100_LED.py:219] 3[0m
[32m2023-10-24 10:12:02.540 DEBUG    [DC4100_LED.py:89] DC4100: Sending o 2 1[0m
[32m2023-10-24 10:12:02.647 DEBUG    [DC4100_LED.py:92] DC4100: Received b''[0m
[1;35m2023-10-24 10:12:02.647 CRITICAL [DC4100_LED.py:219] 4[0m
[32m2023-10-24 10:12:02.647 DEBUG    [DC4100_LED.py:89] DC4100: Sending o 3 1[0m
[32m2023-10-24 10:12:02.756 DEBUG    [DC4100_LED.py:92] DC4100: Received b''[0m
[32m2023-10-24 10:12:02.756 DEBUG    [DC4100_LED.py:89] DC4100: Sending o 1 1[0m
[32m2023-10-24 10:12:02.865 DEBUG    [DC4100_LED.py:92] DC4100: Received b''[0m
[32m2023-10-24 10:12:02.865 DEBUG    [DC4100_LED.py:89] DC4100: Sending l 1 450[0m
[32m2023-10-24 10:12:02.974 DEBUG    [DC4100_LED.py:92] DC4100: Received b''[0m
[32m2023-10-24 10:12:02.974 DEBUG    [DC4100_LED.py:89] DC4100: Sending o 2 1[0m
[32m2023-10-24 10:12:03.84 DEBUG    [DC4100_LED.py:92] DC4100: Received b''[0m
[32m2023-10-24 10:12:03.84 DEBUG    [DC4100_LED.py:89] DC4100: Sending l 2 150[0m
[32m2023-10-24 10:12:03.193 DEBUG    [DC4100_LED.py:92] DC4100: Received b''[0m
[32m2023-10-24 10:12:03.193 DEBUG    [DC4100_LED.py:89] DC4100: Sending o 3 1[0m
[32m2023-10-24 10:12:03.301 DEBUG    [DC4100_LED.py:92] DC4100: Received b''[0m
[32m2023-10-24 10:12:03.301 DEBUG    [DC4100_LED.py:89] DC4100: Sending l 3 150[0m
[32m2023-10-24 10:12:03.408 DEBUG    [DC4100_LED.py:92] DC4100: Received b''[0m
[32m2023-10-24 10:12:03.408 DEBUG    [DC4100_LED.py:89] DC4100: Sending o 0 0[0m
[32m2023-10-24 10:12:03.516 DEBUG    [DC4100_LED.py:92] DC4100: Received b''[0m
[32m2023-10-24 10:12:04.801 DEBUG    [AcquisitionClass.py:124] 1000[0m
[32m2023-10-24 10:12:04.801 DEBUG    [AcquisitionClass.py:125] 1.0[0m
[32m2023-10-24 10:12:04.802 DEBUG    [AcquisitionClass.py:126] 10000[0m
[32m2023-10-24 10:12:04.802 DEBUG    [AcquisitionClass.py:127] 10[0m
[32m2023-10-24 10:12:04.803 DEBUG    [AcquisitionClass.py:128] 10000[0m
[32m2023-10-24 10:12:04.803 DEBUG    [AcquisitionClass.py:129] 10000[0m
[32m2023-10-24 10:12:04.803 DEBUG    [AcquisitionClass.py:130] 10000[0m
[32m2023-10-24 10:31:55.351 DEBUG    [DC4100_LED.py:89] DC4100: Sending o 1 0[0m
[32m2023-10-24 10:31:55.460 DEBUG    [DC4100_LED.py:92] DC4100: Received b''[0m
[36m2023-10-24 10:31:55.460 INFO     [AcquisitionClass.py:516] frequency: 10.000 
 amplitude 0.200 
 offset 1.000  
 acquisiton time 2052.000 
 points per period 1000.000 
 number of periods 10.000[0m
[1;31m2023-10-24 10:46:46.396 ERROR    [AcquisitionClass.py:529] Voltage saturation of the MPPC fluorescence reader[0m
[1;35m2023-10-24 10:46:57.326 CRITICAL [qE_OJIP_calib.py:139] 0.001185100155788277[0m
