[32m2023-10-25 12:45:13.314 DEBUG    [DC4100_LED.py:69] Serial<id=0x22fee1f0c70, open=True>(port='COM5', baudrate=115200, bytesize=8, parity='N', stopbits=1, timeout=0.1, xonxoff=0, rtscts=0, dsrdtr=False)[0m
[32m2023-10-25 12:45:13.314 DEBUG    [DC4100_LED.py:89] DC4100: Sending o 0 0[0m
[32m2023-10-25 12:45:13.425 DEBUG    [DC4100_LED.py:92] DC4100: Received b''[0m
[32m2023-10-25 12:45:13.425 DEBUG    [DC4100_LED.py:89] DC4100: Sending o 1 0[0m
[32m2023-10-25 12:45:13.535 DEBUG    [DC4100_LED.py:92] DC4100: Received b''[0m
[32m2023-10-25 12:45:13.535 DEBUG    [DC4100_LED.py:89] DC4100: Sending o 2 0[0m
[32m2023-10-25 12:45:13.642 DEBUG    [DC4100_LED.py:92] DC4100: Received b''[0m
[32m2023-10-25 12:45:13.642 DEBUG    [DC4100_LED.py:89] DC4100: Sending o 3 0[0m
[32m2023-10-25 12:45:13.750 DEBUG    [DC4100_LED.py:92] DC4100: Received b''[0m
[1;35m2023-10-25 12:45:13.750 CRITICAL [DC4100_LED.py:164] setting mode[0m
[32m2023-10-25 12:45:13.750 DEBUG    [DC4100_LED.py:89] DC4100: Sending m 2[0m
[32m2023-10-25 12:45:13.859 DEBUG    [DC4100_LED.py:92] DC4100: Received b''[0m
[32m2023-10-25 12:45:14.872 DEBUG    [DC4100_LED.py:89] DC4100: Sending m?[0m
[32m2023-10-25 12:45:14.874 DEBUG    [DC4100_LED.py:92] DC4100: Received b'2\r\n'[0m
[36m2023-10-25 12:45:14.874 INFO     [DC4100_LED.py:215] External Control Mode[0m
[1;35m2023-10-25 12:45:14.874 CRITICAL [DC4100_LED.py:219] 1[0m
[32m2023-10-25 12:45:14.874 DEBUG    [DC4100_LED.py:89] DC4100: Sending o 0 1[0m
[32m2023-10-25 12:45:14.980 DEBUG    [DC4100_LED.py:92] DC4100: Received b''[0m
[1;35m2023-10-25 12:45:14.980 CRITICAL [DC4100_LED.py:219] 2[0m
[32m2023-10-25 12:45:14.980 DEBUG    [DC4100_LED.py:89] DC4100: Sending o 1 1[0m
[32m2023-10-25 12:45:15.89 DEBUG    [DC4100_LED.py:92] DC4100: Received b''[0m
[1;35m2023-10-25 12:45:15.89 CRITICAL [DC4100_LED.py:219] 3[0m
[32m2023-10-25 12:45:15.89 DEBUG    [DC4100_LED.py:89] DC4100: Sending o 2 1[0m
[32m2023-10-25 12:45:15.199 DEBUG    [DC4100_LED.py:92] DC4100: Received b''[0m
[1;35m2023-10-25 12:45:15.199 CRITICAL [DC4100_LED.py:219] 4[0m
[32m2023-10-25 12:45:15.199 DEBUG    [DC4100_LED.py:89] DC4100: Sending o 3 1[0m
[32m2023-10-25 12:45:15.309 DEBUG    [DC4100_LED.py:92] DC4100: Received b''[0m
[32m2023-10-25 12:45:15.309 DEBUG    [DC4100_LED.py:89] DC4100: Sending o 1 1[0m
[32m2023-10-25 12:45:15.418 DEBUG    [DC4100_LED.py:92] DC4100: Received b''[0m
[32m2023-10-25 12:45:15.418 DEBUG    [DC4100_LED.py:89] DC4100: Sending l 1 30[0m
[32m2023-10-25 12:45:15.526 DEBUG    [DC4100_LED.py:92] DC4100: Received b''[0m
[32m2023-10-25 12:45:15.526 DEBUG    [DC4100_LED.py:89] DC4100: Sending o 2 1[0m
[32m2023-10-25 12:45:15.635 DEBUG    [DC4100_LED.py:92] DC4100: Received b''[0m
[32m2023-10-25 12:45:15.635 DEBUG    [DC4100_LED.py:89] DC4100: Sending l 2 150[0m
[32m2023-10-25 12:45:15.744 DEBUG    [DC4100_LED.py:92] DC4100: Received b''[0m
[32m2023-10-25 12:45:15.744 DEBUG    [DC4100_LED.py:89] DC4100: Sending o 3 1[0m
[32m2023-10-25 12:45:15.854 DEBUG    [DC4100_LED.py:92] DC4100: Received b''[0m
[32m2023-10-25 12:45:15.854 DEBUG    [DC4100_LED.py:89] DC4100: Sending l 3 100[0m
[32m2023-10-25 12:45:15.963 DEBUG    [DC4100_LED.py:92] DC4100: Received b''[0m
[32m2023-10-25 12:45:15.963 DEBUG    [DC4100_LED.py:89] DC4100: Sending o 0 0[0m
[32m2023-10-25 12:45:16.71 DEBUG    [DC4100_LED.py:92] DC4100: Received b''[0m
[32m2023-10-25 12:45:17.356 DEBUG    [AcquisitionClass.py:124] 1000[0m
[32m2023-10-25 12:45:17.356 DEBUG    [AcquisitionClass.py:125] 1.0[0m
[32m2023-10-25 12:45:17.356 DEBUG    [AcquisitionClass.py:126] 10000[0m
[32m2023-10-25 12:45:17.357 DEBUG    [AcquisitionClass.py:127] 10[0m
[32m2023-10-25 12:45:17.357 DEBUG    [AcquisitionClass.py:128] 10000[0m
[32m2023-10-25 12:45:17.357 DEBUG    [AcquisitionClass.py:129] 10000[0m
[32m2023-10-25 12:45:17.357 DEBUG    [AcquisitionClass.py:130] 10000[0m
