[32m2023-10-25 11:35:01.377 DEBUG    [DC4100_LED.py:69] Serial<id=0x207ab885610, open=True>(port='COM5', baudrate=115200, bytesize=8, parity='N', stopbits=1, timeout=0.1, xonxoff=0, rtscts=0, dsrdtr=False)[0m
[32m2023-10-25 11:35:01.377 DEBUG    [DC4100_LED.py:89] DC4100: Sending o 0 0[0m
[32m2023-10-25 11:35:01.485 DEBUG    [DC4100_LED.py:92] DC4100: Received b''[0m
[32m2023-10-25 11:35:01.485 DEBUG    [DC4100_LED.py:89] DC4100: Sending o 1 0[0m
[32m2023-10-25 11:35:01.595 DEBUG    [DC4100_LED.py:92] DC4100: Received b''[0m
[32m2023-10-25 11:35:01.595 DEBUG    [DC4100_LED.py:89] DC4100: Sending o 2 0[0m
[32m2023-10-25 11:35:01.719 DEBUG    [DC4100_LED.py:92] DC4100: Received b''[0m
[32m2023-10-25 11:35:01.719 DEBUG    [DC4100_LED.py:89] DC4100: Sending o 3 0[0m
[32m2023-10-25 11:35:01.829 DEBUG    [DC4100_LED.py:92] DC4100: Received b''[0m
[1;35m2023-10-25 11:35:01.829 CRITICAL [DC4100_LED.py:164] setting mode[0m
[32m2023-10-25 11:35:01.829 DEBUG    [DC4100_LED.py:89] DC4100: Sending m 2[0m
[32m2023-10-25 11:35:01.939 DEBUG    [DC4100_LED.py:92] DC4100: Received b''[0m
[32m2023-10-25 11:35:02.942 DEBUG    [DC4100_LED.py:89] DC4100: Sending m?[0m
[32m2023-10-25 11:35:02.944 DEBUG    [DC4100_LED.py:92] DC4100: Received b'2\r\n'[0m
[36m2023-10-25 11:35:02.944 INFO     [DC4100_LED.py:215] External Control Mode[0m
[1;35m2023-10-25 11:35:02.944 CRITICAL [DC4100_LED.py:219] 1[0m
[32m2023-10-25 11:35:02.944 DEBUG    [DC4100_LED.py:89] DC4100: Sending o 0 1[0m
[32m2023-10-25 11:35:03.51 DEBUG    [DC4100_LED.py:92] DC4100: Received b''[0m
[1;35m2023-10-25 11:35:03.51 CRITICAL [DC4100_LED.py:219] 2[0m
[32m2023-10-25 11:35:03.51 DEBUG    [DC4100_LED.py:89] DC4100: Sending o 1 1[0m
[32m2023-10-25 11:35:03.161 DEBUG    [DC4100_LED.py:92] DC4100: Received b''[0m
[1;35m2023-10-25 11:35:03.161 CRITICAL [DC4100_LED.py:219] 3[0m
[32m2023-10-25 11:35:03.161 DEBUG    [DC4100_LED.py:89] DC4100: Sending o 2 1[0m
[32m2023-10-25 11:35:03.271 DEBUG    [DC4100_LED.py:92] DC4100: Received b''[0m
[1;35m2023-10-25 11:35:03.271 CRITICAL [DC4100_LED.py:219] 4[0m
[32m2023-10-25 11:35:03.271 DEBUG    [DC4100_LED.py:89] DC4100: Sending o 3 1[0m
[32m2023-10-25 11:35:03.379 DEBUG    [DC4100_LED.py:92] DC4100: Received b''[0m
[32m2023-10-25 11:35:03.379 DEBUG    [DC4100_LED.py:89] DC4100: Sending o 1 1[0m
[32m2023-10-25 11:35:03.489 DEBUG    [DC4100_LED.py:92] DC4100: Received b''[0m
[32m2023-10-25 11:35:03.489 DEBUG    [DC4100_LED.py:89] DC4100: Sending l 1 450[0m
[32m2023-10-25 11:35:03.598 DEBUG    [DC4100_LED.py:92] DC4100: Received b''[0m
[32m2023-10-25 11:35:03.598 DEBUG    [DC4100_LED.py:89] DC4100: Sending o 2 1[0m
[32m2023-10-25 11:35:03.708 DEBUG    [DC4100_LED.py:92] DC4100: Received b''[0m
[32m2023-10-25 11:35:03.708 DEBUG    [DC4100_LED.py:89] DC4100: Sending l 2 150[0m
[32m2023-10-25 11:35:03.817 DEBUG    [DC4100_LED.py:92] DC4100: Received b''[0m
[32m2023-10-25 11:35:03.817 DEBUG    [DC4100_LED.py:89] DC4100: Sending o 3 1[0m
[32m2023-10-25 11:35:03.926 DEBUG    [DC4100_LED.py:92] DC4100: Received b''[0m
[32m2023-10-25 11:35:03.926 DEBUG    [DC4100_LED.py:89] DC4100: Sending l 3 150[0m
[32m2023-10-25 11:35:04.35 DEBUG    [DC4100_LED.py:92] DC4100: Received b''[0m
[32m2023-10-25 11:35:04.35 DEBUG    [DC4100_LED.py:89] DC4100: Sending o 0 0[0m
[32m2023-10-25 11:35:04.144 DEBUG    [DC4100_LED.py:92] DC4100: Received b''[0m
[32m2023-10-25 11:35:05.421 DEBUG    [AcquisitionClass.py:124] 1000[0m
[32m2023-10-25 11:35:05.421 DEBUG    [AcquisitionClass.py:125] 1.0[0m
[32m2023-10-25 11:35:05.421 DEBUG    [AcquisitionClass.py:126] 10000[0m
[32m2023-10-25 11:35:05.422 DEBUG    [AcquisitionClass.py:127] 10[0m
[32m2023-10-25 11:35:05.422 DEBUG    [AcquisitionClass.py:128] 10000[0m
[32m2023-10-25 11:35:05.422 DEBUG    [AcquisitionClass.py:129] 10000[0m
[32m2023-10-25 11:35:05.422 DEBUG    [AcquisitionClass.py:130] 10000[0m
[32m2023-10-25 11:54:55.974 DEBUG    [DC4100_LED.py:89] DC4100: Sending o 1 0[0m
[32m2023-10-25 11:54:56.81 DEBUG    [DC4100_LED.py:92] DC4100: Received b''[0m
[36m2023-10-25 11:54:56.81 INFO     [AcquisitionClass.py:516] frequency: 10.000 
 amplitude 0.200 
 offset 1.000  
 acquisiton time 2052.000 
 points per period 1000.000 
 number of periods 10.000[0m
[1;31m2023-10-25 12:09:47.20 ERROR    [AcquisitionClass.py:529] Voltage saturation of the MPPC fluorescence reader[0m
[1;35m2023-10-25 12:09:58.305 CRITICAL [qE_OJIP_calib.py:139] 0.00018296067418648436[0m
