[32m2023-10-10 11:34:01.951 DEBUG    [DC4100_LED.py:69] Serial<id=0x2437c5e80a0, open=True>(port='COM5', baudrate=115200, bytesize=8, parity='N', stopbits=1, timeout=0.1, xonxoff=0, rtscts=0, dsrdtr=False)[0m
[32m2023-10-10 11:34:01.951 DEBUG    [DC4100_LED.py:89] DC4100: Sending o 0 0[0m
[32m2023-10-10 11:34:02.63 DEBUG    [DC4100_LED.py:92] DC4100: Received b''[0m
[32m2023-10-10 11:34:02.63 DEBUG    [DC4100_LED.py:89] DC4100: Sending o 1 0[0m
[32m2023-10-10 11:34:02.170 DEBUG    [DC4100_LED.py:92] DC4100: Received b''[0m
[32m2023-10-10 11:34:02.170 DEBUG    [DC4100_LED.py:89] DC4100: Sending o 2 0[0m
[32m2023-10-10 11:34:02.279 DEBUG    [DC4100_LED.py:92] DC4100: Received b''[0m
[32m2023-10-10 11:34:02.279 DEBUG    [DC4100_LED.py:89] DC4100: Sending o 3 0[0m
[32m2023-10-10 11:34:02.387 DEBUG    [DC4100_LED.py:92] DC4100: Received b''[0m
[1;35m2023-10-10 11:34:02.387 CRITICAL [DC4100_LED.py:164] setting mode[0m
[32m2023-10-10 11:34:02.387 DEBUG    [DC4100_LED.py:89] DC4100: Sending m 2[0m
[32m2023-10-10 11:34:02.495 DEBUG    [DC4100_LED.py:92] DC4100: Received b''[0m
[32m2023-10-10 11:34:03.507 DEBUG    [DC4100_LED.py:89] DC4100: Sending m?[0m
[32m2023-10-10 11:34:03.509 DEBUG    [DC4100_LED.py:92] DC4100: Received b'2\r\n'[0m
[36m2023-10-10 11:34:03.509 INFO     [DC4100_LED.py:215] External Control Mode[0m
[1;35m2023-10-10 11:34:03.509 CRITICAL [DC4100_LED.py:219] 1[0m
[32m2023-10-10 11:34:03.509 DEBUG    [DC4100_LED.py:89] DC4100: Sending o 0 1[0m
[32m2023-10-10 11:34:03.616 DEBUG    [DC4100_LED.py:92] DC4100: Received b''[0m
[1;35m2023-10-10 11:34:03.616 CRITICAL [DC4100_LED.py:219] 2[0m
[32m2023-10-10 11:34:03.617 DEBUG    [DC4100_LED.py:89] DC4100: Sending o 1 1[0m
[32m2023-10-10 11:34:03.723 DEBUG    [DC4100_LED.py:92] DC4100: Received b''[0m
[1;35m2023-10-10 11:34:03.723 CRITICAL [DC4100_LED.py:219] 3[0m
[32m2023-10-10 11:34:03.724 DEBUG    [DC4100_LED.py:89] DC4100: Sending o 2 1[0m
[32m2023-10-10 11:34:03.833 DEBUG    [DC4100_LED.py:92] DC4100: Received b''[0m
[1;35m2023-10-10 11:34:03.833 CRITICAL [DC4100_LED.py:219] 4[0m
[32m2023-10-10 11:34:03.833 DEBUG    [DC4100_LED.py:89] DC4100: Sending o 3 1[0m
[32m2023-10-10 11:34:03.941 DEBUG    [DC4100_LED.py:92] DC4100: Received b''[0m
[32m2023-10-10 11:34:03.941 DEBUG    [DC4100_LED.py:89] DC4100: Sending o 1 1[0m
[32m2023-10-10 11:34:04.50 DEBUG    [DC4100_LED.py:92] DC4100: Received b''[0m
[32m2023-10-10 11:34:04.50 DEBUG    [DC4100_LED.py:89] DC4100: Sending l 1 1000[0m
[32m2023-10-10 11:34:04.159 DEBUG    [DC4100_LED.py:92] DC4100: Received b''[0m
[32m2023-10-10 11:34:04.159 DEBUG    [DC4100_LED.py:89] DC4100: Sending o 2 0[0m
[32m2023-10-10 11:34:04.266 DEBUG    [DC4100_LED.py:92] DC4100: Received b''[0m
[32m2023-10-10 11:34:04.266 DEBUG    [DC4100_LED.py:89] DC4100: Sending o 3 0[0m
[32m2023-10-10 11:34:04.376 DEBUG    [DC4100_LED.py:92] DC4100: Received b''[0m
[32m2023-10-10 11:34:04.376 DEBUG    [DC4100_LED.py:89] DC4100: Sending o 0 0[0m
[32m2023-10-10 11:34:04.484 DEBUG    [DC4100_LED.py:92] DC4100: Received b''[0m
[32m2023-10-10 11:34:06.7 DEBUG    [AcquisitionClass.py:124] 1000[0m
[32m2023-10-10 11:34:06.7 DEBUG    [AcquisitionClass.py:125] 1.0[0m
[32m2023-10-10 11:34:06.8 DEBUG    [AcquisitionClass.py:126] 10000[0m
[32m2023-10-10 11:34:06.8 DEBUG    [AcquisitionClass.py:127] 10[0m
[32m2023-10-10 11:34:06.8 DEBUG    [AcquisitionClass.py:128] 10000[0m
[32m2023-10-10 11:34:06.9 DEBUG    [AcquisitionClass.py:129] 10000[0m
[32m2023-10-10 11:34:06.9 DEBUG    [AcquisitionClass.py:130] 10000[0m
