[32m2023-10-10 11:38:12.246 DEBUG    [DC4100_LED.py:69] Serial<id=0x2bb81662fd0, open=True>(port='COM5', baudrate=115200, bytesize=8, parity='N', stopbits=1, timeout=0.1, xonxoff=0, rtscts=0, dsrdtr=False)[0m
[32m2023-10-10 11:38:12.246 DEBUG    [DC4100_LED.py:89] DC4100: Sending o 0 0[0m
[32m2023-10-10 11:38:12.354 DEBUG    [DC4100_LED.py:92] DC4100: Received b''[0m
[32m2023-10-10 11:38:12.354 DEBUG    [DC4100_LED.py:89] DC4100: Sending o 1 0[0m
[32m2023-10-10 11:38:12.462 DEBUG    [DC4100_LED.py:92] DC4100: Received b''[0m
[32m2023-10-10 11:38:12.462 DEBUG    [DC4100_LED.py:89] DC4100: Sending o 2 0[0m
[32m2023-10-10 11:38:12.570 DEBUG    [DC4100_LED.py:92] DC4100: Received b''[0m
[32m2023-10-10 11:38:12.570 DEBUG    [DC4100_LED.py:89] DC4100: Sending o 3 0[0m
[32m2023-10-10 11:38:12.680 DEBUG    [DC4100_LED.py:92] DC4100: Received b''[0m
[1;35m2023-10-10 11:38:12.681 CRITICAL [DC4100_LED.py:164] setting mode[0m
[32m2023-10-10 11:38:12.681 DEBUG    [DC4100_LED.py:89] DC4100: Sending m 2[0m
[32m2023-10-10 11:38:12.787 DEBUG    [DC4100_LED.py:92] DC4100: Received b''[0m
[32m2023-10-10 11:38:13.799 DEBUG    [DC4100_LED.py:89] DC4100: Sending m?[0m
[32m2023-10-10 11:38:13.801 DEBUG    [DC4100_LED.py:92] DC4100: Received b'2\r\n'[0m
[36m2023-10-10 11:38:13.801 INFO     [DC4100_LED.py:215] External Control Mode[0m
[1;35m2023-10-10 11:38:13.801 CRITICAL [DC4100_LED.py:219] 1[0m
[32m2023-10-10 11:38:13.801 DEBUG    [DC4100_LED.py:89] DC4100: Sending o 0 1[0m
[32m2023-10-10 11:38:13.906 DEBUG    [DC4100_LED.py:92] DC4100: Received b''[0m
[1;35m2023-10-10 11:38:13.906 CRITICAL [DC4100_LED.py:219] 2[0m
[32m2023-10-10 11:38:13.906 DEBUG    [DC4100_LED.py:89] DC4100: Sending o 1 1[0m
[32m2023-10-10 11:38:14.16 DEBUG    [DC4100_LED.py:92] DC4100: Received b''[0m
[1;35m2023-10-10 11:38:14.16 CRITICAL [DC4100_LED.py:219] 3[0m
[32m2023-10-10 11:38:14.16 DEBUG    [DC4100_LED.py:89] DC4100: Sending o 2 1[0m
[32m2023-10-10 11:38:14.126 DEBUG    [DC4100_LED.py:92] DC4100: Received b''[0m
[1;35m2023-10-10 11:38:14.126 CRITICAL [DC4100_LED.py:219] 4[0m
[32m2023-10-10 11:38:14.126 DEBUG    [DC4100_LED.py:89] DC4100: Sending o 3 1[0m
[32m2023-10-10 11:38:14.234 DEBUG    [DC4100_LED.py:92] DC4100: Received b''[0m
[32m2023-10-10 11:38:14.234 DEBUG    [DC4100_LED.py:89] DC4100: Sending o 1 1[0m
[32m2023-10-10 11:38:14.341 DEBUG    [DC4100_LED.py:92] DC4100: Received b''[0m
[32m2023-10-10 11:38:14.341 DEBUG    [DC4100_LED.py:89] DC4100: Sending l 1 1000[0m
[32m2023-10-10 11:38:14.449 DEBUG    [DC4100_LED.py:92] DC4100: Received b''[0m
[32m2023-10-10 11:38:14.450 DEBUG    [DC4100_LED.py:89] DC4100: Sending o 2 0[0m
[32m2023-10-10 11:38:14.558 DEBUG    [DC4100_LED.py:92] DC4100: Received b''[0m
[32m2023-10-10 11:38:14.558 DEBUG    [DC4100_LED.py:89] DC4100: Sending o 3 0[0m
[32m2023-10-10 11:38:14.666 DEBUG    [DC4100_LED.py:92] DC4100: Received b''[0m
[32m2023-10-10 11:38:14.666 DEBUG    [DC4100_LED.py:89] DC4100: Sending o 0 0[0m
[32m2023-10-10 11:38:14.774 DEBUG    [DC4100_LED.py:92] DC4100: Received b''[0m
[32m2023-10-10 11:38:16.282 DEBUG    [AcquisitionClass.py:124] 1000[0m
[32m2023-10-10 11:38:16.282 DEBUG    [AcquisitionClass.py:125] 1.0[0m
[32m2023-10-10 11:38:16.283 DEBUG    [AcquisitionClass.py:126] 10000[0m
[32m2023-10-10 11:38:16.283 DEBUG    [AcquisitionClass.py:127] 10[0m
[32m2023-10-10 11:38:16.283 DEBUG    [AcquisitionClass.py:128] 10000[0m
[32m2023-10-10 11:38:16.283 DEBUG    [AcquisitionClass.py:129] 10000[0m
[32m2023-10-10 11:38:16.284 DEBUG    [AcquisitionClass.py:130] 10000[0m
