[32m2023-10-24 19:50:31.779 DEBUG    [DC4100_LED.py:69] Serial<id=0x25930315610, open=True>(port='COM5', baudrate=115200, bytesize=8, parity='N', stopbits=1, timeout=0.1, xonxoff=0, rtscts=0, dsrdtr=False)[0m
[32m2023-10-24 19:50:31.779 DEBUG    [DC4100_LED.py:89] DC4100: Sending o 0 0[0m
[32m2023-10-24 19:50:31.890 DEBUG    [DC4100_LED.py:92] DC4100: Received b''[0m
[32m2023-10-24 19:50:31.890 DEBUG    [DC4100_LED.py:89] DC4100: Sending o 1 0[0m
[32m2023-10-24 19:50:31.999 DEBUG    [DC4100_LED.py:92] DC4100: Received b''[0m
[32m2023-10-24 19:50:31.999 DEBUG    [DC4100_LED.py:89] DC4100: Sending o 2 0[0m
[32m2023-10-24 19:50:32.124 DEBUG    [DC4100_LED.py:92] DC4100: Received b''[0m
[32m2023-10-24 19:50:32.124 DEBUG    [DC4100_LED.py:89] DC4100: Sending o 3 0[0m
[32m2023-10-24 19:50:32.236 DEBUG    [DC4100_LED.py:92] DC4100: Received b''[0m
[1;35m2023-10-24 19:50:32.236 CRITICAL [DC4100_LED.py:164] setting mode[0m
[32m2023-10-24 19:50:32.236 DEBUG    [DC4100_LED.py:89] DC4100: Sending m 2[0m
[32m2023-10-24 19:50:32.347 DEBUG    [DC4100_LED.py:92] DC4100: Received b''[0m
[32m2023-10-24 19:50:33.358 DEBUG    [DC4100_LED.py:89] DC4100: Sending m?[0m
[32m2023-10-24 19:50:33.360 DEBUG    [DC4100_LED.py:92] DC4100: Received b'2\r\n'[0m
[36m2023-10-24 19:50:33.360 INFO     [DC4100_LED.py:215] External Control Mode[0m
[1;35m2023-10-24 19:50:33.360 CRITICAL [DC4100_LED.py:219] 1[0m
[32m2023-10-24 19:50:33.360 DEBUG    [DC4100_LED.py:89] DC4100: Sending o 0 1[0m
[32m2023-10-24 19:50:33.469 DEBUG    [DC4100_LED.py:92] DC4100: Received b''[0m
[1;35m2023-10-24 19:50:33.469 CRITICAL [DC4100_LED.py:219] 2[0m
[32m2023-10-24 19:50:33.469 DEBUG    [DC4100_LED.py:89] DC4100: Sending o 1 1[0m
[32m2023-10-24 19:50:33.577 DEBUG    [DC4100_LED.py:92] DC4100: Received b''[0m
[1;35m2023-10-24 19:50:33.577 CRITICAL [DC4100_LED.py:219] 3[0m
[32m2023-10-24 19:50:33.577 DEBUG    [DC4100_LED.py:89] DC4100: Sending o 2 1[0m
[32m2023-10-24 19:50:33.686 DEBUG    [DC4100_LED.py:92] DC4100: Received b''[0m
[1;35m2023-10-24 19:50:33.686 CRITICAL [DC4100_LED.py:219] 4[0m
[32m2023-10-24 19:50:33.686 DEBUG    [DC4100_LED.py:89] DC4100: Sending o 3 1[0m
[32m2023-10-24 19:50:33.795 DEBUG    [DC4100_LED.py:92] DC4100: Received b''[0m
[32m2023-10-24 19:50:33.795 DEBUG    [DC4100_LED.py:89] DC4100: Sending o 1 1[0m
[32m2023-10-24 19:50:33.904 DEBUG    [DC4100_LED.py:92] DC4100: Received b''[0m
[32m2023-10-24 19:50:33.904 DEBUG    [DC4100_LED.py:89] DC4100: Sending l 1 450[0m
[32m2023-10-24 19:50:34.14 DEBUG    [DC4100_LED.py:92] DC4100: Received b''[0m
[32m2023-10-24 19:50:34.14 DEBUG    [DC4100_LED.py:89] DC4100: Sending o 2 1[0m
[32m2023-10-24 19:50:34.122 DEBUG    [DC4100_LED.py:92] DC4100: Received b''[0m
[32m2023-10-24 19:50:34.122 DEBUG    [DC4100_LED.py:89] DC4100: Sending l 2 150[0m
[32m2023-10-24 19:50:34.232 DEBUG    [DC4100_LED.py:92] DC4100: Received b''[0m
[32m2023-10-24 19:50:34.232 DEBUG    [DC4100_LED.py:89] DC4100: Sending o 3 1[0m
[32m2023-10-24 19:50:34.342 DEBUG    [DC4100_LED.py:92] DC4100: Received b''[0m
[32m2023-10-24 19:50:34.342 DEBUG    [DC4100_LED.py:89] DC4100: Sending l 3 150[0m
[32m2023-10-24 19:50:34.451 DEBUG    [DC4100_LED.py:92] DC4100: Received b''[0m
[32m2023-10-24 19:50:34.451 DEBUG    [DC4100_LED.py:89] DC4100: Sending o 0 0[0m
[32m2023-10-24 19:50:34.559 DEBUG    [DC4100_LED.py:92] DC4100: Received b''[0m
[32m2023-10-24 19:50:35.820 DEBUG    [AcquisitionClass.py:124] 1000[0m
[32m2023-10-24 19:50:35.820 DEBUG    [AcquisitionClass.py:125] 1.0[0m
[32m2023-10-24 19:50:35.821 DEBUG    [AcquisitionClass.py:126] 10000[0m
[32m2023-10-24 19:50:35.821 DEBUG    [AcquisitionClass.py:127] 10[0m
[32m2023-10-24 19:50:35.821 DEBUG    [AcquisitionClass.py:128] 10000[0m
[32m2023-10-24 19:50:35.821 DEBUG    [AcquisitionClass.py:129] 10000[0m
[32m2023-10-24 19:50:35.822 DEBUG    [AcquisitionClass.py:130] 10000[0m
[32m2023-10-24 20:10:26.379 DEBUG    [DC4100_LED.py:89] DC4100: Sending o 1 0[0m
[32m2023-10-24 20:10:26.489 DEBUG    [DC4100_LED.py:92] DC4100: Received b''[0m
[36m2023-10-24 20:10:26.489 INFO     [AcquisitionClass.py:516] frequency: 10.000 
 amplitude 0.200 
 offset 1.000  
 acquisiton time 2052.000 
 points per period 1000.000 
 number of periods 10.000[0m
[1;31m2023-10-24 20:25:17.411 ERROR    [AcquisitionClass.py:529] Voltage saturation of the MPPC fluorescence reader[0m
[1;35m2023-10-24 20:25:28.837 CRITICAL [qE_OJIP_calib.py:139] 0.0002610917791563303[0m
