[32m2023-10-25 05:10:33.138 DEBUG    [DC4100_LED.py:69] Serial<id=0x1c8658e2c70, open=True>(port='COM5', baudrate=115200, bytesize=8, parity='N', stopbits=1, timeout=0.1, xonxoff=0, rtscts=0, dsrdtr=False)[0m
[32m2023-10-25 05:10:33.138 DEBUG    [DC4100_LED.py:89] DC4100: Sending o 0 0[0m
[32m2023-10-25 05:10:33.249 DEBUG    [DC4100_LED.py:92] DC4100: Received b''[0m
[32m2023-10-25 05:10:33.249 DEBUG    [DC4100_LED.py:89] DC4100: Sending o 1 0[0m
[32m2023-10-25 05:10:33.357 DEBUG    [DC4100_LED.py:92] DC4100: Received b''[0m
[32m2023-10-25 05:10:33.357 DEBUG    [DC4100_LED.py:89] DC4100: Sending o 2 0[0m
[32m2023-10-25 05:10:33.479 DEBUG    [DC4100_LED.py:92] DC4100: Received b''[0m
[32m2023-10-25 05:10:33.479 DEBUG    [DC4100_LED.py:89] DC4100: Sending o 3 0[0m
[32m2023-10-25 05:10:33.587 DEBUG    [DC4100_LED.py:92] DC4100: Received b''[0m
[1;35m2023-10-25 05:10:33.587 CRITICAL [DC4100_LED.py:164] setting mode[0m
[32m2023-10-25 05:10:33.587 DEBUG    [DC4100_LED.py:89] DC4100: Sending m 2[0m
[32m2023-10-25 05:10:33.697 DEBUG    [DC4100_LED.py:92] DC4100: Received b''[0m
[32m2023-10-25 05:10:34.712 DEBUG    [DC4100_LED.py:89] DC4100: Sending m?[0m
[32m2023-10-25 05:10:34.714 DEBUG    [DC4100_LED.py:92] DC4100: Received b'2\r\n'[0m
[36m2023-10-25 05:10:34.714 INFO     [DC4100_LED.py:215] External Control Mode[0m
[1;35m2023-10-25 05:10:34.714 CRITICAL [DC4100_LED.py:219] 1[0m
[32m2023-10-25 05:10:34.714 DEBUG    [DC4100_LED.py:89] DC4100: Sending o 0 1[0m
[32m2023-10-25 05:10:34.820 DEBUG    [DC4100_LED.py:92] DC4100: Received b''[0m
[1;35m2023-10-25 05:10:34.820 CRITICAL [DC4100_LED.py:219] 2[0m
[32m2023-10-25 05:10:34.820 DEBUG    [DC4100_LED.py:89] DC4100: Sending o 1 1[0m
[32m2023-10-25 05:10:34.928 DEBUG    [DC4100_LED.py:92] DC4100: Received b''[0m
[1;35m2023-10-25 05:10:34.928 CRITICAL [DC4100_LED.py:219] 3[0m
[32m2023-10-25 05:10:34.928 DEBUG    [DC4100_LED.py:89] DC4100: Sending o 2 1[0m
[32m2023-10-25 05:10:35.36 DEBUG    [DC4100_LED.py:92] DC4100: Received b''[0m
[1;35m2023-10-25 05:10:35.36 CRITICAL [DC4100_LED.py:219] 4[0m
[32m2023-10-25 05:10:35.36 DEBUG    [DC4100_LED.py:89] DC4100: Sending o 3 1[0m
[32m2023-10-25 05:10:35.145 DEBUG    [DC4100_LED.py:92] DC4100: Received b''[0m
[32m2023-10-25 05:10:35.145 DEBUG    [DC4100_LED.py:89] DC4100: Sending o 1 1[0m
[32m2023-10-25 05:10:35.252 DEBUG    [DC4100_LED.py:92] DC4100: Received b''[0m
[32m2023-10-25 05:10:35.252 DEBUG    [DC4100_LED.py:89] DC4100: Sending l 1 30[0m
[32m2023-10-25 05:10:35.361 DEBUG    [DC4100_LED.py:92] DC4100: Received b''[0m
[32m2023-10-25 05:10:35.361 DEBUG    [DC4100_LED.py:89] DC4100: Sending o 2 1[0m
[32m2023-10-25 05:10:35.470 DEBUG    [DC4100_LED.py:92] DC4100: Received b''[0m
[32m2023-10-25 05:10:35.470 DEBUG    [DC4100_LED.py:89] DC4100: Sending l 2 150[0m
[32m2023-10-25 05:10:35.582 DEBUG    [DC4100_LED.py:92] DC4100: Received b''[0m
[32m2023-10-25 05:10:35.582 DEBUG    [DC4100_LED.py:89] DC4100: Sending o 3 1[0m
[32m2023-10-25 05:10:35.690 DEBUG    [DC4100_LED.py:92] DC4100: Received b''[0m
[32m2023-10-25 05:10:35.690 DEBUG    [DC4100_LED.py:89] DC4100: Sending l 3 100[0m
[32m2023-10-25 05:10:35.802 DEBUG    [DC4100_LED.py:92] DC4100: Received b''[0m
[32m2023-10-25 05:10:35.802 DEBUG    [DC4100_LED.py:89] DC4100: Sending o 0 0[0m
[32m2023-10-25 05:10:35.910 DEBUG    [DC4100_LED.py:92] DC4100: Received b''[0m
[32m2023-10-25 05:10:37.172 DEBUG    [AcquisitionClass.py:124] 1000[0m
[32m2023-10-25 05:10:37.172 DEBUG    [AcquisitionClass.py:125] 1.0[0m
[32m2023-10-25 05:10:37.173 DEBUG    [AcquisitionClass.py:126] 10000[0m
[32m2023-10-25 05:10:37.173 DEBUG    [AcquisitionClass.py:127] 10[0m
[32m2023-10-25 05:10:37.173 DEBUG    [AcquisitionClass.py:128] 10000[0m
[32m2023-10-25 05:10:37.174 DEBUG    [AcquisitionClass.py:129] 10000[0m
[32m2023-10-25 05:10:37.174 DEBUG    [AcquisitionClass.py:130] 10000[0m
