[32m2023-10-16 15:35:09.360 DEBUG    [DC4100_LED.py:69] Serial<id=0x2ba94cc2610, open=True>(port='COM5', baudrate=115200, bytesize=8, parity='N', stopbits=1, timeout=0.1, xonxoff=0, rtscts=0, dsrdtr=False)[0m
[32m2023-10-16 15:35:09.360 DEBUG    [DC4100_LED.py:89] DC4100: Sending o 0 0[0m
[32m2023-10-16 15:35:09.472 DEBUG    [DC4100_LED.py:92] DC4100: Received b''[0m
[32m2023-10-16 15:35:09.472 DEBUG    [DC4100_LED.py:89] DC4100: Sending o 1 0[0m
[32m2023-10-16 15:35:09.581 DEBUG    [DC4100_LED.py:92] DC4100: Received b''[0m
[32m2023-10-16 15:35:09.581 DEBUG    [DC4100_LED.py:89] DC4100: Sending o 2 0[0m
[32m2023-10-16 15:35:09.691 DEBUG    [DC4100_LED.py:92] DC4100: Received b''[0m
[32m2023-10-16 15:35:09.691 DEBUG    [DC4100_LED.py:89] DC4100: Sending o 3 0[0m
[32m2023-10-16 15:35:09.799 DEBUG    [DC4100_LED.py:92] DC4100: Received b''[0m
[1;35m2023-10-16 15:35:09.799 CRITICAL [DC4100_LED.py:164] setting mode[0m
[32m2023-10-16 15:35:09.799 DEBUG    [DC4100_LED.py:89] DC4100: Sending m 2[0m
[32m2023-10-16 15:35:09.908 DEBUG    [DC4100_LED.py:92] DC4100: Received b''[0m
[32m2023-10-16 15:35:10.923 DEBUG    [DC4100_LED.py:89] DC4100: Sending m?[0m
[32m2023-10-16 15:35:10.925 DEBUG    [DC4100_LED.py:92] DC4100: Received b'2\r\n'[0m
[36m2023-10-16 15:35:10.925 INFO     [DC4100_LED.py:215] External Control Mode[0m
[1;35m2023-10-16 15:35:10.925 CRITICAL [DC4100_LED.py:219] 1[0m
[32m2023-10-16 15:35:10.925 DEBUG    [DC4100_LED.py:89] DC4100: Sending o 0 1[0m
[32m2023-10-16 15:35:11.32 DEBUG    [DC4100_LED.py:92] DC4100: Received b''[0m
[1;35m2023-10-16 15:35:11.32 CRITICAL [DC4100_LED.py:219] 2[0m
[32m2023-10-16 15:35:11.32 DEBUG    [DC4100_LED.py:89] DC4100: Sending o 1 1[0m
[32m2023-10-16 15:35:11.140 DEBUG    [DC4100_LED.py:92] DC4100: Received b''[0m
[1;35m2023-10-16 15:35:11.140 CRITICAL [DC4100_LED.py:219] 3[0m
[32m2023-10-16 15:35:11.140 DEBUG    [DC4100_LED.py:89] DC4100: Sending o 2 1[0m
[32m2023-10-16 15:35:11.250 DEBUG    [DC4100_LED.py:92] DC4100: Received b''[0m
[1;35m2023-10-16 15:35:11.250 CRITICAL [DC4100_LED.py:219] 4[0m
[32m2023-10-16 15:35:11.250 DEBUG    [DC4100_LED.py:89] DC4100: Sending o 3 1[0m
[32m2023-10-16 15:35:11.358 DEBUG    [DC4100_LED.py:92] DC4100: Received b''[0m
[32m2023-10-16 15:35:11.358 DEBUG    [DC4100_LED.py:89] DC4100: Sending o 1 1[0m
[32m2023-10-16 15:35:11.466 DEBUG    [DC4100_LED.py:92] DC4100: Received b''[0m
[32m2023-10-16 15:35:11.466 DEBUG    [DC4100_LED.py:89] DC4100: Sending l 1 400[0m
[32m2023-10-16 15:35:11.575 DEBUG    [DC4100_LED.py:92] DC4100: Received b''[0m
[32m2023-10-16 15:35:11.575 DEBUG    [DC4100_LED.py:89] DC4100: Sending o 2 1[0m
[32m2023-10-16 15:35:11.685 DEBUG    [DC4100_LED.py:92] DC4100: Received b''[0m
[32m2023-10-16 15:35:11.685 DEBUG    [DC4100_LED.py:89] DC4100: Sending l 2 150[0m
[32m2023-10-16 15:35:11.795 DEBUG    [DC4100_LED.py:92] DC4100: Received b''[0m
[32m2023-10-16 15:35:11.795 DEBUG    [DC4100_LED.py:89] DC4100: Sending o 3 1[0m
[32m2023-10-16 15:35:11.903 DEBUG    [DC4100_LED.py:92] DC4100: Received b''[0m
[32m2023-10-16 15:35:11.903 DEBUG    [DC4100_LED.py:89] DC4100: Sending l 3 250[0m
[32m2023-10-16 15:35:12.11 DEBUG    [DC4100_LED.py:92] DC4100: Received b''[0m
[32m2023-10-16 15:35:12.11 DEBUG    [DC4100_LED.py:89] DC4100: Sending o 0 0[0m
[32m2023-10-16 15:35:12.120 DEBUG    [DC4100_LED.py:92] DC4100: Received b''[0m
[32m2023-10-16 15:35:13.398 DEBUG    [AcquisitionClass.py:124] 1000[0m
[32m2023-10-16 15:35:13.398 DEBUG    [AcquisitionClass.py:125] 1.0[0m
[32m2023-10-16 15:35:13.399 DEBUG    [AcquisitionClass.py:126] 10000[0m
[32m2023-10-16 15:35:13.399 DEBUG    [AcquisitionClass.py:127] 10[0m
[32m2023-10-16 15:35:13.399 DEBUG    [AcquisitionClass.py:128] 10000[0m
[32m2023-10-16 15:35:13.400 DEBUG    [AcquisitionClass.py:129] 10000[0m
[32m2023-10-16 15:35:13.400 DEBUG    [AcquisitionClass.py:130] 10000[0m
[36m2023-10-16 15:35:30.946 INFO     [AcquisitionClass.py:516] frequency: 10.000 
 amplitude 0.200 
 offset 1.000  
 acquisiton time 96.000 
 points per period 30.000 
 number of periods 10.000[0m
[1;31m2023-10-16 15:37:07.455 ERROR    [AcquisitionClass.py:529] Voltage saturation of the MPPC fluorescence reader[0m
