[32m2023-10-23 18:23:24.286 DEBUG    [DC4100_LED.py:69] Serial<id=0x1f7c6f75610, open=True>(port='COM5', baudrate=115200, bytesize=8, parity='N', stopbits=1, timeout=0.1, xonxoff=0, rtscts=0, dsrdtr=False)[0m
[32m2023-10-23 18:23:24.286 DEBUG    [DC4100_LED.py:89] DC4100: Sending o 0 0[0m
[32m2023-10-23 18:23:24.395 DEBUG    [DC4100_LED.py:92] DC4100: Received b''[0m
[32m2023-10-23 18:23:24.395 DEBUG    [DC4100_LED.py:89] DC4100: Sending o 1 0[0m
[32m2023-10-23 18:23:24.505 DEBUG    [DC4100_LED.py:92] DC4100: Received b''[0m
[32m2023-10-23 18:23:24.505 DEBUG    [DC4100_LED.py:89] DC4100: Sending o 2 0[0m
[32m2023-10-23 18:23:24.630 DEBUG    [DC4100_LED.py:92] DC4100: Received b''[0m
[32m2023-10-23 18:23:24.630 DEBUG    [DC4100_LED.py:89] DC4100: Sending o 3 0[0m
[32m2023-10-23 18:23:24.739 DEBUG    [DC4100_LED.py:92] DC4100: Received b''[0m
[1;35m2023-10-23 18:23:24.739 CRITICAL [DC4100_LED.py:164] setting mode[0m
[32m2023-10-23 18:23:24.739 DEBUG    [DC4100_LED.py:89] DC4100: Sending m 2[0m
[32m2023-10-23 18:23:24.848 DEBUG    [DC4100_LED.py:92] DC4100: Received b''[0m
[32m2023-10-23 18:23:25.860 DEBUG    [DC4100_LED.py:89] DC4100: Sending m?[0m
[32m2023-10-23 18:23:25.862 DEBUG    [DC4100_LED.py:92] DC4100: Received b'2\r\n'[0m
[36m2023-10-23 18:23:25.862 INFO     [DC4100_LED.py:215] External Control Mode[0m
[1;35m2023-10-23 18:23:25.862 CRITICAL [DC4100_LED.py:219] 1[0m
[32m2023-10-23 18:23:25.862 DEBUG    [DC4100_LED.py:89] DC4100: Sending o 0 1[0m
[32m2023-10-23 18:23:25.968 DEBUG    [DC4100_LED.py:92] DC4100: Received b''[0m
[1;35m2023-10-23 18:23:25.968 CRITICAL [DC4100_LED.py:219] 2[0m
[32m2023-10-23 18:23:25.968 DEBUG    [DC4100_LED.py:89] DC4100: Sending o 1 1[0m
[32m2023-10-23 18:23:26.77 DEBUG    [DC4100_LED.py:92] DC4100: Received b''[0m
[1;35m2023-10-23 18:23:26.77 CRITICAL [DC4100_LED.py:219] 3[0m
[32m2023-10-23 18:23:26.78 DEBUG    [DC4100_LED.py:89] DC4100: Sending o 2 1[0m
[32m2023-10-23 18:23:26.185 DEBUG    [DC4100_LED.py:92] DC4100: Received b''[0m
[1;35m2023-10-23 18:23:26.185 CRITICAL [DC4100_LED.py:219] 4[0m
[32m2023-10-23 18:23:26.185 DEBUG    [DC4100_LED.py:89] DC4100: Sending o 3 1[0m
[32m2023-10-23 18:23:26.295 DEBUG    [DC4100_LED.py:92] DC4100: Received b''[0m
[32m2023-10-23 18:23:26.295 DEBUG    [DC4100_LED.py:89] DC4100: Sending o 1 1[0m
[32m2023-10-23 18:23:26.405 DEBUG    [DC4100_LED.py:92] DC4100: Received b''[0m
[32m2023-10-23 18:23:26.405 DEBUG    [DC4100_LED.py:89] DC4100: Sending l 1 450[0m
[32m2023-10-23 18:23:26.512 DEBUG    [DC4100_LED.py:92] DC4100: Received b''[0m
[32m2023-10-23 18:23:26.512 DEBUG    [DC4100_LED.py:89] DC4100: Sending o 2 1[0m
[32m2023-10-23 18:23:26.621 DEBUG    [DC4100_LED.py:92] DC4100: Received b''[0m
[32m2023-10-23 18:23:26.621 DEBUG    [DC4100_LED.py:89] DC4100: Sending l 2 150[0m
[32m2023-10-23 18:23:26.731 DEBUG    [DC4100_LED.py:92] DC4100: Received b''[0m
[32m2023-10-23 18:23:26.731 DEBUG    [DC4100_LED.py:89] DC4100: Sending o 3 1[0m
[32m2023-10-23 18:23:26.841 DEBUG    [DC4100_LED.py:92] DC4100: Received b''[0m
[32m2023-10-23 18:23:26.841 DEBUG    [DC4100_LED.py:89] DC4100: Sending l 3 150[0m
[32m2023-10-23 18:23:26.950 DEBUG    [DC4100_LED.py:92] DC4100: Received b''[0m
[32m2023-10-23 18:23:26.950 DEBUG    [DC4100_LED.py:89] DC4100: Sending o 0 0[0m
[32m2023-10-23 18:23:27.59 DEBUG    [DC4100_LED.py:92] DC4100: Received b''[0m
[32m2023-10-23 18:23:28.318 DEBUG    [AcquisitionClass.py:124] 1000[0m
[32m2023-10-23 18:23:28.318 DEBUG    [AcquisitionClass.py:125] 1.0[0m
[32m2023-10-23 18:23:28.319 DEBUG    [AcquisitionClass.py:126] 10000[0m
[32m2023-10-23 18:23:28.319 DEBUG    [AcquisitionClass.py:127] 10[0m
[32m2023-10-23 18:23:28.319 DEBUG    [AcquisitionClass.py:128] 10000[0m
[32m2023-10-23 18:23:28.319 DEBUG    [AcquisitionClass.py:129] 10000[0m
[32m2023-10-23 18:23:28.320 DEBUG    [AcquisitionClass.py:130] 10000[0m
[32m2023-10-23 18:43:18.866 DEBUG    [DC4100_LED.py:89] DC4100: Sending o 1 0[0m
[32m2023-10-23 18:43:18.975 DEBUG    [DC4100_LED.py:92] DC4100: Received b''[0m
[36m2023-10-23 18:43:18.975 INFO     [AcquisitionClass.py:516] frequency: 10.000 
 amplitude 0.200 
 offset 1.000  
 acquisiton time 2052.000 
 points per period 1000.000 
 number of periods 10.000[0m
[1;31m2023-10-23 18:58:09.914 ERROR    [AcquisitionClass.py:529] Voltage saturation of the MPPC fluorescence reader[0m
[1;35m2023-10-23 18:58:21.126 CRITICAL [qE_OJIP_calib.py:139] 0.0005918179110480825[0m
