[32m2023-10-16 16:51:55.511 DEBUG    [DC4100_LED.py:69] Serial<id=0x1a9ec431f70, open=True>(port='COM5', baudrate=115200, bytesize=8, parity='N', stopbits=1, timeout=0.1, xonxoff=0, rtscts=0, dsrdtr=False)[0m
[32m2023-10-16 16:51:55.511 DEBUG    [DC4100_LED.py:89] DC4100: Sending o 0 0[0m
[32m2023-10-16 16:51:55.621 DEBUG    [DC4100_LED.py:92] DC4100: Received b''[0m
[32m2023-10-16 16:51:55.621 DEBUG    [DC4100_LED.py:89] DC4100: Sending o 1 0[0m
[32m2023-10-16 16:51:55.730 DEBUG    [DC4100_LED.py:92] DC4100: Received b''[0m
[32m2023-10-16 16:51:55.730 DEBUG    [DC4100_LED.py:89] DC4100: Sending o 2 0[0m
[32m2023-10-16 16:51:55.840 DEBUG    [DC4100_LED.py:92] DC4100: Received b''[0m
[32m2023-10-16 16:51:55.840 DEBUG    [DC4100_LED.py:89] DC4100: Sending o 3 0[0m
[32m2023-10-16 16:51:55.947 DEBUG    [DC4100_LED.py:92] DC4100: Received b''[0m
[1;35m2023-10-16 16:51:55.947 CRITICAL [DC4100_LED.py:164] setting mode[0m
[32m2023-10-16 16:51:55.947 DEBUG    [DC4100_LED.py:89] DC4100: Sending m 2[0m
[32m2023-10-16 16:51:56.56 DEBUG    [DC4100_LED.py:92] DC4100: Received b''[0m
[32m2023-10-16 16:51:57.66 DEBUG    [DC4100_LED.py:89] DC4100: Sending m?[0m
[32m2023-10-16 16:51:57.68 DEBUG    [DC4100_LED.py:92] DC4100: Received b'2\r\n'[0m
[36m2023-10-16 16:51:57.68 INFO     [DC4100_LED.py:215] External Control Mode[0m
[1;35m2023-10-16 16:51:57.68 CRITICAL [DC4100_LED.py:219] 1[0m
[32m2023-10-16 16:51:57.68 DEBUG    [DC4100_LED.py:89] DC4100: Sending o 0 1[0m
[32m2023-10-16 16:51:57.175 DEBUG    [DC4100_LED.py:92] DC4100: Received b''[0m
[1;35m2023-10-16 16:51:57.175 CRITICAL [DC4100_LED.py:219] 2[0m
[32m2023-10-16 16:51:57.175 DEBUG    [DC4100_LED.py:89] DC4100: Sending o 1 1[0m
[32m2023-10-16 16:51:57.283 DEBUG    [DC4100_LED.py:92] DC4100: Received b''[0m
[1;35m2023-10-16 16:51:57.283 CRITICAL [DC4100_LED.py:219] 3[0m
[32m2023-10-16 16:51:57.283 DEBUG    [DC4100_LED.py:89] DC4100: Sending o 2 1[0m
[32m2023-10-16 16:51:57.392 DEBUG    [DC4100_LED.py:92] DC4100: Received b''[0m
[1;35m2023-10-16 16:51:57.392 CRITICAL [DC4100_LED.py:219] 4[0m
[32m2023-10-16 16:51:57.392 DEBUG    [DC4100_LED.py:89] DC4100: Sending o 3 1[0m
[32m2023-10-16 16:51:57.501 DEBUG    [DC4100_LED.py:92] DC4100: Received b''[0m
[32m2023-10-16 16:51:57.501 DEBUG    [DC4100_LED.py:89] DC4100: Sending o 1 1[0m
[32m2023-10-16 16:51:57.610 DEBUG    [DC4100_LED.py:92] DC4100: Received b''[0m
[32m2023-10-16 16:51:57.610 DEBUG    [DC4100_LED.py:89] DC4100: Sending l 1 400[0m
[32m2023-10-16 16:51:57.719 DEBUG    [DC4100_LED.py:92] DC4100: Received b''[0m
[32m2023-10-16 16:51:57.719 DEBUG    [DC4100_LED.py:89] DC4100: Sending o 2 1[0m
[32m2023-10-16 16:51:57.829 DEBUG    [DC4100_LED.py:92] DC4100: Received b''[0m
[32m2023-10-16 16:51:57.829 DEBUG    [DC4100_LED.py:89] DC4100: Sending l 2 150[0m
[32m2023-10-16 16:51:57.937 DEBUG    [DC4100_LED.py:92] DC4100: Received b''[0m
[32m2023-10-16 16:51:57.937 DEBUG    [DC4100_LED.py:89] DC4100: Sending o 3 1[0m
[32m2023-10-16 16:51:58.47 DEBUG    [DC4100_LED.py:92] DC4100: Received b''[0m
[32m2023-10-16 16:51:58.47 DEBUG    [DC4100_LED.py:89] DC4100: Sending l 3 250[0m
[32m2023-10-16 16:51:58.155 DEBUG    [DC4100_LED.py:92] DC4100: Received b''[0m
[32m2023-10-16 16:51:58.155 DEBUG    [DC4100_LED.py:89] DC4100: Sending o 0 0[0m
[32m2023-10-16 16:51:58.263 DEBUG    [DC4100_LED.py:92] DC4100: Received b''[0m
[32m2023-10-16 16:51:59.557 DEBUG    [AcquisitionClass.py:124] 1000[0m
[32m2023-10-16 16:51:59.557 DEBUG    [AcquisitionClass.py:125] 1.0[0m
[32m2023-10-16 16:51:59.558 DEBUG    [AcquisitionClass.py:126] 10000[0m
[32m2023-10-16 16:51:59.558 DEBUG    [AcquisitionClass.py:127] 10[0m
[32m2023-10-16 16:51:59.558 DEBUG    [AcquisitionClass.py:128] 10000[0m
[32m2023-10-16 16:51:59.559 DEBUG    [AcquisitionClass.py:129] 10000[0m
[32m2023-10-16 16:51:59.559 DEBUG    [AcquisitionClass.py:130] 10000[0m
[36m2023-10-16 16:52:16.104 INFO     [AcquisitionClass.py:516] frequency: 10.000 
 amplitude 0.200 
 offset 1.000  
 acquisiton time 20.000 
 points per period 30.000 
 number of periods 10.000[0m
[1;31m2023-10-16 16:52:37.552 ERROR    [AcquisitionClass.py:529] Voltage saturation of the MPPC fluorescence reader[0m
