[32m2023-10-24 04:44:06.535 DEBUG    [DC4100_LED.py:69] Serial<id=0x1b4cbb26610, open=True>(port='COM5', baudrate=115200, bytesize=8, parity='N', stopbits=1, timeout=0.1, xonxoff=0, rtscts=0, dsrdtr=False)[0m
[32m2023-10-24 04:44:06.535 DEBUG    [DC4100_LED.py:89] DC4100: Sending o 0 0[0m
[32m2023-10-24 04:44:06.644 DEBUG    [DC4100_LED.py:92] DC4100: Received b''[0m
[32m2023-10-24 04:44:06.644 DEBUG    [DC4100_LED.py:89] DC4100: Sending o 1 0[0m
[32m2023-10-24 04:44:06.752 DEBUG    [DC4100_LED.py:92] DC4100: Received b''[0m
[32m2023-10-24 04:44:06.752 DEBUG    [DC4100_LED.py:89] DC4100: Sending o 2 0[0m
[32m2023-10-24 04:44:06.875 DEBUG    [DC4100_LED.py:92] DC4100: Received b''[0m
[32m2023-10-24 04:44:06.875 DEBUG    [DC4100_LED.py:89] DC4100: Sending o 3 0[0m
[32m2023-10-24 04:44:06.985 DEBUG    [DC4100_LED.py:92] DC4100: Received b''[0m
[1;35m2023-10-24 04:44:06.985 CRITICAL [DC4100_LED.py:164] setting mode[0m
[32m2023-10-24 04:44:06.985 DEBUG    [DC4100_LED.py:89] DC4100: Sending m 2[0m
[32m2023-10-24 04:44:07.94 DEBUG    [DC4100_LED.py:92] DC4100: Received b''[0m
[32m2023-10-24 04:44:08.104 DEBUG    [DC4100_LED.py:89] DC4100: Sending m?[0m
[32m2023-10-24 04:44:08.106 DEBUG    [DC4100_LED.py:92] DC4100: Received b'2\r\n'[0m
[36m2023-10-24 04:44:08.106 INFO     [DC4100_LED.py:215] External Control Mode[0m
[1;35m2023-10-24 04:44:08.106 CRITICAL [DC4100_LED.py:219] 1[0m
[32m2023-10-24 04:44:08.106 DEBUG    [DC4100_LED.py:89] DC4100: Sending o 0 1[0m
[32m2023-10-24 04:44:08.212 DEBUG    [DC4100_LED.py:92] DC4100: Received b''[0m
[1;35m2023-10-24 04:44:08.212 CRITICAL [DC4100_LED.py:219] 2[0m
[32m2023-10-24 04:44:08.212 DEBUG    [DC4100_LED.py:89] DC4100: Sending o 1 1[0m
[32m2023-10-24 04:44:08.321 DEBUG    [DC4100_LED.py:92] DC4100: Received b''[0m
[1;35m2023-10-24 04:44:08.321 CRITICAL [DC4100_LED.py:219] 3[0m
[32m2023-10-24 04:44:08.321 DEBUG    [DC4100_LED.py:89] DC4100: Sending o 2 1[0m
[32m2023-10-24 04:44:08.430 DEBUG    [DC4100_LED.py:92] DC4100: Received b''[0m
[1;35m2023-10-24 04:44:08.430 CRITICAL [DC4100_LED.py:219] 4[0m
[32m2023-10-24 04:44:08.430 DEBUG    [DC4100_LED.py:89] DC4100: Sending o 3 1[0m
[32m2023-10-24 04:44:08.540 DEBUG    [DC4100_LED.py:92] DC4100: Received b''[0m
[32m2023-10-24 04:44:08.540 DEBUG    [DC4100_LED.py:89] DC4100: Sending o 1 1[0m
[32m2023-10-24 04:44:08.650 DEBUG    [DC4100_LED.py:92] DC4100: Received b''[0m
[32m2023-10-24 04:44:08.650 DEBUG    [DC4100_LED.py:89] DC4100: Sending l 1 450[0m
[32m2023-10-24 04:44:08.758 DEBUG    [DC4100_LED.py:92] DC4100: Received b''[0m
[32m2023-10-24 04:44:08.758 DEBUG    [DC4100_LED.py:89] DC4100: Sending o 2 1[0m
[32m2023-10-24 04:44:08.866 DEBUG    [DC4100_LED.py:92] DC4100: Received b''[0m
[32m2023-10-24 04:44:08.866 DEBUG    [DC4100_LED.py:89] DC4100: Sending l 2 150[0m
[32m2023-10-24 04:44:08.976 DEBUG    [DC4100_LED.py:92] DC4100: Received b''[0m
[32m2023-10-24 04:44:08.976 DEBUG    [DC4100_LED.py:89] DC4100: Sending o 3 1[0m
[32m2023-10-24 04:44:09.85 DEBUG    [DC4100_LED.py:92] DC4100: Received b''[0m
[32m2023-10-24 04:44:09.85 DEBUG    [DC4100_LED.py:89] DC4100: Sending l 3 150[0m
[32m2023-10-24 04:44:09.193 DEBUG    [DC4100_LED.py:92] DC4100: Received b''[0m
[32m2023-10-24 04:44:09.193 DEBUG    [DC4100_LED.py:89] DC4100: Sending o 0 0[0m
[32m2023-10-24 04:44:09.301 DEBUG    [DC4100_LED.py:92] DC4100: Received b''[0m
[32m2023-10-24 04:44:10.577 DEBUG    [AcquisitionClass.py:124] 1000[0m
[32m2023-10-24 04:44:10.577 DEBUG    [AcquisitionClass.py:125] 1.0[0m
[32m2023-10-24 04:44:10.578 DEBUG    [AcquisitionClass.py:126] 10000[0m
[32m2023-10-24 04:44:10.578 DEBUG    [AcquisitionClass.py:127] 10[0m
[32m2023-10-24 04:44:10.579 DEBUG    [AcquisitionClass.py:128] 10000[0m
[32m2023-10-24 04:44:10.579 DEBUG    [AcquisitionClass.py:129] 10000[0m
[32m2023-10-24 04:44:10.579 DEBUG    [AcquisitionClass.py:130] 10000[0m
[32m2023-10-24 05:04:01.116 DEBUG    [DC4100_LED.py:89] DC4100: Sending o 1 0[0m
[32m2023-10-24 05:04:01.225 DEBUG    [DC4100_LED.py:92] DC4100: Received b''[0m
[36m2023-10-24 05:04:01.226 INFO     [AcquisitionClass.py:516] frequency: 10.000 
 amplitude 0.200 
 offset 1.000  
 acquisiton time 2052.000 
 points per period 1000.000 
 number of periods 10.000[0m
[1;31m2023-10-24 05:18:52.184 ERROR    [AcquisitionClass.py:529] Voltage saturation of the MPPC fluorescence reader[0m
[1;35m2023-10-24 05:19:02.886 CRITICAL [qE_OJIP_calib.py:139] 0.0011174384177563372[0m
