[32m2023-10-16 17:09:20.499 DEBUG    [DC4100_LED.py:69] Serial<id=0x20f5054b100, open=True>(port='COM5', baudrate=115200, bytesize=8, parity='N', stopbits=1, timeout=0.1, xonxoff=0, rtscts=0, dsrdtr=False)[0m
[32m2023-10-16 17:09:20.499 DEBUG    [DC4100_LED.py:89] DC4100: Sending o 0 0[0m
[32m2023-10-16 17:09:20.607 DEBUG    [DC4100_LED.py:92] DC4100: Received b''[0m
[32m2023-10-16 17:09:20.607 DEBUG    [DC4100_LED.py:89] DC4100: Sending o 1 0[0m
[32m2023-10-16 17:09:20.717 DEBUG    [DC4100_LED.py:92] DC4100: Received b''[0m
[32m2023-10-16 17:09:20.717 DEBUG    [DC4100_LED.py:89] DC4100: Sending o 2 0[0m
[32m2023-10-16 17:09:20.827 DEBUG    [DC4100_LED.py:92] DC4100: Received b''[0m
[32m2023-10-16 17:09:20.827 DEBUG    [DC4100_LED.py:89] DC4100: Sending o 3 0[0m
[32m2023-10-16 17:09:20.935 DEBUG    [DC4100_LED.py:92] DC4100: Received b''[0m
[1;35m2023-10-16 17:09:20.935 CRITICAL [DC4100_LED.py:164] setting mode[0m
[32m2023-10-16 17:09:20.935 DEBUG    [DC4100_LED.py:89] DC4100: Sending m 2[0m
[32m2023-10-16 17:09:21.43 DEBUG    [DC4100_LED.py:92] DC4100: Received b''[0m
[32m2023-10-16 17:09:22.46 DEBUG    [DC4100_LED.py:89] DC4100: Sending m?[0m
[32m2023-10-16 17:09:22.48 DEBUG    [DC4100_LED.py:92] DC4100: Received b'2\r\n'[0m
[36m2023-10-16 17:09:22.48 INFO     [DC4100_LED.py:215] External Control Mode[0m
[1;35m2023-10-16 17:09:22.48 CRITICAL [DC4100_LED.py:219] 1[0m
[32m2023-10-16 17:09:22.48 DEBUG    [DC4100_LED.py:89] DC4100: Sending o 0 1[0m
[32m2023-10-16 17:09:22.156 DEBUG    [DC4100_LED.py:92] DC4100: Received b''[0m
[1;35m2023-10-16 17:09:22.156 CRITICAL [DC4100_LED.py:219] 2[0m
[32m2023-10-16 17:09:22.156 DEBUG    [DC4100_LED.py:89] DC4100: Sending o 1 1[0m
[32m2023-10-16 17:09:22.264 DEBUG    [DC4100_LED.py:92] DC4100: Received b''[0m
[1;35m2023-10-16 17:09:22.264 CRITICAL [DC4100_LED.py:219] 3[0m
[32m2023-10-16 17:09:22.264 DEBUG    [DC4100_LED.py:89] DC4100: Sending o 2 1[0m
[32m2023-10-16 17:09:22.371 DEBUG    [DC4100_LED.py:92] DC4100: Received b''[0m
[1;35m2023-10-16 17:09:22.371 CRITICAL [DC4100_LED.py:219] 4[0m
[32m2023-10-16 17:09:22.371 DEBUG    [DC4100_LED.py:89] DC4100: Sending o 3 1[0m
[32m2023-10-16 17:09:22.480 DEBUG    [DC4100_LED.py:92] DC4100: Received b''[0m
[32m2023-10-16 17:09:22.480 DEBUG    [DC4100_LED.py:89] DC4100: Sending o 1 1[0m
[32m2023-10-16 17:09:22.587 DEBUG    [DC4100_LED.py:92] DC4100: Received b''[0m
[32m2023-10-16 17:09:22.587 DEBUG    [DC4100_LED.py:89] DC4100: Sending l 1 400[0m
[32m2023-10-16 17:09:22.696 DEBUG    [DC4100_LED.py:92] DC4100: Received b''[0m
[32m2023-10-16 17:09:22.697 DEBUG    [DC4100_LED.py:89] DC4100: Sending o 2 1[0m
[32m2023-10-16 17:09:22.806 DEBUG    [DC4100_LED.py:92] DC4100: Received b''[0m
[32m2023-10-16 17:09:22.806 DEBUG    [DC4100_LED.py:89] DC4100: Sending l 2 150[0m
[32m2023-10-16 17:09:22.916 DEBUG    [DC4100_LED.py:92] DC4100: Received b''[0m
[32m2023-10-16 17:09:22.916 DEBUG    [DC4100_LED.py:89] DC4100: Sending o 3 1[0m
[32m2023-10-16 17:09:23.24 DEBUG    [DC4100_LED.py:92] DC4100: Received b''[0m
[32m2023-10-16 17:09:23.24 DEBUG    [DC4100_LED.py:89] DC4100: Sending l 3 250[0m
[32m2023-10-16 17:09:23.132 DEBUG    [DC4100_LED.py:92] DC4100: Received b''[0m
[32m2023-10-16 17:09:23.132 DEBUG    [DC4100_LED.py:89] DC4100: Sending o 0 0[0m
[32m2023-10-16 17:09:23.240 DEBUG    [DC4100_LED.py:92] DC4100: Received b''[0m
[32m2023-10-16 17:09:24.534 DEBUG    [AcquisitionClass.py:124] 1000[0m
[32m2023-10-16 17:09:24.534 DEBUG    [AcquisitionClass.py:125] 1.0[0m
[32m2023-10-16 17:09:24.535 DEBUG    [AcquisitionClass.py:126] 10000[0m
[32m2023-10-16 17:09:24.535 DEBUG    [AcquisitionClass.py:127] 10[0m
[32m2023-10-16 17:09:24.535 DEBUG    [AcquisitionClass.py:128] 10000[0m
[32m2023-10-16 17:09:24.535 DEBUG    [AcquisitionClass.py:129] 10000[0m
[32m2023-10-16 17:09:24.536 DEBUG    [AcquisitionClass.py:130] 10000[0m
[36m2023-10-16 17:09:41.85 INFO     [AcquisitionClass.py:516] frequency: 10.000 
 amplitude 0.200 
 offset 1.000  
 acquisiton time 12.000 
 points per period 30.000 
 number of periods 10.000[0m
[1;31m2023-10-16 17:09:54.348 ERROR    [AcquisitionClass.py:529] Voltage saturation of the MPPC fluorescence reader[0m
[36m2023-10-16 17:11:55.488 INFO     [AcquisitionClass.py:629] Shutting down all LEDs for 1 seconds[0m
[36m2023-10-16 17:11:55.488 INFO     [AcquisitionClass.py:365] Did not start analog generator, check generator_analog_channels[0m
[36m2023-10-16 17:11:55.488 INFO     [AcquisitionClass.py:370] Did not start digital generator, check generator_analog_channels[0m
