[32m2024-01-25 18:16:41.370 DEBUG    [DC4100_LED.py:69] Serial<id=0x2b64bf3deb0, open=True>(port='COM5', baudrate=115200, bytesize=8, parity='N', stopbits=1, timeout=0.1, xonxoff=0, rtscts=0, dsrdtr=False)[0m
[32m2024-01-25 18:16:41.370 DEBUG    [DC4100_LED.py:89] DC4100: Sending o 0 0[0m
[32m2024-01-25 18:16:41.475 DEBUG    [DC4100_LED.py:92] DC4100: Received b''[0m
[32m2024-01-25 18:16:41.475 DEBUG    [DC4100_LED.py:89] DC4100: Sending o 1 0[0m
[32m2024-01-25 18:16:41.584 DEBUG    [DC4100_LED.py:92] DC4100: Received b''[0m
[32m2024-01-25 18:16:41.584 DEBUG    [DC4100_LED.py:89] DC4100: Sending o 2 0[0m
[32m2024-01-25 18:16:41.692 DEBUG    [DC4100_LED.py:92] DC4100: Received b''[0m
[32m2024-01-25 18:16:41.692 DEBUG    [DC4100_LED.py:89] DC4100: Sending o 3 0[0m
[32m2024-01-25 18:16:41.802 DEBUG    [DC4100_LED.py:92] DC4100: Received b''[0m
[1;35m2024-01-25 18:16:41.802 CRITICAL [DC4100_LED.py:164] setting mode[0m
[32m2024-01-25 18:16:41.802 DEBUG    [DC4100_LED.py:89] DC4100: Sending m 2[0m
[32m2024-01-25 18:16:41.912 DEBUG    [DC4100_LED.py:92] DC4100: Received b''[0m
[32m2024-01-25 18:16:42.913 DEBUG    [DC4100_LED.py:89] DC4100: Sending m?[0m
[32m2024-01-25 18:16:42.915 DEBUG    [DC4100_LED.py:92] DC4100: Received b'2\r\n'[0m
[36m2024-01-25 18:16:42.915 INFO     [DC4100_LED.py:215] External Control Mode[0m
[1;35m2024-01-25 18:16:42.915 CRITICAL [DC4100_LED.py:219] 1[0m
[32m2024-01-25 18:16:42.915 DEBUG    [DC4100_LED.py:89] DC4100: Sending o 0 1[0m
[32m2024-01-25 18:16:43.23 DEBUG    [DC4100_LED.py:92] DC4100: Received b''[0m
[1;35m2024-01-25 18:16:43.23 CRITICAL [DC4100_LED.py:219] 2[0m
[32m2024-01-25 18:16:43.24 DEBUG    [DC4100_LED.py:89] DC4100: Sending o 1 1[0m
[32m2024-01-25 18:16:43.131 DEBUG    [DC4100_LED.py:92] DC4100: Received b''[0m
[1;35m2024-01-25 18:16:43.131 CRITICAL [DC4100_LED.py:219] 3[0m
[32m2024-01-25 18:16:43.132 DEBUG    [DC4100_LED.py:89] DC4100: Sending o 2 1[0m
[32m2024-01-25 18:16:43.239 DEBUG    [DC4100_LED.py:92] DC4100: Received b''[0m
[1;35m2024-01-25 18:16:43.240 CRITICAL [DC4100_LED.py:219] 4[0m
[32m2024-01-25 18:16:43.241 DEBUG    [DC4100_LED.py:89] DC4100: Sending o 3 1[0m
[32m2024-01-25 18:16:43.348 DEBUG    [DC4100_LED.py:92] DC4100: Received b''[0m
[32m2024-01-25 18:16:43.348 DEBUG    [DC4100_LED.py:89] DC4100: Sending o 1 1[0m
[32m2024-01-25 18:16:43.456 DEBUG    [DC4100_LED.py:92] DC4100: Received b''[0m
[32m2024-01-25 18:16:43.456 DEBUG    [DC4100_LED.py:89] DC4100: Sending l 1 1000[0m
[32m2024-01-25 18:16:43.565 DEBUG    [DC4100_LED.py:92] DC4100: Received b''[0m
[32m2024-01-25 18:16:43.565 DEBUG    [DC4100_LED.py:89] DC4100: Sending o 2 0[0m
[32m2024-01-25 18:16:43.675 DEBUG    [DC4100_LED.py:92] DC4100: Received b''[0m
[32m2024-01-25 18:16:43.675 DEBUG    [DC4100_LED.py:89] DC4100: Sending o 3 0[0m
[32m2024-01-25 18:16:43.786 DEBUG    [DC4100_LED.py:92] DC4100: Received b''[0m
[32m2024-01-25 18:16:43.786 DEBUG    [DC4100_LED.py:89] DC4100: Sending o 0 0[0m
[32m2024-01-25 18:16:43.894 DEBUG    [DC4100_LED.py:92] DC4100: Received b''[0m
[32m2024-01-25 18:16:45.397 DEBUG    [AcquisitionClass.py:125] 1000[0m
[32m2024-01-25 18:16:45.397 DEBUG    [AcquisitionClass.py:126] 1.0[0m
[32m2024-01-25 18:16:45.398 DEBUG    [AcquisitionClass.py:127] 10000[0m
[32m2024-01-25 18:16:45.398 DEBUG    [AcquisitionClass.py:128] 10[0m
[32m2024-01-25 18:16:45.398 DEBUG    [AcquisitionClass.py:129] 10000[0m
[32m2024-01-25 18:16:45.399 DEBUG    [AcquisitionClass.py:130] 10000[0m
[32m2024-01-25 18:16:45.399 DEBUG    [AcquisitionClass.py:131] 10000[0m
[32m2024-01-25 18:17:10.522 DEBUG    [AcquisitionClass.py:125] 1000[0m
[32m2024-01-25 18:17:10.522 DEBUG    [AcquisitionClass.py:126] 1.0[0m
[32m2024-01-25 18:17:10.522 DEBUG    [AcquisitionClass.py:127] 10000[0m
[32m2024-01-25 18:17:10.522 DEBUG    [AcquisitionClass.py:128] 10[0m
[32m2024-01-25 18:17:10.523 DEBUG    [AcquisitionClass.py:129] 10000[0m
[32m2024-01-25 18:17:10.523 DEBUG    [AcquisitionClass.py:130] 10000[0m
[32m2024-01-25 18:17:10.523 DEBUG    [AcquisitionClass.py:131] 10000[0m
