[32m2024-01-26 17:37:16.675 DEBUG    [AcquisitionClass.py:125] 1000[0m
[32m2024-01-26 17:37:16.676 DEBUG    [AcquisitionClass.py:126] 1.0[0m
[32m2024-01-26 17:37:16.676 DEBUG    [AcquisitionClass.py:127] 10000[0m
[32m2024-01-26 17:37:16.676 DEBUG    [AcquisitionClass.py:128] 10[0m
[32m2024-01-26 17:37:16.677 DEBUG    [AcquisitionClass.py:129] 10000[0m
[32m2024-01-26 17:37:16.677 DEBUG    [AcquisitionClass.py:130] 10000[0m
[32m2024-01-26 17:37:16.677 DEBUG    [AcquisitionClass.py:131] 10000[0m
[32m2024-01-26 17:37:16.677 DEBUG    [AcquisitionClass.py:113] generator_analog_channels: ['ao0', 'ao1']
generator_digital_channels: ['port0/line2']
detector_analog_channels: ['ai0', 'ai1', 'ai2', 'ai3']
detector_digital_channels: ['port0/line5', 'port0/line4', 'port0/line0']
trig_chan_generator: /Dev1/PFI12
trig_chan_generator_edge: RISING
trig_chan_detector: /Dev1/PFI12
trig_chan_detector_edge: RISING
trig_chan: Dev1/Ctr0
excitation_frequency: 10
amplitude: 0.2
offset: 1
phase_shift: 0
num_period: 10
points_per_period: 1000
window: 5
number_of_cycles: 100000
pre_illumination: 30
writing_samples: 10000
p: <alienlab.plot.PlotFigure object at 0x0000023826E60760>
cop: <alienlab.plot.PlotFigure object at 0x0000023826E60730>
g: <alienlab.plot.ShowFigure object at 0x0000023826C2FBB0>
reading_samples: 10000
acq_time: 1.0
writing_rate: 10000
sample_rate: 10000
trigger_frequency: 10[0m
[36m2024-01-26 17:37:16.686 INFO     [AcquisitionClass.py:630] Shutting down all LEDs for 3 seconds[0m
[32m2024-01-26 17:37:26.842 DEBUG    [DC4100_LED.py:69] Serial<id=0x203787f3a60, open=True>(port='COM5', baudrate=115200, bytesize=8, parity='N', stopbits=1, timeout=0.1, xonxoff=0, rtscts=0, dsrdtr=False)[0m
[32m2024-01-26 17:37:26.843 DEBUG    [DC4100_LED.py:89] DC4100: Sending o 0 0[0m
[32m2024-01-26 17:37:26.953 DEBUG    [DC4100_LED.py:92] DC4100: Received b''[0m
[32m2024-01-26 17:37:26.953 DEBUG    [DC4100_LED.py:89] DC4100: Sending o 1 0[0m
[32m2024-01-26 17:37:27.62 DEBUG    [DC4100_LED.py:92] DC4100: Received b''[0m
[32m2024-01-26 17:37:27.62 DEBUG    [DC4100_LED.py:89] DC4100: Sending o 2 0[0m
[32m2024-01-26 17:37:27.170 DEBUG    [DC4100_LED.py:92] DC4100: Received b''[0m
[32m2024-01-26 17:37:27.170 DEBUG    [DC4100_LED.py:89] DC4100: Sending o 3 0[0m
[32m2024-01-26 17:37:27.278 DEBUG    [DC4100_LED.py:92] DC4100: Received b''[0m
[1;35m2024-01-26 17:37:27.278 CRITICAL [DC4100_LED.py:164] setting mode[0m
[32m2024-01-26 17:37:27.278 DEBUG    [DC4100_LED.py:89] DC4100: Sending m 2[0m
[32m2024-01-26 17:37:27.388 DEBUG    [DC4100_LED.py:92] DC4100: Received b''[0m
[32m2024-01-26 17:37:28.390 DEBUG    [DC4100_LED.py:89] DC4100: Sending m?[0m
[32m2024-01-26 17:37:28.391 DEBUG    [DC4100_LED.py:92] DC4100: Received b'2\r\n'[0m
[36m2024-01-26 17:37:28.392 INFO     [DC4100_LED.py:215] External Control Mode[0m
[1;35m2024-01-26 17:37:28.392 CRITICAL [DC4100_LED.py:219] 1[0m
[32m2024-01-26 17:37:28.393 DEBUG    [DC4100_LED.py:89] DC4100: Sending o 0 1[0m
[32m2024-01-26 17:37:28.502 DEBUG    [DC4100_LED.py:92] DC4100: Received b''[0m
[1;35m2024-01-26 17:37:28.502 CRITICAL [DC4100_LED.py:219] 2[0m
[32m2024-01-26 17:37:28.503 DEBUG    [DC4100_LED.py:89] DC4100: Sending o 1 1[0m
[32m2024-01-26 17:37:28.610 DEBUG    [DC4100_LED.py:92] DC4100: Received b''[0m
[1;35m2024-01-26 17:37:28.610 CRITICAL [DC4100_LED.py:219] 3[0m
[32m2024-01-26 17:37:28.611 DEBUG    [DC4100_LED.py:89] DC4100: Sending o 2 1[0m
[32m2024-01-26 17:37:28.721 DEBUG    [DC4100_LED.py:92] DC4100: Received b''[0m
[1;35m2024-01-26 17:37:28.721 CRITICAL [DC4100_LED.py:219] 4[0m
[32m2024-01-26 17:37:28.721 DEBUG    [DC4100_LED.py:89] DC4100: Sending o 3 1[0m
[32m2024-01-26 17:37:28.832 DEBUG    [DC4100_LED.py:92] DC4100: Received b''[0m
[32m2024-01-26 17:37:28.832 DEBUG    [DC4100_LED.py:89] DC4100: Sending o 1 1[0m
[32m2024-01-26 17:37:28.941 DEBUG    [DC4100_LED.py:92] DC4100: Received b''[0m
[32m2024-01-26 17:37:28.941 DEBUG    [DC4100_LED.py:89] DC4100: Sending l 1 1000[0m
[32m2024-01-26 17:37:29.50 DEBUG    [DC4100_LED.py:92] DC4100: Received b''[0m
[32m2024-01-26 17:37:29.50 DEBUG    [DC4100_LED.py:89] DC4100: Sending o 2 0[0m
[32m2024-01-26 17:37:29.160 DEBUG    [DC4100_LED.py:92] DC4100: Received b''[0m
[32m2024-01-26 17:37:29.160 DEBUG    [DC4100_LED.py:89] DC4100: Sending o 3 1[0m
[32m2024-01-26 17:37:29.270 DEBUG    [DC4100_LED.py:92] DC4100: Received b''[0m
[32m2024-01-26 17:37:29.270 DEBUG    [DC4100_LED.py:89] DC4100: Sending l 3 1000[0m
[32m2024-01-26 17:37:29.381 DEBUG    [DC4100_LED.py:92] DC4100: Received b''[0m
[32m2024-01-26 17:37:29.381 DEBUG    [DC4100_LED.py:89] DC4100: Sending o 0 0[0m
[32m2024-01-26 17:37:29.491 DEBUG    [DC4100_LED.py:92] DC4100: Received b''[0m
[32m2024-01-26 17:37:35.695 DEBUG    [AcquisitionClass.py:125] 1000[0m
[32m2024-01-26 17:37:35.695 DEBUG    [AcquisitionClass.py:126] 1.0[0m
[32m2024-01-26 17:37:35.695 DEBUG    [AcquisitionClass.py:127] 10000[0m
[32m2024-01-26 17:37:35.696 DEBUG    [AcquisitionClass.py:128] 10[0m
[32m2024-01-26 17:37:35.696 DEBUG    [AcquisitionClass.py:129] 10000[0m
[32m2024-01-26 17:37:35.696 DEBUG    [AcquisitionClass.py:130] 10000[0m
[32m2024-01-26 17:37:35.696 DEBUG    [AcquisitionClass.py:131] 10000[0m
[32m2024-01-26 17:37:35.697 DEBUG    [AcquisitionClass.py:125] 1000[0m
[32m2024-01-26 17:37:35.697 DEBUG    [AcquisitionClass.py:126] 10.0[0m
[32m2024-01-26 17:37:35.697 DEBUG    [AcquisitionClass.py:127] 1000[0m
[32m2024-01-26 17:37:35.697 DEBUG    [AcquisitionClass.py:128] 1[0m
[32m2024-01-26 17:37:35.698 DEBUG    [AcquisitionClass.py:129] 1000[0m
[32m2024-01-26 17:37:35.698 DEBUG    [AcquisitionClass.py:130] 10000[0m
[32m2024-01-26 17:37:35.698 DEBUG    [AcquisitionClass.py:131] 10000[0m
[36m2024-01-26 17:37:35.802 INFO     [AcquisitionClass.py:517] frequency: 1.000 
 amplitude 2.000 
 offset 4.000  
 acquisiton time 10.000 
 points per period 1000.000 
 number of periods 10.000[0m
[32m2024-01-26 17:37:57.332 DEBUG    [AcquisitionClass.py:125] 1000[0m
[32m2024-01-26 17:37:57.333 DEBUG    [AcquisitionClass.py:126] 0.01[0m
[32m2024-01-26 17:37:57.333 DEBUG    [AcquisitionClass.py:127] 1000000.0[0m
[32m2024-01-26 17:37:57.334 DEBUG    [AcquisitionClass.py:128] 1000.0[0m
[32m2024-01-26 17:37:57.334 DEBUG    [AcquisitionClass.py:129] 1000000.0[0m
[32m2024-01-26 17:37:57.334 DEBUG    [AcquisitionClass.py:130] 10000[0m
[32m2024-01-26 17:37:57.334 DEBUG    [AcquisitionClass.py:131] 10000[0m
[36m2024-01-26 17:37:57.398 INFO     [AcquisitionClass.py:517] frequency: 1000.000 
 amplitude 2.000 
 offset 4.000  
 acquisiton time 0.010 
 points per period 1000.000 
 number of periods 10.000[0m
[1;35m2024-01-26 17:37:57.425 CRITICAL [AcquisitionClass.py:169] -1.5398403044115299[0m
[32m2024-01-26 17:37:59.564 DEBUG    [AcquisitionClass.py:125] 1000[0m
[32m2024-01-26 17:37:59.564 DEBUG    [AcquisitionClass.py:126] 0.021544346900318846[0m
[32m2024-01-26 17:37:59.564 DEBUG    [AcquisitionClass.py:127] 464158.0[0m
[32m2024-01-26 17:37:59.565 DEBUG    [AcquisitionClass.py:128] 464.15888336127773[0m
[32m2024-01-26 17:37:59.565 DEBUG    [AcquisitionClass.py:129] 464158.88336127775[0m
[32m2024-01-26 17:37:59.565 DEBUG    [AcquisitionClass.py:130] 10000[0m
[32m2024-01-26 17:37:59.565 DEBUG    [AcquisitionClass.py:131] 10000[0m
[36m2024-01-26 17:37:59.631 INFO     [AcquisitionClass.py:517] frequency: 464.159 
 amplitude 2.000 
 offset 4.000  
 acquisiton time 0.022 
 points per period 1000.000 
 number of periods 10.000[0m
[1;35m2024-01-26 17:37:59.659 CRITICAL [AcquisitionClass.py:169] -1.749818012739774[0m
[32m2024-01-26 17:38:01.780 DEBUG    [AcquisitionClass.py:125] 1000[0m
[32m2024-01-26 17:38:01.780 DEBUG    [AcquisitionClass.py:126] 0.04641588833612782[0m
[32m2024-01-26 17:38:01.780 DEBUG    [AcquisitionClass.py:127] 215443.0[0m
[32m2024-01-26 17:38:01.781 DEBUG    [AcquisitionClass.py:128] 215.44346900318823[0m
[32m2024-01-26 17:38:01.781 DEBUG    [AcquisitionClass.py:129] 215443.46900318822[0m
[32m2024-01-26 17:38:01.781 DEBUG    [AcquisitionClass.py:130] 10000[0m
[32m2024-01-26 17:38:01.781 DEBUG    [AcquisitionClass.py:131] 10000[0m
[36m2024-01-26 17:38:01.848 INFO     [AcquisitionClass.py:517] frequency: 215.443 
 amplitude 2.000 
 offset 4.000  
 acquisiton time 0.046 
 points per period 1000.000 
 number of periods 10.000[0m
[1;35m2024-01-26 17:38:01.906 CRITICAL [AcquisitionClass.py:169] -1.6168262812343328[0m
[32m2024-01-26 17:38:04.31 DEBUG    [AcquisitionClass.py:125] 1000[0m
[32m2024-01-26 17:38:04.31 DEBUG    [AcquisitionClass.py:126] 0.1[0m
[32m2024-01-26 17:38:04.32 DEBUG    [AcquisitionClass.py:127] 100000.0[0m
[32m2024-01-26 17:38:04.32 DEBUG    [AcquisitionClass.py:128] 100.0[0m
[32m2024-01-26 17:38:04.32 DEBUG    [AcquisitionClass.py:129] 100000.0[0m
[32m2024-01-26 17:38:04.32 DEBUG    [AcquisitionClass.py:130] 10000[0m
[32m2024-01-26 17:38:04.33 DEBUG    [AcquisitionClass.py:131] 10000[0m
[36m2024-01-26 17:38:04.98 INFO     [AcquisitionClass.py:517] frequency: 100.000 
 amplitude 2.000 
 offset 4.000  
 acquisiton time 0.100 
 points per period 1000.000 
 number of periods 10.000[0m
[1;35m2024-01-26 17:38:04.215 CRITICAL [AcquisitionClass.py:169] -1.444261653799711[0m
[32m2024-01-26 17:38:06.332 DEBUG    [AcquisitionClass.py:125] 1000[0m
[32m2024-01-26 17:38:06.332 DEBUG    [AcquisitionClass.py:126] 0.21544346900318845[0m
[32m2024-01-26 17:38:06.333 DEBUG    [AcquisitionClass.py:127] 46415.0[0m
[32m2024-01-26 17:38:06.334 DEBUG    [AcquisitionClass.py:128] 46.41588833612777[0m
[32m2024-01-26 17:38:06.334 DEBUG    [AcquisitionClass.py:129] 46415.88833612777[0m
[32m2024-01-26 17:38:06.334 DEBUG    [AcquisitionClass.py:130] 10000[0m
[32m2024-01-26 17:38:06.334 DEBUG    [AcquisitionClass.py:131] 10000[0m
[36m2024-01-26 17:38:06.400 INFO     [AcquisitionClass.py:517] frequency: 46.416 
 amplitude 2.000 
 offset 4.000  
 acquisiton time 0.215 
 points per period 1000.000 
 number of periods 10.000[0m
[1;35m2024-01-26 17:38:06.628 CRITICAL [AcquisitionClass.py:169] -1.4869358808886566[0m
[32m2024-01-26 17:38:08.753 DEBUG    [AcquisitionClass.py:125] 1000[0m
[32m2024-01-26 17:38:08.753 DEBUG    [AcquisitionClass.py:126] 0.46415888336127803[0m
[32m2024-01-26 17:38:08.753 DEBUG    [AcquisitionClass.py:127] 21544.0[0m
[32m2024-01-26 17:38:08.754 DEBUG    [AcquisitionClass.py:128] 21.544346900318832[0m
[32m2024-01-26 17:38:08.754 DEBUG    [AcquisitionClass.py:129] 21544.346900318833[0m
[32m2024-01-26 17:38:08.754 DEBUG    [AcquisitionClass.py:130] 10000[0m
[32m2024-01-26 17:38:08.754 DEBUG    [AcquisitionClass.py:131] 10000[0m
[36m2024-01-26 17:38:08.819 INFO     [AcquisitionClass.py:517] frequency: 21.544 
 amplitude 2.000 
 offset 4.000  
 acquisiton time 0.464 
 points per period 1000.000 
 number of periods 10.000[0m
[1;35m2024-01-26 17:38:09.311 CRITICAL [AcquisitionClass.py:169] -1.5130203197862921[0m
[32m2024-01-26 17:38:11.429 DEBUG    [AcquisitionClass.py:125] 1000[0m
[32m2024-01-26 17:38:11.429 DEBUG    [AcquisitionClass.py:126] 1.0[0m
[32m2024-01-26 17:38:11.429 DEBUG    [AcquisitionClass.py:127] 10000.0[0m
[32m2024-01-26 17:38:11.430 DEBUG    [AcquisitionClass.py:128] 10.0[0m
[32m2024-01-26 17:38:11.430 DEBUG    [AcquisitionClass.py:129] 10000.0[0m
[32m2024-01-26 17:38:11.430 DEBUG    [AcquisitionClass.py:130] 10000[0m
[32m2024-01-26 17:38:11.430 DEBUG    [AcquisitionClass.py:131] 10000[0m
[36m2024-01-26 17:38:11.496 INFO     [AcquisitionClass.py:517] frequency: 10.000 
 amplitude 2.000 
 offset 4.000  
 acquisiton time 1.000 
 points per period 1000.000 
 number of periods 10.000[0m
[1;35m2024-01-26 17:38:12.550 CRITICAL [AcquisitionClass.py:169] -1.5373047729586202[0m
[32m2024-01-26 17:38:14.663 DEBUG    [AcquisitionClass.py:125] 1000[0m
[32m2024-01-26 17:38:14.663 DEBUG    [AcquisitionClass.py:126] 2.154434690031884[0m
[32m2024-01-26 17:38:14.664 DEBUG    [AcquisitionClass.py:127] 4641.0[0m
[32m2024-01-26 17:38:14.664 DEBUG    [AcquisitionClass.py:128] 4.641588833612778[0m
[32m2024-01-26 17:38:14.664 DEBUG    [AcquisitionClass.py:129] 4641.588833612778[0m
[32m2024-01-26 17:38:14.664 DEBUG    [AcquisitionClass.py:130] 10000[0m
[32m2024-01-26 17:38:14.664 DEBUG    [AcquisitionClass.py:131] 10000[0m
[36m2024-01-26 17:38:14.729 INFO     [AcquisitionClass.py:517] frequency: 4.642 
 amplitude 2.000 
 offset 4.000  
 acquisiton time 2.154 
 points per period 1000.000 
 number of periods 10.000[0m
[1;35m2024-01-26 17:38:17.4 CRITICAL [AcquisitionClass.py:169] -1.568836042418927[0m
[32m2024-01-26 17:38:19.119 DEBUG    [AcquisitionClass.py:125] 1000[0m
[32m2024-01-26 17:38:19.119 DEBUG    [AcquisitionClass.py:126] 4.641588833612778[0m
[32m2024-01-26 17:38:19.119 DEBUG    [AcquisitionClass.py:127] 2154.0[0m
[32m2024-01-26 17:38:19.120 DEBUG    [AcquisitionClass.py:128] 2.154434690031884[0m
[32m2024-01-26 17:38:19.120 DEBUG    [AcquisitionClass.py:129] 2154.4346900318837[0m
[32m2024-01-26 17:38:19.120 DEBUG    [AcquisitionClass.py:130] 10000[0m
[32m2024-01-26 17:38:19.120 DEBUG    [AcquisitionClass.py:131] 10000[0m
[36m2024-01-26 17:38:19.186 INFO     [AcquisitionClass.py:517] frequency: 2.154 
 amplitude 2.000 
 offset 4.000  
 acquisiton time 4.642 
 points per period 1000.000 
 number of periods 10.000[0m
[1;35m2024-01-26 17:38:24.60 CRITICAL [AcquisitionClass.py:169] -1.5744650929283845[0m
[32m2024-01-26 17:38:26.177 DEBUG    [AcquisitionClass.py:125] 1000[0m
[32m2024-01-26 17:38:26.177 DEBUG    [AcquisitionClass.py:126] 10.0[0m
[32m2024-01-26 17:38:26.177 DEBUG    [AcquisitionClass.py:127] 1000.0[0m
[32m2024-01-26 17:38:26.178 DEBUG    [AcquisitionClass.py:128] 1.0[0m
[32m2024-01-26 17:38:26.178 DEBUG    [AcquisitionClass.py:129] 1000.0[0m
[32m2024-01-26 17:38:26.178 DEBUG    [AcquisitionClass.py:130] 10000[0m
[32m2024-01-26 17:38:26.178 DEBUG    [AcquisitionClass.py:131] 10000[0m
[36m2024-01-26 17:38:26.243 INFO     [AcquisitionClass.py:517] frequency: 1.000 
 amplitude 2.000 
 offset 4.000  
 acquisiton time 10.000 
 points per period 1000.000 
 number of periods 10.000[0m
[1;35m2024-01-26 17:38:36.744 CRITICAL [AcquisitionClass.py:169] -1.5869587846907696[0m
[32m2024-01-26 17:38:41.729 DEBUG    [AcquisitionClass.py:125] 1000[0m
[32m2024-01-26 17:38:41.730 DEBUG    [AcquisitionClass.py:126] 1.0[0m
[32m2024-01-26 17:38:41.730 DEBUG    [AcquisitionClass.py:127] 10000[0m
[32m2024-01-26 17:38:41.730 DEBUG    [AcquisitionClass.py:128] 10[0m
[32m2024-01-26 17:38:41.730 DEBUG    [AcquisitionClass.py:129] 10000[0m
[32m2024-01-26 17:38:41.730 DEBUG    [AcquisitionClass.py:130] 10000[0m
[32m2024-01-26 17:38:41.731 DEBUG    [AcquisitionClass.py:131] 10000[0m
[32m2024-01-26 17:38:41.731 DEBUG    [AcquisitionClass.py:125] 10000[0m
[32m2024-01-26 17:38:41.731 DEBUG    [AcquisitionClass.py:126] 249.99999999999994[0m
[32m2024-01-26 17:38:41.731 DEBUG    [AcquisitionClass.py:127] 200.0[0m
[32m2024-01-26 17:38:41.732 DEBUG    [AcquisitionClass.py:128] 0.020000000000000004[0m
[32m2024-01-26 17:38:41.732 DEBUG    [AcquisitionClass.py:129] 200.00000000000003[0m
[32m2024-01-26 17:38:41.732 DEBUG    [AcquisitionClass.py:130] 50000[0m
[32m2024-01-26 17:38:41.732 DEBUG    [AcquisitionClass.py:131] 50000[0m
[32m2024-01-26 17:38:41.735 DEBUG    [AcquisitionClass.py:125] 10000[0m
[32m2024-01-26 17:38:41.735 DEBUG    [AcquisitionClass.py:126] 249.99999999999994[0m
[32m2024-01-26 17:38:41.736 DEBUG    [AcquisitionClass.py:127] 200.0[0m
[32m2024-01-26 17:38:41.736 DEBUG    [AcquisitionClass.py:128] 0.020000000000000004[0m
[32m2024-01-26 17:38:41.736 DEBUG    [AcquisitionClass.py:129] 200.00000000000003[0m
[32m2024-01-26 17:38:41.736 DEBUG    [AcquisitionClass.py:130] 50000[0m
[32m2024-01-26 17:38:41.736 DEBUG    [AcquisitionClass.py:131] 50000[0m
[36m2024-01-26 17:38:41.795 INFO     [AcquisitionClass.py:371] Did not start digital generator, check generator_analog_channels[0m
[36m2024-01-26 17:38:41.798 INFO     [AcquisitionClass.py:517] frequency: 0.020 
 amplitude 0.200 
 offset 0.200  
 acquisiton time 250.000 
 points per period 10000.000 
 number of periods 5.000[0m
