[32m2024-01-26 16:55:00.57 DEBUG    [DC4100_LED.py:69] Serial<id=0x172725165b0, open=True>(port='COM5', baudrate=115200, bytesize=8, parity='N', stopbits=1, timeout=0.1, xonxoff=0, rtscts=0, dsrdtr=False)[0m
[32m2024-01-26 16:55:00.57 DEBUG    [DC4100_LED.py:89] DC4100: Sending o 0 0[0m
[32m2024-01-26 16:55:00.162 DEBUG    [DC4100_LED.py:92] DC4100: Received b''[0m
[32m2024-01-26 16:55:00.162 DEBUG    [DC4100_LED.py:89] DC4100: Sending o 1 0[0m
[32m2024-01-26 16:55:00.273 DEBUG    [DC4100_LED.py:92] DC4100: Received b''[0m
[32m2024-01-26 16:55:00.273 DEBUG    [DC4100_LED.py:89] DC4100: Sending o 2 0[0m
[32m2024-01-26 16:55:00.383 DEBUG    [DC4100_LED.py:92] DC4100: Received b''[0m
[32m2024-01-26 16:55:00.383 DEBUG    [DC4100_LED.py:89] DC4100: Sending o 3 0[0m
[32m2024-01-26 16:55:00.493 DEBUG    [DC4100_LED.py:92] DC4100: Received b''[0m
[1;35m2024-01-26 16:55:00.493 CRITICAL [DC4100_LED.py:164] setting mode[0m
[32m2024-01-26 16:55:00.493 DEBUG    [DC4100_LED.py:89] DC4100: Sending m 2[0m
[32m2024-01-26 16:55:00.601 DEBUG    [DC4100_LED.py:92] DC4100: Received b''[0m
[32m2024-01-26 16:55:01.616 DEBUG    [DC4100_LED.py:89] DC4100: Sending m?[0m
[32m2024-01-26 16:55:01.618 DEBUG    [DC4100_LED.py:92] DC4100: Received b'2\r\n'[0m
[36m2024-01-26 16:55:01.618 INFO     [DC4100_LED.py:215] External Control Mode[0m
[1;35m2024-01-26 16:55:01.618 CRITICAL [DC4100_LED.py:219] 1[0m
[32m2024-01-26 16:55:01.618 DEBUG    [DC4100_LED.py:89] DC4100: Sending o 0 1[0m
[32m2024-01-26 16:55:01.728 DEBUG    [DC4100_LED.py:92] DC4100: Received b''[0m
[1;35m2024-01-26 16:55:01.728 CRITICAL [DC4100_LED.py:219] 2[0m
[32m2024-01-26 16:55:01.728 DEBUG    [DC4100_LED.py:89] DC4100: Sending o 1 1[0m
[32m2024-01-26 16:55:01.837 DEBUG    [DC4100_LED.py:92] DC4100: Received b''[0m
[1;35m2024-01-26 16:55:01.837 CRITICAL [DC4100_LED.py:219] 3[0m
[32m2024-01-26 16:55:01.837 DEBUG    [DC4100_LED.py:89] DC4100: Sending o 2 1[0m
[32m2024-01-26 16:55:01.946 DEBUG    [DC4100_LED.py:92] DC4100: Received b''[0m
[1;35m2024-01-26 16:55:01.946 CRITICAL [DC4100_LED.py:219] 4[0m
[32m2024-01-26 16:55:01.946 DEBUG    [DC4100_LED.py:89] DC4100: Sending o 3 1[0m
[32m2024-01-26 16:55:02.55 DEBUG    [DC4100_LED.py:92] DC4100: Received b''[0m
[32m2024-01-26 16:55:02.55 DEBUG    [DC4100_LED.py:89] DC4100: Sending o 1 1[0m
[32m2024-01-26 16:55:02.164 DEBUG    [DC4100_LED.py:92] DC4100: Received b''[0m
[32m2024-01-26 16:55:02.164 DEBUG    [DC4100_LED.py:89] DC4100: Sending l 1 400[0m
[32m2024-01-26 16:55:02.274 DEBUG    [DC4100_LED.py:92] DC4100: Received b''[0m
[32m2024-01-26 16:55:02.274 DEBUG    [DC4100_LED.py:89] DC4100: Sending o 2 1[0m
[32m2024-01-26 16:55:02.383 DEBUG    [DC4100_LED.py:92] DC4100: Received b''[0m
[32m2024-01-26 16:55:02.383 DEBUG    [DC4100_LED.py:89] DC4100: Sending l 2 150[0m
[32m2024-01-26 16:55:02.493 DEBUG    [DC4100_LED.py:92] DC4100: Received b''[0m
[32m2024-01-26 16:55:02.493 DEBUG    [DC4100_LED.py:89] DC4100: Sending o 3 1[0m
[32m2024-01-26 16:55:02.602 DEBUG    [DC4100_LED.py:92] DC4100: Received b''[0m
[32m2024-01-26 16:55:02.602 DEBUG    [DC4100_LED.py:89] DC4100: Sending l 3 250[0m
[32m2024-01-26 16:55:02.711 DEBUG    [DC4100_LED.py:92] DC4100: Received b''[0m
[32m2024-01-26 16:55:02.711 DEBUG    [DC4100_LED.py:89] DC4100: Sending o 0 0[0m
[32m2024-01-26 16:55:02.820 DEBUG    [DC4100_LED.py:92] DC4100: Received b''[0m
[32m2024-01-26 16:55:04.90 DEBUG    [AcquisitionClass.py:125] 1000[0m
[32m2024-01-26 16:55:04.90 DEBUG    [AcquisitionClass.py:126] 1.0[0m
[32m2024-01-26 16:55:04.91 DEBUG    [AcquisitionClass.py:127] 10000[0m
[32m2024-01-26 16:55:04.91 DEBUG    [AcquisitionClass.py:128] 10[0m
[32m2024-01-26 16:55:04.91 DEBUG    [AcquisitionClass.py:129] 10000[0m
[32m2024-01-26 16:55:04.92 DEBUG    [AcquisitionClass.py:130] 10000[0m
[32m2024-01-26 16:55:04.92 DEBUG    [AcquisitionClass.py:131] 10000[0m
[36m2024-01-26 16:55:20.642 INFO     [AcquisitionClass.py:517] frequency: 10.000 
 amplitude 0.200 
 offset 1.000  
 acquisiton time 12.000 
 points per period 30.000 
 number of periods 10.000[0m
[1;31m2024-01-26 16:55:33.991 ERROR    [AcquisitionClass.py:526] Voltage saturation of the MPPC intensity reader[0m
[1;31m2024-01-26 16:55:34.2 ERROR    [AcquisitionClass.py:530] Voltage saturation of the MPPC fluorescence reader[0m
[36m2024-01-26 16:56:55.336 INFO     [AcquisitionClass.py:630] Shutting down all LEDs for 1 seconds[0m
[36m2024-01-26 16:56:55.336 INFO     [AcquisitionClass.py:366] Did not start analog generator, check generator_analog_channels[0m
[36m2024-01-26 16:56:55.336 INFO     [AcquisitionClass.py:371] Did not start digital generator, check generator_analog_channels[0m
