[32m2024-01-26 17:49:04.368 DEBUG    [DC4100_LED.py:69] Serial<id=0x2ba786bedc0, open=True>(port='COM5', baudrate=115200, bytesize=8, parity='N', stopbits=1, timeout=0.1, xonxoff=0, rtscts=0, dsrdtr=False)[0m
[32m2024-01-26 17:49:04.368 DEBUG    [DC4100_LED.py:89] DC4100: Sending o 0 0[0m
[32m2024-01-26 17:49:04.479 DEBUG    [DC4100_LED.py:92] DC4100: Received b''[0m
[32m2024-01-26 17:49:04.479 DEBUG    [DC4100_LED.py:89] DC4100: Sending o 1 0[0m
[32m2024-01-26 17:49:04.589 DEBUG    [DC4100_LED.py:92] DC4100: Received b''[0m
[32m2024-01-26 17:49:04.589 DEBUG    [DC4100_LED.py:89] DC4100: Sending o 2 0[0m
[32m2024-01-26 17:49:04.698 DEBUG    [DC4100_LED.py:92] DC4100: Received b''[0m
[32m2024-01-26 17:49:04.698 DEBUG    [DC4100_LED.py:89] DC4100: Sending o 3 0[0m
[32m2024-01-26 17:49:04.805 DEBUG    [DC4100_LED.py:92] DC4100: Received b''[0m
[1;35m2024-01-26 17:49:04.805 CRITICAL [DC4100_LED.py:164] setting mode[0m
[32m2024-01-26 17:49:04.805 DEBUG    [DC4100_LED.py:89] DC4100: Sending m 2[0m
[32m2024-01-26 17:49:04.914 DEBUG    [DC4100_LED.py:92] DC4100: Received b''[0m
[32m2024-01-26 17:49:05.927 DEBUG    [DC4100_LED.py:89] DC4100: Sending m?[0m
[32m2024-01-26 17:49:05.929 DEBUG    [DC4100_LED.py:92] DC4100: Received b'2\r\n'[0m
[36m2024-01-26 17:49:05.929 INFO     [DC4100_LED.py:215] External Control Mode[0m
[1;35m2024-01-26 17:49:05.929 CRITICAL [DC4100_LED.py:219] 1[0m
[32m2024-01-26 17:49:05.929 DEBUG    [DC4100_LED.py:89] DC4100: Sending o 0 1[0m
[32m2024-01-26 17:49:06.37 DEBUG    [DC4100_LED.py:92] DC4100: Received b''[0m
[1;35m2024-01-26 17:49:06.37 CRITICAL [DC4100_LED.py:219] 2[0m
[32m2024-01-26 17:49:06.38 DEBUG    [DC4100_LED.py:89] DC4100: Sending o 1 1[0m
[32m2024-01-26 17:49:06.145 DEBUG    [DC4100_LED.py:92] DC4100: Received b''[0m
[1;35m2024-01-26 17:49:06.145 CRITICAL [DC4100_LED.py:219] 3[0m
[32m2024-01-26 17:49:06.145 DEBUG    [DC4100_LED.py:89] DC4100: Sending o 2 1[0m
[32m2024-01-26 17:49:06.254 DEBUG    [DC4100_LED.py:92] DC4100: Received b''[0m
[1;35m2024-01-26 17:49:06.254 CRITICAL [DC4100_LED.py:219] 4[0m
[32m2024-01-26 17:49:06.254 DEBUG    [DC4100_LED.py:89] DC4100: Sending o 3 1[0m
[32m2024-01-26 17:49:06.363 DEBUG    [DC4100_LED.py:92] DC4100: Received b''[0m
[32m2024-01-26 17:49:06.363 DEBUG    [DC4100_LED.py:89] DC4100: Sending o 1 1[0m
[32m2024-01-26 17:49:06.471 DEBUG    [DC4100_LED.py:92] DC4100: Received b''[0m
[32m2024-01-26 17:49:06.471 DEBUG    [DC4100_LED.py:89] DC4100: Sending l 1 1000[0m
[32m2024-01-26 17:49:06.580 DEBUG    [DC4100_LED.py:92] DC4100: Received b''[0m
[32m2024-01-26 17:49:06.580 DEBUG    [DC4100_LED.py:89] DC4100: Sending o 2 0[0m
[32m2024-01-26 17:49:06.689 DEBUG    [DC4100_LED.py:92] DC4100: Received b''[0m
[32m2024-01-26 17:49:06.689 DEBUG    [DC4100_LED.py:89] DC4100: Sending o 3 0[0m
[32m2024-01-26 17:49:06.797 DEBUG    [DC4100_LED.py:92] DC4100: Received b''[0m
[32m2024-01-26 17:49:06.797 DEBUG    [DC4100_LED.py:89] DC4100: Sending o 0 0[0m
[32m2024-01-26 17:49:06.905 DEBUG    [DC4100_LED.py:92] DC4100: Received b''[0m
[32m2024-01-26 17:49:08.405 DEBUG    [AcquisitionClass.py:125] 1000[0m
[32m2024-01-26 17:49:08.405 DEBUG    [AcquisitionClass.py:126] 1.0[0m
[32m2024-01-26 17:49:08.406 DEBUG    [AcquisitionClass.py:127] 10000[0m
[32m2024-01-26 17:49:08.406 DEBUG    [AcquisitionClass.py:128] 10[0m
[32m2024-01-26 17:49:08.406 DEBUG    [AcquisitionClass.py:129] 10000[0m
[32m2024-01-26 17:49:08.406 DEBUG    [AcquisitionClass.py:130] 10000[0m
[32m2024-01-26 17:49:08.407 DEBUG    [AcquisitionClass.py:131] 10000[0m
