[32m2024-01-25 17:39:30.900 DEBUG    [DC4100_LED.py:69] Serial<id=0x14645da5eb0, open=True>(port='COM5', baudrate=115200, bytesize=8, parity='N', stopbits=1, timeout=0.1, xonxoff=0, rtscts=0, dsrdtr=False)[0m
[32m2024-01-25 17:39:30.900 DEBUG    [DC4100_LED.py:89] DC4100: Sending o 0 0[0m
[32m2024-01-25 17:39:31.7 DEBUG    [DC4100_LED.py:92] DC4100: Received b''[0m
[32m2024-01-25 17:39:31.7 DEBUG    [DC4100_LED.py:89] DC4100: Sending o 1 0[0m
[32m2024-01-25 17:39:31.116 DEBUG    [DC4100_LED.py:92] DC4100: Received b''[0m
[32m2024-01-25 17:39:31.116 DEBUG    [DC4100_LED.py:89] DC4100: Sending o 2 0[0m
[32m2024-01-25 17:39:31.228 DEBUG    [DC4100_LED.py:92] DC4100: Received b''[0m
[32m2024-01-25 17:39:31.228 DEBUG    [DC4100_LED.py:89] DC4100: Sending o 3 0[0m
[32m2024-01-25 17:39:31.337 DEBUG    [DC4100_LED.py:92] DC4100: Received b''[0m
[1;35m2024-01-25 17:39:31.337 CRITICAL [DC4100_LED.py:164] setting mode[0m
[32m2024-01-25 17:39:31.337 DEBUG    [DC4100_LED.py:89] DC4100: Sending m 2[0m
[32m2024-01-25 17:39:31.446 DEBUG    [DC4100_LED.py:92] DC4100: Received b''[0m
[32m2024-01-25 17:39:32.450 DEBUG    [DC4100_LED.py:89] DC4100: Sending m?[0m
[32m2024-01-25 17:39:32.452 DEBUG    [DC4100_LED.py:92] DC4100: Received b'2\r\n'[0m
[36m2024-01-25 17:39:32.452 INFO     [DC4100_LED.py:215] External Control Mode[0m
[1;35m2024-01-25 17:39:32.452 CRITICAL [DC4100_LED.py:219] 1[0m
[32m2024-01-25 17:39:32.452 DEBUG    [DC4100_LED.py:89] DC4100: Sending o 0 1[0m
[32m2024-01-25 17:39:32.561 DEBUG    [DC4100_LED.py:92] DC4100: Received b''[0m
[1;35m2024-01-25 17:39:32.561 CRITICAL [DC4100_LED.py:219] 2[0m
[32m2024-01-25 17:39:32.561 DEBUG    [DC4100_LED.py:89] DC4100: Sending o 1 1[0m
[32m2024-01-25 17:39:32.669 DEBUG    [DC4100_LED.py:92] DC4100: Received b''[0m
[1;35m2024-01-25 17:39:32.669 CRITICAL [DC4100_LED.py:219] 3[0m
[32m2024-01-25 17:39:32.669 DEBUG    [DC4100_LED.py:89] DC4100: Sending o 2 1[0m
[32m2024-01-25 17:39:32.779 DEBUG    [DC4100_LED.py:92] DC4100: Received b''[0m
[1;35m2024-01-25 17:39:32.779 CRITICAL [DC4100_LED.py:219] 4[0m
[32m2024-01-25 17:39:32.779 DEBUG    [DC4100_LED.py:89] DC4100: Sending o 3 1[0m
[32m2024-01-25 17:39:32.887 DEBUG    [DC4100_LED.py:92] DC4100: Received b''[0m
[32m2024-01-25 17:39:32.887 DEBUG    [DC4100_LED.py:89] DC4100: Sending o 1 1[0m
[32m2024-01-25 17:39:32.995 DEBUG    [DC4100_LED.py:92] DC4100: Received b''[0m
[32m2024-01-25 17:39:32.995 DEBUG    [DC4100_LED.py:89] DC4100: Sending l 1 1000[0m
[32m2024-01-25 17:39:33.105 DEBUG    [DC4100_LED.py:92] DC4100: Received b''[0m
[32m2024-01-25 17:39:33.105 DEBUG    [DC4100_LED.py:89] DC4100: Sending o 2 0[0m
[32m2024-01-25 17:39:33.213 DEBUG    [DC4100_LED.py:92] DC4100: Received b''[0m
[32m2024-01-25 17:39:33.213 DEBUG    [DC4100_LED.py:89] DC4100: Sending o 3 0[0m
[32m2024-01-25 17:39:33.324 DEBUG    [DC4100_LED.py:92] DC4100: Received b''[0m
[32m2024-01-25 17:39:33.324 DEBUG    [DC4100_LED.py:89] DC4100: Sending o 0 0[0m
[32m2024-01-25 17:39:33.433 DEBUG    [DC4100_LED.py:92] DC4100: Received b''[0m
[32m2024-01-25 17:39:34.940 DEBUG    [AcquisitionClass.py:125] 1000[0m
[32m2024-01-25 17:39:34.940 DEBUG    [AcquisitionClass.py:126] 1.0[0m
[32m2024-01-25 17:39:34.941 DEBUG    [AcquisitionClass.py:127] 10000[0m
[32m2024-01-25 17:39:34.941 DEBUG    [AcquisitionClass.py:128] 10[0m
[32m2024-01-25 17:39:34.941 DEBUG    [AcquisitionClass.py:129] 10000[0m
[32m2024-01-25 17:39:34.941 DEBUG    [AcquisitionClass.py:130] 10000[0m
[32m2024-01-25 17:39:34.942 DEBUG    [AcquisitionClass.py:131] 10000[0m
[32m2024-01-25 17:40:00.77 DEBUG    [AcquisitionClass.py:125] 1000[0m
[32m2024-01-25 17:40:00.77 DEBUG    [AcquisitionClass.py:126] 1.0[0m
[32m2024-01-25 17:40:00.77 DEBUG    [AcquisitionClass.py:127] 10000[0m
[32m2024-01-25 17:40:00.78 DEBUG    [AcquisitionClass.py:128] 10[0m
[32m2024-01-25 17:40:00.78 DEBUG    [AcquisitionClass.py:129] 10000[0m
[32m2024-01-25 17:40:00.78 DEBUG    [AcquisitionClass.py:130] 10000[0m
[32m2024-01-25 17:40:00.78 DEBUG    [AcquisitionClass.py:131] 10000[0m
[36m2024-01-25 17:40:01.524 INFO     [AcquisitionClass.py:517] frequency: 10.000 
 amplitude 0.200 
 offset 1.000  
 acquisiton time 20.000 
 points per period 1000.000 
 number of periods 10.000[0m
[36m2024-01-25 17:40:21.720 INFO     [AcquisitionClass.py:630] Shutting down all LEDs for 1 seconds[0m
[36m2024-01-25 17:40:21.799 INFO     [AcquisitionClass.py:371] Did not start digital generator, check generator_analog_channels[0m
[36m2024-01-25 17:40:29.647 INFO     [AcquisitionClass.py:517] frequency: 10.000 
 amplitude 0.200 
 offset 1.000  
 acquisiton time 20.000 
 points per period 1000.000 
 number of periods 10.000[0m
[36m2024-01-25 17:40:49.829 INFO     [AcquisitionClass.py:630] Shutting down all LEDs for 1 seconds[0m
[36m2024-01-25 17:40:49.908 INFO     [AcquisitionClass.py:371] Did not start digital generator, check generator_analog_channels[0m
[36m2024-01-25 17:40:57.753 INFO     [AcquisitionClass.py:517] frequency: 10.000 
 amplitude 0.200 
 offset 1.000  
 acquisiton time 20.000 
 points per period 1000.000 
 number of periods 10.000[0m
[36m2024-01-25 17:41:17.930 INFO     [AcquisitionClass.py:630] Shutting down all LEDs for 1 seconds[0m
[36m2024-01-25 17:41:18.7 INFO     [AcquisitionClass.py:371] Did not start digital generator, check generator_analog_channels[0m
[36m2024-01-25 17:41:25.869 INFO     [AcquisitionClass.py:517] frequency: 10.000 
 amplitude 0.200 
 offset 1.000  
 acquisiton time 20.000 
 points per period 1000.000 
 number of periods 10.000[0m
[36m2024-01-25 17:41:46.52 INFO     [AcquisitionClass.py:630] Shutting down all LEDs for 1 seconds[0m
[36m2024-01-25 17:41:46.130 INFO     [AcquisitionClass.py:371] Did not start digital generator, check generator_analog_channels[0m
[36m2024-01-25 17:41:53.962 INFO     [AcquisitionClass.py:517] frequency: 10.000 
 amplitude 0.200 
 offset 1.000  
 acquisiton time 20.000 
 points per period 1000.000 
 number of periods 10.000[0m
[36m2024-01-25 17:42:14.149 INFO     [AcquisitionClass.py:630] Shutting down all LEDs for 1 seconds[0m
[36m2024-01-25 17:42:14.228 INFO     [AcquisitionClass.py:371] Did not start digital generator, check generator_analog_channels[0m
[36m2024-01-25 17:42:22.43 INFO     [AcquisitionClass.py:517] frequency: 10.000 
 amplitude 0.200 
 offset 1.000  
 acquisiton time 20.000 
 points per period 1000.000 
 number of periods 10.000[0m
[36m2024-01-25 17:42:42.229 INFO     [AcquisitionClass.py:630] Shutting down all LEDs for 1 seconds[0m
[36m2024-01-25 17:42:42.308 INFO     [AcquisitionClass.py:371] Did not start digital generator, check generator_analog_channels[0m
[36m2024-01-25 17:42:50.160 INFO     [AcquisitionClass.py:517] frequency: 10.000 
 amplitude 0.200 
 offset 1.000  
 acquisiton time 20.000 
 points per period 1000.000 
 number of periods 10.000[0m
[36m2024-01-25 17:43:10.344 INFO     [AcquisitionClass.py:630] Shutting down all LEDs for 1 seconds[0m
[36m2024-01-25 17:43:10.422 INFO     [AcquisitionClass.py:371] Did not start digital generator, check generator_analog_channels[0m
[36m2024-01-25 17:43:18.257 INFO     [AcquisitionClass.py:517] frequency: 10.000 
 amplitude 0.200 
 offset 1.000  
 acquisiton time 20.000 
 points per period 1000.000 
 number of periods 10.000[0m
[36m2024-01-25 17:43:38.438 INFO     [AcquisitionClass.py:630] Shutting down all LEDs for 1 seconds[0m
[36m2024-01-25 17:43:38.517 INFO     [AcquisitionClass.py:371] Did not start digital generator, check generator_analog_channels[0m
[36m2024-01-25 17:43:46.454 INFO     [AcquisitionClass.py:517] frequency: 10.000 
 amplitude 0.200 
 offset 1.000  
 acquisiton time 20.000 
 points per period 1000.000 
 number of periods 10.000[0m
[36m2024-01-25 17:44:06.636 INFO     [AcquisitionClass.py:630] Shutting down all LEDs for 1 seconds[0m
[36m2024-01-25 17:44:06.714 INFO     [AcquisitionClass.py:371] Did not start digital generator, check generator_analog_channels[0m
[36m2024-01-25 17:44:14.542 INFO     [AcquisitionClass.py:517] frequency: 10.000 
 amplitude 0.200 
 offset 1.000  
 acquisiton time 20.000 
 points per period 1000.000 
 number of periods 10.000[0m
[36m2024-01-25 17:44:34.728 INFO     [AcquisitionClass.py:630] Shutting down all LEDs for 1 seconds[0m
[36m2024-01-25 17:44:34.806 INFO     [AcquisitionClass.py:371] Did not start digital generator, check generator_analog_channels[0m
[36m2024-01-25 17:44:42.639 INFO     [AcquisitionClass.py:517] frequency: 10.000 
 amplitude 0.200 
 offset 1.000  
 acquisiton time 20.000 
 points per period 1000.000 
 number of periods 10.000[0m
[36m2024-01-25 17:45:02.816 INFO     [AcquisitionClass.py:630] Shutting down all LEDs for 1 seconds[0m
[36m2024-01-25 17:45:02.895 INFO     [AcquisitionClass.py:371] Did not start digital generator, check generator_analog_channels[0m
[36m2024-01-25 17:45:10.713 INFO     [AcquisitionClass.py:517] frequency: 10.000 
 amplitude 0.200 
 offset 1.000  
 acquisiton time 20.000 
 points per period 1000.000 
 number of periods 10.000[0m
[36m2024-01-25 17:45:30.889 INFO     [AcquisitionClass.py:630] Shutting down all LEDs for 1 seconds[0m
[36m2024-01-25 17:45:30.968 INFO     [AcquisitionClass.py:371] Did not start digital generator, check generator_analog_channels[0m
[36m2024-01-25 17:45:38.782 INFO     [AcquisitionClass.py:517] frequency: 10.000 
 amplitude 0.200 
 offset 1.000  
 acquisiton time 20.000 
 points per period 1000.000 
 number of periods 10.000[0m
[36m2024-01-25 17:45:58.959 INFO     [AcquisitionClass.py:630] Shutting down all LEDs for 1 seconds[0m
[36m2024-01-25 17:45:59.37 INFO     [AcquisitionClass.py:371] Did not start digital generator, check generator_analog_channels[0m
[36m2024-01-25 17:46:06.877 INFO     [AcquisitionClass.py:517] frequency: 10.000 
 amplitude 0.200 
 offset 1.000  
 acquisiton time 20.000 
 points per period 1000.000 
 number of periods 10.000[0m
[36m2024-01-25 17:46:27.60 INFO     [AcquisitionClass.py:630] Shutting down all LEDs for 1 seconds[0m
[36m2024-01-25 17:46:27.137 INFO     [AcquisitionClass.py:371] Did not start digital generator, check generator_analog_channels[0m
[36m2024-01-25 17:46:35.27 INFO     [AcquisitionClass.py:517] frequency: 10.000 
 amplitude 0.200 
 offset 1.000  
 acquisiton time 20.000 
 points per period 1000.000 
 number of periods 10.000[0m
[36m2024-01-25 17:46:55.202 INFO     [AcquisitionClass.py:630] Shutting down all LEDs for 1 seconds[0m
[36m2024-01-25 17:46:55.281 INFO     [AcquisitionClass.py:371] Did not start digital generator, check generator_analog_channels[0m
