[32m2024-01-29 17:00:48.170 DEBUG    [DC4100_LED.py:69] Serial<id=0x19a79715f10, open=True>(port='COM5', baudrate=115200, bytesize=8, parity='N', stopbits=1, timeout=0.1, xonxoff=0, rtscts=0, dsrdtr=False)[0m
[32m2024-01-29 17:00:48.170 DEBUG    [DC4100_LED.py:89] DC4100: Sending o 0 0[0m
[32m2024-01-29 17:00:48.278 DEBUG    [DC4100_LED.py:92] DC4100: Received b''[0m
[32m2024-01-29 17:00:48.278 DEBUG    [DC4100_LED.py:89] DC4100: Sending o 1 0[0m
[32m2024-01-29 17:00:48.387 DEBUG    [DC4100_LED.py:92] DC4100: Received b''[0m
[32m2024-01-29 17:00:48.387 DEBUG    [DC4100_LED.py:89] DC4100: Sending o 2 0[0m
[32m2024-01-29 17:00:48.495 DEBUG    [DC4100_LED.py:92] DC4100: Received b''[0m
[32m2024-01-29 17:00:48.495 DEBUG    [DC4100_LED.py:89] DC4100: Sending o 3 0[0m
[32m2024-01-29 17:00:48.606 DEBUG    [DC4100_LED.py:92] DC4100: Received b''[0m
[1;35m2024-01-29 17:00:48.606 CRITICAL [DC4100_LED.py:164] setting mode[0m
[32m2024-01-29 17:00:48.606 DEBUG    [DC4100_LED.py:89] DC4100: Sending m 2[0m
[32m2024-01-29 17:00:48.715 DEBUG    [DC4100_LED.py:92] DC4100: Received b''[0m
[32m2024-01-29 17:00:49.729 DEBUG    [DC4100_LED.py:89] DC4100: Sending m?[0m
[32m2024-01-29 17:00:49.731 DEBUG    [DC4100_LED.py:92] DC4100: Received b'2\r\n'[0m
[36m2024-01-29 17:00:49.731 INFO     [DC4100_LED.py:215] External Control Mode[0m
[1;35m2024-01-29 17:00:49.731 CRITICAL [DC4100_LED.py:219] 1[0m
[32m2024-01-29 17:00:49.731 DEBUG    [DC4100_LED.py:89] DC4100: Sending o 0 1[0m
[32m2024-01-29 17:00:49.838 DEBUG    [DC4100_LED.py:92] DC4100: Received b''[0m
[1;35m2024-01-29 17:00:49.838 CRITICAL [DC4100_LED.py:219] 2[0m
[32m2024-01-29 17:00:49.838 DEBUG    [DC4100_LED.py:89] DC4100: Sending o 1 1[0m
[32m2024-01-29 17:00:49.947 DEBUG    [DC4100_LED.py:92] DC4100: Received b''[0m
[1;35m2024-01-29 17:00:49.947 CRITICAL [DC4100_LED.py:219] 3[0m
[32m2024-01-29 17:00:49.947 DEBUG    [DC4100_LED.py:89] DC4100: Sending o 2 1[0m
[32m2024-01-29 17:00:50.55 DEBUG    [DC4100_LED.py:92] DC4100: Received b''[0m
[1;35m2024-01-29 17:00:50.55 CRITICAL [DC4100_LED.py:219] 4[0m
[32m2024-01-29 17:00:50.55 DEBUG    [DC4100_LED.py:89] DC4100: Sending o 3 1[0m
[32m2024-01-29 17:00:50.164 DEBUG    [DC4100_LED.py:92] DC4100: Received b''[0m
[32m2024-01-29 17:00:50.164 DEBUG    [DC4100_LED.py:89] DC4100: Sending o 1 1[0m
[32m2024-01-29 17:00:50.274 DEBUG    [DC4100_LED.py:92] DC4100: Received b''[0m
[32m2024-01-29 17:00:50.274 DEBUG    [DC4100_LED.py:89] DC4100: Sending l 1 1000[0m
[32m2024-01-29 17:00:50.381 DEBUG    [DC4100_LED.py:92] DC4100: Received b''[0m
[32m2024-01-29 17:00:50.381 DEBUG    [DC4100_LED.py:89] DC4100: Sending o 2 0[0m
[32m2024-01-29 17:00:50.492 DEBUG    [DC4100_LED.py:92] DC4100: Received b''[0m
[32m2024-01-29 17:00:50.492 DEBUG    [DC4100_LED.py:89] DC4100: Sending o 3 0[0m
[32m2024-01-29 17:00:50.600 DEBUG    [DC4100_LED.py:92] DC4100: Received b''[0m
[32m2024-01-29 17:00:50.600 DEBUG    [DC4100_LED.py:89] DC4100: Sending o 0 0[0m
[32m2024-01-29 17:00:50.710 DEBUG    [DC4100_LED.py:92] DC4100: Received b''[0m
[32m2024-01-29 17:00:52.211 DEBUG    [AcquisitionClass.py:125] 1000[0m
[32m2024-01-29 17:00:52.211 DEBUG    [AcquisitionClass.py:126] 1.0[0m
[32m2024-01-29 17:00:52.212 DEBUG    [AcquisitionClass.py:127] 10000[0m
[32m2024-01-29 17:00:52.212 DEBUG    [AcquisitionClass.py:128] 10[0m
[32m2024-01-29 17:00:52.212 DEBUG    [AcquisitionClass.py:129] 10000[0m
[32m2024-01-29 17:00:52.212 DEBUG    [AcquisitionClass.py:130] 10000[0m
[32m2024-01-29 17:00:52.213 DEBUG    [AcquisitionClass.py:131] 10000[0m
[32m2024-01-29 17:01:17.413 DEBUG    [AcquisitionClass.py:125] 1000[0m
[32m2024-01-29 17:01:17.413 DEBUG    [AcquisitionClass.py:126] 1.0[0m
[32m2024-01-29 17:01:17.413 DEBUG    [AcquisitionClass.py:127] 10000[0m
[32m2024-01-29 17:01:17.413 DEBUG    [AcquisitionClass.py:128] 10[0m
[32m2024-01-29 17:01:17.414 DEBUG    [AcquisitionClass.py:129] 10000[0m
[32m2024-01-29 17:01:17.414 DEBUG    [AcquisitionClass.py:130] 10000[0m
[32m2024-01-29 17:01:17.414 DEBUG    [AcquisitionClass.py:131] 10000[0m
[36m2024-01-29 17:01:18.867 INFO     [AcquisitionClass.py:517] frequency: 10.000 
 amplitude 0.200 
 offset 1.000  
 acquisiton time 20.000 
 points per period 1000.000 
 number of periods 10.000[0m
[36m2024-01-29 17:01:39.68 INFO     [AcquisitionClass.py:630] Shutting down all LEDs for 1 seconds[0m
[36m2024-01-29 17:01:39.145 INFO     [AcquisitionClass.py:371] Did not start digital generator, check generator_analog_channels[0m
[36m2024-01-29 17:01:43.40 INFO     [AcquisitionClass.py:517] frequency: 10.000 
 amplitude 0.200 
 offset 1.000  
 acquisiton time 20.000 
 points per period 1000.000 
 number of periods 10.000[0m
[36m2024-01-29 17:02:03.228 INFO     [AcquisitionClass.py:630] Shutting down all LEDs for 1 seconds[0m
[36m2024-01-29 17:02:03.306 INFO     [AcquisitionClass.py:371] Did not start digital generator, check generator_analog_channels[0m
[36m2024-01-29 17:02:07.175 INFO     [AcquisitionClass.py:517] frequency: 10.000 
 amplitude 0.200 
 offset 1.000  
 acquisiton time 20.000 
 points per period 1000.000 
 number of periods 10.000[0m
[36m2024-01-29 17:02:27.360 INFO     [AcquisitionClass.py:630] Shutting down all LEDs for 1 seconds[0m
[36m2024-01-29 17:02:27.438 INFO     [AcquisitionClass.py:371] Did not start digital generator, check generator_analog_channels[0m
[36m2024-01-29 17:02:31.294 INFO     [AcquisitionClass.py:517] frequency: 10.000 
 amplitude 0.200 
 offset 1.000  
 acquisiton time 20.000 
 points per period 1000.000 
 number of periods 10.000[0m
[36m2024-01-29 17:02:51.477 INFO     [AcquisitionClass.py:630] Shutting down all LEDs for 1 seconds[0m
[36m2024-01-29 17:02:51.557 INFO     [AcquisitionClass.py:371] Did not start digital generator, check generator_analog_channels[0m
[36m2024-01-29 17:02:55.510 INFO     [AcquisitionClass.py:517] frequency: 10.000 
 amplitude 0.200 
 offset 1.000  
 acquisiton time 20.000 
 points per period 1000.000 
 number of periods 10.000[0m
[36m2024-01-29 17:03:15.694 INFO     [AcquisitionClass.py:630] Shutting down all LEDs for 1 seconds[0m
[36m2024-01-29 17:03:15.774 INFO     [AcquisitionClass.py:371] Did not start digital generator, check generator_analog_channels[0m
[36m2024-01-29 17:03:19.624 INFO     [AcquisitionClass.py:517] frequency: 10.000 
 amplitude 0.200 
 offset 1.000  
 acquisiton time 20.000 
 points per period 1000.000 
 number of periods 10.000[0m
[36m2024-01-29 17:03:39.807 INFO     [AcquisitionClass.py:630] Shutting down all LEDs for 1 seconds[0m
[36m2024-01-29 17:03:39.884 INFO     [AcquisitionClass.py:371] Did not start digital generator, check generator_analog_channels[0m
[36m2024-01-29 17:03:43.711 INFO     [AcquisitionClass.py:517] frequency: 10.000 
 amplitude 0.200 
 offset 1.000  
 acquisiton time 20.000 
 points per period 1000.000 
 number of periods 10.000[0m
[36m2024-01-29 17:04:03.897 INFO     [AcquisitionClass.py:630] Shutting down all LEDs for 1 seconds[0m
[36m2024-01-29 17:04:03.976 INFO     [AcquisitionClass.py:371] Did not start digital generator, check generator_analog_channels[0m
[36m2024-01-29 17:04:07.848 INFO     [AcquisitionClass.py:517] frequency: 10.000 
 amplitude 0.200 
 offset 1.000  
 acquisiton time 20.000 
 points per period 1000.000 
 number of periods 10.000[0m
[36m2024-01-29 17:04:28.34 INFO     [AcquisitionClass.py:630] Shutting down all LEDs for 1 seconds[0m
[36m2024-01-29 17:04:28.112 INFO     [AcquisitionClass.py:371] Did not start digital generator, check generator_analog_channels[0m
[36m2024-01-29 17:04:31.944 INFO     [AcquisitionClass.py:517] frequency: 10.000 
 amplitude 0.200 
 offset 1.000  
 acquisiton time 20.000 
 points per period 1000.000 
 number of periods 10.000[0m
[36m2024-01-29 17:04:52.126 INFO     [AcquisitionClass.py:630] Shutting down all LEDs for 1 seconds[0m
[36m2024-01-29 17:04:52.203 INFO     [AcquisitionClass.py:371] Did not start digital generator, check generator_analog_channels[0m
[36m2024-01-29 17:04:56.32 INFO     [AcquisitionClass.py:517] frequency: 10.000 
 amplitude 0.200 
 offset 1.000  
 acquisiton time 20.000 
 points per period 1000.000 
 number of periods 10.000[0m
[36m2024-01-29 17:05:16.214 INFO     [AcquisitionClass.py:630] Shutting down all LEDs for 1 seconds[0m
[36m2024-01-29 17:05:16.292 INFO     [AcquisitionClass.py:371] Did not start digital generator, check generator_analog_channels[0m
[36m2024-01-29 17:05:20.135 INFO     [AcquisitionClass.py:517] frequency: 10.000 
 amplitude 0.200 
 offset 1.000  
 acquisiton time 20.000 
 points per period 1000.000 
 number of periods 10.000[0m
[36m2024-01-29 17:05:40.325 INFO     [AcquisitionClass.py:630] Shutting down all LEDs for 1 seconds[0m
[36m2024-01-29 17:05:40.404 INFO     [AcquisitionClass.py:371] Did not start digital generator, check generator_analog_channels[0m
[36m2024-01-29 17:05:44.273 INFO     [AcquisitionClass.py:517] frequency: 10.000 
 amplitude 0.200 
 offset 1.000  
 acquisiton time 20.000 
 points per period 1000.000 
 number of periods 10.000[0m
[36m2024-01-29 17:06:04.460 INFO     [AcquisitionClass.py:630] Shutting down all LEDs for 1 seconds[0m
[36m2024-01-29 17:06:04.538 INFO     [AcquisitionClass.py:371] Did not start digital generator, check generator_analog_channels[0m
[36m2024-01-29 17:06:08.351 INFO     [AcquisitionClass.py:517] frequency: 10.000 
 amplitude 0.200 
 offset 1.000  
 acquisiton time 20.000 
 points per period 1000.000 
 number of periods 10.000[0m
[36m2024-01-29 17:06:28.537 INFO     [AcquisitionClass.py:630] Shutting down all LEDs for 1 seconds[0m
[36m2024-01-29 17:06:28.615 INFO     [AcquisitionClass.py:371] Did not start digital generator, check generator_analog_channels[0m
[36m2024-01-29 17:06:32.472 INFO     [AcquisitionClass.py:517] frequency: 10.000 
 amplitude 0.200 
 offset 1.000  
 acquisiton time 20.000 
 points per period 1000.000 
 number of periods 10.000[0m
[36m2024-01-29 17:06:52.658 INFO     [AcquisitionClass.py:630] Shutting down all LEDs for 1 seconds[0m
[36m2024-01-29 17:06:52.734 INFO     [AcquisitionClass.py:371] Did not start digital generator, check generator_analog_channels[0m
[36m2024-01-29 17:06:56.580 INFO     [AcquisitionClass.py:517] frequency: 10.000 
 amplitude 0.200 
 offset 1.000  
 acquisiton time 20.000 
 points per period 1000.000 
 number of periods 10.000[0m
[36m2024-01-29 17:07:16.770 INFO     [AcquisitionClass.py:630] Shutting down all LEDs for 1 seconds[0m
[36m2024-01-29 17:07:16.848 INFO     [AcquisitionClass.py:371] Did not start digital generator, check generator_analog_channels[0m
