[32m2024-01-25 15:40:28.271 DEBUG    [AcquisitionClass.py:125] 1000[0m
[32m2024-01-25 15:40:28.271 DEBUG    [AcquisitionClass.py:126] 1.0[0m
[32m2024-01-25 15:40:28.271 DEBUG    [AcquisitionClass.py:127] 10000[0m
[32m2024-01-25 15:40:28.271 DEBUG    [AcquisitionClass.py:128] 10[0m
[32m2024-01-25 15:40:28.271 DEBUG    [AcquisitionClass.py:129] 10000[0m
[32m2024-01-25 15:40:28.272 DEBUG    [AcquisitionClass.py:130] 10000[0m
[32m2024-01-25 15:40:28.272 DEBUG    [AcquisitionClass.py:131] 10000[0m
[32m2024-01-25 15:40:28.308 DEBUG    [DC4100_LED.py:69] Serial<id=0x2b46d38eee0, open=True>(port='COM5', baudrate=115200, bytesize=8, parity='N', stopbits=1, timeout=0.1, xonxoff=0, rtscts=0, dsrdtr=False)[0m
[32m2024-01-25 15:40:28.308 DEBUG    [DC4100_LED.py:89] DC4100: Sending o 0 0[0m
[32m2024-01-25 15:40:28.420 DEBUG    [DC4100_LED.py:92] DC4100: Received b''[0m
[32m2024-01-25 15:40:28.420 DEBUG    [DC4100_LED.py:89] DC4100: Sending o 1 0[0m
[32m2024-01-25 15:40:28.529 DEBUG    [DC4100_LED.py:92] DC4100: Received b''[0m
[32m2024-01-25 15:40:28.529 DEBUG    [DC4100_LED.py:89] DC4100: Sending o 2 0[0m
[32m2024-01-25 15:40:28.639 DEBUG    [DC4100_LED.py:92] DC4100: Received b''[0m
[32m2024-01-25 15:40:28.639 DEBUG    [DC4100_LED.py:89] DC4100: Sending o 3 0[0m
[32m2024-01-25 15:40:28.748 DEBUG    [DC4100_LED.py:92] DC4100: Received b''[0m
[1;35m2024-01-25 15:40:28.748 CRITICAL [DC4100_LED.py:164] setting mode[0m
[32m2024-01-25 15:40:28.748 DEBUG    [DC4100_LED.py:89] DC4100: Sending m 2[0m
[32m2024-01-25 15:40:28.857 DEBUG    [DC4100_LED.py:92] DC4100: Received b''[0m
[32m2024-01-25 15:40:29.861 DEBUG    [DC4100_LED.py:89] DC4100: Sending m?[0m
[32m2024-01-25 15:40:29.863 DEBUG    [DC4100_LED.py:92] DC4100: Received b'2\r\n'[0m
[36m2024-01-25 15:40:29.863 INFO     [DC4100_LED.py:215] External Control Mode[0m
[1;35m2024-01-25 15:40:29.863 CRITICAL [DC4100_LED.py:219] 1[0m
[32m2024-01-25 15:40:29.863 DEBUG    [DC4100_LED.py:89] DC4100: Sending o 0 1[0m
[32m2024-01-25 15:40:29.969 DEBUG    [DC4100_LED.py:92] DC4100: Received b''[0m
[1;35m2024-01-25 15:40:29.969 CRITICAL [DC4100_LED.py:219] 2[0m
[32m2024-01-25 15:40:29.969 DEBUG    [DC4100_LED.py:89] DC4100: Sending o 1 1[0m
[32m2024-01-25 15:40:30.79 DEBUG    [DC4100_LED.py:92] DC4100: Received b''[0m
[1;35m2024-01-25 15:40:30.79 CRITICAL [DC4100_LED.py:219] 3[0m
[32m2024-01-25 15:40:30.79 DEBUG    [DC4100_LED.py:89] DC4100: Sending o 2 1[0m
[32m2024-01-25 15:40:30.189 DEBUG    [DC4100_LED.py:92] DC4100: Received b''[0m
[1;35m2024-01-25 15:40:30.189 CRITICAL [DC4100_LED.py:219] 4[0m
[32m2024-01-25 15:40:30.189 DEBUG    [DC4100_LED.py:89] DC4100: Sending o 3 1[0m
[32m2024-01-25 15:40:30.300 DEBUG    [DC4100_LED.py:92] DC4100: Received b''[0m
[32m2024-01-25 15:40:30.300 DEBUG    [DC4100_LED.py:89] DC4100: Sending o 1 1[0m
[32m2024-01-25 15:40:30.409 DEBUG    [DC4100_LED.py:92] DC4100: Received b''[0m
[32m2024-01-25 15:40:30.409 DEBUG    [DC4100_LED.py:89] DC4100: Sending l 1 1000[0m
[32m2024-01-25 15:40:30.520 DEBUG    [DC4100_LED.py:92] DC4100: Received b''[0m
[32m2024-01-25 15:40:30.520 DEBUG    [DC4100_LED.py:89] DC4100: Sending o 2 0[0m
[32m2024-01-25 15:40:30.629 DEBUG    [DC4100_LED.py:92] DC4100: Received b''[0m
[32m2024-01-25 15:40:30.629 DEBUG    [DC4100_LED.py:89] DC4100: Sending o 3 0[0m
[32m2024-01-25 15:40:30.739 DEBUG    [DC4100_LED.py:92] DC4100: Received b''[0m
[32m2024-01-25 15:40:30.739 DEBUG    [DC4100_LED.py:89] DC4100: Sending o 0 0[0m
[32m2024-01-25 15:40:30.846 DEBUG    [DC4100_LED.py:92] DC4100: Received b''[0m
