[32m2024-01-29 16:27:57.300 DEBUG    [DC4100_LED.py:69] Serial<id=0x14cc72bfdc0, open=True>(port='COM5', baudrate=115200, bytesize=8, parity='N', stopbits=1, timeout=0.1, xonxoff=0, rtscts=0, dsrdtr=False)[0m
[32m2024-01-29 16:27:57.301 DEBUG    [DC4100_LED.py:89] DC4100: Sending o 0 0[0m
[32m2024-01-29 16:27:57.410 DEBUG    [DC4100_LED.py:92] DC4100: Received b''[0m
[32m2024-01-29 16:27:57.410 DEBUG    [DC4100_LED.py:89] DC4100: Sending o 1 0[0m
[32m2024-01-29 16:27:57.519 DEBUG    [DC4100_LED.py:92] DC4100: Received b''[0m
[32m2024-01-29 16:27:57.519 DEBUG    [DC4100_LED.py:89] DC4100: Sending o 2 0[0m
[32m2024-01-29 16:27:57.628 DEBUG    [DC4100_LED.py:92] DC4100: Received b''[0m
[32m2024-01-29 16:27:57.628 DEBUG    [DC4100_LED.py:89] DC4100: Sending o 3 0[0m
[32m2024-01-29 16:27:57.738 DEBUG    [DC4100_LED.py:92] DC4100: Received b''[0m
[1;35m2024-01-29 16:27:57.738 CRITICAL [DC4100_LED.py:164] setting mode[0m
[32m2024-01-29 16:27:57.738 DEBUG    [DC4100_LED.py:89] DC4100: Sending m 2[0m
[32m2024-01-29 16:27:57.847 DEBUG    [DC4100_LED.py:92] DC4100: Received b''[0m
[32m2024-01-29 16:27:58.849 DEBUG    [DC4100_LED.py:89] DC4100: Sending m?[0m
[32m2024-01-29 16:27:58.852 DEBUG    [DC4100_LED.py:92] DC4100: Received b'2\r\n'[0m
[36m2024-01-29 16:27:58.852 INFO     [DC4100_LED.py:215] External Control Mode[0m
[1;35m2024-01-29 16:27:58.852 CRITICAL [DC4100_LED.py:219] 1[0m
[32m2024-01-29 16:27:58.852 DEBUG    [DC4100_LED.py:89] DC4100: Sending o 0 1[0m
[32m2024-01-29 16:27:58.960 DEBUG    [DC4100_LED.py:92] DC4100: Received b''[0m
[1;35m2024-01-29 16:27:58.960 CRITICAL [DC4100_LED.py:219] 2[0m
[32m2024-01-29 16:27:58.960 DEBUG    [DC4100_LED.py:89] DC4100: Sending o 1 1[0m
[32m2024-01-29 16:27:59.68 DEBUG    [DC4100_LED.py:92] DC4100: Received b''[0m
[1;35m2024-01-29 16:27:59.68 CRITICAL [DC4100_LED.py:219] 3[0m
[32m2024-01-29 16:27:59.68 DEBUG    [DC4100_LED.py:89] DC4100: Sending o 2 1[0m
[32m2024-01-29 16:27:59.178 DEBUG    [DC4100_LED.py:92] DC4100: Received b''[0m
[1;35m2024-01-29 16:27:59.178 CRITICAL [DC4100_LED.py:219] 4[0m
[32m2024-01-29 16:27:59.178 DEBUG    [DC4100_LED.py:89] DC4100: Sending o 3 1[0m
[32m2024-01-29 16:27:59.289 DEBUG    [DC4100_LED.py:92] DC4100: Received b''[0m
[32m2024-01-29 16:27:59.289 DEBUG    [DC4100_LED.py:89] DC4100: Sending o 1 1[0m
[32m2024-01-29 16:27:59.399 DEBUG    [DC4100_LED.py:92] DC4100: Received b''[0m
[32m2024-01-29 16:27:59.399 DEBUG    [DC4100_LED.py:89] DC4100: Sending l 1 1000[0m
[32m2024-01-29 16:27:59.508 DEBUG    [DC4100_LED.py:92] DC4100: Received b''[0m
[32m2024-01-29 16:27:59.508 DEBUG    [DC4100_LED.py:89] DC4100: Sending o 2 0[0m
[32m2024-01-29 16:27:59.620 DEBUG    [DC4100_LED.py:92] DC4100: Received b''[0m
[32m2024-01-29 16:27:59.620 DEBUG    [DC4100_LED.py:89] DC4100: Sending o 3 0[0m
[32m2024-01-29 16:27:59.728 DEBUG    [DC4100_LED.py:92] DC4100: Received b''[0m
[32m2024-01-29 16:27:59.728 DEBUG    [DC4100_LED.py:89] DC4100: Sending o 0 0[0m
[32m2024-01-29 16:27:59.839 DEBUG    [DC4100_LED.py:92] DC4100: Received b''[0m
[32m2024-01-29 16:28:01.341 DEBUG    [AcquisitionClass.py:125] 1000[0m
[32m2024-01-29 16:28:01.341 DEBUG    [AcquisitionClass.py:126] 1.0[0m
[32m2024-01-29 16:28:01.342 DEBUG    [AcquisitionClass.py:127] 10000[0m
[32m2024-01-29 16:28:01.342 DEBUG    [AcquisitionClass.py:128] 10[0m
[32m2024-01-29 16:28:01.342 DEBUG    [AcquisitionClass.py:129] 10000[0m
[32m2024-01-29 16:28:01.343 DEBUG    [AcquisitionClass.py:130] 10000[0m
[32m2024-01-29 16:28:01.343 DEBUG    [AcquisitionClass.py:131] 10000[0m
[32m2024-01-29 16:28:26.562 DEBUG    [AcquisitionClass.py:125] 1000[0m
[32m2024-01-29 16:28:26.562 DEBUG    [AcquisitionClass.py:126] 1.0[0m
[32m2024-01-29 16:28:26.562 DEBUG    [AcquisitionClass.py:127] 10000[0m
[32m2024-01-29 16:28:26.563 DEBUG    [AcquisitionClass.py:128] 10[0m
[32m2024-01-29 16:28:26.563 DEBUG    [AcquisitionClass.py:129] 10000[0m
[32m2024-01-29 16:28:26.563 DEBUG    [AcquisitionClass.py:130] 10000[0m
[32m2024-01-29 16:28:26.563 DEBUG    [AcquisitionClass.py:131] 10000[0m
[36m2024-01-29 16:28:28.37 INFO     [AcquisitionClass.py:517] frequency: 10.000 
 amplitude 0.200 
 offset 1.000  
 acquisiton time 300.000 
 points per period 1000.000 
 number of periods 10.000[0m
[36m2024-01-29 16:33:28.328 INFO     [AcquisitionClass.py:630] Shutting down all LEDs for 1 seconds[0m
[36m2024-01-29 16:33:28.406 INFO     [AcquisitionClass.py:371] Did not start digital generator, check generator_analog_channels[0m
