[32m2024-01-25 17:17:28.164 DEBUG    [DC4100_LED.py:69] Serial<id=0x223fcc25eb0, open=True>(port='COM5', baudrate=115200, bytesize=8, parity='N', stopbits=1, timeout=0.1, xonxoff=0, rtscts=0, dsrdtr=False)[0m
[32m2024-01-25 17:17:28.164 DEBUG    [DC4100_LED.py:89] DC4100: Sending o 0 0[0m
[32m2024-01-25 17:17:28.274 DEBUG    [DC4100_LED.py:92] DC4100: Received b''[0m
[32m2024-01-25 17:17:28.274 DEBUG    [DC4100_LED.py:89] DC4100: Sending o 1 0[0m
[32m2024-01-25 17:17:28.384 DEBUG    [DC4100_LED.py:92] DC4100: Received b''[0m
[32m2024-01-25 17:17:28.384 DEBUG    [DC4100_LED.py:89] DC4100: Sending o 2 0[0m
[32m2024-01-25 17:17:28.494 DEBUG    [DC4100_LED.py:92] DC4100: Received b''[0m
[32m2024-01-25 17:17:28.494 DEBUG    [DC4100_LED.py:89] DC4100: Sending o 3 0[0m
[32m2024-01-25 17:17:28.602 DEBUG    [DC4100_LED.py:92] DC4100: Received b''[0m
[1;35m2024-01-25 17:17:28.602 CRITICAL [DC4100_LED.py:164] setting mode[0m
[32m2024-01-25 17:17:28.603 DEBUG    [DC4100_LED.py:89] DC4100: Sending m 2[0m
[32m2024-01-25 17:17:28.710 DEBUG    [DC4100_LED.py:92] DC4100: Received b''[0m
[32m2024-01-25 17:17:29.711 DEBUG    [DC4100_LED.py:89] DC4100: Sending m?[0m
[32m2024-01-25 17:17:29.712 DEBUG    [DC4100_LED.py:92] DC4100: Received b'2\r\n'[0m
[36m2024-01-25 17:17:29.713 INFO     [DC4100_LED.py:215] External Control Mode[0m
[1;35m2024-01-25 17:17:29.713 CRITICAL [DC4100_LED.py:219] 1[0m
[32m2024-01-25 17:17:29.713 DEBUG    [DC4100_LED.py:89] DC4100: Sending o 0 1[0m
[32m2024-01-25 17:17:29.821 DEBUG    [DC4100_LED.py:92] DC4100: Received b''[0m
[1;35m2024-01-25 17:17:29.821 CRITICAL [DC4100_LED.py:219] 2[0m
[32m2024-01-25 17:17:29.821 DEBUG    [DC4100_LED.py:89] DC4100: Sending o 1 1[0m
[32m2024-01-25 17:17:29.932 DEBUG    [DC4100_LED.py:92] DC4100: Received b''[0m
[1;35m2024-01-25 17:17:29.932 CRITICAL [DC4100_LED.py:219] 3[0m
[32m2024-01-25 17:17:29.932 DEBUG    [DC4100_LED.py:89] DC4100: Sending o 2 1[0m
[32m2024-01-25 17:17:30.41 DEBUG    [DC4100_LED.py:92] DC4100: Received b''[0m
[1;35m2024-01-25 17:17:30.41 CRITICAL [DC4100_LED.py:219] 4[0m
[32m2024-01-25 17:17:30.42 DEBUG    [DC4100_LED.py:89] DC4100: Sending o 3 1[0m
[32m2024-01-25 17:17:30.151 DEBUG    [DC4100_LED.py:92] DC4100: Received b''[0m
[32m2024-01-25 17:17:30.151 DEBUG    [DC4100_LED.py:89] DC4100: Sending o 1 1[0m
[32m2024-01-25 17:17:30.262 DEBUG    [DC4100_LED.py:92] DC4100: Received b''[0m
[32m2024-01-25 17:17:30.262 DEBUG    [DC4100_LED.py:89] DC4100: Sending l 1 1000[0m
[32m2024-01-25 17:17:30.372 DEBUG    [DC4100_LED.py:92] DC4100: Received b''[0m
[32m2024-01-25 17:17:30.372 DEBUG    [DC4100_LED.py:89] DC4100: Sending o 2 0[0m
[32m2024-01-25 17:17:30.480 DEBUG    [DC4100_LED.py:92] DC4100: Received b''[0m
[32m2024-01-25 17:17:30.480 DEBUG    [DC4100_LED.py:89] DC4100: Sending o 3 0[0m
[32m2024-01-25 17:17:30.589 DEBUG    [DC4100_LED.py:92] DC4100: Received b''[0m
[32m2024-01-25 17:17:30.589 DEBUG    [DC4100_LED.py:89] DC4100: Sending o 0 0[0m
[32m2024-01-25 17:17:30.698 DEBUG    [DC4100_LED.py:92] DC4100: Received b''[0m
[32m2024-01-25 17:17:32.213 DEBUG    [AcquisitionClass.py:125] 1000[0m
[32m2024-01-25 17:17:32.214 DEBUG    [AcquisitionClass.py:126] 1.0[0m
[32m2024-01-25 17:17:32.214 DEBUG    [AcquisitionClass.py:127] 10000[0m
[32m2024-01-25 17:17:32.214 DEBUG    [AcquisitionClass.py:128] 10[0m
[32m2024-01-25 17:17:32.215 DEBUG    [AcquisitionClass.py:129] 10000[0m
[32m2024-01-25 17:17:32.215 DEBUG    [AcquisitionClass.py:130] 10000[0m
[32m2024-01-25 17:17:32.215 DEBUG    [AcquisitionClass.py:131] 10000[0m
[32m2024-01-25 17:17:57.327 DEBUG    [AcquisitionClass.py:125] 1000[0m
[32m2024-01-25 17:17:57.327 DEBUG    [AcquisitionClass.py:126] 1.0[0m
[32m2024-01-25 17:17:57.328 DEBUG    [AcquisitionClass.py:127] 10000[0m
[32m2024-01-25 17:17:57.328 DEBUG    [AcquisitionClass.py:128] 10[0m
[32m2024-01-25 17:17:57.328 DEBUG    [AcquisitionClass.py:129] 10000[0m
[32m2024-01-25 17:17:57.328 DEBUG    [AcquisitionClass.py:130] 10000[0m
[32m2024-01-25 17:17:57.328 DEBUG    [AcquisitionClass.py:131] 10000[0m
[36m2024-01-25 17:17:58.817 INFO     [AcquisitionClass.py:517] frequency: 10.000 
 amplitude 0.200 
 offset 1.000  
 acquisiton time 20.000 
 points per period 1000.000 
 number of periods 10.000[0m
[36m2024-01-25 17:18:19.6 INFO     [AcquisitionClass.py:630] Shutting down all LEDs for 1 seconds[0m
[36m2024-01-25 17:18:19.86 INFO     [AcquisitionClass.py:371] Did not start digital generator, check generator_analog_channels[0m
[36m2024-01-25 17:18:27.84 INFO     [AcquisitionClass.py:517] frequency: 10.000 
 amplitude 0.200 
 offset 1.000  
 acquisiton time 20.000 
 points per period 1000.000 
 number of periods 10.000[0m
[36m2024-01-25 17:18:47.262 INFO     [AcquisitionClass.py:630] Shutting down all LEDs for 1 seconds[0m
[36m2024-01-25 17:18:47.341 INFO     [AcquisitionClass.py:371] Did not start digital generator, check generator_analog_channels[0m
[36m2024-01-25 17:18:55.169 INFO     [AcquisitionClass.py:517] frequency: 10.000 
 amplitude 0.200 
 offset 1.000  
 acquisiton time 20.000 
 points per period 1000.000 
 number of periods 10.000[0m
[36m2024-01-25 17:19:15.346 INFO     [AcquisitionClass.py:630] Shutting down all LEDs for 1 seconds[0m
[36m2024-01-25 17:19:15.425 INFO     [AcquisitionClass.py:371] Did not start digital generator, check generator_analog_channels[0m
[36m2024-01-25 17:19:23.311 INFO     [AcquisitionClass.py:517] frequency: 10.000 
 amplitude 0.200 
 offset 1.000  
 acquisiton time 20.000 
 points per period 1000.000 
 number of periods 10.000[0m
[36m2024-01-25 17:19:43.499 INFO     [AcquisitionClass.py:630] Shutting down all LEDs for 1 seconds[0m
[36m2024-01-25 17:19:43.578 INFO     [AcquisitionClass.py:371] Did not start digital generator, check generator_analog_channels[0m
[36m2024-01-25 17:19:51.466 INFO     [AcquisitionClass.py:517] frequency: 10.000 
 amplitude 0.200 
 offset 1.000  
 acquisiton time 20.000 
 points per period 1000.000 
 number of periods 10.000[0m
[36m2024-01-25 17:20:11.651 INFO     [AcquisitionClass.py:630] Shutting down all LEDs for 1 seconds[0m
[36m2024-01-25 17:20:11.729 INFO     [AcquisitionClass.py:371] Did not start digital generator, check generator_analog_channels[0m
[36m2024-01-25 17:20:19.585 INFO     [AcquisitionClass.py:517] frequency: 10.000 
 amplitude 0.200 
 offset 1.000  
 acquisiton time 20.000 
 points per period 1000.000 
 number of periods 10.000[0m
[36m2024-01-25 17:20:39.768 INFO     [AcquisitionClass.py:630] Shutting down all LEDs for 1 seconds[0m
[36m2024-01-25 17:20:39.846 INFO     [AcquisitionClass.py:371] Did not start digital generator, check generator_analog_channels[0m
[36m2024-01-25 17:20:47.675 INFO     [AcquisitionClass.py:517] frequency: 10.000 
 amplitude 0.200 
 offset 1.000  
 acquisiton time 20.000 
 points per period 1000.000 
 number of periods 10.000[0m
[36m2024-01-25 17:21:07.853 INFO     [AcquisitionClass.py:630] Shutting down all LEDs for 1 seconds[0m
[36m2024-01-25 17:21:07.932 INFO     [AcquisitionClass.py:371] Did not start digital generator, check generator_analog_channels[0m
[36m2024-01-25 17:21:15.789 INFO     [AcquisitionClass.py:517] frequency: 10.000 
 amplitude 0.200 
 offset 1.000  
 acquisiton time 20.000 
 points per period 1000.000 
 number of periods 10.000[0m
[36m2024-01-25 17:21:35.979 INFO     [AcquisitionClass.py:630] Shutting down all LEDs for 1 seconds[0m
[36m2024-01-25 17:21:36.56 INFO     [AcquisitionClass.py:371] Did not start digital generator, check generator_analog_channels[0m
[36m2024-01-25 17:21:43.869 INFO     [AcquisitionClass.py:517] frequency: 10.000 
 amplitude 0.200 
 offset 1.000  
 acquisiton time 20.000 
 points per period 1000.000 
 number of periods 10.000[0m
[36m2024-01-25 17:22:04.43 INFO     [AcquisitionClass.py:630] Shutting down all LEDs for 1 seconds[0m
[36m2024-01-25 17:22:04.120 INFO     [AcquisitionClass.py:371] Did not start digital generator, check generator_analog_channels[0m
[36m2024-01-25 17:22:11.946 INFO     [AcquisitionClass.py:517] frequency: 10.000 
 amplitude 0.200 
 offset 1.000  
 acquisiton time 20.000 
 points per period 1000.000 
 number of periods 10.000[0m
[36m2024-01-25 17:22:32.124 INFO     [AcquisitionClass.py:630] Shutting down all LEDs for 1 seconds[0m
[36m2024-01-25 17:22:32.203 INFO     [AcquisitionClass.py:371] Did not start digital generator, check generator_analog_channels[0m
[36m2024-01-25 17:22:40.54 INFO     [AcquisitionClass.py:517] frequency: 10.000 
 amplitude 0.200 
 offset 1.000  
 acquisiton time 20.000 
 points per period 1000.000 
 number of periods 10.000[0m
[36m2024-01-25 17:23:00.243 INFO     [AcquisitionClass.py:630] Shutting down all LEDs for 1 seconds[0m
[36m2024-01-25 17:23:00.322 INFO     [AcquisitionClass.py:371] Did not start digital generator, check generator_analog_channels[0m
[36m2024-01-25 17:23:08.189 INFO     [AcquisitionClass.py:517] frequency: 10.000 
 amplitude 0.200 
 offset 1.000  
 acquisiton time 20.000 
 points per period 1000.000 
 number of periods 10.000[0m
[36m2024-01-25 17:23:28.379 INFO     [AcquisitionClass.py:630] Shutting down all LEDs for 1 seconds[0m
[36m2024-01-25 17:23:28.460 INFO     [AcquisitionClass.py:371] Did not start digital generator, check generator_analog_channels[0m
[36m2024-01-25 17:23:36.274 INFO     [AcquisitionClass.py:517] frequency: 10.000 
 amplitude 0.200 
 offset 1.000  
 acquisiton time 20.000 
 points per period 1000.000 
 number of periods 10.000[0m
[36m2024-01-25 17:23:56.463 INFO     [AcquisitionClass.py:630] Shutting down all LEDs for 1 seconds[0m
[36m2024-01-25 17:23:56.542 INFO     [AcquisitionClass.py:371] Did not start digital generator, check generator_analog_channels[0m
[36m2024-01-25 17:24:04.397 INFO     [AcquisitionClass.py:517] frequency: 10.000 
 amplitude 0.200 
 offset 1.000  
 acquisiton time 20.000 
 points per period 1000.000 
 number of periods 10.000[0m
[36m2024-01-25 17:24:24.579 INFO     [AcquisitionClass.py:630] Shutting down all LEDs for 1 seconds[0m
[36m2024-01-25 17:24:24.659 INFO     [AcquisitionClass.py:371] Did not start digital generator, check generator_analog_channels[0m
[36m2024-01-25 17:24:32.543 INFO     [AcquisitionClass.py:517] frequency: 10.000 
 amplitude 0.200 
 offset 1.000  
 acquisiton time 20.000 
 points per period 1000.000 
 number of periods 10.000[0m
[36m2024-01-25 17:24:52.723 INFO     [AcquisitionClass.py:630] Shutting down all LEDs for 1 seconds[0m
[36m2024-01-25 17:24:52.802 INFO     [AcquisitionClass.py:371] Did not start digital generator, check generator_analog_channels[0m
