[32m2024-01-25 16:07:22.213 DEBUG    [DC4100_LED.py:69] Serial<id=0x2196d61dee0, open=True>(port='COM5', baudrate=115200, bytesize=8, parity='N', stopbits=1, timeout=0.1, xonxoff=0, rtscts=0, dsrdtr=False)[0m
[32m2024-01-25 16:07:22.214 DEBUG    [DC4100_LED.py:89] DC4100: Sending o 0 0[0m
[32m2024-01-25 16:07:22.325 DEBUG    [DC4100_LED.py:92] DC4100: Received b''[0m
[32m2024-01-25 16:07:22.325 DEBUG    [DC4100_LED.py:89] DC4100: Sending o 1 0[0m
[32m2024-01-25 16:07:22.437 DEBUG    [DC4100_LED.py:92] DC4100: Received b''[0m
[32m2024-01-25 16:07:22.437 DEBUG    [DC4100_LED.py:89] DC4100: Sending o 2 0[0m
[32m2024-01-25 16:07:22.548 DEBUG    [DC4100_LED.py:92] DC4100: Received b''[0m
[32m2024-01-25 16:07:22.548 DEBUG    [DC4100_LED.py:89] DC4100: Sending o 3 0[0m
[32m2024-01-25 16:07:22.660 DEBUG    [DC4100_LED.py:92] DC4100: Received b''[0m
[1;35m2024-01-25 16:07:22.660 CRITICAL [DC4100_LED.py:164] setting mode[0m
[32m2024-01-25 16:07:22.660 DEBUG    [DC4100_LED.py:89] DC4100: Sending m 2[0m
[32m2024-01-25 16:07:22.772 DEBUG    [DC4100_LED.py:92] DC4100: Received b''[0m
[32m2024-01-25 16:07:23.780 DEBUG    [DC4100_LED.py:89] DC4100: Sending m?[0m
[32m2024-01-25 16:07:23.781 DEBUG    [DC4100_LED.py:92] DC4100: Received b'2\r\n'[0m
[36m2024-01-25 16:07:23.781 INFO     [DC4100_LED.py:215] External Control Mode[0m
[1;35m2024-01-25 16:07:23.782 CRITICAL [DC4100_LED.py:219] 1[0m
[32m2024-01-25 16:07:23.782 DEBUG    [DC4100_LED.py:89] DC4100: Sending o 0 1[0m
[32m2024-01-25 16:07:23.892 DEBUG    [DC4100_LED.py:92] DC4100: Received b''[0m
[1;35m2024-01-25 16:07:23.892 CRITICAL [DC4100_LED.py:219] 2[0m
[32m2024-01-25 16:07:23.892 DEBUG    [DC4100_LED.py:89] DC4100: Sending o 1 1[0m
[32m2024-01-25 16:07:24.4 DEBUG    [DC4100_LED.py:92] DC4100: Received b''[0m
[1;35m2024-01-25 16:07:24.4 CRITICAL [DC4100_LED.py:219] 3[0m
[32m2024-01-25 16:07:24.4 DEBUG    [DC4100_LED.py:89] DC4100: Sending o 2 1[0m
[32m2024-01-25 16:07:24.117 DEBUG    [DC4100_LED.py:92] DC4100: Received b''[0m
[1;35m2024-01-25 16:07:24.117 CRITICAL [DC4100_LED.py:219] 4[0m
[32m2024-01-25 16:07:24.117 DEBUG    [DC4100_LED.py:89] DC4100: Sending o 3 1[0m
[32m2024-01-25 16:07:24.229 DEBUG    [DC4100_LED.py:92] DC4100: Received b''[0m
[32m2024-01-25 16:07:24.229 DEBUG    [DC4100_LED.py:89] DC4100: Sending o 1 1[0m
[32m2024-01-25 16:07:24.339 DEBUG    [DC4100_LED.py:92] DC4100: Received b''[0m
[32m2024-01-25 16:07:24.339 DEBUG    [DC4100_LED.py:89] DC4100: Sending l 1 1000[0m
[32m2024-01-25 16:07:24.449 DEBUG    [DC4100_LED.py:92] DC4100: Received b''[0m
[32m2024-01-25 16:07:24.449 DEBUG    [DC4100_LED.py:89] DC4100: Sending o 2 0[0m
[32m2024-01-25 16:07:24.558 DEBUG    [DC4100_LED.py:92] DC4100: Received b''[0m
[32m2024-01-25 16:07:24.558 DEBUG    [DC4100_LED.py:89] DC4100: Sending o 3 0[0m
[32m2024-01-25 16:07:24.669 DEBUG    [DC4100_LED.py:92] DC4100: Received b''[0m
[32m2024-01-25 16:07:24.669 DEBUG    [DC4100_LED.py:89] DC4100: Sending o 0 0[0m
[32m2024-01-25 16:07:24.782 DEBUG    [DC4100_LED.py:92] DC4100: Received b''[0m
[32m2024-01-25 16:07:26.249 DEBUG    [AcquisitionClass.py:125] 1000[0m
[32m2024-01-25 16:07:26.249 DEBUG    [AcquisitionClass.py:126] 1.0[0m
[32m2024-01-25 16:07:26.250 DEBUG    [AcquisitionClass.py:127] 10000[0m
[32m2024-01-25 16:07:26.250 DEBUG    [AcquisitionClass.py:128] 10[0m
[32m2024-01-25 16:07:26.250 DEBUG    [AcquisitionClass.py:129] 10000[0m
[32m2024-01-25 16:07:26.251 DEBUG    [AcquisitionClass.py:130] 10000[0m
[32m2024-01-25 16:07:26.251 DEBUG    [AcquisitionClass.py:131] 10000[0m
[32m2024-01-25 16:07:51.445 DEBUG    [AcquisitionClass.py:125] 1000[0m
[32m2024-01-25 16:07:51.445 DEBUG    [AcquisitionClass.py:126] 1.0[0m
[32m2024-01-25 16:07:51.445 DEBUG    [AcquisitionClass.py:127] 10000[0m
[32m2024-01-25 16:07:51.446 DEBUG    [AcquisitionClass.py:128] 10[0m
[32m2024-01-25 16:07:51.446 DEBUG    [AcquisitionClass.py:129] 10000[0m
[32m2024-01-25 16:07:51.446 DEBUG    [AcquisitionClass.py:130] 10000[0m
[32m2024-01-25 16:07:51.446 DEBUG    [AcquisitionClass.py:131] 10000[0m
[36m2024-01-25 16:07:53.100 INFO     [AcquisitionClass.py:517] frequency: 10.000 
 amplitude 0.200 
 offset 1.000  
 acquisiton time 20.000 
 points per period 1000.000 
 number of periods 10.000[0m
[36m2024-01-25 16:08:13.255 INFO     [AcquisitionClass.py:630] Shutting down all LEDs for 1 seconds[0m
[36m2024-01-25 16:08:13.333 INFO     [AcquisitionClass.py:371] Did not start digital generator, check generator_analog_channels[0m
