[32m2024-01-25 15:56:44.754 DEBUG    [DC4100_LED.py:69] Serial<id=0x19054ad2c10, open=True>(port='COM5', baudrate=115200, bytesize=8, parity='N', stopbits=1, timeout=0.1, xonxoff=0, rtscts=0, dsrdtr=False)[0m
[32m2024-01-25 15:56:44.754 DEBUG    [DC4100_LED.py:89] DC4100: Sending o 0 0[0m
[32m2024-01-25 15:56:44.866 DEBUG    [DC4100_LED.py:92] DC4100: Received b''[0m
[32m2024-01-25 15:56:44.866 DEBUG    [DC4100_LED.py:89] DC4100: Sending o 1 0[0m
[32m2024-01-25 15:56:44.975 DEBUG    [DC4100_LED.py:92] DC4100: Received b''[0m
[32m2024-01-25 15:56:44.975 DEBUG    [DC4100_LED.py:89] DC4100: Sending o 2 0[0m
[32m2024-01-25 15:56:45.86 DEBUG    [DC4100_LED.py:92] DC4100: Received b''[0m
[32m2024-01-25 15:56:45.86 DEBUG    [DC4100_LED.py:89] DC4100: Sending o 3 0[0m
[32m2024-01-25 15:56:45.198 DEBUG    [DC4100_LED.py:92] DC4100: Received b''[0m
[1;35m2024-01-25 15:56:45.198 CRITICAL [DC4100_LED.py:164] setting mode[0m
[32m2024-01-25 15:56:45.198 DEBUG    [DC4100_LED.py:89] DC4100: Sending m 2[0m
[32m2024-01-25 15:56:45.306 DEBUG    [DC4100_LED.py:92] DC4100: Received b''[0m
[32m2024-01-25 15:56:46.311 DEBUG    [DC4100_LED.py:89] DC4100: Sending m?[0m
[32m2024-01-25 15:56:46.312 DEBUG    [DC4100_LED.py:92] DC4100: Received b'2\r\n'[0m
[36m2024-01-25 15:56:46.312 INFO     [DC4100_LED.py:215] External Control Mode[0m
[1;35m2024-01-25 15:56:46.312 CRITICAL [DC4100_LED.py:219] 1[0m
[32m2024-01-25 15:56:46.313 DEBUG    [DC4100_LED.py:89] DC4100: Sending o 0 1[0m
[32m2024-01-25 15:56:46.421 DEBUG    [DC4100_LED.py:92] DC4100: Received b''[0m
[1;35m2024-01-25 15:56:46.421 CRITICAL [DC4100_LED.py:219] 2[0m
[32m2024-01-25 15:56:46.421 DEBUG    [DC4100_LED.py:89] DC4100: Sending o 1 1[0m
[32m2024-01-25 15:56:46.531 DEBUG    [DC4100_LED.py:92] DC4100: Received b''[0m
[1;35m2024-01-25 15:56:46.531 CRITICAL [DC4100_LED.py:219] 3[0m
[32m2024-01-25 15:56:46.531 DEBUG    [DC4100_LED.py:89] DC4100: Sending o 2 1[0m
[32m2024-01-25 15:56:46.639 DEBUG    [DC4100_LED.py:92] DC4100: Received b''[0m
[1;35m2024-01-25 15:56:46.639 CRITICAL [DC4100_LED.py:219] 4[0m
[32m2024-01-25 15:56:46.640 DEBUG    [DC4100_LED.py:89] DC4100: Sending o 3 1[0m
[32m2024-01-25 15:56:46.750 DEBUG    [DC4100_LED.py:92] DC4100: Received b''[0m
[32m2024-01-25 15:56:46.750 DEBUG    [DC4100_LED.py:89] DC4100: Sending o 1 1[0m
[32m2024-01-25 15:56:46.859 DEBUG    [DC4100_LED.py:92] DC4100: Received b''[0m
[32m2024-01-25 15:56:46.859 DEBUG    [DC4100_LED.py:89] DC4100: Sending l 1 450[0m
[32m2024-01-25 15:56:46.968 DEBUG    [DC4100_LED.py:92] DC4100: Received b''[0m
[32m2024-01-25 15:56:46.968 DEBUG    [DC4100_LED.py:89] DC4100: Sending o 2 1[0m
[32m2024-01-25 15:56:47.77 DEBUG    [DC4100_LED.py:92] DC4100: Received b''[0m
[32m2024-01-25 15:56:47.77 DEBUG    [DC4100_LED.py:89] DC4100: Sending l 2 10[0m
[32m2024-01-25 15:56:47.186 DEBUG    [DC4100_LED.py:92] DC4100: Received b''[0m
[32m2024-01-25 15:56:47.186 DEBUG    [DC4100_LED.py:89] DC4100: Sending o 3 1[0m
[32m2024-01-25 15:56:47.295 DEBUG    [DC4100_LED.py:92] DC4100: Received b''[0m
[32m2024-01-25 15:56:47.295 DEBUG    [DC4100_LED.py:89] DC4100: Sending l 3 10[0m
[32m2024-01-25 15:56:47.405 DEBUG    [DC4100_LED.py:92] DC4100: Received b''[0m
[32m2024-01-25 15:56:47.405 DEBUG    [DC4100_LED.py:89] DC4100: Sending o 0 1[0m
[32m2024-01-25 15:56:47.514 DEBUG    [DC4100_LED.py:92] DC4100: Received b''[0m
[32m2024-01-25 15:56:47.514 DEBUG    [DC4100_LED.py:89] DC4100: Sending l 0 500[0m
[32m2024-01-25 15:56:47.624 DEBUG    [DC4100_LED.py:92] DC4100: Received b''[0m
[32m2024-01-25 15:56:48.798 DEBUG    [AcquisitionClass.py:125] 1000[0m
[32m2024-01-25 15:56:48.798 DEBUG    [AcquisitionClass.py:126] 1.0[0m
[32m2024-01-25 15:56:48.799 DEBUG    [AcquisitionClass.py:127] 10000[0m
[32m2024-01-25 15:56:48.799 DEBUG    [AcquisitionClass.py:128] 10[0m
[32m2024-01-25 15:56:48.799 DEBUG    [AcquisitionClass.py:129] 10000[0m
[32m2024-01-25 15:56:48.799 DEBUG    [AcquisitionClass.py:130] 10000[0m
[32m2024-01-25 15:56:48.800 DEBUG    [AcquisitionClass.py:131] 10000[0m
[36m2024-01-25 15:57:48.329 INFO     [AcquisitionClass.py:517] frequency: 10.000 
 amplitude 0.200 
 offset 1.000  
 acquisiton time 14652.000 
 points per period 1000.000 
 number of periods 10.000[0m
