[32m2024-01-26 17:55:45.423 DEBUG    [DC4100_LED.py:69] Serial<id=0x2024d32deb0, open=True>(port='COM5', baudrate=115200, bytesize=8, parity='N', stopbits=1, timeout=0.1, xonxoff=0, rtscts=0, dsrdtr=False)[0m
[32m2024-01-26 17:55:45.424 DEBUG    [DC4100_LED.py:89] DC4100: Sending o 0 0[0m
[32m2024-01-26 17:55:45.534 DEBUG    [DC4100_LED.py:92] DC4100: Received b''[0m
[32m2024-01-26 17:55:45.534 DEBUG    [DC4100_LED.py:89] DC4100: Sending o 1 0[0m
[32m2024-01-26 17:55:45.644 DEBUG    [DC4100_LED.py:92] DC4100: Received b''[0m
[32m2024-01-26 17:55:45.644 DEBUG    [DC4100_LED.py:89] DC4100: Sending o 2 0[0m
[32m2024-01-26 17:55:45.768 DEBUG    [DC4100_LED.py:92] DC4100: Received b''[0m
[32m2024-01-26 17:55:45.768 DEBUG    [DC4100_LED.py:89] DC4100: Sending o 3 0[0m
[32m2024-01-26 17:55:45.875 DEBUG    [DC4100_LED.py:92] DC4100: Received b''[0m
[1;35m2024-01-26 17:55:45.875 CRITICAL [DC4100_LED.py:164] setting mode[0m
[32m2024-01-26 17:55:45.875 DEBUG    [DC4100_LED.py:89] DC4100: Sending m 2[0m
[32m2024-01-26 17:55:45.985 DEBUG    [DC4100_LED.py:92] DC4100: Received b''[0m
[32m2024-01-26 17:55:47.1 DEBUG    [DC4100_LED.py:89] DC4100: Sending m?[0m
[32m2024-01-26 17:55:47.2 DEBUG    [DC4100_LED.py:92] DC4100: Received b'2\r\n'[0m
[36m2024-01-26 17:55:47.2 INFO     [DC4100_LED.py:215] External Control Mode[0m
[1;35m2024-01-26 17:55:47.3 CRITICAL [DC4100_LED.py:219] 1[0m
[32m2024-01-26 17:55:47.3 DEBUG    [DC4100_LED.py:89] DC4100: Sending o 0 1[0m
[32m2024-01-26 17:55:47.110 DEBUG    [DC4100_LED.py:92] DC4100: Received b''[0m
[1;35m2024-01-26 17:55:47.110 CRITICAL [DC4100_LED.py:219] 2[0m
[32m2024-01-26 17:55:47.110 DEBUG    [DC4100_LED.py:89] DC4100: Sending o 1 1[0m
[32m2024-01-26 17:55:47.219 DEBUG    [DC4100_LED.py:92] DC4100: Received b''[0m
[1;35m2024-01-26 17:55:47.219 CRITICAL [DC4100_LED.py:219] 3[0m
[32m2024-01-26 17:55:47.219 DEBUG    [DC4100_LED.py:89] DC4100: Sending o 2 1[0m
[32m2024-01-26 17:55:47.328 DEBUG    [DC4100_LED.py:92] DC4100: Received b''[0m
[1;35m2024-01-26 17:55:47.328 CRITICAL [DC4100_LED.py:219] 4[0m
[32m2024-01-26 17:55:47.328 DEBUG    [DC4100_LED.py:89] DC4100: Sending o 3 1[0m
[32m2024-01-26 17:55:47.436 DEBUG    [DC4100_LED.py:92] DC4100: Received b''[0m
[32m2024-01-26 17:55:47.436 DEBUG    [DC4100_LED.py:89] DC4100: Sending o 1 1[0m
[32m2024-01-26 17:55:47.544 DEBUG    [DC4100_LED.py:92] DC4100: Received b''[0m
[32m2024-01-26 17:55:47.544 DEBUG    [DC4100_LED.py:89] DC4100: Sending l 1 1000[0m
[32m2024-01-26 17:55:47.654 DEBUG    [DC4100_LED.py:92] DC4100: Received b''[0m
[32m2024-01-26 17:55:47.654 DEBUG    [DC4100_LED.py:89] DC4100: Sending o 2 0[0m
[32m2024-01-26 17:55:47.762 DEBUG    [DC4100_LED.py:92] DC4100: Received b''[0m
[32m2024-01-26 17:55:47.762 DEBUG    [DC4100_LED.py:89] DC4100: Sending o 3 0[0m
[32m2024-01-26 17:55:47.872 DEBUG    [DC4100_LED.py:92] DC4100: Received b''[0m
[32m2024-01-26 17:55:47.872 DEBUG    [DC4100_LED.py:89] DC4100: Sending o 0 0[0m
[32m2024-01-26 17:55:47.980 DEBUG    [DC4100_LED.py:92] DC4100: Received b''[0m
[32m2024-01-26 17:55:49.465 DEBUG    [AcquisitionClass.py:125] 1000[0m
[32m2024-01-26 17:55:49.465 DEBUG    [AcquisitionClass.py:126] 1.0[0m
[32m2024-01-26 17:55:49.466 DEBUG    [AcquisitionClass.py:127] 10000[0m
[32m2024-01-26 17:55:49.466 DEBUG    [AcquisitionClass.py:128] 10[0m
[32m2024-01-26 17:55:49.466 DEBUG    [AcquisitionClass.py:129] 10000[0m
[32m2024-01-26 17:55:49.467 DEBUG    [AcquisitionClass.py:130] 10000[0m
[32m2024-01-26 17:55:49.467 DEBUG    [AcquisitionClass.py:131] 10000[0m
[32m2024-01-26 17:56:14.691 DEBUG    [AcquisitionClass.py:125] 1000[0m
[32m2024-01-26 17:56:14.691 DEBUG    [AcquisitionClass.py:126] 1.0[0m
[32m2024-01-26 17:56:14.691 DEBUG    [AcquisitionClass.py:127] 10000[0m
[32m2024-01-26 17:56:14.691 DEBUG    [AcquisitionClass.py:128] 10[0m
[32m2024-01-26 17:56:14.691 DEBUG    [AcquisitionClass.py:129] 10000[0m
[32m2024-01-26 17:56:14.692 DEBUG    [AcquisitionClass.py:130] 10000[0m
[32m2024-01-26 17:56:14.692 DEBUG    [AcquisitionClass.py:131] 10000[0m
[36m2024-01-26 17:56:16.152 INFO     [AcquisitionClass.py:517] frequency: 10.000 
 amplitude 0.200 
 offset 1.000  
 acquisiton time 20.000 
 points per period 1000.000 
 number of periods 10.000[0m
[36m2024-01-26 17:56:36.348 INFO     [AcquisitionClass.py:630] Shutting down all LEDs for 1 seconds[0m
[36m2024-01-26 17:56:36.426 INFO     [AcquisitionClass.py:371] Did not start digital generator, check generator_analog_channels[0m
[36m2024-01-26 17:56:44.268 INFO     [AcquisitionClass.py:517] frequency: 10.000 
 amplitude 0.200 
 offset 1.000  
 acquisiton time 20.000 
 points per period 1000.000 
 number of periods 10.000[0m
[36m2024-01-26 17:57:04.452 INFO     [AcquisitionClass.py:630] Shutting down all LEDs for 1 seconds[0m
[36m2024-01-26 17:57:04.530 INFO     [AcquisitionClass.py:371] Did not start digital generator, check generator_analog_channels[0m
[36m2024-01-26 17:57:12.351 INFO     [AcquisitionClass.py:517] frequency: 10.000 
 amplitude 0.200 
 offset 1.000  
 acquisiton time 20.000 
 points per period 1000.000 
 number of periods 10.000[0m
