[32m2024-01-29 16:33:49.276 DEBUG    [DC4100_LED.py:69] Serial<id=0x1f2ddaeeee0, open=True>(port='COM5', baudrate=115200, bytesize=8, parity='N', stopbits=1, timeout=0.1, xonxoff=0, rtscts=0, dsrdtr=False)[0m
[32m2024-01-29 16:33:49.276 DEBUG    [DC4100_LED.py:89] DC4100: Sending o 0 0[0m
[32m2024-01-29 16:33:49.388 DEBUG    [DC4100_LED.py:92] DC4100: Received b''[0m
[32m2024-01-29 16:33:49.388 DEBUG    [DC4100_LED.py:89] DC4100: Sending o 1 0[0m
[32m2024-01-29 16:33:49.497 DEBUG    [DC4100_LED.py:92] DC4100: Received b''[0m
[32m2024-01-29 16:33:49.497 DEBUG    [DC4100_LED.py:89] DC4100: Sending o 2 0[0m
[32m2024-01-29 16:33:49.607 DEBUG    [DC4100_LED.py:92] DC4100: Received b''[0m
[32m2024-01-29 16:33:49.607 DEBUG    [DC4100_LED.py:89] DC4100: Sending o 3 0[0m
[32m2024-01-29 16:33:49.717 DEBUG    [DC4100_LED.py:92] DC4100: Received b''[0m
[1;35m2024-01-29 16:33:49.717 CRITICAL [DC4100_LED.py:164] setting mode[0m
[32m2024-01-29 16:33:49.717 DEBUG    [DC4100_LED.py:89] DC4100: Sending m 2[0m
[32m2024-01-29 16:33:49.826 DEBUG    [DC4100_LED.py:92] DC4100: Received b''[0m
[32m2024-01-29 16:33:50.829 DEBUG    [DC4100_LED.py:89] DC4100: Sending m?[0m
[32m2024-01-29 16:33:50.831 DEBUG    [DC4100_LED.py:92] DC4100: Received b'2\r\n'[0m
[36m2024-01-29 16:33:50.831 INFO     [DC4100_LED.py:215] External Control Mode[0m
[1;35m2024-01-29 16:33:50.831 CRITICAL [DC4100_LED.py:219] 1[0m
[32m2024-01-29 16:33:50.831 DEBUG    [DC4100_LED.py:89] DC4100: Sending o 0 1[0m
[32m2024-01-29 16:33:50.939 DEBUG    [DC4100_LED.py:92] DC4100: Received b''[0m
[1;35m2024-01-29 16:33:50.939 CRITICAL [DC4100_LED.py:219] 2[0m
[32m2024-01-29 16:33:50.939 DEBUG    [DC4100_LED.py:89] DC4100: Sending o 1 1[0m
[32m2024-01-29 16:33:51.49 DEBUG    [DC4100_LED.py:92] DC4100: Received b''[0m
[1;35m2024-01-29 16:33:51.49 CRITICAL [DC4100_LED.py:219] 3[0m
[32m2024-01-29 16:33:51.49 DEBUG    [DC4100_LED.py:89] DC4100: Sending o 2 1[0m
[32m2024-01-29 16:33:51.159 DEBUG    [DC4100_LED.py:92] DC4100: Received b''[0m
[1;35m2024-01-29 16:33:51.159 CRITICAL [DC4100_LED.py:219] 4[0m
[32m2024-01-29 16:33:51.159 DEBUG    [DC4100_LED.py:89] DC4100: Sending o 3 1[0m
[32m2024-01-29 16:33:51.269 DEBUG    [DC4100_LED.py:92] DC4100: Received b''[0m
[32m2024-01-29 16:33:51.269 DEBUG    [DC4100_LED.py:89] DC4100: Sending o 1 1[0m
[32m2024-01-29 16:33:51.377 DEBUG    [DC4100_LED.py:92] DC4100: Received b''[0m
[32m2024-01-29 16:33:51.377 DEBUG    [DC4100_LED.py:89] DC4100: Sending l 1 1000[0m
[32m2024-01-29 16:33:51.486 DEBUG    [DC4100_LED.py:92] DC4100: Received b''[0m
[32m2024-01-29 16:33:51.486 DEBUG    [DC4100_LED.py:89] DC4100: Sending o 2 0[0m
[32m2024-01-29 16:33:51.594 DEBUG    [DC4100_LED.py:92] DC4100: Received b''[0m
[32m2024-01-29 16:33:51.594 DEBUG    [DC4100_LED.py:89] DC4100: Sending o 3 0[0m
[32m2024-01-29 16:33:51.703 DEBUG    [DC4100_LED.py:92] DC4100: Received b''[0m
[32m2024-01-29 16:33:51.703 DEBUG    [DC4100_LED.py:89] DC4100: Sending o 0 0[0m
[32m2024-01-29 16:33:51.812 DEBUG    [DC4100_LED.py:92] DC4100: Received b''[0m
[32m2024-01-29 16:33:53.314 DEBUG    [AcquisitionClass.py:125] 1000[0m
[32m2024-01-29 16:33:53.314 DEBUG    [AcquisitionClass.py:126] 1.0[0m
[32m2024-01-29 16:33:53.315 DEBUG    [AcquisitionClass.py:127] 10000[0m
[32m2024-01-29 16:33:53.315 DEBUG    [AcquisitionClass.py:128] 10[0m
[32m2024-01-29 16:33:53.315 DEBUG    [AcquisitionClass.py:129] 10000[0m
[32m2024-01-29 16:33:53.315 DEBUG    [AcquisitionClass.py:130] 10000[0m
[32m2024-01-29 16:33:53.316 DEBUG    [AcquisitionClass.py:131] 10000[0m
[32m2024-01-29 16:34:18.525 DEBUG    [AcquisitionClass.py:125] 1000[0m
[32m2024-01-29 16:34:18.525 DEBUG    [AcquisitionClass.py:126] 1.0[0m
[32m2024-01-29 16:34:18.525 DEBUG    [AcquisitionClass.py:127] 10000[0m
[32m2024-01-29 16:34:18.526 DEBUG    [AcquisitionClass.py:128] 10[0m
[32m2024-01-29 16:34:18.526 DEBUG    [AcquisitionClass.py:129] 10000[0m
[32m2024-01-29 16:34:18.526 DEBUG    [AcquisitionClass.py:130] 10000[0m
[32m2024-01-29 16:34:18.526 DEBUG    [AcquisitionClass.py:131] 10000[0m
[36m2024-01-29 16:34:20.14 INFO     [AcquisitionClass.py:517] frequency: 10.000 
 amplitude 0.200 
 offset 1.000  
 acquisiton time 20.000 
 points per period 1000.000 
 number of periods 10.000[0m
[36m2024-01-29 16:34:40.209 INFO     [AcquisitionClass.py:630] Shutting down all LEDs for 1 seconds[0m
[36m2024-01-29 16:34:40.289 INFO     [AcquisitionClass.py:371] Did not start digital generator, check generator_analog_channels[0m
[36m2024-01-29 16:35:43.106 INFO     [AcquisitionClass.py:517] frequency: 10.000 
 amplitude 0.200 
 offset 1.000  
 acquisiton time 20.000 
 points per period 1000.000 
 number of periods 10.000[0m
[36m2024-01-29 16:36:03.283 INFO     [AcquisitionClass.py:630] Shutting down all LEDs for 1 seconds[0m
[36m2024-01-29 16:36:03.362 INFO     [AcquisitionClass.py:371] Did not start digital generator, check generator_analog_channels[0m
[36m2024-01-29 16:37:06.201 INFO     [AcquisitionClass.py:517] frequency: 10.000 
 amplitude 0.200 
 offset 1.000  
 acquisiton time 20.000 
 points per period 1000.000 
 number of periods 10.000[0m
[36m2024-01-29 16:37:26.389 INFO     [AcquisitionClass.py:630] Shutting down all LEDs for 1 seconds[0m
[36m2024-01-29 16:37:26.468 INFO     [AcquisitionClass.py:371] Did not start digital generator, check generator_analog_channels[0m
[36m2024-01-29 16:38:29.460 INFO     [AcquisitionClass.py:517] frequency: 10.000 
 amplitude 0.200 
 offset 1.000  
 acquisiton time 20.000 
 points per period 1000.000 
 number of periods 10.000[0m
[36m2024-01-29 16:38:49.645 INFO     [AcquisitionClass.py:630] Shutting down all LEDs for 1 seconds[0m
[36m2024-01-29 16:38:49.722 INFO     [AcquisitionClass.py:371] Did not start digital generator, check generator_analog_channels[0m
[36m2024-01-29 16:39:52.543 INFO     [AcquisitionClass.py:517] frequency: 10.000 
 amplitude 0.200 
 offset 1.000  
 acquisiton time 20.000 
 points per period 1000.000 
 number of periods 10.000[0m
[36m2024-01-29 16:40:12.724 INFO     [AcquisitionClass.py:630] Shutting down all LEDs for 1 seconds[0m
[36m2024-01-29 16:40:12.801 INFO     [AcquisitionClass.py:371] Did not start digital generator, check generator_analog_channels[0m
