[32m2024-01-26 17:30:28.82 DEBUG    [DC4100_LED.py:69] Serial<id=0x21f37602940, open=True>(port='COM5', baudrate=115200, bytesize=8, parity='N', stopbits=1, timeout=0.1, xonxoff=0, rtscts=0, dsrdtr=False)[0m
[32m2024-01-26 17:30:28.82 DEBUG    [DC4100_LED.py:89] DC4100: Sending o 0 0[0m
[32m2024-01-26 17:30:28.194 DEBUG    [DC4100_LED.py:92] DC4100: Received b''[0m
[32m2024-01-26 17:30:28.194 DEBUG    [DC4100_LED.py:89] DC4100: Sending o 1 0[0m
[32m2024-01-26 17:30:28.306 DEBUG    [DC4100_LED.py:92] DC4100: Received b''[0m
[32m2024-01-26 17:30:28.306 DEBUG    [DC4100_LED.py:89] DC4100: Sending o 2 0[0m
[32m2024-01-26 17:30:28.430 DEBUG    [DC4100_LED.py:92] DC4100: Received b''[0m
[32m2024-01-26 17:30:28.430 DEBUG    [DC4100_LED.py:89] DC4100: Sending o 3 0[0m
[32m2024-01-26 17:30:28.541 DEBUG    [DC4100_LED.py:92] DC4100: Received b''[0m
[1;35m2024-01-26 17:30:28.541 CRITICAL [DC4100_LED.py:164] setting mode[0m
[32m2024-01-26 17:30:28.541 DEBUG    [DC4100_LED.py:89] DC4100: Sending m 2[0m
[32m2024-01-26 17:30:28.652 DEBUG    [DC4100_LED.py:92] DC4100: Received b''[0m
[32m2024-01-26 17:30:29.653 DEBUG    [DC4100_LED.py:89] DC4100: Sending m?[0m
[32m2024-01-26 17:30:29.655 DEBUG    [DC4100_LED.py:92] DC4100: Received b'2\r\n'[0m
[36m2024-01-26 17:30:29.655 INFO     [DC4100_LED.py:215] External Control Mode[0m
[1;35m2024-01-26 17:30:29.655 CRITICAL [DC4100_LED.py:219] 1[0m
[32m2024-01-26 17:30:29.655 DEBUG    [DC4100_LED.py:89] DC4100: Sending o 0 1[0m
[32m2024-01-26 17:30:29.763 DEBUG    [DC4100_LED.py:92] DC4100: Received b''[0m
[1;35m2024-01-26 17:30:29.763 CRITICAL [DC4100_LED.py:219] 2[0m
[32m2024-01-26 17:30:29.763 DEBUG    [DC4100_LED.py:89] DC4100: Sending o 1 1[0m
[32m2024-01-26 17:30:29.873 DEBUG    [DC4100_LED.py:92] DC4100: Received b''[0m
[1;35m2024-01-26 17:30:29.873 CRITICAL [DC4100_LED.py:219] 3[0m
[32m2024-01-26 17:30:29.873 DEBUG    [DC4100_LED.py:89] DC4100: Sending o 2 1[0m
[32m2024-01-26 17:30:29.982 DEBUG    [DC4100_LED.py:92] DC4100: Received b''[0m
[1;35m2024-01-26 17:30:29.982 CRITICAL [DC4100_LED.py:219] 4[0m
[32m2024-01-26 17:30:29.982 DEBUG    [DC4100_LED.py:89] DC4100: Sending o 3 1[0m
[32m2024-01-26 17:30:30.93 DEBUG    [DC4100_LED.py:92] DC4100: Received b''[0m
[32m2024-01-26 17:30:30.93 DEBUG    [DC4100_LED.py:89] DC4100: Sending o 1 1[0m
[32m2024-01-26 17:30:30.202 DEBUG    [DC4100_LED.py:92] DC4100: Received b''[0m
[32m2024-01-26 17:30:30.202 DEBUG    [DC4100_LED.py:89] DC4100: Sending l 1 1000[0m
[32m2024-01-26 17:30:30.310 DEBUG    [DC4100_LED.py:92] DC4100: Received b''[0m
[32m2024-01-26 17:30:30.310 DEBUG    [DC4100_LED.py:89] DC4100: Sending o 2 0[0m
[32m2024-01-26 17:30:30.421 DEBUG    [DC4100_LED.py:92] DC4100: Received b''[0m
[32m2024-01-26 17:30:30.421 DEBUG    [DC4100_LED.py:89] DC4100: Sending o 3 1[0m
[32m2024-01-26 17:30:30.530 DEBUG    [DC4100_LED.py:92] DC4100: Received b''[0m
[32m2024-01-26 17:30:30.530 DEBUG    [DC4100_LED.py:89] DC4100: Sending l 3 1000[0m
[32m2024-01-26 17:30:30.640 DEBUG    [DC4100_LED.py:92] DC4100: Received b''[0m
[32m2024-01-26 17:30:30.640 DEBUG    [DC4100_LED.py:89] DC4100: Sending o 0 0[0m
[32m2024-01-26 17:30:30.749 DEBUG    [DC4100_LED.py:92] DC4100: Received b''[0m
[32m2024-01-26 17:30:36.942 DEBUG    [AcquisitionClass.py:125] 1000[0m
[32m2024-01-26 17:30:36.942 DEBUG    [AcquisitionClass.py:126] 1.0[0m
[32m2024-01-26 17:30:36.943 DEBUG    [AcquisitionClass.py:127] 10000[0m
[32m2024-01-26 17:30:36.943 DEBUG    [AcquisitionClass.py:128] 10[0m
[32m2024-01-26 17:30:36.943 DEBUG    [AcquisitionClass.py:129] 10000[0m
[32m2024-01-26 17:30:36.943 DEBUG    [AcquisitionClass.py:130] 10000[0m
[32m2024-01-26 17:30:36.943 DEBUG    [AcquisitionClass.py:131] 10000[0m
[32m2024-01-26 17:30:36.944 DEBUG    [AcquisitionClass.py:125] 1000[0m
[32m2024-01-26 17:30:36.944 DEBUG    [AcquisitionClass.py:126] 10.0[0m
[32m2024-01-26 17:30:36.944 DEBUG    [AcquisitionClass.py:127] 1000[0m
[32m2024-01-26 17:30:36.945 DEBUG    [AcquisitionClass.py:128] 1[0m
[32m2024-01-26 17:30:36.945 DEBUG    [AcquisitionClass.py:129] 1000[0m
[32m2024-01-26 17:30:36.945 DEBUG    [AcquisitionClass.py:130] 10000[0m
[32m2024-01-26 17:30:36.945 DEBUG    [AcquisitionClass.py:131] 10000[0m
[36m2024-01-26 17:30:37.64 INFO     [AcquisitionClass.py:517] frequency: 1.000 
 amplitude 2.000 
 offset 4.000  
 acquisiton time 10.000 
 points per period 1000.000 
 number of periods 10.000[0m
[32m2024-01-26 17:30:58.592 DEBUG    [AcquisitionClass.py:125] 1000[0m
[32m2024-01-26 17:30:58.592 DEBUG    [AcquisitionClass.py:126] 0.01[0m
[32m2024-01-26 17:30:58.593 DEBUG    [AcquisitionClass.py:127] 1000000.0[0m
[32m2024-01-26 17:30:58.593 DEBUG    [AcquisitionClass.py:128] 1000.0[0m
[32m2024-01-26 17:30:58.593 DEBUG    [AcquisitionClass.py:129] 1000000.0[0m
[32m2024-01-26 17:30:58.594 DEBUG    [AcquisitionClass.py:130] 10000[0m
[32m2024-01-26 17:30:58.594 DEBUG    [AcquisitionClass.py:131] 10000[0m
[36m2024-01-26 17:30:58.657 INFO     [AcquisitionClass.py:517] frequency: 1000.000 
 amplitude 2.000 
 offset 4.000  
 acquisiton time 0.010 
 points per period 1000.000 
 number of periods 10.000[0m
[1;35m2024-01-26 17:30:58.684 CRITICAL [AcquisitionClass.py:169] 1.2277370774461303[0m
[32m2024-01-26 17:31:00.821 DEBUG    [AcquisitionClass.py:125] 1000[0m
[32m2024-01-26 17:31:00.821 DEBUG    [AcquisitionClass.py:126] 0.021544346900318846[0m
[32m2024-01-26 17:31:00.821 DEBUG    [AcquisitionClass.py:127] 464158.0[0m
[32m2024-01-26 17:31:00.821 DEBUG    [AcquisitionClass.py:128] 464.15888336127773[0m
[32m2024-01-26 17:31:00.821 DEBUG    [AcquisitionClass.py:129] 464158.88336127775[0m
[32m2024-01-26 17:31:00.821 DEBUG    [AcquisitionClass.py:130] 10000[0m
[32m2024-01-26 17:31:00.822 DEBUG    [AcquisitionClass.py:131] 10000[0m
[36m2024-01-26 17:31:00.887 INFO     [AcquisitionClass.py:517] frequency: 464.159 
 amplitude 2.000 
 offset 4.000  
 acquisiton time 0.022 
 points per period 1000.000 
 number of periods 10.000[0m
[1;35m2024-01-26 17:31:00.914 CRITICAL [AcquisitionClass.py:169] -0.8823717558489719[0m
[32m2024-01-26 17:31:03.27 DEBUG    [AcquisitionClass.py:125] 1000[0m
[32m2024-01-26 17:31:03.27 DEBUG    [AcquisitionClass.py:126] 0.04641588833612782[0m
[32m2024-01-26 17:31:03.28 DEBUG    [AcquisitionClass.py:127] 215443.0[0m
[32m2024-01-26 17:31:03.28 DEBUG    [AcquisitionClass.py:128] 215.44346900318823[0m
[32m2024-01-26 17:31:03.28 DEBUG    [AcquisitionClass.py:129] 215443.46900318822[0m
[32m2024-01-26 17:31:03.28 DEBUG    [AcquisitionClass.py:130] 10000[0m
[32m2024-01-26 17:31:03.28 DEBUG    [AcquisitionClass.py:131] 10000[0m
[36m2024-01-26 17:31:03.95 INFO     [AcquisitionClass.py:517] frequency: 215.443 
 amplitude 2.000 
 offset 4.000  
 acquisiton time 0.046 
 points per period 1000.000 
 number of periods 10.000[0m
[1;35m2024-01-26 17:31:03.153 CRITICAL [AcquisitionClass.py:169] 0.745775752762332[0m
[32m2024-01-26 17:31:05.274 DEBUG    [AcquisitionClass.py:125] 1000[0m
[32m2024-01-26 17:31:05.274 DEBUG    [AcquisitionClass.py:126] 0.1[0m
[32m2024-01-26 17:31:05.275 DEBUG    [AcquisitionClass.py:127] 100000.0[0m
[32m2024-01-26 17:31:05.275 DEBUG    [AcquisitionClass.py:128] 100.0[0m
[32m2024-01-26 17:31:05.275 DEBUG    [AcquisitionClass.py:129] 100000.0[0m
[32m2024-01-26 17:31:05.275 DEBUG    [AcquisitionClass.py:130] 10000[0m
[32m2024-01-26 17:31:05.276 DEBUG    [AcquisitionClass.py:131] 10000[0m
[36m2024-01-26 17:31:05.341 INFO     [AcquisitionClass.py:517] frequency: 100.000 
 amplitude 2.000 
 offset 4.000  
 acquisiton time 0.100 
 points per period 1000.000 
 number of periods 10.000[0m
[1;35m2024-01-26 17:31:05.461 CRITICAL [AcquisitionClass.py:169] -1.5008812122772401[0m
[32m2024-01-26 17:31:07.582 DEBUG    [AcquisitionClass.py:125] 1000[0m
[32m2024-01-26 17:31:07.582 DEBUG    [AcquisitionClass.py:126] 0.21544346900318845[0m
[32m2024-01-26 17:31:07.582 DEBUG    [AcquisitionClass.py:127] 46415.0[0m
[32m2024-01-26 17:31:07.583 DEBUG    [AcquisitionClass.py:128] 46.41588833612777[0m
[32m2024-01-26 17:31:07.583 DEBUG    [AcquisitionClass.py:129] 46415.88833612777[0m
[32m2024-01-26 17:31:07.583 DEBUG    [AcquisitionClass.py:130] 10000[0m
[32m2024-01-26 17:31:07.583 DEBUG    [AcquisitionClass.py:131] 10000[0m
[36m2024-01-26 17:31:07.649 INFO     [AcquisitionClass.py:517] frequency: 46.416 
 amplitude 2.000 
 offset 4.000  
 acquisiton time 0.215 
 points per period 1000.000 
 number of periods 10.000[0m
[1;35m2024-01-26 17:31:07.876 CRITICAL [AcquisitionClass.py:169] 2.3279418117355757[0m
[32m2024-01-26 17:31:09.986 DEBUG    [AcquisitionClass.py:125] 1000[0m
[32m2024-01-26 17:31:09.986 DEBUG    [AcquisitionClass.py:126] 0.46415888336127803[0m
[32m2024-01-26 17:31:09.986 DEBUG    [AcquisitionClass.py:127] 21544.0[0m
[32m2024-01-26 17:31:09.987 DEBUG    [AcquisitionClass.py:128] 21.544346900318832[0m
[32m2024-01-26 17:31:09.987 DEBUG    [AcquisitionClass.py:129] 21544.346900318833[0m
[32m2024-01-26 17:31:09.987 DEBUG    [AcquisitionClass.py:130] 10000[0m
[32m2024-01-26 17:31:09.987 DEBUG    [AcquisitionClass.py:131] 10000[0m
[36m2024-01-26 17:31:10.53 INFO     [AcquisitionClass.py:517] frequency: 21.544 
 amplitude 2.000 
 offset 4.000  
 acquisiton time 0.464 
 points per period 1000.000 
 number of periods 10.000[0m
[1;35m2024-01-26 17:31:10.545 CRITICAL [AcquisitionClass.py:169] -1.6571805772181187[0m
[32m2024-01-26 17:31:12.666 DEBUG    [AcquisitionClass.py:125] 1000[0m
[32m2024-01-26 17:31:12.666 DEBUG    [AcquisitionClass.py:126] 1.0[0m
[32m2024-01-26 17:31:12.666 DEBUG    [AcquisitionClass.py:127] 10000.0[0m
[32m2024-01-26 17:31:12.667 DEBUG    [AcquisitionClass.py:128] 10.0[0m
[32m2024-01-26 17:31:12.667 DEBUG    [AcquisitionClass.py:129] 10000.0[0m
[32m2024-01-26 17:31:12.667 DEBUG    [AcquisitionClass.py:130] 10000[0m
[32m2024-01-26 17:31:12.667 DEBUG    [AcquisitionClass.py:131] 10000[0m
[36m2024-01-26 17:31:12.733 INFO     [AcquisitionClass.py:517] frequency: 10.000 
 amplitude 2.000 
 offset 4.000  
 acquisiton time 1.000 
 points per period 1000.000 
 number of periods 10.000[0m
[1;35m2024-01-26 17:31:13.786 CRITICAL [AcquisitionClass.py:169] 2.99672422840914[0m
[32m2024-01-26 17:31:15.906 DEBUG    [AcquisitionClass.py:125] 1000[0m
[32m2024-01-26 17:31:15.907 DEBUG    [AcquisitionClass.py:126] 2.154434690031884[0m
[32m2024-01-26 17:31:15.907 DEBUG    [AcquisitionClass.py:127] 4641.0[0m
[32m2024-01-26 17:31:15.907 DEBUG    [AcquisitionClass.py:128] 4.641588833612778[0m
[32m2024-01-26 17:31:15.907 DEBUG    [AcquisitionClass.py:129] 4641.588833612778[0m
[32m2024-01-26 17:31:15.907 DEBUG    [AcquisitionClass.py:130] 10000[0m
[32m2024-01-26 17:31:15.908 DEBUG    [AcquisitionClass.py:131] 10000[0m
[36m2024-01-26 17:31:15.972 INFO     [AcquisitionClass.py:517] frequency: 4.642 
 amplitude 2.000 
 offset 4.000  
 acquisiton time 2.154 
 points per period 1000.000 
 number of periods 10.000[0m
[1;35m2024-01-26 17:31:18.246 CRITICAL [AcquisitionClass.py:169] -0.8456477470142463[0m
[32m2024-01-26 17:31:20.366 DEBUG    [AcquisitionClass.py:125] 1000[0m
[32m2024-01-26 17:31:20.366 DEBUG    [AcquisitionClass.py:126] 4.641588833612778[0m
[32m2024-01-26 17:31:20.367 DEBUG    [AcquisitionClass.py:127] 2154.0[0m
[32m2024-01-26 17:31:20.367 DEBUG    [AcquisitionClass.py:128] 2.154434690031884[0m
[32m2024-01-26 17:31:20.367 DEBUG    [AcquisitionClass.py:129] 2154.4346900318837[0m
[32m2024-01-26 17:31:20.367 DEBUG    [AcquisitionClass.py:130] 10000[0m
[32m2024-01-26 17:31:20.368 DEBUG    [AcquisitionClass.py:131] 10000[0m
[36m2024-01-26 17:31:20.432 INFO     [AcquisitionClass.py:517] frequency: 2.154 
 amplitude 2.000 
 offset 4.000  
 acquisiton time 4.642 
 points per period 1000.000 
 number of periods 10.000[0m
[1;35m2024-01-26 17:31:25.316 CRITICAL [AcquisitionClass.py:169] 2.546030809020537[0m
[32m2024-01-26 17:31:27.434 DEBUG    [AcquisitionClass.py:125] 1000[0m
[32m2024-01-26 17:31:27.434 DEBUG    [AcquisitionClass.py:126] 10.0[0m
[32m2024-01-26 17:31:27.435 DEBUG    [AcquisitionClass.py:127] 1000.0[0m
[32m2024-01-26 17:31:27.435 DEBUG    [AcquisitionClass.py:128] 1.0[0m
[32m2024-01-26 17:31:27.435 DEBUG    [AcquisitionClass.py:129] 1000.0[0m
[32m2024-01-26 17:31:27.435 DEBUG    [AcquisitionClass.py:130] 10000[0m
[32m2024-01-26 17:31:27.435 DEBUG    [AcquisitionClass.py:131] 10000[0m
[36m2024-01-26 17:31:27.501 INFO     [AcquisitionClass.py:517] frequency: 1.000 
 amplitude 2.000 
 offset 4.000  
 acquisiton time 10.000 
 points per period 1000.000 
 number of periods 10.000[0m
[1;35m2024-01-26 17:31:38.15 CRITICAL [AcquisitionClass.py:169] 1.3410289203479224[0m
[32m2024-01-26 17:31:43.17 DEBUG    [AcquisitionClass.py:125] 1000[0m
[32m2024-01-26 17:31:43.17 DEBUG    [AcquisitionClass.py:126] 1.0[0m
[32m2024-01-26 17:31:43.17 DEBUG    [AcquisitionClass.py:127] 10000[0m
[32m2024-01-26 17:31:43.18 DEBUG    [AcquisitionClass.py:128] 10[0m
[32m2024-01-26 17:31:43.18 DEBUG    [AcquisitionClass.py:129] 10000[0m
[32m2024-01-26 17:31:43.18 DEBUG    [AcquisitionClass.py:130] 10000[0m
[32m2024-01-26 17:31:43.18 DEBUG    [AcquisitionClass.py:131] 10000[0m
[32m2024-01-26 17:31:43.19 DEBUG    [AcquisitionClass.py:125] 10000[0m
[32m2024-01-26 17:31:43.19 DEBUG    [AcquisitionClass.py:126] 249.99999999999994[0m
[32m2024-01-26 17:31:43.19 DEBUG    [AcquisitionClass.py:127] 200.0[0m
[32m2024-01-26 17:31:43.19 DEBUG    [AcquisitionClass.py:128] 0.020000000000000004[0m
[32m2024-01-26 17:31:43.19 DEBUG    [AcquisitionClass.py:129] 200.00000000000003[0m
[32m2024-01-26 17:31:43.20 DEBUG    [AcquisitionClass.py:130] 50000[0m
[32m2024-01-26 17:31:43.20 DEBUG    [AcquisitionClass.py:131] 50000[0m
[32m2024-01-26 17:31:43.23 DEBUG    [AcquisitionClass.py:125] 10000[0m
[32m2024-01-26 17:31:43.23 DEBUG    [AcquisitionClass.py:126] 249.99999999999994[0m
[32m2024-01-26 17:31:43.23 DEBUG    [AcquisitionClass.py:127] 200.0[0m
[32m2024-01-26 17:31:43.23 DEBUG    [AcquisitionClass.py:128] 0.020000000000000004[0m
[32m2024-01-26 17:31:43.24 DEBUG    [AcquisitionClass.py:129] 200.00000000000003[0m
[32m2024-01-26 17:31:43.24 DEBUG    [AcquisitionClass.py:130] 50000[0m
[32m2024-01-26 17:31:43.24 DEBUG    [AcquisitionClass.py:131] 50000[0m
[36m2024-01-26 17:31:43.83 INFO     [AcquisitionClass.py:371] Did not start digital generator, check generator_analog_channels[0m
[36m2024-01-26 17:31:43.86 INFO     [AcquisitionClass.py:517] frequency: 0.020 
 amplitude 0.200 
 offset 0.200  
 acquisiton time 250.000 
 points per period 10000.000 
 number of periods 5.000[0m
