[32m2024-01-25 18:17:57.731 DEBUG    [DC4100_LED.py:69] Serial<id=0x259b0c0ee80, open=True>(port='COM5', baudrate=115200, bytesize=8, parity='N', stopbits=1, timeout=0.1, xonxoff=0, rtscts=0, dsrdtr=False)[0m
[32m2024-01-25 18:17:57.731 DEBUG    [DC4100_LED.py:89] DC4100: Sending o 0 0[0m
[32m2024-01-25 18:17:57.843 DEBUG    [DC4100_LED.py:92] DC4100: Received b''[0m
[32m2024-01-25 18:17:57.843 DEBUG    [DC4100_LED.py:89] DC4100: Sending o 1 0[0m
[32m2024-01-25 18:17:57.952 DEBUG    [DC4100_LED.py:92] DC4100: Received b''[0m
[32m2024-01-25 18:17:57.953 DEBUG    [DC4100_LED.py:89] DC4100: Sending o 2 0[0m
[32m2024-01-25 18:17:58.62 DEBUG    [DC4100_LED.py:92] DC4100: Received b''[0m
[32m2024-01-25 18:17:58.62 DEBUG    [DC4100_LED.py:89] DC4100: Sending o 3 0[0m
[32m2024-01-25 18:17:58.172 DEBUG    [DC4100_LED.py:92] DC4100: Received b''[0m
[1;35m2024-01-25 18:17:58.172 CRITICAL [DC4100_LED.py:164] setting mode[0m
[32m2024-01-25 18:17:58.172 DEBUG    [DC4100_LED.py:89] DC4100: Sending m 2[0m
[32m2024-01-25 18:17:58.283 DEBUG    [DC4100_LED.py:92] DC4100: Received b''[0m
[32m2024-01-25 18:17:59.288 DEBUG    [DC4100_LED.py:89] DC4100: Sending m?[0m
[32m2024-01-25 18:17:59.290 DEBUG    [DC4100_LED.py:92] DC4100: Received b'2\r\n'[0m
[36m2024-01-25 18:17:59.290 INFO     [DC4100_LED.py:215] External Control Mode[0m
[1;35m2024-01-25 18:17:59.290 CRITICAL [DC4100_LED.py:219] 1[0m
[32m2024-01-25 18:17:59.290 DEBUG    [DC4100_LED.py:89] DC4100: Sending o 0 1[0m
[32m2024-01-25 18:17:59.397 DEBUG    [DC4100_LED.py:92] DC4100: Received b''[0m
[1;35m2024-01-25 18:17:59.397 CRITICAL [DC4100_LED.py:219] 2[0m
[32m2024-01-25 18:17:59.397 DEBUG    [DC4100_LED.py:89] DC4100: Sending o 1 1[0m
[32m2024-01-25 18:17:59.507 DEBUG    [DC4100_LED.py:92] DC4100: Received b''[0m
[1;35m2024-01-25 18:17:59.507 CRITICAL [DC4100_LED.py:219] 3[0m
[32m2024-01-25 18:17:59.507 DEBUG    [DC4100_LED.py:89] DC4100: Sending o 2 1[0m
[32m2024-01-25 18:17:59.617 DEBUG    [DC4100_LED.py:92] DC4100: Received b''[0m
[1;35m2024-01-25 18:17:59.617 CRITICAL [DC4100_LED.py:219] 4[0m
[32m2024-01-25 18:17:59.617 DEBUG    [DC4100_LED.py:89] DC4100: Sending o 3 1[0m
[32m2024-01-25 18:17:59.726 DEBUG    [DC4100_LED.py:92] DC4100: Received b''[0m
[32m2024-01-25 18:17:59.726 DEBUG    [DC4100_LED.py:89] DC4100: Sending o 1 1[0m
[32m2024-01-25 18:17:59.836 DEBUG    [DC4100_LED.py:92] DC4100: Received b''[0m
[32m2024-01-25 18:17:59.836 DEBUG    [DC4100_LED.py:89] DC4100: Sending l 1 1000[0m
[32m2024-01-25 18:17:59.948 DEBUG    [DC4100_LED.py:92] DC4100: Received b''[0m
[32m2024-01-25 18:17:59.948 DEBUG    [DC4100_LED.py:89] DC4100: Sending o 2 0[0m
[32m2024-01-25 18:18:00.58 DEBUG    [DC4100_LED.py:92] DC4100: Received b''[0m
[32m2024-01-25 18:18:00.58 DEBUG    [DC4100_LED.py:89] DC4100: Sending o 3 0[0m
[32m2024-01-25 18:18:00.166 DEBUG    [DC4100_LED.py:92] DC4100: Received b''[0m
[32m2024-01-25 18:18:00.166 DEBUG    [DC4100_LED.py:89] DC4100: Sending o 0 0[0m
[32m2024-01-25 18:18:00.277 DEBUG    [DC4100_LED.py:92] DC4100: Received b''[0m
[32m2024-01-25 18:18:01.766 DEBUG    [AcquisitionClass.py:125] 1000[0m
[32m2024-01-25 18:18:01.766 DEBUG    [AcquisitionClass.py:126] 1.0[0m
[32m2024-01-25 18:18:01.767 DEBUG    [AcquisitionClass.py:127] 10000[0m
[32m2024-01-25 18:18:01.767 DEBUG    [AcquisitionClass.py:128] 10[0m
[32m2024-01-25 18:18:01.767 DEBUG    [AcquisitionClass.py:129] 10000[0m
[32m2024-01-25 18:18:01.767 DEBUG    [AcquisitionClass.py:130] 10000[0m
[32m2024-01-25 18:18:01.768 DEBUG    [AcquisitionClass.py:131] 10000[0m
[32m2024-01-25 18:18:26.891 DEBUG    [AcquisitionClass.py:125] 1000[0m
[32m2024-01-25 18:18:26.891 DEBUG    [AcquisitionClass.py:126] 1.0[0m
[32m2024-01-25 18:18:26.891 DEBUG    [AcquisitionClass.py:127] 10000[0m
[32m2024-01-25 18:18:26.891 DEBUG    [AcquisitionClass.py:128] 10[0m
[32m2024-01-25 18:18:26.892 DEBUG    [AcquisitionClass.py:129] 10000[0m
[32m2024-01-25 18:18:26.892 DEBUG    [AcquisitionClass.py:130] 10000[0m
[32m2024-01-25 18:18:26.892 DEBUG    [AcquisitionClass.py:131] 10000[0m
[36m2024-01-25 18:18:28.369 INFO     [AcquisitionClass.py:517] frequency: 10.000 
 amplitude 0.200 
 offset 1.000  
 acquisiton time 20.000 
 points per period 1000.000 
 number of periods 10.000[0m
[36m2024-01-25 18:18:48.573 INFO     [AcquisitionClass.py:630] Shutting down all LEDs for 1 seconds[0m
[36m2024-01-25 18:18:48.652 INFO     [AcquisitionClass.py:371] Did not start digital generator, check generator_analog_channels[0m
[36m2024-01-25 18:18:56.476 INFO     [AcquisitionClass.py:517] frequency: 10.000 
 amplitude 0.200 
 offset 1.000  
 acquisiton time 20.000 
 points per period 1000.000 
 number of periods 10.000[0m
[36m2024-01-25 18:19:16.668 INFO     [AcquisitionClass.py:630] Shutting down all LEDs for 1 seconds[0m
[36m2024-01-25 18:19:16.744 INFO     [AcquisitionClass.py:371] Did not start digital generator, check generator_analog_channels[0m
[36m2024-01-25 18:19:24.585 INFO     [AcquisitionClass.py:517] frequency: 10.000 
 amplitude 0.200 
 offset 1.000  
 acquisiton time 20.000 
 points per period 1000.000 
 number of periods 10.000[0m
[36m2024-01-25 18:19:44.769 INFO     [AcquisitionClass.py:630] Shutting down all LEDs for 1 seconds[0m
[36m2024-01-25 18:19:44.847 INFO     [AcquisitionClass.py:371] Did not start digital generator, check generator_analog_channels[0m
[36m2024-01-25 18:19:52.684 INFO     [AcquisitionClass.py:517] frequency: 10.000 
 amplitude 0.200 
 offset 1.000  
 acquisiton time 20.000 
 points per period 1000.000 
 number of periods 10.000[0m
[36m2024-01-25 18:20:12.869 INFO     [AcquisitionClass.py:630] Shutting down all LEDs for 1 seconds[0m
[36m2024-01-25 18:20:12.948 INFO     [AcquisitionClass.py:371] Did not start digital generator, check generator_analog_channels[0m
[36m2024-01-25 18:20:20.759 INFO     [AcquisitionClass.py:517] frequency: 10.000 
 amplitude 0.200 
 offset 1.000  
 acquisiton time 20.000 
 points per period 1000.000 
 number of periods 10.000[0m
[36m2024-01-25 18:20:40.936 INFO     [AcquisitionClass.py:630] Shutting down all LEDs for 1 seconds[0m
[36m2024-01-25 18:20:41.15 INFO     [AcquisitionClass.py:371] Did not start digital generator, check generator_analog_channels[0m
[36m2024-01-25 18:20:48.835 INFO     [AcquisitionClass.py:517] frequency: 10.000 
 amplitude 0.200 
 offset 1.000  
 acquisiton time 20.000 
 points per period 1000.000 
 number of periods 10.000[0m
[36m2024-01-25 18:21:09.25 INFO     [AcquisitionClass.py:630] Shutting down all LEDs for 1 seconds[0m
[36m2024-01-25 18:21:09.103 INFO     [AcquisitionClass.py:371] Did not start digital generator, check generator_analog_channels[0m
[36m2024-01-25 18:21:16.902 INFO     [AcquisitionClass.py:517] frequency: 10.000 
 amplitude 0.200 
 offset 1.000  
 acquisiton time 20.000 
 points per period 1000.000 
 number of periods 10.000[0m
[36m2024-01-25 18:21:37.85 INFO     [AcquisitionClass.py:630] Shutting down all LEDs for 1 seconds[0m
[36m2024-01-25 18:21:37.163 INFO     [AcquisitionClass.py:371] Did not start digital generator, check generator_analog_channels[0m
[36m2024-01-25 18:21:44.992 INFO     [AcquisitionClass.py:517] frequency: 10.000 
 amplitude 0.200 
 offset 1.000  
 acquisiton time 20.000 
 points per period 1000.000 
 number of periods 10.000[0m
[36m2024-01-25 18:22:05.169 INFO     [AcquisitionClass.py:630] Shutting down all LEDs for 1 seconds[0m
[36m2024-01-25 18:22:05.248 INFO     [AcquisitionClass.py:371] Did not start digital generator, check generator_analog_channels[0m
[36m2024-01-25 18:22:13.55 INFO     [AcquisitionClass.py:517] frequency: 10.000 
 amplitude 0.200 
 offset 1.000  
 acquisiton time 20.000 
 points per period 1000.000 
 number of periods 10.000[0m
[36m2024-01-25 18:22:33.231 INFO     [AcquisitionClass.py:630] Shutting down all LEDs for 1 seconds[0m
[36m2024-01-25 18:22:33.311 INFO     [AcquisitionClass.py:371] Did not start digital generator, check generator_analog_channels[0m
[36m2024-01-25 18:22:41.126 INFO     [AcquisitionClass.py:517] frequency: 10.000 
 amplitude 0.200 
 offset 1.000  
 acquisiton time 20.000 
 points per period 1000.000 
 number of periods 10.000[0m
[36m2024-01-25 18:23:01.304 INFO     [AcquisitionClass.py:630] Shutting down all LEDs for 1 seconds[0m
[36m2024-01-25 18:23:01.382 INFO     [AcquisitionClass.py:371] Did not start digital generator, check generator_analog_channels[0m
[36m2024-01-25 18:23:09.163 INFO     [AcquisitionClass.py:517] frequency: 10.000 
 amplitude 0.200 
 offset 1.000  
 acquisiton time 20.000 
 points per period 1000.000 
 number of periods 10.000[0m
[36m2024-01-25 18:23:29.347 INFO     [AcquisitionClass.py:630] Shutting down all LEDs for 1 seconds[0m
[36m2024-01-25 18:23:29.423 INFO     [AcquisitionClass.py:371] Did not start digital generator, check generator_analog_channels[0m
[36m2024-01-25 18:23:37.229 INFO     [AcquisitionClass.py:517] frequency: 10.000 
 amplitude 0.200 
 offset 1.000  
 acquisiton time 20.000 
 points per period 1000.000 
 number of periods 10.000[0m
[36m2024-01-25 18:23:57.411 INFO     [AcquisitionClass.py:630] Shutting down all LEDs for 1 seconds[0m
[36m2024-01-25 18:23:57.489 INFO     [AcquisitionClass.py:371] Did not start digital generator, check generator_analog_channels[0m
[36m2024-01-25 18:24:05.291 INFO     [AcquisitionClass.py:517] frequency: 10.000 
 amplitude 0.200 
 offset 1.000  
 acquisiton time 20.000 
 points per period 1000.000 
 number of periods 10.000[0m
[36m2024-01-25 18:24:25.467 INFO     [AcquisitionClass.py:630] Shutting down all LEDs for 1 seconds[0m
[36m2024-01-25 18:24:25.545 INFO     [AcquisitionClass.py:371] Did not start digital generator, check generator_analog_channels[0m
[36m2024-01-25 18:24:33.884 INFO     [AcquisitionClass.py:517] frequency: 10.000 
 amplitude 0.200 
 offset 1.000  
 acquisiton time 20.000 
 points per period 1000.000 
 number of periods 10.000[0m
[36m2024-01-25 18:24:54.69 INFO     [AcquisitionClass.py:630] Shutting down all LEDs for 1 seconds[0m
[36m2024-01-25 18:24:54.148 INFO     [AcquisitionClass.py:371] Did not start digital generator, check generator_analog_channels[0m
[36m2024-01-25 18:25:01.964 INFO     [AcquisitionClass.py:517] frequency: 10.000 
 amplitude 0.200 
 offset 1.000  
 acquisiton time 20.000 
 points per period 1000.000 
 number of periods 10.000[0m
[36m2024-01-25 18:25:22.154 INFO     [AcquisitionClass.py:630] Shutting down all LEDs for 1 seconds[0m
[36m2024-01-25 18:25:22.232 INFO     [AcquisitionClass.py:371] Did not start digital generator, check generator_analog_channels[0m
