[32m2024-01-26 17:59:01.672 DEBUG    [DC4100_LED.py:69] Serial<id=0x12cf3b389a0, open=True>(port='COM5', baudrate=115200, bytesize=8, parity='N', stopbits=1, timeout=0.1, xonxoff=0, rtscts=0, dsrdtr=False)[0m
[32m2024-01-26 17:59:01.672 DEBUG    [DC4100_LED.py:89] DC4100: Sending o 0 0[0m
[32m2024-01-26 17:59:01.776 DEBUG    [DC4100_LED.py:92] DC4100: Received b''[0m
[32m2024-01-26 17:59:01.776 DEBUG    [DC4100_LED.py:89] DC4100: Sending o 1 0[0m
[32m2024-01-26 17:59:01.888 DEBUG    [DC4100_LED.py:92] DC4100: Received b''[0m
[32m2024-01-26 17:59:01.888 DEBUG    [DC4100_LED.py:89] DC4100: Sending o 2 0[0m
[32m2024-01-26 17:59:01.995 DEBUG    [DC4100_LED.py:92] DC4100: Received b''[0m
[32m2024-01-26 17:59:01.995 DEBUG    [DC4100_LED.py:89] DC4100: Sending o 3 0[0m
[32m2024-01-26 17:59:02.103 DEBUG    [DC4100_LED.py:92] DC4100: Received b''[0m
[1;35m2024-01-26 17:59:02.103 CRITICAL [DC4100_LED.py:164] setting mode[0m
[32m2024-01-26 17:59:02.103 DEBUG    [DC4100_LED.py:89] DC4100: Sending m 2[0m
[32m2024-01-26 17:59:02.214 DEBUG    [DC4100_LED.py:92] DC4100: Received b''[0m
[32m2024-01-26 17:59:03.218 DEBUG    [DC4100_LED.py:89] DC4100: Sending m?[0m
[32m2024-01-26 17:59:03.220 DEBUG    [DC4100_LED.py:92] DC4100: Received b'2\r\n'[0m
[36m2024-01-26 17:59:03.220 INFO     [DC4100_LED.py:215] External Control Mode[0m
[1;35m2024-01-26 17:59:03.220 CRITICAL [DC4100_LED.py:219] 1[0m
[32m2024-01-26 17:59:03.220 DEBUG    [DC4100_LED.py:89] DC4100: Sending o 0 1[0m
[32m2024-01-26 17:59:03.330 DEBUG    [DC4100_LED.py:92] DC4100: Received b''[0m
[1;35m2024-01-26 17:59:03.330 CRITICAL [DC4100_LED.py:219] 2[0m
[32m2024-01-26 17:59:03.330 DEBUG    [DC4100_LED.py:89] DC4100: Sending o 1 1[0m
[32m2024-01-26 17:59:03.440 DEBUG    [DC4100_LED.py:92] DC4100: Received b''[0m
[1;35m2024-01-26 17:59:03.440 CRITICAL [DC4100_LED.py:219] 3[0m
[32m2024-01-26 17:59:03.440 DEBUG    [DC4100_LED.py:89] DC4100: Sending o 2 1[0m
[32m2024-01-26 17:59:03.547 DEBUG    [DC4100_LED.py:92] DC4100: Received b''[0m
[1;35m2024-01-26 17:59:03.547 CRITICAL [DC4100_LED.py:219] 4[0m
[32m2024-01-26 17:59:03.547 DEBUG    [DC4100_LED.py:89] DC4100: Sending o 3 1[0m
[32m2024-01-26 17:59:03.658 DEBUG    [DC4100_LED.py:92] DC4100: Received b''[0m
[32m2024-01-26 17:59:03.658 DEBUG    [DC4100_LED.py:89] DC4100: Sending o 1 1[0m
[32m2024-01-26 17:59:03.767 DEBUG    [DC4100_LED.py:92] DC4100: Received b''[0m
[32m2024-01-26 17:59:03.767 DEBUG    [DC4100_LED.py:89] DC4100: Sending l 1 1000[0m
[32m2024-01-26 17:59:03.875 DEBUG    [DC4100_LED.py:92] DC4100: Received b''[0m
[32m2024-01-26 17:59:03.875 DEBUG    [DC4100_LED.py:89] DC4100: Sending o 2 0[0m
[32m2024-01-26 17:59:03.984 DEBUG    [DC4100_LED.py:92] DC4100: Received b''[0m
[32m2024-01-26 17:59:03.984 DEBUG    [DC4100_LED.py:89] DC4100: Sending o 3 0[0m
[32m2024-01-26 17:59:04.94 DEBUG    [DC4100_LED.py:92] DC4100: Received b''[0m
[32m2024-01-26 17:59:04.94 DEBUG    [DC4100_LED.py:89] DC4100: Sending o 0 0[0m
[32m2024-01-26 17:59:04.202 DEBUG    [DC4100_LED.py:92] DC4100: Received b''[0m
[32m2024-01-26 17:59:05.721 DEBUG    [AcquisitionClass.py:125] 1000[0m
[32m2024-01-26 17:59:05.721 DEBUG    [AcquisitionClass.py:126] 1.0[0m
[32m2024-01-26 17:59:05.722 DEBUG    [AcquisitionClass.py:127] 10000[0m
[32m2024-01-26 17:59:05.722 DEBUG    [AcquisitionClass.py:128] 10[0m
[32m2024-01-26 17:59:05.722 DEBUG    [AcquisitionClass.py:129] 10000[0m
[32m2024-01-26 17:59:05.722 DEBUG    [AcquisitionClass.py:130] 10000[0m
[32m2024-01-26 17:59:05.723 DEBUG    [AcquisitionClass.py:131] 10000[0m
