[32m2024-01-25 15:42:14.799 DEBUG    [AcquisitionClass.py:125] 1000[0m
[32m2024-01-25 15:42:14.799 DEBUG    [AcquisitionClass.py:126] 1.0[0m
[32m2024-01-25 15:42:14.799 DEBUG    [AcquisitionClass.py:127] 10000[0m
[32m2024-01-25 15:42:14.799 DEBUG    [AcquisitionClass.py:128] 10[0m
[32m2024-01-25 15:42:14.799 DEBUG    [AcquisitionClass.py:129] 10000[0m
[32m2024-01-25 15:42:14.799 DEBUG    [AcquisitionClass.py:130] 10000[0m
[32m2024-01-25 15:42:14.800 DEBUG    [AcquisitionClass.py:131] 10000[0m
[32m2024-01-25 15:42:14.836 DEBUG    [DC4100_LED.py:69] Serial<id=0x1d6660ceee0, open=True>(port='COM5', baudrate=115200, bytesize=8, parity='N', stopbits=1, timeout=0.1, xonxoff=0, rtscts=0, dsrdtr=False)[0m
[32m2024-01-25 15:42:14.837 DEBUG    [DC4100_LED.py:89] DC4100: Sending o 0 0[0m
[32m2024-01-25 15:42:14.841 DEBUG    [DC4100_LED.py:92] DC4100: Received b'ERROR 10:Communication error.\r\n'[0m
[32m2024-01-25 15:42:14.842 DEBUG    [DC4100_LED.py:89] DC4100: Sending o 1 0[0m
[32m2024-01-25 15:42:14.957 DEBUG    [DC4100_LED.py:92] DC4100: Received b''[0m
[32m2024-01-25 15:42:14.957 DEBUG    [DC4100_LED.py:89] DC4100: Sending o 2 0[0m
[32m2024-01-25 15:42:15.67 DEBUG    [DC4100_LED.py:92] DC4100: Received b''[0m
[32m2024-01-25 15:42:15.67 DEBUG    [DC4100_LED.py:89] DC4100: Sending o 3 0[0m
[32m2024-01-25 15:42:15.177 DEBUG    [DC4100_LED.py:92] DC4100: Received b''[0m
[1;35m2024-01-25 15:42:15.177 CRITICAL [DC4100_LED.py:164] setting mode[0m
[32m2024-01-25 15:42:15.177 DEBUG    [DC4100_LED.py:89] DC4100: Sending m 2[0m
[32m2024-01-25 15:42:15.287 DEBUG    [DC4100_LED.py:92] DC4100: Received b''[0m
[32m2024-01-25 15:42:16.291 DEBUG    [DC4100_LED.py:89] DC4100: Sending m?[0m
[32m2024-01-25 15:42:16.293 DEBUG    [DC4100_LED.py:92] DC4100: Received b'2\r\n'[0m
[36m2024-01-25 15:42:16.293 INFO     [DC4100_LED.py:215] External Control Mode[0m
[1;35m2024-01-25 15:42:16.293 CRITICAL [DC4100_LED.py:219] 1[0m
[32m2024-01-25 15:42:16.293 DEBUG    [DC4100_LED.py:89] DC4100: Sending o 0 1[0m
[32m2024-01-25 15:42:16.401 DEBUG    [DC4100_LED.py:92] DC4100: Received b''[0m
[1;35m2024-01-25 15:42:16.401 CRITICAL [DC4100_LED.py:219] 2[0m
[32m2024-01-25 15:42:16.401 DEBUG    [DC4100_LED.py:89] DC4100: Sending o 1 1[0m
[32m2024-01-25 15:42:16.511 DEBUG    [DC4100_LED.py:92] DC4100: Received b''[0m
[1;35m2024-01-25 15:42:16.511 CRITICAL [DC4100_LED.py:219] 3[0m
[32m2024-01-25 15:42:16.511 DEBUG    [DC4100_LED.py:89] DC4100: Sending o 2 1[0m
[32m2024-01-25 15:42:16.620 DEBUG    [DC4100_LED.py:92] DC4100: Received b''[0m
[1;35m2024-01-25 15:42:16.620 CRITICAL [DC4100_LED.py:219] 4[0m
[32m2024-01-25 15:42:16.620 DEBUG    [DC4100_LED.py:89] DC4100: Sending o 3 1[0m
[32m2024-01-25 15:42:16.730 DEBUG    [DC4100_LED.py:92] DC4100: Received b''[0m
[32m2024-01-25 15:42:16.730 DEBUG    [DC4100_LED.py:89] DC4100: Sending o 1 1[0m
[32m2024-01-25 15:42:16.841 DEBUG    [DC4100_LED.py:92] DC4100: Received b''[0m
[32m2024-01-25 15:42:16.841 DEBUG    [DC4100_LED.py:89] DC4100: Sending l 1 1000[0m
[32m2024-01-25 15:42:16.950 DEBUG    [DC4100_LED.py:92] DC4100: Received b''[0m
[32m2024-01-25 15:42:16.950 DEBUG    [DC4100_LED.py:89] DC4100: Sending o 2 0[0m
[32m2024-01-25 15:42:17.60 DEBUG    [DC4100_LED.py:92] DC4100: Received b''[0m
[32m2024-01-25 15:42:17.60 DEBUG    [DC4100_LED.py:89] DC4100: Sending o 3 0[0m
[32m2024-01-25 15:42:17.170 DEBUG    [DC4100_LED.py:92] DC4100: Received b''[0m
[32m2024-01-25 15:42:17.170 DEBUG    [DC4100_LED.py:89] DC4100: Sending o 0 0[0m
[32m2024-01-25 15:42:17.281 DEBUG    [DC4100_LED.py:92] DC4100: Received b''[0m
