[32m2024-01-25 16:43:35.153 DEBUG    [DC4100_LED.py:69] Serial<id=0x2a57662deb0, open=True>(port='COM5', baudrate=115200, bytesize=8, parity='N', stopbits=1, timeout=0.1, xonxoff=0, rtscts=0, dsrdtr=False)[0m
[32m2024-01-25 16:43:35.153 DEBUG    [DC4100_LED.py:89] DC4100: Sending o 0 0[0m
[32m2024-01-25 16:43:35.260 DEBUG    [DC4100_LED.py:92] DC4100: Received b''[0m
[32m2024-01-25 16:43:35.260 DEBUG    [DC4100_LED.py:89] DC4100: Sending o 1 0[0m
[32m2024-01-25 16:43:35.367 DEBUG    [DC4100_LED.py:92] DC4100: Received b''[0m
[32m2024-01-25 16:43:35.367 DEBUG    [DC4100_LED.py:89] DC4100: Sending o 2 0[0m
[32m2024-01-25 16:43:35.476 DEBUG    [DC4100_LED.py:92] DC4100: Received b''[0m
[32m2024-01-25 16:43:35.476 DEBUG    [DC4100_LED.py:89] DC4100: Sending o 3 0[0m
[32m2024-01-25 16:43:35.586 DEBUG    [DC4100_LED.py:92] DC4100: Received b''[0m
[1;35m2024-01-25 16:43:35.586 CRITICAL [DC4100_LED.py:164] setting mode[0m
[32m2024-01-25 16:43:35.586 DEBUG    [DC4100_LED.py:89] DC4100: Sending m 2[0m
[32m2024-01-25 16:43:35.697 DEBUG    [DC4100_LED.py:92] DC4100: Received b''[0m
[32m2024-01-25 16:43:36.699 DEBUG    [DC4100_LED.py:89] DC4100: Sending m?[0m
[32m2024-01-25 16:43:36.701 DEBUG    [DC4100_LED.py:92] DC4100: Received b'2\r\n'[0m
[36m2024-01-25 16:43:36.701 INFO     [DC4100_LED.py:215] External Control Mode[0m
[1;35m2024-01-25 16:43:36.701 CRITICAL [DC4100_LED.py:219] 1[0m
[32m2024-01-25 16:43:36.701 DEBUG    [DC4100_LED.py:89] DC4100: Sending o 0 1[0m
[32m2024-01-25 16:43:36.809 DEBUG    [DC4100_LED.py:92] DC4100: Received b''[0m
[1;35m2024-01-25 16:43:36.809 CRITICAL [DC4100_LED.py:219] 2[0m
[32m2024-01-25 16:43:36.809 DEBUG    [DC4100_LED.py:89] DC4100: Sending o 1 1[0m
[32m2024-01-25 16:43:36.920 DEBUG    [DC4100_LED.py:92] DC4100: Received b''[0m
[1;35m2024-01-25 16:43:36.920 CRITICAL [DC4100_LED.py:219] 3[0m
[32m2024-01-25 16:43:36.920 DEBUG    [DC4100_LED.py:89] DC4100: Sending o 2 1[0m
[32m2024-01-25 16:43:37.29 DEBUG    [DC4100_LED.py:92] DC4100: Received b''[0m
[1;35m2024-01-25 16:43:37.29 CRITICAL [DC4100_LED.py:219] 4[0m
[32m2024-01-25 16:43:37.29 DEBUG    [DC4100_LED.py:89] DC4100: Sending o 3 1[0m
[32m2024-01-25 16:43:37.137 DEBUG    [DC4100_LED.py:92] DC4100: Received b''[0m
[32m2024-01-25 16:43:37.137 DEBUG    [DC4100_LED.py:89] DC4100: Sending o 1 1[0m
[32m2024-01-25 16:43:37.247 DEBUG    [DC4100_LED.py:92] DC4100: Received b''[0m
[32m2024-01-25 16:43:37.247 DEBUG    [DC4100_LED.py:89] DC4100: Sending l 1 1000[0m
[32m2024-01-25 16:43:37.356 DEBUG    [DC4100_LED.py:92] DC4100: Received b''[0m
[32m2024-01-25 16:43:37.356 DEBUG    [DC4100_LED.py:89] DC4100: Sending o 2 0[0m
[32m2024-01-25 16:43:37.465 DEBUG    [DC4100_LED.py:92] DC4100: Received b''[0m
[32m2024-01-25 16:43:37.465 DEBUG    [DC4100_LED.py:89] DC4100: Sending o 3 0[0m
[32m2024-01-25 16:43:37.572 DEBUG    [DC4100_LED.py:92] DC4100: Received b''[0m
[32m2024-01-25 16:43:37.572 DEBUG    [DC4100_LED.py:89] DC4100: Sending o 0 0[0m
[32m2024-01-25 16:43:37.680 DEBUG    [DC4100_LED.py:92] DC4100: Received b''[0m
[32m2024-01-25 16:43:39.195 DEBUG    [AcquisitionClass.py:125] 1000[0m
[32m2024-01-25 16:43:39.195 DEBUG    [AcquisitionClass.py:126] 1.0[0m
[32m2024-01-25 16:43:39.196 DEBUG    [AcquisitionClass.py:127] 10000[0m
[32m2024-01-25 16:43:39.196 DEBUG    [AcquisitionClass.py:128] 10[0m
[32m2024-01-25 16:43:39.196 DEBUG    [AcquisitionClass.py:129] 10000[0m
[32m2024-01-25 16:43:39.196 DEBUG    [AcquisitionClass.py:130] 10000[0m
[32m2024-01-25 16:43:39.197 DEBUG    [AcquisitionClass.py:131] 10000[0m
[32m2024-01-25 16:44:04.437 DEBUG    [AcquisitionClass.py:125] 1000[0m
[32m2024-01-25 16:44:04.437 DEBUG    [AcquisitionClass.py:126] 1.0[0m
[32m2024-01-25 16:44:04.438 DEBUG    [AcquisitionClass.py:127] 10000[0m
[32m2024-01-25 16:44:04.438 DEBUG    [AcquisitionClass.py:128] 10[0m
[32m2024-01-25 16:44:04.438 DEBUG    [AcquisitionClass.py:129] 10000[0m
[32m2024-01-25 16:44:04.438 DEBUG    [AcquisitionClass.py:130] 10000[0m
[32m2024-01-25 16:44:04.439 DEBUG    [AcquisitionClass.py:131] 10000[0m
[36m2024-01-25 16:44:05.883 INFO     [AcquisitionClass.py:517] frequency: 10.000 
 amplitude 0.200 
 offset 1.000  
 acquisiton time 20.000 
 points per period 1000.000 
 number of periods 10.000[0m
[36m2024-01-25 16:44:26.85 INFO     [AcquisitionClass.py:630] Shutting down all LEDs for 1 seconds[0m
[36m2024-01-25 16:44:26.163 INFO     [AcquisitionClass.py:371] Did not start digital generator, check generator_analog_channels[0m
[36m2024-01-25 16:44:33.984 INFO     [AcquisitionClass.py:517] frequency: 10.000 
 amplitude 0.200 
 offset 1.000  
 acquisiton time 20.000 
 points per period 1000.000 
 number of periods 10.000[0m
[36m2024-01-25 16:59:05.626 INFO     [AcquisitionClass.py:630] Shutting down all LEDs for 1 seconds[0m
[36m2024-01-25 16:59:05.703 INFO     [AcquisitionClass.py:371] Did not start digital generator, check generator_analog_channels[0m
[36m2024-01-25 16:59:13.507 INFO     [AcquisitionClass.py:517] frequency: 10.000 
 amplitude 0.200 
 offset 1.000  
 acquisiton time 20.000 
 points per period 1000.000 
 number of periods 10.000[0m
[36m2024-01-25 16:59:33.684 INFO     [AcquisitionClass.py:630] Shutting down all LEDs for 1 seconds[0m
[36m2024-01-25 16:59:33.762 INFO     [AcquisitionClass.py:371] Did not start digital generator, check generator_analog_channels[0m
[36m2024-01-25 16:59:41.582 INFO     [AcquisitionClass.py:517] frequency: 10.000 
 amplitude 0.200 
 offset 1.000  
 acquisiton time 20.000 
 points per period 1000.000 
 number of periods 10.000[0m
[36m2024-01-25 17:00:01.772 INFO     [AcquisitionClass.py:630] Shutting down all LEDs for 1 seconds[0m
[36m2024-01-25 17:00:01.851 INFO     [AcquisitionClass.py:371] Did not start digital generator, check generator_analog_channels[0m
[36m2024-01-25 17:00:09.684 INFO     [AcquisitionClass.py:517] frequency: 10.000 
 amplitude 0.200 
 offset 1.000  
 acquisiton time 20.000 
 points per period 1000.000 
 number of periods 10.000[0m
[36m2024-01-25 17:00:29.867 INFO     [AcquisitionClass.py:630] Shutting down all LEDs for 1 seconds[0m
[36m2024-01-25 17:00:29.945 INFO     [AcquisitionClass.py:371] Did not start digital generator, check generator_analog_channels[0m
[36m2024-01-25 17:00:37.781 INFO     [AcquisitionClass.py:517] frequency: 10.000 
 amplitude 0.200 
 offset 1.000  
 acquisiton time 20.000 
 points per period 1000.000 
 number of periods 10.000[0m
[36m2024-01-25 17:00:57.961 INFO     [AcquisitionClass.py:630] Shutting down all LEDs for 1 seconds[0m
[36m2024-01-25 17:00:58.39 INFO     [AcquisitionClass.py:371] Did not start digital generator, check generator_analog_channels[0m
[36m2024-01-25 17:01:05.928 INFO     [AcquisitionClass.py:517] frequency: 10.000 
 amplitude 0.200 
 offset 1.000  
 acquisiton time 20.000 
 points per period 1000.000 
 number of periods 10.000[0m
[36m2024-01-25 17:01:26.104 INFO     [AcquisitionClass.py:630] Shutting down all LEDs for 1 seconds[0m
[36m2024-01-25 17:01:26.182 INFO     [AcquisitionClass.py:371] Did not start digital generator, check generator_analog_channels[0m
[36m2024-01-25 17:01:34.35 INFO     [AcquisitionClass.py:517] frequency: 10.000 
 amplitude 0.200 
 offset 1.000  
 acquisiton time 20.000 
 points per period 1000.000 
 number of periods 10.000[0m
[36m2024-01-25 17:01:54.217 INFO     [AcquisitionClass.py:630] Shutting down all LEDs for 1 seconds[0m
[36m2024-01-25 17:01:54.295 INFO     [AcquisitionClass.py:371] Did not start digital generator, check generator_analog_channels[0m
[36m2024-01-25 17:02:02.122 INFO     [AcquisitionClass.py:517] frequency: 10.000 
 amplitude 0.200 
 offset 1.000  
 acquisiton time 20.000 
 points per period 1000.000 
 number of periods 10.000[0m
[36m2024-01-25 17:02:22.311 INFO     [AcquisitionClass.py:630] Shutting down all LEDs for 1 seconds[0m
[36m2024-01-25 17:02:22.389 INFO     [AcquisitionClass.py:371] Did not start digital generator, check generator_analog_channels[0m
[36m2024-01-25 17:02:30.203 INFO     [AcquisitionClass.py:517] frequency: 10.000 
 amplitude 0.200 
 offset 1.000  
 acquisiton time 20.000 
 points per period 1000.000 
 number of periods 10.000[0m
[36m2024-01-25 17:02:50.387 INFO     [AcquisitionClass.py:630] Shutting down all LEDs for 1 seconds[0m
[36m2024-01-25 17:02:50.466 INFO     [AcquisitionClass.py:371] Did not start digital generator, check generator_analog_channels[0m
[36m2024-01-25 17:02:58.266 INFO     [AcquisitionClass.py:517] frequency: 10.000 
 amplitude 0.200 
 offset 1.000  
 acquisiton time 20.000 
 points per period 1000.000 
 number of periods 10.000[0m
[36m2024-01-25 17:03:18.451 INFO     [AcquisitionClass.py:630] Shutting down all LEDs for 1 seconds[0m
[36m2024-01-25 17:03:18.529 INFO     [AcquisitionClass.py:371] Did not start digital generator, check generator_analog_channels[0m
[36m2024-01-25 17:03:26.356 INFO     [AcquisitionClass.py:517] frequency: 10.000 
 amplitude 0.200 
 offset 1.000  
 acquisiton time 20.000 
 points per period 1000.000 
 number of periods 10.000[0m
[36m2024-01-25 17:03:46.540 INFO     [AcquisitionClass.py:630] Shutting down all LEDs for 1 seconds[0m
[36m2024-01-25 17:03:46.619 INFO     [AcquisitionClass.py:371] Did not start digital generator, check generator_analog_channels[0m
[36m2024-01-25 17:03:54.469 INFO     [AcquisitionClass.py:517] frequency: 10.000 
 amplitude 0.200 
 offset 1.000  
 acquisiton time 20.000 
 points per period 1000.000 
 number of periods 10.000[0m
[36m2024-01-25 17:04:14.654 INFO     [AcquisitionClass.py:630] Shutting down all LEDs for 1 seconds[0m
[36m2024-01-25 17:04:14.732 INFO     [AcquisitionClass.py:371] Did not start digital generator, check generator_analog_channels[0m
[36m2024-01-25 17:04:22.598 INFO     [AcquisitionClass.py:517] frequency: 10.000 
 amplitude 0.200 
 offset 1.000  
 acquisiton time 20.000 
 points per period 1000.000 
 number of periods 10.000[0m
[36m2024-01-25 17:04:42.769 INFO     [AcquisitionClass.py:630] Shutting down all LEDs for 1 seconds[0m
[36m2024-01-25 17:04:42.847 INFO     [AcquisitionClass.py:371] Did not start digital generator, check generator_analog_channels[0m
[36m2024-01-25 17:04:50.689 INFO     [AcquisitionClass.py:517] frequency: 10.000 
 amplitude 0.200 
 offset 1.000  
 acquisiton time 20.000 
 points per period 1000.000 
 number of periods 10.000[0m
[36m2024-01-25 17:05:10.878 INFO     [AcquisitionClass.py:630] Shutting down all LEDs for 1 seconds[0m
[36m2024-01-25 17:05:10.957 INFO     [AcquisitionClass.py:371] Did not start digital generator, check generator_analog_channels[0m
