[32m2024-01-29 16:47:43.806 DEBUG    [DC4100_LED.py:69] Serial<id=0x20ea62798e0, open=True>(port='COM5', baudrate=115200, bytesize=8, parity='N', stopbits=1, timeout=0.1, xonxoff=0, rtscts=0, dsrdtr=False)[0m
[32m2024-01-29 16:47:43.806 DEBUG    [DC4100_LED.py:89] DC4100: Sending o 0 0[0m
[32m2024-01-29 16:47:43.918 DEBUG    [DC4100_LED.py:92] DC4100: Received b''[0m
[32m2024-01-29 16:47:43.918 DEBUG    [DC4100_LED.py:89] DC4100: Sending o 1 0[0m
[32m2024-01-29 16:47:44.31 DEBUG    [DC4100_LED.py:92] DC4100: Received b''[0m
[32m2024-01-29 16:47:44.31 DEBUG    [DC4100_LED.py:89] DC4100: Sending o 2 0[0m
[32m2024-01-29 16:47:44.143 DEBUG    [DC4100_LED.py:92] DC4100: Received b''[0m
[32m2024-01-29 16:47:44.143 DEBUG    [DC4100_LED.py:89] DC4100: Sending o 3 0[0m
[32m2024-01-29 16:47:44.252 DEBUG    [DC4100_LED.py:92] DC4100: Received b''[0m
[1;35m2024-01-29 16:47:44.253 CRITICAL [DC4100_LED.py:164] setting mode[0m
[32m2024-01-29 16:47:44.253 DEBUG    [DC4100_LED.py:89] DC4100: Sending m 2[0m
[32m2024-01-29 16:47:44.362 DEBUG    [DC4100_LED.py:92] DC4100: Received b''[0m
[32m2024-01-29 16:47:45.369 DEBUG    [DC4100_LED.py:89] DC4100: Sending m?[0m
[32m2024-01-29 16:47:45.371 DEBUG    [DC4100_LED.py:92] DC4100: Received b'2\r\n'[0m
[36m2024-01-29 16:47:45.371 INFO     [DC4100_LED.py:215] External Control Mode[0m
[1;35m2024-01-29 16:47:45.371 CRITICAL [DC4100_LED.py:219] 1[0m
[32m2024-01-29 16:47:45.371 DEBUG    [DC4100_LED.py:89] DC4100: Sending o 0 1[0m
[32m2024-01-29 16:47:45.476 DEBUG    [DC4100_LED.py:92] DC4100: Received b''[0m
[1;35m2024-01-29 16:47:45.476 CRITICAL [DC4100_LED.py:219] 2[0m
[32m2024-01-29 16:47:45.476 DEBUG    [DC4100_LED.py:89] DC4100: Sending o 1 1[0m
[32m2024-01-29 16:47:45.584 DEBUG    [DC4100_LED.py:92] DC4100: Received b''[0m
[1;35m2024-01-29 16:47:45.584 CRITICAL [DC4100_LED.py:219] 3[0m
[32m2024-01-29 16:47:45.584 DEBUG    [DC4100_LED.py:89] DC4100: Sending o 2 1[0m
[32m2024-01-29 16:47:45.693 DEBUG    [DC4100_LED.py:92] DC4100: Received b''[0m
[1;35m2024-01-29 16:47:45.693 CRITICAL [DC4100_LED.py:219] 4[0m
[32m2024-01-29 16:47:45.693 DEBUG    [DC4100_LED.py:89] DC4100: Sending o 3 1[0m
[32m2024-01-29 16:47:45.803 DEBUG    [DC4100_LED.py:92] DC4100: Received b''[0m
[32m2024-01-29 16:47:45.803 DEBUG    [DC4100_LED.py:89] DC4100: Sending o 1 1[0m
[32m2024-01-29 16:47:45.913 DEBUG    [DC4100_LED.py:92] DC4100: Received b''[0m
[32m2024-01-29 16:47:45.913 DEBUG    [DC4100_LED.py:89] DC4100: Sending l 1 1000[0m
[32m2024-01-29 16:47:46.22 DEBUG    [DC4100_LED.py:92] DC4100: Received b''[0m
[32m2024-01-29 16:47:46.22 DEBUG    [DC4100_LED.py:89] DC4100: Sending o 2 0[0m
[32m2024-01-29 16:47:46.130 DEBUG    [DC4100_LED.py:92] DC4100: Received b''[0m
[32m2024-01-29 16:47:46.130 DEBUG    [DC4100_LED.py:89] DC4100: Sending o 3 0[0m
[32m2024-01-29 16:47:46.240 DEBUG    [DC4100_LED.py:92] DC4100: Received b''[0m
[32m2024-01-29 16:47:46.240 DEBUG    [DC4100_LED.py:89] DC4100: Sending o 0 0[0m
[32m2024-01-29 16:47:46.349 DEBUG    [DC4100_LED.py:92] DC4100: Received b''[0m
[32m2024-01-29 16:47:47.850 DEBUG    [AcquisitionClass.py:125] 1000[0m
[32m2024-01-29 16:47:47.850 DEBUG    [AcquisitionClass.py:126] 1.0[0m
[32m2024-01-29 16:47:47.851 DEBUG    [AcquisitionClass.py:127] 10000[0m
[32m2024-01-29 16:47:47.851 DEBUG    [AcquisitionClass.py:128] 10[0m
[32m2024-01-29 16:47:47.851 DEBUG    [AcquisitionClass.py:129] 10000[0m
[32m2024-01-29 16:47:47.852 DEBUG    [AcquisitionClass.py:130] 10000[0m
[32m2024-01-29 16:47:47.852 DEBUG    [AcquisitionClass.py:131] 10000[0m
[32m2024-01-29 16:48:13.37 DEBUG    [AcquisitionClass.py:125] 1000[0m
[32m2024-01-29 16:48:13.37 DEBUG    [AcquisitionClass.py:126] 1.0[0m
[32m2024-01-29 16:48:13.37 DEBUG    [AcquisitionClass.py:127] 10000[0m
[32m2024-01-29 16:48:13.37 DEBUG    [AcquisitionClass.py:128] 10[0m
[32m2024-01-29 16:48:13.38 DEBUG    [AcquisitionClass.py:129] 10000[0m
[32m2024-01-29 16:48:13.38 DEBUG    [AcquisitionClass.py:130] 10000[0m
[32m2024-01-29 16:48:13.38 DEBUG    [AcquisitionClass.py:131] 10000[0m
[36m2024-01-29 16:48:14.641 INFO     [AcquisitionClass.py:517] frequency: 10.000 
 amplitude 0.200 
 offset 1.000  
 acquisiton time 20.000 
 points per period 1000.000 
 number of periods 10.000[0m
[36m2024-01-29 16:48:34.840 INFO     [AcquisitionClass.py:630] Shutting down all LEDs for 1 seconds[0m
[36m2024-01-29 16:48:34.920 INFO     [AcquisitionClass.py:371] Did not start digital generator, check generator_analog_channels[0m
[36m2024-01-29 16:48:37.698 INFO     [AcquisitionClass.py:517] frequency: 10.000 
 amplitude 0.200 
 offset 1.000  
 acquisiton time 20.000 
 points per period 1000.000 
 number of periods 10.000[0m
[36m2024-01-29 16:48:57.907 INFO     [AcquisitionClass.py:630] Shutting down all LEDs for 1 seconds[0m
[36m2024-01-29 16:48:57.987 INFO     [AcquisitionClass.py:371] Did not start digital generator, check generator_analog_channels[0m
[36m2024-01-29 16:49:00.464 INFO     [AcquisitionClass.py:517] frequency: 10.000 
 amplitude 0.200 
 offset 1.000  
 acquisiton time 20.000 
 points per period 1000.000 
 number of periods 10.000[0m
[36m2024-01-29 16:49:20.643 INFO     [AcquisitionClass.py:630] Shutting down all LEDs for 1 seconds[0m
[36m2024-01-29 16:49:20.721 INFO     [AcquisitionClass.py:371] Did not start digital generator, check generator_analog_channels[0m
[36m2024-01-29 16:49:23.552 INFO     [AcquisitionClass.py:517] frequency: 10.000 
 amplitude 0.200 
 offset 1.000  
 acquisiton time 20.000 
 points per period 1000.000 
 number of periods 10.000[0m
[36m2024-01-29 16:49:43.732 INFO     [AcquisitionClass.py:630] Shutting down all LEDs for 1 seconds[0m
[36m2024-01-29 16:49:43.811 INFO     [AcquisitionClass.py:371] Did not start digital generator, check generator_analog_channels[0m
[36m2024-01-29 16:49:46.253 INFO     [AcquisitionClass.py:517] frequency: 10.000 
 amplitude 0.200 
 offset 1.000  
 acquisiton time 20.000 
 points per period 1000.000 
 number of periods 10.000[0m
[36m2024-01-29 16:50:06.428 INFO     [AcquisitionClass.py:630] Shutting down all LEDs for 1 seconds[0m
[36m2024-01-29 16:50:06.504 INFO     [AcquisitionClass.py:371] Did not start digital generator, check generator_analog_channels[0m
[36m2024-01-29 16:50:09.348 INFO     [AcquisitionClass.py:517] frequency: 10.000 
 amplitude 0.200 
 offset 1.000  
 acquisiton time 20.000 
 points per period 1000.000 
 number of periods 10.000[0m
[36m2024-01-29 16:50:29.528 INFO     [AcquisitionClass.py:630] Shutting down all LEDs for 1 seconds[0m
[36m2024-01-29 16:50:29.607 INFO     [AcquisitionClass.py:371] Did not start digital generator, check generator_analog_channels[0m
[36m2024-01-29 16:50:32.42 INFO     [AcquisitionClass.py:517] frequency: 10.000 
 amplitude 0.200 
 offset 1.000  
 acquisiton time 20.000 
 points per period 1000.000 
 number of periods 10.000[0m
[36m2024-01-29 16:50:52.229 INFO     [AcquisitionClass.py:630] Shutting down all LEDs for 1 seconds[0m
[36m2024-01-29 16:50:52.308 INFO     [AcquisitionClass.py:371] Did not start digital generator, check generator_analog_channels[0m
[36m2024-01-29 16:50:55.164 INFO     [AcquisitionClass.py:517] frequency: 10.000 
 amplitude 0.200 
 offset 1.000  
 acquisiton time 20.000 
 points per period 1000.000 
 number of periods 10.000[0m
[36m2024-01-29 16:51:15.342 INFO     [AcquisitionClass.py:630] Shutting down all LEDs for 1 seconds[0m
[36m2024-01-29 16:51:15.422 INFO     [AcquisitionClass.py:371] Did not start digital generator, check generator_analog_channels[0m
[36m2024-01-29 16:51:17.863 INFO     [AcquisitionClass.py:517] frequency: 10.000 
 amplitude 0.200 
 offset 1.000  
 acquisiton time 20.000 
 points per period 1000.000 
 number of periods 10.000[0m
[36m2024-01-29 16:51:38.48 INFO     [AcquisitionClass.py:630] Shutting down all LEDs for 1 seconds[0m
[36m2024-01-29 16:51:38.127 INFO     [AcquisitionClass.py:371] Did not start digital generator, check generator_analog_channels[0m
[36m2024-01-29 16:51:40.968 INFO     [AcquisitionClass.py:517] frequency: 10.000 
 amplitude 0.200 
 offset 1.000  
 acquisiton time 20.000 
 points per period 1000.000 
 number of periods 10.000[0m
[36m2024-01-29 16:52:01.147 INFO     [AcquisitionClass.py:630] Shutting down all LEDs for 1 seconds[0m
[36m2024-01-29 16:52:01.224 INFO     [AcquisitionClass.py:371] Did not start digital generator, check generator_analog_channels[0m
[36m2024-01-29 16:52:03.677 INFO     [AcquisitionClass.py:517] frequency: 10.000 
 amplitude 0.200 
 offset 1.000  
 acquisiton time 20.000 
 points per period 1000.000 
 number of periods 10.000[0m
[36m2024-01-29 16:52:23.861 INFO     [AcquisitionClass.py:630] Shutting down all LEDs for 1 seconds[0m
[36m2024-01-29 16:52:23.939 INFO     [AcquisitionClass.py:371] Did not start digital generator, check generator_analog_channels[0m
[36m2024-01-29 16:52:26.765 INFO     [AcquisitionClass.py:517] frequency: 10.000 
 amplitude 0.200 
 offset 1.000  
 acquisiton time 20.000 
 points per period 1000.000 
 number of periods 10.000[0m
[36m2024-01-29 16:52:46.947 INFO     [AcquisitionClass.py:630] Shutting down all LEDs for 1 seconds[0m
[36m2024-01-29 16:52:47.26 INFO     [AcquisitionClass.py:371] Did not start digital generator, check generator_analog_channels[0m
[36m2024-01-29 16:52:49.468 INFO     [AcquisitionClass.py:517] frequency: 10.000 
 amplitude 0.200 
 offset 1.000  
 acquisiton time 20.000 
 points per period 1000.000 
 number of periods 10.000[0m
[36m2024-01-29 16:53:09.657 INFO     [AcquisitionClass.py:630] Shutting down all LEDs for 1 seconds[0m
[36m2024-01-29 16:53:09.733 INFO     [AcquisitionClass.py:371] Did not start digital generator, check generator_analog_channels[0m
[36m2024-01-29 16:53:12.529 INFO     [AcquisitionClass.py:517] frequency: 10.000 
 amplitude 0.200 
 offset 1.000  
 acquisiton time 20.000 
 points per period 1000.000 
 number of periods 10.000[0m
[36m2024-01-29 16:53:32.708 INFO     [AcquisitionClass.py:630] Shutting down all LEDs for 1 seconds[0m
[36m2024-01-29 16:53:32.787 INFO     [AcquisitionClass.py:371] Did not start digital generator, check generator_analog_channels[0m
[36m2024-01-29 16:53:35.258 INFO     [AcquisitionClass.py:517] frequency: 10.000 
 amplitude 0.200 
 offset 1.000  
 acquisiton time 20.000 
 points per period 1000.000 
 number of periods 10.000[0m
[36m2024-01-29 16:53:55.427 INFO     [AcquisitionClass.py:630] Shutting down all LEDs for 1 seconds[0m
[36m2024-01-29 16:53:55.505 INFO     [AcquisitionClass.py:371] Did not start digital generator, check generator_analog_channels[0m
[36m2024-01-29 16:53:58.336 INFO     [AcquisitionClass.py:517] frequency: 10.000 
 amplitude 0.200 
 offset 1.000  
 acquisiton time 20.000 
 points per period 1000.000 
 number of periods 10.000[0m
[36m2024-01-29 16:54:18.520 INFO     [AcquisitionClass.py:630] Shutting down all LEDs for 1 seconds[0m
[36m2024-01-29 16:54:18.599 INFO     [AcquisitionClass.py:371] Did not start digital generator, check generator_analog_channels[0m
[36m2024-01-29 16:54:21.56 INFO     [AcquisitionClass.py:517] frequency: 10.000 
 amplitude 0.200 
 offset 1.000  
 acquisiton time 20.000 
 points per period 1000.000 
 number of periods 10.000[0m
[36m2024-01-29 16:54:41.239 INFO     [AcquisitionClass.py:630] Shutting down all LEDs for 1 seconds[0m
[36m2024-01-29 16:54:41.318 INFO     [AcquisitionClass.py:371] Did not start digital generator, check generator_analog_channels[0m
[36m2024-01-29 16:54:44.132 INFO     [AcquisitionClass.py:517] frequency: 10.000 
 amplitude 0.200 
 offset 1.000  
 acquisiton time 20.000 
 points per period 1000.000 
 number of periods 10.000[0m
[36m2024-01-29 16:55:04.318 INFO     [AcquisitionClass.py:630] Shutting down all LEDs for 1 seconds[0m
[36m2024-01-29 16:55:04.397 INFO     [AcquisitionClass.py:371] Did not start digital generator, check generator_analog_channels[0m
[36m2024-01-29 16:55:06.854 INFO     [AcquisitionClass.py:517] frequency: 10.000 
 amplitude 0.200 
 offset 1.000  
 acquisiton time 20.000 
 points per period 1000.000 
 number of periods 10.000[0m
[36m2024-01-29 16:55:27.43 INFO     [AcquisitionClass.py:630] Shutting down all LEDs for 1 seconds[0m
[36m2024-01-29 16:55:27.121 INFO     [AcquisitionClass.py:371] Did not start digital generator, check generator_analog_channels[0m
[36m2024-01-29 16:55:29.937 INFO     [AcquisitionClass.py:517] frequency: 10.000 
 amplitude 0.200 
 offset 1.000  
 acquisiton time 20.000 
 points per period 1000.000 
 number of periods 10.000[0m
[36m2024-01-29 16:55:50.124 INFO     [AcquisitionClass.py:630] Shutting down all LEDs for 1 seconds[0m
[36m2024-01-29 16:55:50.202 INFO     [AcquisitionClass.py:371] Did not start digital generator, check generator_analog_channels[0m
[36m2024-01-29 16:55:52.635 INFO     [AcquisitionClass.py:517] frequency: 10.000 
 amplitude 0.200 
 offset 1.000  
 acquisiton time 20.000 
 points per period 1000.000 
 number of periods 10.000[0m
[36m2024-01-29 16:56:12.819 INFO     [AcquisitionClass.py:630] Shutting down all LEDs for 1 seconds[0m
[36m2024-01-29 16:56:12.898 INFO     [AcquisitionClass.py:371] Did not start digital generator, check generator_analog_channels[0m
[36m2024-01-29 16:56:15.833 INFO     [AcquisitionClass.py:517] frequency: 10.000 
 amplitude 0.200 
 offset 1.000  
 acquisiton time 20.000 
 points per period 1000.000 
 number of periods 10.000[0m
[36m2024-01-29 16:56:36.114 INFO     [AcquisitionClass.py:630] Shutting down all LEDs for 1 seconds[0m
[36m2024-01-29 16:56:36.192 INFO     [AcquisitionClass.py:371] Did not start digital generator, check generator_analog_channels[0m
[36m2024-01-29 16:56:38.657 INFO     [AcquisitionClass.py:517] frequency: 10.000 
 amplitude 0.200 
 offset 1.000  
 acquisiton time 20.000 
 points per period 1000.000 
 number of periods 10.000[0m
[36m2024-01-29 16:56:58.841 INFO     [AcquisitionClass.py:630] Shutting down all LEDs for 1 seconds[0m
[36m2024-01-29 16:56:58.918 INFO     [AcquisitionClass.py:371] Did not start digital generator, check generator_analog_channels[0m
[36m2024-01-29 16:57:01.752 INFO     [AcquisitionClass.py:517] frequency: 10.000 
 amplitude 0.200 
 offset 1.000  
 acquisiton time 20.000 
 points per period 1000.000 
 number of periods 10.000[0m
[36m2024-01-29 16:57:21.938 INFO     [AcquisitionClass.py:630] Shutting down all LEDs for 1 seconds[0m
[36m2024-01-29 16:57:22.16 INFO     [AcquisitionClass.py:371] Did not start digital generator, check generator_analog_channels[0m
[36m2024-01-29 16:57:24.471 INFO     [AcquisitionClass.py:517] frequency: 10.000 
 amplitude 0.200 
 offset 1.000  
 acquisiton time 20.000 
 points per period 1000.000 
 number of periods 10.000[0m
[36m2024-01-29 16:57:44.651 INFO     [AcquisitionClass.py:630] Shutting down all LEDs for 1 seconds[0m
[36m2024-01-29 16:57:44.728 INFO     [AcquisitionClass.py:371] Did not start digital generator, check generator_analog_channels[0m
[36m2024-01-29 16:57:47.542 INFO     [AcquisitionClass.py:517] frequency: 10.000 
 amplitude 0.200 
 offset 1.000  
 acquisiton time 20.000 
 points per period 1000.000 
 number of periods 10.000[0m
[36m2024-01-29 16:58:07.749 INFO     [AcquisitionClass.py:630] Shutting down all LEDs for 1 seconds[0m
[36m2024-01-29 16:58:07.830 INFO     [AcquisitionClass.py:371] Did not start digital generator, check generator_analog_channels[0m
[36m2024-01-29 16:58:10.291 INFO     [AcquisitionClass.py:517] frequency: 10.000 
 amplitude 0.200 
 offset 1.000  
 acquisiton time 20.000 
 points per period 1000.000 
 number of periods 10.000[0m
[36m2024-01-29 16:58:30.473 INFO     [AcquisitionClass.py:630] Shutting down all LEDs for 1 seconds[0m
[36m2024-01-29 16:58:30.553 INFO     [AcquisitionClass.py:371] Did not start digital generator, check generator_analog_channels[0m
[36m2024-01-29 16:58:33.446 INFO     [AcquisitionClass.py:517] frequency: 10.000 
 amplitude 0.200 
 offset 1.000  
 acquisiton time 20.000 
 points per period 1000.000 
 number of periods 10.000[0m
[36m2024-01-29 16:58:53.620 INFO     [AcquisitionClass.py:630] Shutting down all LEDs for 1 seconds[0m
[36m2024-01-29 16:58:53.698 INFO     [AcquisitionClass.py:371] Did not start digital generator, check generator_analog_channels[0m
[36m2024-01-29 16:58:56.136 INFO     [AcquisitionClass.py:517] frequency: 10.000 
 amplitude 0.200 
 offset 1.000  
 acquisiton time 20.000 
 points per period 1000.000 
 number of periods 10.000[0m
[36m2024-01-29 16:59:16.318 INFO     [AcquisitionClass.py:630] Shutting down all LEDs for 1 seconds[0m
[36m2024-01-29 16:59:16.396 INFO     [AcquisitionClass.py:371] Did not start digital generator, check generator_analog_channels[0m
[36m2024-01-29 16:59:19.295 INFO     [AcquisitionClass.py:517] frequency: 10.000 
 amplitude 0.200 
 offset 1.000  
 acquisiton time 20.000 
 points per period 1000.000 
 number of periods 10.000[0m
[36m2024-01-29 16:59:39.486 INFO     [AcquisitionClass.py:630] Shutting down all LEDs for 1 seconds[0m
[36m2024-01-29 16:59:39.564 INFO     [AcquisitionClass.py:371] Did not start digital generator, check generator_analog_channels[0m
