[32m2024-01-26 17:17:50.502 DEBUG    [DC4100_LED.py:69] Serial<id=0x1a4f6f755b0, open=True>(port='COM5', baudrate=115200, bytesize=8, parity='N', stopbits=1, timeout=0.1, xonxoff=0, rtscts=0, dsrdtr=False)[0m
[32m2024-01-26 17:17:50.502 DEBUG    [DC4100_LED.py:89] DC4100: Sending o 0 0[0m
[32m2024-01-26 17:17:50.609 DEBUG    [DC4100_LED.py:92] DC4100: Received b''[0m
[32m2024-01-26 17:17:50.609 DEBUG    [DC4100_LED.py:89] DC4100: Sending o 1 0[0m
[32m2024-01-26 17:17:50.717 DEBUG    [DC4100_LED.py:92] DC4100: Received b''[0m
[32m2024-01-26 17:17:50.717 DEBUG    [DC4100_LED.py:89] DC4100: Sending o 2 0[0m
[32m2024-01-26 17:17:50.828 DEBUG    [DC4100_LED.py:92] DC4100: Received b''[0m
[32m2024-01-26 17:17:50.828 DEBUG    [DC4100_LED.py:89] DC4100: Sending o 3 0[0m
[32m2024-01-26 17:17:50.937 DEBUG    [DC4100_LED.py:92] DC4100: Received b''[0m
[1;35m2024-01-26 17:17:50.937 CRITICAL [DC4100_LED.py:164] setting mode[0m
[32m2024-01-26 17:17:50.937 DEBUG    [DC4100_LED.py:89] DC4100: Sending m 2[0m
[32m2024-01-26 17:17:51.47 DEBUG    [DC4100_LED.py:92] DC4100: Received b''[0m
[32m2024-01-26 17:17:52.60 DEBUG    [DC4100_LED.py:89] DC4100: Sending m?[0m
[32m2024-01-26 17:17:52.62 DEBUG    [DC4100_LED.py:92] DC4100: Received b'2\r\n'[0m
[36m2024-01-26 17:17:52.62 INFO     [DC4100_LED.py:215] External Control Mode[0m
[1;35m2024-01-26 17:17:52.62 CRITICAL [DC4100_LED.py:219] 1[0m
[32m2024-01-26 17:17:52.62 DEBUG    [DC4100_LED.py:89] DC4100: Sending o 0 1[0m
[32m2024-01-26 17:17:52.167 DEBUG    [DC4100_LED.py:92] DC4100: Received b''[0m
[1;35m2024-01-26 17:17:52.167 CRITICAL [DC4100_LED.py:219] 2[0m
[32m2024-01-26 17:17:52.167 DEBUG    [DC4100_LED.py:89] DC4100: Sending o 1 1[0m
[32m2024-01-26 17:17:52.276 DEBUG    [DC4100_LED.py:92] DC4100: Received b''[0m
[1;35m2024-01-26 17:17:52.276 CRITICAL [DC4100_LED.py:219] 3[0m
[32m2024-01-26 17:17:52.276 DEBUG    [DC4100_LED.py:89] DC4100: Sending o 2 1[0m
[32m2024-01-26 17:17:52.386 DEBUG    [DC4100_LED.py:92] DC4100: Received b''[0m
[1;35m2024-01-26 17:17:52.386 CRITICAL [DC4100_LED.py:219] 4[0m
[32m2024-01-26 17:17:52.386 DEBUG    [DC4100_LED.py:89] DC4100: Sending o 3 1[0m
[32m2024-01-26 17:17:52.495 DEBUG    [DC4100_LED.py:92] DC4100: Received b''[0m
[32m2024-01-26 17:17:52.495 DEBUG    [DC4100_LED.py:89] DC4100: Sending o 1 1[0m
[32m2024-01-26 17:17:52.605 DEBUG    [DC4100_LED.py:92] DC4100: Received b''[0m
[32m2024-01-26 17:17:52.605 DEBUG    [DC4100_LED.py:89] DC4100: Sending l 1 400[0m
[32m2024-01-26 17:17:52.715 DEBUG    [DC4100_LED.py:92] DC4100: Received b''[0m
[32m2024-01-26 17:17:52.715 DEBUG    [DC4100_LED.py:89] DC4100: Sending o 2 1[0m
[32m2024-01-26 17:17:52.825 DEBUG    [DC4100_LED.py:92] DC4100: Received b''[0m
[32m2024-01-26 17:17:52.825 DEBUG    [DC4100_LED.py:89] DC4100: Sending l 2 150[0m
[32m2024-01-26 17:17:52.933 DEBUG    [DC4100_LED.py:92] DC4100: Received b''[0m
[32m2024-01-26 17:17:52.933 DEBUG    [DC4100_LED.py:89] DC4100: Sending o 3 1[0m
[32m2024-01-26 17:17:53.43 DEBUG    [DC4100_LED.py:92] DC4100: Received b''[0m
[32m2024-01-26 17:17:53.43 DEBUG    [DC4100_LED.py:89] DC4100: Sending l 3 250[0m
[32m2024-01-26 17:17:53.152 DEBUG    [DC4100_LED.py:92] DC4100: Received b''[0m
[32m2024-01-26 17:17:53.152 DEBUG    [DC4100_LED.py:89] DC4100: Sending o 0 0[0m
[32m2024-01-26 17:17:53.260 DEBUG    [DC4100_LED.py:92] DC4100: Received b''[0m
[32m2024-01-26 17:17:54.533 DEBUG    [AcquisitionClass.py:125] 1000[0m
[32m2024-01-26 17:17:54.533 DEBUG    [AcquisitionClass.py:126] 1.0[0m
[32m2024-01-26 17:17:54.534 DEBUG    [AcquisitionClass.py:127] 10000[0m
[32m2024-01-26 17:17:54.534 DEBUG    [AcquisitionClass.py:128] 10[0m
[32m2024-01-26 17:17:54.534 DEBUG    [AcquisitionClass.py:129] 10000[0m
[32m2024-01-26 17:17:54.535 DEBUG    [AcquisitionClass.py:130] 10000[0m
[32m2024-01-26 17:17:54.535 DEBUG    [AcquisitionClass.py:131] 10000[0m
[36m2024-01-26 17:18:15.78 INFO     [AcquisitionClass.py:517] frequency: 10.000 
 amplitude 0.200 
 offset 1.000  
 acquisiton time 12.000 
 points per period 30.000 
 number of periods 10.000[0m
[1;31m2024-01-26 17:18:28.339 ERROR    [AcquisitionClass.py:530] Voltage saturation of the MPPC fluorescence reader[0m
[36m2024-01-26 17:21:20.427 INFO     [AcquisitionClass.py:630] Shutting down all LEDs for 1 seconds[0m
[36m2024-01-26 17:21:20.427 INFO     [AcquisitionClass.py:366] Did not start analog generator, check generator_analog_channels[0m
[36m2024-01-26 17:21:20.427 INFO     [AcquisitionClass.py:371] Did not start digital generator, check generator_analog_channels[0m
