[32m2024-01-25 15:37:57.190 DEBUG    [AcquisitionClass.py:125] 1000[0m
[32m2024-01-25 15:37:57.190 DEBUG    [AcquisitionClass.py:126] 1.0[0m
[32m2024-01-25 15:37:57.190 DEBUG    [AcquisitionClass.py:127] 10000[0m
[32m2024-01-25 15:37:57.190 DEBUG    [AcquisitionClass.py:128] 10[0m
[32m2024-01-25 15:37:57.190 DEBUG    [AcquisitionClass.py:129] 10000[0m
[32m2024-01-25 15:37:57.190 DEBUG    [AcquisitionClass.py:130] 10000[0m
[32m2024-01-25 15:37:57.190 DEBUG    [AcquisitionClass.py:131] 10000[0m
[32m2024-01-25 15:37:57.226 DEBUG    [DC4100_LED.py:69] Serial<id=0x2b8d26e5ee0, open=True>(port='COM5', baudrate=115200, bytesize=8, parity='N', stopbits=1, timeout=0.1, xonxoff=0, rtscts=0, dsrdtr=False)[0m
[32m2024-01-25 15:37:57.226 DEBUG    [DC4100_LED.py:89] DC4100: Sending o 0 0[0m
[32m2024-01-25 15:37:57.232 DEBUG    [DC4100_LED.py:92] DC4100: Received b'ERROR 10:Communication error.\r\n'[0m
[32m2024-01-25 15:37:57.232 DEBUG    [DC4100_LED.py:89] DC4100: Sending o 1 0[0m
[32m2024-01-25 15:37:57.336 DEBUG    [DC4100_LED.py:92] DC4100: Received b''[0m
[32m2024-01-25 15:37:57.336 DEBUG    [DC4100_LED.py:89] DC4100: Sending o 2 0[0m
[32m2024-01-25 15:37:57.445 DEBUG    [DC4100_LED.py:92] DC4100: Received b''[0m
[32m2024-01-25 15:37:57.445 DEBUG    [DC4100_LED.py:89] DC4100: Sending o 3 0[0m
[32m2024-01-25 15:37:57.555 DEBUG    [DC4100_LED.py:92] DC4100: Received b''[0m
[1;35m2024-01-25 15:37:57.555 CRITICAL [DC4100_LED.py:164] setting mode[0m
[32m2024-01-25 15:37:57.555 DEBUG    [DC4100_LED.py:89] DC4100: Sending m 2[0m
[32m2024-01-25 15:37:57.663 DEBUG    [DC4100_LED.py:92] DC4100: Received b''[0m
[32m2024-01-25 15:37:58.668 DEBUG    [DC4100_LED.py:89] DC4100: Sending m?[0m
[32m2024-01-25 15:37:58.670 DEBUG    [DC4100_LED.py:92] DC4100: Received b'2\r\n'[0m
[36m2024-01-25 15:37:58.670 INFO     [DC4100_LED.py:215] External Control Mode[0m
[1;35m2024-01-25 15:37:58.670 CRITICAL [DC4100_LED.py:219] 1[0m
[32m2024-01-25 15:37:58.670 DEBUG    [DC4100_LED.py:89] DC4100: Sending o 0 1[0m
[32m2024-01-25 15:37:58.777 DEBUG    [DC4100_LED.py:92] DC4100: Received b''[0m
[1;35m2024-01-25 15:37:58.777 CRITICAL [DC4100_LED.py:219] 2[0m
[32m2024-01-25 15:37:58.778 DEBUG    [DC4100_LED.py:89] DC4100: Sending o 1 1[0m
[32m2024-01-25 15:37:58.887 DEBUG    [DC4100_LED.py:92] DC4100: Received b''[0m
[1;35m2024-01-25 15:37:58.887 CRITICAL [DC4100_LED.py:219] 3[0m
[32m2024-01-25 15:37:58.888 DEBUG    [DC4100_LED.py:89] DC4100: Sending o 2 1[0m
[32m2024-01-25 15:37:58.997 DEBUG    [DC4100_LED.py:92] DC4100: Received b''[0m
[1;35m2024-01-25 15:37:58.997 CRITICAL [DC4100_LED.py:219] 4[0m
[32m2024-01-25 15:37:58.997 DEBUG    [DC4100_LED.py:89] DC4100: Sending o 3 1[0m
[32m2024-01-25 15:37:59.105 DEBUG    [DC4100_LED.py:92] DC4100: Received b''[0m
[32m2024-01-25 15:37:59.105 DEBUG    [DC4100_LED.py:89] DC4100: Sending o 1 1[0m
[32m2024-01-25 15:37:59.213 DEBUG    [DC4100_LED.py:92] DC4100: Received b''[0m
[32m2024-01-25 15:37:59.213 DEBUG    [DC4100_LED.py:89] DC4100: Sending l 1 1000[0m
[32m2024-01-25 15:37:59.322 DEBUG    [DC4100_LED.py:92] DC4100: Received b''[0m
[32m2024-01-25 15:37:59.322 DEBUG    [DC4100_LED.py:89] DC4100: Sending o 2 0[0m
[32m2024-01-25 15:37:59.432 DEBUG    [DC4100_LED.py:92] DC4100: Received b''[0m
[32m2024-01-25 15:37:59.432 DEBUG    [DC4100_LED.py:89] DC4100: Sending o 3 0[0m
[32m2024-01-25 15:37:59.542 DEBUG    [DC4100_LED.py:92] DC4100: Received b''[0m
[32m2024-01-25 15:37:59.542 DEBUG    [DC4100_LED.py:89] DC4100: Sending o 0 0[0m
[32m2024-01-25 15:37:59.652 DEBUG    [DC4100_LED.py:92] DC4100: Received b''[0m
