[32m2024-01-25 16:04:02.733 DEBUG    [DC4100_LED.py:69] Serial<id=0x212a91deeb0, open=True>(port='COM5', baudrate=115200, bytesize=8, parity='N', stopbits=1, timeout=0.1, xonxoff=0, rtscts=0, dsrdtr=False)[0m
[32m2024-01-25 16:04:02.733 DEBUG    [DC4100_LED.py:89] DC4100: Sending o 0 0[0m
[32m2024-01-25 16:04:02.847 DEBUG    [DC4100_LED.py:92] DC4100: Received b''[0m
[32m2024-01-25 16:04:02.847 DEBUG    [DC4100_LED.py:89] DC4100: Sending o 1 0[0m
[32m2024-01-25 16:04:02.957 DEBUG    [DC4100_LED.py:92] DC4100: Received b''[0m
[32m2024-01-25 16:04:02.957 DEBUG    [DC4100_LED.py:89] DC4100: Sending o 2 0[0m
[32m2024-01-25 16:04:03.67 DEBUG    [DC4100_LED.py:92] DC4100: Received b''[0m
[32m2024-01-25 16:04:03.67 DEBUG    [DC4100_LED.py:89] DC4100: Sending o 3 0[0m
[32m2024-01-25 16:04:03.176 DEBUG    [DC4100_LED.py:92] DC4100: Received b''[0m
[1;35m2024-01-25 16:04:03.176 CRITICAL [DC4100_LED.py:164] setting mode[0m
[32m2024-01-25 16:04:03.177 DEBUG    [DC4100_LED.py:89] DC4100: Sending m 2[0m
[32m2024-01-25 16:04:03.285 DEBUG    [DC4100_LED.py:92] DC4100: Received b''[0m
[32m2024-01-25 16:04:04.300 DEBUG    [DC4100_LED.py:89] DC4100: Sending m?[0m
[32m2024-01-25 16:04:04.302 DEBUG    [DC4100_LED.py:92] DC4100: Received b'2\r\n'[0m
[36m2024-01-25 16:04:04.302 INFO     [DC4100_LED.py:215] External Control Mode[0m
[1;35m2024-01-25 16:04:04.302 CRITICAL [DC4100_LED.py:219] 1[0m
[32m2024-01-25 16:04:04.302 DEBUG    [DC4100_LED.py:89] DC4100: Sending o 0 1[0m
[32m2024-01-25 16:04:04.409 DEBUG    [DC4100_LED.py:92] DC4100: Received b''[0m
[1;35m2024-01-25 16:04:04.409 CRITICAL [DC4100_LED.py:219] 2[0m
[32m2024-01-25 16:04:04.409 DEBUG    [DC4100_LED.py:89] DC4100: Sending o 1 1[0m
[32m2024-01-25 16:04:04.518 DEBUG    [DC4100_LED.py:92] DC4100: Received b''[0m
[1;35m2024-01-25 16:04:04.518 CRITICAL [DC4100_LED.py:219] 3[0m
[32m2024-01-25 16:04:04.518 DEBUG    [DC4100_LED.py:89] DC4100: Sending o 2 1[0m
[32m2024-01-25 16:04:04.619 DEBUG    [DC4100_LED.py:92] DC4100: Received b''[0m
[1;35m2024-01-25 16:04:04.619 CRITICAL [DC4100_LED.py:219] 4[0m
[32m2024-01-25 16:04:04.619 DEBUG    [DC4100_LED.py:89] DC4100: Sending o 3 1[0m
[32m2024-01-25 16:04:04.725 DEBUG    [DC4100_LED.py:92] DC4100: Received b''[0m
[32m2024-01-25 16:04:04.725 DEBUG    [DC4100_LED.py:89] DC4100: Sending o 1 1[0m
[32m2024-01-25 16:04:04.835 DEBUG    [DC4100_LED.py:92] DC4100: Received b''[0m
[32m2024-01-25 16:04:04.835 DEBUG    [DC4100_LED.py:89] DC4100: Sending l 1 1000[0m
[32m2024-01-25 16:04:04.945 DEBUG    [DC4100_LED.py:92] DC4100: Received b''[0m
[32m2024-01-25 16:04:04.945 DEBUG    [DC4100_LED.py:89] DC4100: Sending o 2 0[0m
[32m2024-01-25 16:04:05.55 DEBUG    [DC4100_LED.py:92] DC4100: Received b''[0m
[32m2024-01-25 16:04:05.55 DEBUG    [DC4100_LED.py:89] DC4100: Sending o 3 0[0m
[32m2024-01-25 16:04:05.166 DEBUG    [DC4100_LED.py:92] DC4100: Received b''[0m
[32m2024-01-25 16:04:05.166 DEBUG    [DC4100_LED.py:89] DC4100: Sending o 0 0[0m
[32m2024-01-25 16:04:05.276 DEBUG    [DC4100_LED.py:92] DC4100: Received b''[0m
[32m2024-01-25 16:04:06.775 DEBUG    [AcquisitionClass.py:125] 1000[0m
[32m2024-01-25 16:04:06.775 DEBUG    [AcquisitionClass.py:126] 1.0[0m
[32m2024-01-25 16:04:06.776 DEBUG    [AcquisitionClass.py:127] 10000[0m
[32m2024-01-25 16:04:06.776 DEBUG    [AcquisitionClass.py:128] 10[0m
[32m2024-01-25 16:04:06.777 DEBUG    [AcquisitionClass.py:129] 10000[0m
[32m2024-01-25 16:04:06.777 DEBUG    [AcquisitionClass.py:130] 10000[0m
[32m2024-01-25 16:04:06.777 DEBUG    [AcquisitionClass.py:131] 10000[0m
[32m2024-01-25 16:04:31.955 DEBUG    [AcquisitionClass.py:125] 1000[0m
[32m2024-01-25 16:04:31.955 DEBUG    [AcquisitionClass.py:126] 1.0[0m
[32m2024-01-25 16:04:31.955 DEBUG    [AcquisitionClass.py:127] 10000[0m
[32m2024-01-25 16:04:31.956 DEBUG    [AcquisitionClass.py:128] 10[0m
[32m2024-01-25 16:04:31.956 DEBUG    [AcquisitionClass.py:129] 10000[0m
[32m2024-01-25 16:04:31.956 DEBUG    [AcquisitionClass.py:130] 10000[0m
[32m2024-01-25 16:04:31.956 DEBUG    [AcquisitionClass.py:131] 10000[0m
[36m2024-01-25 16:04:33.565 INFO     [AcquisitionClass.py:517] frequency: 10.000 
 amplitude 0.200 
 offset 1.000  
 acquisiton time 20.000 
 points per period 1000.000 
 number of periods 10.000[0m
[36m2024-01-25 16:04:53.745 INFO     [AcquisitionClass.py:630] Shutting down all LEDs for 1 seconds[0m
[36m2024-01-25 16:04:53.823 INFO     [AcquisitionClass.py:371] Did not start digital generator, check generator_analog_channels[0m
[36m2024-01-25 16:05:06.676 INFO     [AcquisitionClass.py:517] frequency: 10.000 
 amplitude 0.200 
 offset 1.000  
 acquisiton time 20.000 
 points per period 1000.000 
 number of periods 10.000[0m
