[32m2024-01-25 17:27:01.569 DEBUG    [DC4100_LED.py:69] Serial<id=0x285adb05eb0, open=True>(port='COM5', baudrate=115200, bytesize=8, parity='N', stopbits=1, timeout=0.1, xonxoff=0, rtscts=0, dsrdtr=False)[0m
[32m2024-01-25 17:27:01.569 DEBUG    [DC4100_LED.py:89] DC4100: Sending o 0 0[0m
[32m2024-01-25 17:27:01.676 DEBUG    [DC4100_LED.py:92] DC4100: Received b''[0m
[32m2024-01-25 17:27:01.676 DEBUG    [DC4100_LED.py:89] DC4100: Sending o 1 0[0m
[32m2024-01-25 17:27:01.785 DEBUG    [DC4100_LED.py:92] DC4100: Received b''[0m
[32m2024-01-25 17:27:01.785 DEBUG    [DC4100_LED.py:89] DC4100: Sending o 2 0[0m
[32m2024-01-25 17:27:01.894 DEBUG    [DC4100_LED.py:92] DC4100: Received b''[0m
[32m2024-01-25 17:27:01.894 DEBUG    [DC4100_LED.py:89] DC4100: Sending o 3 0[0m
[32m2024-01-25 17:27:02.4 DEBUG    [DC4100_LED.py:92] DC4100: Received b''[0m
[1;35m2024-01-25 17:27:02.4 CRITICAL [DC4100_LED.py:164] setting mode[0m
[32m2024-01-25 17:27:02.4 DEBUG    [DC4100_LED.py:89] DC4100: Sending m 2[0m
[32m2024-01-25 17:27:02.113 DEBUG    [DC4100_LED.py:92] DC4100: Received b''[0m
[32m2024-01-25 17:27:03.128 DEBUG    [DC4100_LED.py:89] DC4100: Sending m?[0m
[32m2024-01-25 17:27:03.129 DEBUG    [DC4100_LED.py:92] DC4100: Received b'2\r\n'[0m
[36m2024-01-25 17:27:03.129 INFO     [DC4100_LED.py:215] External Control Mode[0m
[1;35m2024-01-25 17:27:03.129 CRITICAL [DC4100_LED.py:219] 1[0m
[32m2024-01-25 17:27:03.129 DEBUG    [DC4100_LED.py:89] DC4100: Sending o 0 1[0m
[32m2024-01-25 17:27:03.237 DEBUG    [DC4100_LED.py:92] DC4100: Received b''[0m
[1;35m2024-01-25 17:27:03.237 CRITICAL [DC4100_LED.py:219] 2[0m
[32m2024-01-25 17:27:03.237 DEBUG    [DC4100_LED.py:89] DC4100: Sending o 1 1[0m
[32m2024-01-25 17:27:03.346 DEBUG    [DC4100_LED.py:92] DC4100: Received b''[0m
[1;35m2024-01-25 17:27:03.346 CRITICAL [DC4100_LED.py:219] 3[0m
[32m2024-01-25 17:27:03.346 DEBUG    [DC4100_LED.py:89] DC4100: Sending o 2 1[0m
[32m2024-01-25 17:27:03.456 DEBUG    [DC4100_LED.py:92] DC4100: Received b''[0m
[1;35m2024-01-25 17:27:03.456 CRITICAL [DC4100_LED.py:219] 4[0m
[32m2024-01-25 17:27:03.456 DEBUG    [DC4100_LED.py:89] DC4100: Sending o 3 1[0m
[32m2024-01-25 17:27:03.567 DEBUG    [DC4100_LED.py:92] DC4100: Received b''[0m
[32m2024-01-25 17:27:03.567 DEBUG    [DC4100_LED.py:89] DC4100: Sending o 1 1[0m
[32m2024-01-25 17:27:03.678 DEBUG    [DC4100_LED.py:92] DC4100: Received b''[0m
[32m2024-01-25 17:27:03.678 DEBUG    [DC4100_LED.py:89] DC4100: Sending l 1 1000[0m
[32m2024-01-25 17:27:03.787 DEBUG    [DC4100_LED.py:92] DC4100: Received b''[0m
[32m2024-01-25 17:27:03.787 DEBUG    [DC4100_LED.py:89] DC4100: Sending o 2 0[0m
[32m2024-01-25 17:27:03.897 DEBUG    [DC4100_LED.py:92] DC4100: Received b''[0m
[32m2024-01-25 17:27:03.897 DEBUG    [DC4100_LED.py:89] DC4100: Sending o 3 0[0m
[32m2024-01-25 17:27:04.7 DEBUG    [DC4100_LED.py:92] DC4100: Received b''[0m
[32m2024-01-25 17:27:04.7 DEBUG    [DC4100_LED.py:89] DC4100: Sending o 0 0[0m
[32m2024-01-25 17:27:04.117 DEBUG    [DC4100_LED.py:92] DC4100: Received b''[0m
[32m2024-01-25 17:27:05.604 DEBUG    [AcquisitionClass.py:125] 1000[0m
[32m2024-01-25 17:27:05.604 DEBUG    [AcquisitionClass.py:126] 1.0[0m
[32m2024-01-25 17:27:05.605 DEBUG    [AcquisitionClass.py:127] 10000[0m
[32m2024-01-25 17:27:05.605 DEBUG    [AcquisitionClass.py:128] 10[0m
[32m2024-01-25 17:27:05.606 DEBUG    [AcquisitionClass.py:129] 10000[0m
[32m2024-01-25 17:27:05.606 DEBUG    [AcquisitionClass.py:130] 10000[0m
[32m2024-01-25 17:27:05.606 DEBUG    [AcquisitionClass.py:131] 10000[0m
[32m2024-01-25 17:27:30.740 DEBUG    [AcquisitionClass.py:125] 1000[0m
[32m2024-01-25 17:27:30.740 DEBUG    [AcquisitionClass.py:126] 1.0[0m
[32m2024-01-25 17:27:30.741 DEBUG    [AcquisitionClass.py:127] 10000[0m
[32m2024-01-25 17:27:30.741 DEBUG    [AcquisitionClass.py:128] 10[0m
[32m2024-01-25 17:27:30.741 DEBUG    [AcquisitionClass.py:129] 10000[0m
[32m2024-01-25 17:27:30.741 DEBUG    [AcquisitionClass.py:130] 10000[0m
[32m2024-01-25 17:27:30.741 DEBUG    [AcquisitionClass.py:131] 10000[0m
[36m2024-01-25 17:27:32.221 INFO     [AcquisitionClass.py:517] frequency: 10.000 
 amplitude 0.200 
 offset 1.000  
 acquisiton time 20.000 
 points per period 1000.000 
 number of periods 10.000[0m
[36m2024-01-25 17:27:52.410 INFO     [AcquisitionClass.py:630] Shutting down all LEDs for 1 seconds[0m
[36m2024-01-25 17:27:52.489 INFO     [AcquisitionClass.py:371] Did not start digital generator, check generator_analog_channels[0m
[36m2024-01-25 17:28:00.339 INFO     [AcquisitionClass.py:517] frequency: 10.000 
 amplitude 0.200 
 offset 1.000  
 acquisiton time 20.000 
 points per period 1000.000 
 number of periods 10.000[0m
[36m2024-01-25 17:28:20.514 INFO     [AcquisitionClass.py:630] Shutting down all LEDs for 1 seconds[0m
[36m2024-01-25 17:28:20.592 INFO     [AcquisitionClass.py:371] Did not start digital generator, check generator_analog_channels[0m
[36m2024-01-25 17:28:28.467 INFO     [AcquisitionClass.py:517] frequency: 10.000 
 amplitude 0.200 
 offset 1.000  
 acquisiton time 20.000 
 points per period 1000.000 
 number of periods 10.000[0m
[36m2024-01-25 17:28:48.649 INFO     [AcquisitionClass.py:630] Shutting down all LEDs for 1 seconds[0m
[36m2024-01-25 17:28:48.727 INFO     [AcquisitionClass.py:371] Did not start digital generator, check generator_analog_channels[0m
[36m2024-01-25 17:28:56.576 INFO     [AcquisitionClass.py:517] frequency: 10.000 
 amplitude 0.200 
 offset 1.000  
 acquisiton time 20.000 
 points per period 1000.000 
 number of periods 10.000[0m
[36m2024-01-25 17:29:16.765 INFO     [AcquisitionClass.py:630] Shutting down all LEDs for 1 seconds[0m
[36m2024-01-25 17:29:16.843 INFO     [AcquisitionClass.py:371] Did not start digital generator, check generator_analog_channels[0m
[36m2024-01-25 17:29:24.663 INFO     [AcquisitionClass.py:517] frequency: 10.000 
 amplitude 0.200 
 offset 1.000  
 acquisiton time 20.000 
 points per period 1000.000 
 number of periods 10.000[0m
[36m2024-01-25 17:29:44.845 INFO     [AcquisitionClass.py:630] Shutting down all LEDs for 1 seconds[0m
[36m2024-01-25 17:29:44.924 INFO     [AcquisitionClass.py:371] Did not start digital generator, check generator_analog_channels[0m
[36m2024-01-25 17:29:52.806 INFO     [AcquisitionClass.py:517] frequency: 10.000 
 amplitude 0.200 
 offset 1.000  
 acquisiton time 20.000 
 points per period 1000.000 
 number of periods 10.000[0m
[36m2024-01-25 17:30:12.963 INFO     [AcquisitionClass.py:630] Shutting down all LEDs for 1 seconds[0m
[36m2024-01-25 17:30:13.41 INFO     [AcquisitionClass.py:371] Did not start digital generator, check generator_analog_channels[0m
[36m2024-01-25 17:30:20.906 INFO     [AcquisitionClass.py:517] frequency: 10.000 
 amplitude 0.200 
 offset 1.000  
 acquisiton time 20.000 
 points per period 1000.000 
 number of periods 10.000[0m
[36m2024-01-25 17:30:41.87 INFO     [AcquisitionClass.py:630] Shutting down all LEDs for 1 seconds[0m
[36m2024-01-25 17:30:41.167 INFO     [AcquisitionClass.py:371] Did not start digital generator, check generator_analog_channels[0m
[36m2024-01-25 17:30:49.30 INFO     [AcquisitionClass.py:517] frequency: 10.000 
 amplitude 0.200 
 offset 1.000  
 acquisiton time 20.000 
 points per period 1000.000 
 number of periods 10.000[0m
[36m2024-01-25 17:31:09.207 INFO     [AcquisitionClass.py:630] Shutting down all LEDs for 1 seconds[0m
[36m2024-01-25 17:31:09.286 INFO     [AcquisitionClass.py:371] Did not start digital generator, check generator_analog_channels[0m
[36m2024-01-25 17:31:17.108 INFO     [AcquisitionClass.py:517] frequency: 10.000 
 amplitude 0.200 
 offset 1.000  
 acquisiton time 20.000 
 points per period 1000.000 
 number of periods 10.000[0m
[36m2024-01-25 17:31:37.287 INFO     [AcquisitionClass.py:630] Shutting down all LEDs for 1 seconds[0m
[36m2024-01-25 17:31:37.364 INFO     [AcquisitionClass.py:371] Did not start digital generator, check generator_analog_channels[0m
[36m2024-01-25 17:31:45.225 INFO     [AcquisitionClass.py:517] frequency: 10.000 
 amplitude 0.200 
 offset 1.000  
 acquisiton time 20.000 
 points per period 1000.000 
 number of periods 10.000[0m
[36m2024-01-25 17:32:05.412 INFO     [AcquisitionClass.py:630] Shutting down all LEDs for 1 seconds[0m
[36m2024-01-25 17:32:05.491 INFO     [AcquisitionClass.py:371] Did not start digital generator, check generator_analog_channels[0m
[36m2024-01-25 17:32:13.340 INFO     [AcquisitionClass.py:517] frequency: 10.000 
 amplitude 0.200 
 offset 1.000  
 acquisiton time 20.000 
 points per period 1000.000 
 number of periods 10.000[0m
[36m2024-01-25 17:32:33.522 INFO     [AcquisitionClass.py:630] Shutting down all LEDs for 1 seconds[0m
[36m2024-01-25 17:32:33.599 INFO     [AcquisitionClass.py:371] Did not start digital generator, check generator_analog_channels[0m
[36m2024-01-25 17:32:41.457 INFO     [AcquisitionClass.py:517] frequency: 10.000 
 amplitude 0.200 
 offset 1.000  
 acquisiton time 20.000 
 points per period 1000.000 
 number of periods 10.000[0m
[36m2024-01-25 17:33:01.636 INFO     [AcquisitionClass.py:630] Shutting down all LEDs for 1 seconds[0m
[36m2024-01-25 17:33:01.715 INFO     [AcquisitionClass.py:371] Did not start digital generator, check generator_analog_channels[0m
[36m2024-01-25 17:33:09.537 INFO     [AcquisitionClass.py:517] frequency: 10.000 
 amplitude 0.200 
 offset 1.000  
 acquisiton time 20.000 
 points per period 1000.000 
 number of periods 10.000[0m
[36m2024-01-25 17:33:29.721 INFO     [AcquisitionClass.py:630] Shutting down all LEDs for 1 seconds[0m
[36m2024-01-25 17:33:29.799 INFO     [AcquisitionClass.py:371] Did not start digital generator, check generator_analog_channels[0m
[36m2024-01-25 17:33:37.639 INFO     [AcquisitionClass.py:517] frequency: 10.000 
 amplitude 0.200 
 offset 1.000  
 acquisiton time 20.000 
 points per period 1000.000 
 number of periods 10.000[0m
[36m2024-01-25 17:33:57.824 INFO     [AcquisitionClass.py:630] Shutting down all LEDs for 1 seconds[0m
[36m2024-01-25 17:33:57.903 INFO     [AcquisitionClass.py:371] Did not start digital generator, check generator_analog_channels[0m
[36m2024-01-25 17:34:05.818 INFO     [AcquisitionClass.py:517] frequency: 10.000 
 amplitude 0.200 
 offset 1.000  
 acquisiton time 20.000 
 points per period 1000.000 
 number of periods 10.000[0m
[36m2024-01-25 17:34:26.8 INFO     [AcquisitionClass.py:630] Shutting down all LEDs for 1 seconds[0m
[36m2024-01-25 17:34:26.86 INFO     [AcquisitionClass.py:371] Did not start digital generator, check generator_analog_channels[0m
