[32m2024-01-25 15:48:28.846 DEBUG    [DC4100_LED.py:69] Serial<id=0x15fed41dee0, open=True>(port='COM5', baudrate=115200, bytesize=8, parity='N', stopbits=1, timeout=0.1, xonxoff=0, rtscts=0, dsrdtr=False)[0m
[32m2024-01-25 15:48:28.846 DEBUG    [DC4100_LED.py:89] DC4100: Sending o 0 0[0m
[32m2024-01-25 15:48:28.957 DEBUG    [DC4100_LED.py:92] DC4100: Received b''[0m
[32m2024-01-25 15:48:28.957 DEBUG    [DC4100_LED.py:89] DC4100: Sending o 1 0[0m
[32m2024-01-25 15:48:29.69 DEBUG    [DC4100_LED.py:92] DC4100: Received b''[0m
[32m2024-01-25 15:48:29.69 DEBUG    [DC4100_LED.py:89] DC4100: Sending o 2 0[0m
[32m2024-01-25 15:48:29.179 DEBUG    [DC4100_LED.py:92] DC4100: Received b''[0m
[32m2024-01-25 15:48:29.179 DEBUG    [DC4100_LED.py:89] DC4100: Sending o 3 0[0m
[32m2024-01-25 15:48:29.286 DEBUG    [DC4100_LED.py:92] DC4100: Received b''[0m
[1;35m2024-01-25 15:48:29.286 CRITICAL [DC4100_LED.py:164] setting mode[0m
[32m2024-01-25 15:48:29.286 DEBUG    [DC4100_LED.py:89] DC4100: Sending m 2[0m
[32m2024-01-25 15:48:29.396 DEBUG    [DC4100_LED.py:92] DC4100: Received b''[0m
[32m2024-01-25 15:48:30.400 DEBUG    [DC4100_LED.py:89] DC4100: Sending m?[0m
[32m2024-01-25 15:48:30.403 DEBUG    [DC4100_LED.py:92] DC4100: Received b'2\r\n'[0m
[36m2024-01-25 15:48:30.403 INFO     [DC4100_LED.py:215] External Control Mode[0m
[1;35m2024-01-25 15:48:30.403 CRITICAL [DC4100_LED.py:219] 1[0m
[32m2024-01-25 15:48:30.403 DEBUG    [DC4100_LED.py:89] DC4100: Sending o 0 1[0m
[32m2024-01-25 15:48:30.509 DEBUG    [DC4100_LED.py:92] DC4100: Received b''[0m
[1;35m2024-01-25 15:48:30.509 CRITICAL [DC4100_LED.py:219] 2[0m
[32m2024-01-25 15:48:30.509 DEBUG    [DC4100_LED.py:89] DC4100: Sending o 1 1[0m
[32m2024-01-25 15:48:30.621 DEBUG    [DC4100_LED.py:92] DC4100: Received b''[0m
[1;35m2024-01-25 15:48:30.621 CRITICAL [DC4100_LED.py:219] 3[0m
[32m2024-01-25 15:48:30.621 DEBUG    [DC4100_LED.py:89] DC4100: Sending o 2 1[0m
[32m2024-01-25 15:48:30.731 DEBUG    [DC4100_LED.py:92] DC4100: Received b''[0m
[1;35m2024-01-25 15:48:30.731 CRITICAL [DC4100_LED.py:219] 4[0m
[32m2024-01-25 15:48:30.731 DEBUG    [DC4100_LED.py:89] DC4100: Sending o 3 1[0m
[32m2024-01-25 15:48:30.841 DEBUG    [DC4100_LED.py:92] DC4100: Received b''[0m
[32m2024-01-25 15:48:30.841 DEBUG    [DC4100_LED.py:89] DC4100: Sending o 1 1[0m
[32m2024-01-25 15:48:30.950 DEBUG    [DC4100_LED.py:92] DC4100: Received b''[0m
[32m2024-01-25 15:48:30.950 DEBUG    [DC4100_LED.py:89] DC4100: Sending l 1 1000[0m
[32m2024-01-25 15:48:31.59 DEBUG    [DC4100_LED.py:92] DC4100: Received b''[0m
[32m2024-01-25 15:48:31.59 DEBUG    [DC4100_LED.py:89] DC4100: Sending o 2 0[0m
[32m2024-01-25 15:48:31.169 DEBUG    [DC4100_LED.py:92] DC4100: Received b''[0m
[32m2024-01-25 15:48:31.169 DEBUG    [DC4100_LED.py:89] DC4100: Sending o 3 0[0m
[32m2024-01-25 15:48:31.279 DEBUG    [DC4100_LED.py:92] DC4100: Received b''[0m
[32m2024-01-25 15:48:31.279 DEBUG    [DC4100_LED.py:89] DC4100: Sending o 0 0[0m
[32m2024-01-25 15:48:31.388 DEBUG    [DC4100_LED.py:92] DC4100: Received b''[0m
[32m2024-01-25 15:48:32.879 DEBUG    [AcquisitionClass.py:125] 1000[0m
[32m2024-01-25 15:48:32.879 DEBUG    [AcquisitionClass.py:126] 1.0[0m
[32m2024-01-25 15:48:32.880 DEBUG    [AcquisitionClass.py:127] 10000[0m
[32m2024-01-25 15:48:32.880 DEBUG    [AcquisitionClass.py:128] 10[0m
[32m2024-01-25 15:48:32.880 DEBUG    [AcquisitionClass.py:129] 10000[0m
[32m2024-01-25 15:48:32.880 DEBUG    [AcquisitionClass.py:130] 10000[0m
[32m2024-01-25 15:48:32.881 DEBUG    [AcquisitionClass.py:131] 10000[0m
[32m2024-01-25 15:48:57.972 DEBUG    [AcquisitionClass.py:125] 1000[0m
[32m2024-01-25 15:48:57.972 DEBUG    [AcquisitionClass.py:126] 1.0[0m
[32m2024-01-25 15:48:57.972 DEBUG    [AcquisitionClass.py:127] 10000[0m
[32m2024-01-25 15:48:57.973 DEBUG    [AcquisitionClass.py:128] 10[0m
[32m2024-01-25 15:48:57.973 DEBUG    [AcquisitionClass.py:129] 10000[0m
[32m2024-01-25 15:48:57.973 DEBUG    [AcquisitionClass.py:130] 10000[0m
[32m2024-01-25 15:48:57.973 DEBUG    [AcquisitionClass.py:131] 10000[0m
[36m2024-01-25 15:48:59.447 INFO     [AcquisitionClass.py:517] frequency: 10.000 
 amplitude 0.200 
 offset 1.000  
 acquisiton time 20.000 
 points per period 1000.000 
 number of periods 10.000[0m
[36m2024-01-25 15:49:20.72 INFO     [AcquisitionClass.py:630] Shutting down all LEDs for 1 seconds[0m
[36m2024-01-25 15:49:20.150 INFO     [AcquisitionClass.py:371] Did not start digital generator, check generator_analog_channels[0m
[36m2024-01-25 15:49:32.985 INFO     [AcquisitionClass.py:517] frequency: 10.000 
 amplitude 0.200 
 offset 1.000  
 acquisiton time 20.000 
 points per period 1000.000 
 number of periods 10.000[0m
[36m2024-01-25 15:49:53.162 INFO     [AcquisitionClass.py:630] Shutting down all LEDs for 1 seconds[0m
[36m2024-01-25 15:49:53.239 INFO     [AcquisitionClass.py:371] Did not start digital generator, check generator_analog_channels[0m
[36m2024-01-25 15:50:06.58 INFO     [AcquisitionClass.py:517] frequency: 10.000 
 amplitude 0.200 
 offset 1.000  
 acquisiton time 20.000 
 points per period 1000.000 
 number of periods 10.000[0m
[36m2024-01-25 15:50:26.237 INFO     [AcquisitionClass.py:630] Shutting down all LEDs for 1 seconds[0m
[36m2024-01-25 15:50:26.315 INFO     [AcquisitionClass.py:371] Did not start digital generator, check generator_analog_channels[0m
