[32m2024-01-25 18:53:49.399 DEBUG    [DC4100_LED.py:69] Serial<id=0x231a55addc0, open=True>(port='COM5', baudrate=115200, bytesize=8, parity='N', stopbits=1, timeout=0.1, xonxoff=0, rtscts=0, dsrdtr=False)[0m
[32m2024-01-25 18:53:49.399 DEBUG    [DC4100_LED.py:89] DC4100: Sending o 0 0[0m
[32m2024-01-25 18:53:49.504 DEBUG    [DC4100_LED.py:92] DC4100: Received b''[0m
[32m2024-01-25 18:53:49.504 DEBUG    [DC4100_LED.py:89] DC4100: Sending o 1 0[0m
[32m2024-01-25 18:53:49.613 DEBUG    [DC4100_LED.py:92] DC4100: Received b''[0m
[32m2024-01-25 18:53:49.613 DEBUG    [DC4100_LED.py:89] DC4100: Sending o 2 0[0m
[32m2024-01-25 18:53:49.721 DEBUG    [DC4100_LED.py:92] DC4100: Received b''[0m
[32m2024-01-25 18:53:49.721 DEBUG    [DC4100_LED.py:89] DC4100: Sending o 3 0[0m
[32m2024-01-25 18:53:49.831 DEBUG    [DC4100_LED.py:92] DC4100: Received b''[0m
[1;35m2024-01-25 18:53:49.831 CRITICAL [DC4100_LED.py:164] setting mode[0m
[32m2024-01-25 18:53:49.831 DEBUG    [DC4100_LED.py:89] DC4100: Sending m 2[0m
[32m2024-01-25 18:53:49.939 DEBUG    [DC4100_LED.py:92] DC4100: Received b''[0m
[32m2024-01-25 18:53:50.954 DEBUG    [DC4100_LED.py:89] DC4100: Sending m?[0m
[32m2024-01-25 18:53:50.955 DEBUG    [DC4100_LED.py:92] DC4100: Received b'2\r\n'[0m
[36m2024-01-25 18:53:50.955 INFO     [DC4100_LED.py:215] External Control Mode[0m
[1;35m2024-01-25 18:53:50.955 CRITICAL [DC4100_LED.py:219] 1[0m
[32m2024-01-25 18:53:50.955 DEBUG    [DC4100_LED.py:89] DC4100: Sending o 0 1[0m
[32m2024-01-25 18:53:51.63 DEBUG    [DC4100_LED.py:92] DC4100: Received b''[0m
[1;35m2024-01-25 18:53:51.63 CRITICAL [DC4100_LED.py:219] 2[0m
[32m2024-01-25 18:53:51.63 DEBUG    [DC4100_LED.py:89] DC4100: Sending o 1 1[0m
[32m2024-01-25 18:53:51.172 DEBUG    [DC4100_LED.py:92] DC4100: Received b''[0m
[1;35m2024-01-25 18:53:51.172 CRITICAL [DC4100_LED.py:219] 3[0m
[32m2024-01-25 18:53:51.172 DEBUG    [DC4100_LED.py:89] DC4100: Sending o 2 1[0m
[32m2024-01-25 18:53:51.283 DEBUG    [DC4100_LED.py:92] DC4100: Received b''[0m
[1;35m2024-01-25 18:53:51.283 CRITICAL [DC4100_LED.py:219] 4[0m
[32m2024-01-25 18:53:51.283 DEBUG    [DC4100_LED.py:89] DC4100: Sending o 3 1[0m
[32m2024-01-25 18:53:51.392 DEBUG    [DC4100_LED.py:92] DC4100: Received b''[0m
[32m2024-01-25 18:53:51.392 DEBUG    [DC4100_LED.py:89] DC4100: Sending o 1 1[0m
[32m2024-01-25 18:53:51.503 DEBUG    [DC4100_LED.py:92] DC4100: Received b''[0m
[32m2024-01-25 18:53:51.503 DEBUG    [DC4100_LED.py:89] DC4100: Sending l 1 1000[0m
[32m2024-01-25 18:53:51.612 DEBUG    [DC4100_LED.py:92] DC4100: Received b''[0m
[32m2024-01-25 18:53:51.612 DEBUG    [DC4100_LED.py:89] DC4100: Sending o 2 0[0m
[32m2024-01-25 18:53:51.722 DEBUG    [DC4100_LED.py:92] DC4100: Received b''[0m
[32m2024-01-25 18:53:51.722 DEBUG    [DC4100_LED.py:89] DC4100: Sending o 3 0[0m
[32m2024-01-25 18:53:51.831 DEBUG    [DC4100_LED.py:92] DC4100: Received b''[0m
[32m2024-01-25 18:53:51.831 DEBUG    [DC4100_LED.py:89] DC4100: Sending o 0 0[0m
[32m2024-01-25 18:53:51.939 DEBUG    [DC4100_LED.py:92] DC4100: Received b''[0m
[32m2024-01-25 18:53:53.428 DEBUG    [AcquisitionClass.py:125] 1000[0m
[32m2024-01-25 18:53:53.428 DEBUG    [AcquisitionClass.py:126] 1.0[0m
[32m2024-01-25 18:53:53.429 DEBUG    [AcquisitionClass.py:127] 10000[0m
[32m2024-01-25 18:53:53.429 DEBUG    [AcquisitionClass.py:128] 10[0m
[32m2024-01-25 18:53:53.429 DEBUG    [AcquisitionClass.py:129] 10000[0m
[32m2024-01-25 18:53:53.429 DEBUG    [AcquisitionClass.py:130] 10000[0m
[32m2024-01-25 18:53:53.430 DEBUG    [AcquisitionClass.py:131] 10000[0m
[32m2024-01-25 18:54:18.596 DEBUG    [AcquisitionClass.py:125] 1000[0m
[32m2024-01-25 18:54:18.596 DEBUG    [AcquisitionClass.py:126] 1.0[0m
[32m2024-01-25 18:54:18.596 DEBUG    [AcquisitionClass.py:127] 10000[0m
[32m2024-01-25 18:54:18.597 DEBUG    [AcquisitionClass.py:128] 10[0m
[32m2024-01-25 18:54:18.597 DEBUG    [AcquisitionClass.py:129] 10000[0m
[32m2024-01-25 18:54:18.597 DEBUG    [AcquisitionClass.py:130] 10000[0m
[32m2024-01-25 18:54:18.597 DEBUG    [AcquisitionClass.py:131] 10000[0m
[36m2024-01-25 18:54:20.62 INFO     [AcquisitionClass.py:517] frequency: 10.000 
 amplitude 0.200 
 offset 1.000  
 acquisiton time 300.000 
 points per period 1000.000 
 number of periods 10.000[0m
[36m2024-01-25 18:59:20.351 INFO     [AcquisitionClass.py:630] Shutting down all LEDs for 1 seconds[0m
[36m2024-01-25 18:59:20.429 INFO     [AcquisitionClass.py:371] Did not start digital generator, check generator_analog_channels[0m
