[32m2024-01-25 17:47:41.562 DEBUG    [DC4100_LED.py:69] Serial<id=0x14e23125eb0, open=True>(port='COM5', baudrate=115200, bytesize=8, parity='N', stopbits=1, timeout=0.1, xonxoff=0, rtscts=0, dsrdtr=False)[0m
[32m2024-01-25 17:47:41.562 DEBUG    [DC4100_LED.py:89] DC4100: Sending o 0 0[0m
[32m2024-01-25 17:47:41.669 DEBUG    [DC4100_LED.py:92] DC4100: Received b''[0m
[32m2024-01-25 17:47:41.669 DEBUG    [DC4100_LED.py:89] DC4100: Sending o 1 0[0m
[32m2024-01-25 17:47:41.778 DEBUG    [DC4100_LED.py:92] DC4100: Received b''[0m
[32m2024-01-25 17:47:41.778 DEBUG    [DC4100_LED.py:89] DC4100: Sending o 2 0[0m
[32m2024-01-25 17:47:41.887 DEBUG    [DC4100_LED.py:92] DC4100: Received b''[0m
[32m2024-01-25 17:47:41.887 DEBUG    [DC4100_LED.py:89] DC4100: Sending o 3 0[0m
[32m2024-01-25 17:47:41.997 DEBUG    [DC4100_LED.py:92] DC4100: Received b''[0m
[1;35m2024-01-25 17:47:41.997 CRITICAL [DC4100_LED.py:164] setting mode[0m
[32m2024-01-25 17:47:41.997 DEBUG    [DC4100_LED.py:89] DC4100: Sending m 2[0m
[32m2024-01-25 17:47:42.107 DEBUG    [DC4100_LED.py:92] DC4100: Received b''[0m
[32m2024-01-25 17:47:43.109 DEBUG    [DC4100_LED.py:89] DC4100: Sending m?[0m
[32m2024-01-25 17:47:43.111 DEBUG    [DC4100_LED.py:92] DC4100: Received b'2\r\n'[0m
[36m2024-01-25 17:47:43.111 INFO     [DC4100_LED.py:215] External Control Mode[0m
[1;35m2024-01-25 17:47:43.111 CRITICAL [DC4100_LED.py:219] 1[0m
[32m2024-01-25 17:47:43.111 DEBUG    [DC4100_LED.py:89] DC4100: Sending o 0 1[0m
[32m2024-01-25 17:47:43.219 DEBUG    [DC4100_LED.py:92] DC4100: Received b''[0m
[1;35m2024-01-25 17:47:43.219 CRITICAL [DC4100_LED.py:219] 2[0m
[32m2024-01-25 17:47:43.219 DEBUG    [DC4100_LED.py:89] DC4100: Sending o 1 1[0m
[32m2024-01-25 17:47:43.328 DEBUG    [DC4100_LED.py:92] DC4100: Received b''[0m
[1;35m2024-01-25 17:47:43.328 CRITICAL [DC4100_LED.py:219] 3[0m
[32m2024-01-25 17:47:43.328 DEBUG    [DC4100_LED.py:89] DC4100: Sending o 2 1[0m
[32m2024-01-25 17:47:43.438 DEBUG    [DC4100_LED.py:92] DC4100: Received b''[0m
[1;35m2024-01-25 17:47:43.438 CRITICAL [DC4100_LED.py:219] 4[0m
[32m2024-01-25 17:47:43.438 DEBUG    [DC4100_LED.py:89] DC4100: Sending o 3 1[0m
[32m2024-01-25 17:47:43.547 DEBUG    [DC4100_LED.py:92] DC4100: Received b''[0m
[32m2024-01-25 17:47:43.547 DEBUG    [DC4100_LED.py:89] DC4100: Sending o 1 1[0m
[32m2024-01-25 17:47:43.658 DEBUG    [DC4100_LED.py:92] DC4100: Received b''[0m
[32m2024-01-25 17:47:43.658 DEBUG    [DC4100_LED.py:89] DC4100: Sending l 1 1000[0m
[32m2024-01-25 17:47:43.767 DEBUG    [DC4100_LED.py:92] DC4100: Received b''[0m
[32m2024-01-25 17:47:43.767 DEBUG    [DC4100_LED.py:89] DC4100: Sending o 2 0[0m
[32m2024-01-25 17:47:43.876 DEBUG    [DC4100_LED.py:92] DC4100: Received b''[0m
[32m2024-01-25 17:47:43.876 DEBUG    [DC4100_LED.py:89] DC4100: Sending o 3 0[0m
[32m2024-01-25 17:47:43.987 DEBUG    [DC4100_LED.py:92] DC4100: Received b''[0m
[32m2024-01-25 17:47:43.987 DEBUG    [DC4100_LED.py:89] DC4100: Sending o 0 0[0m
[32m2024-01-25 17:47:44.96 DEBUG    [DC4100_LED.py:92] DC4100: Received b''[0m
[32m2024-01-25 17:47:45.605 DEBUG    [AcquisitionClass.py:125] 1000[0m
[32m2024-01-25 17:47:45.605 DEBUG    [AcquisitionClass.py:126] 1.0[0m
[32m2024-01-25 17:47:45.606 DEBUG    [AcquisitionClass.py:127] 10000[0m
[32m2024-01-25 17:47:45.606 DEBUG    [AcquisitionClass.py:128] 10[0m
[32m2024-01-25 17:47:45.606 DEBUG    [AcquisitionClass.py:129] 10000[0m
[32m2024-01-25 17:47:45.607 DEBUG    [AcquisitionClass.py:130] 10000[0m
[32m2024-01-25 17:47:45.607 DEBUG    [AcquisitionClass.py:131] 10000[0m
[32m2024-01-25 17:48:10.742 DEBUG    [AcquisitionClass.py:125] 1000[0m
[32m2024-01-25 17:48:10.742 DEBUG    [AcquisitionClass.py:126] 1.0[0m
[32m2024-01-25 17:48:10.743 DEBUG    [AcquisitionClass.py:127] 10000[0m
[32m2024-01-25 17:48:10.743 DEBUG    [AcquisitionClass.py:128] 10[0m
[32m2024-01-25 17:48:10.743 DEBUG    [AcquisitionClass.py:129] 10000[0m
[32m2024-01-25 17:48:10.743 DEBUG    [AcquisitionClass.py:130] 10000[0m
[32m2024-01-25 17:48:10.743 DEBUG    [AcquisitionClass.py:131] 10000[0m
[36m2024-01-25 17:48:12.203 INFO     [AcquisitionClass.py:517] frequency: 10.000 
 amplitude 0.200 
 offset 1.000  
 acquisiton time 20.000 
 points per period 1000.000 
 number of periods 10.000[0m
[36m2024-01-25 17:48:32.396 INFO     [AcquisitionClass.py:630] Shutting down all LEDs for 1 seconds[0m
[36m2024-01-25 17:48:32.475 INFO     [AcquisitionClass.py:371] Did not start digital generator, check generator_analog_channels[0m
[36m2024-01-25 17:48:40.327 INFO     [AcquisitionClass.py:517] frequency: 10.000 
 amplitude 0.200 
 offset 1.000  
 acquisiton time 20.000 
 points per period 1000.000 
 number of periods 10.000[0m
[36m2024-01-25 17:49:00.515 INFO     [AcquisitionClass.py:630] Shutting down all LEDs for 1 seconds[0m
[36m2024-01-25 17:49:00.593 INFO     [AcquisitionClass.py:371] Did not start digital generator, check generator_analog_channels[0m
[36m2024-01-25 17:49:08.415 INFO     [AcquisitionClass.py:517] frequency: 10.000 
 amplitude 0.200 
 offset 1.000  
 acquisiton time 20.000 
 points per period 1000.000 
 number of periods 10.000[0m
[36m2024-01-25 17:49:28.591 INFO     [AcquisitionClass.py:630] Shutting down all LEDs for 1 seconds[0m
[36m2024-01-25 17:49:28.669 INFO     [AcquisitionClass.py:371] Did not start digital generator, check generator_analog_channels[0m
[36m2024-01-25 17:49:36.510 INFO     [AcquisitionClass.py:517] frequency: 10.000 
 amplitude 0.200 
 offset 1.000  
 acquisiton time 20.000 
 points per period 1000.000 
 number of periods 10.000[0m
[36m2024-01-25 17:49:56.692 INFO     [AcquisitionClass.py:630] Shutting down all LEDs for 1 seconds[0m
[36m2024-01-25 17:49:56.770 INFO     [AcquisitionClass.py:371] Did not start digital generator, check generator_analog_channels[0m
[36m2024-01-25 17:50:04.605 INFO     [AcquisitionClass.py:517] frequency: 10.000 
 amplitude 0.200 
 offset 1.000  
 acquisiton time 20.000 
 points per period 1000.000 
 number of periods 10.000[0m
[36m2024-01-25 17:50:24.785 INFO     [AcquisitionClass.py:630] Shutting down all LEDs for 1 seconds[0m
[36m2024-01-25 17:50:24.865 INFO     [AcquisitionClass.py:371] Did not start digital generator, check generator_analog_channels[0m
[36m2024-01-25 17:50:32.760 INFO     [AcquisitionClass.py:517] frequency: 10.000 
 amplitude 0.200 
 offset 1.000  
 acquisiton time 20.000 
 points per period 1000.000 
 number of periods 10.000[0m
[36m2024-01-25 17:50:52.934 INFO     [AcquisitionClass.py:630] Shutting down all LEDs for 1 seconds[0m
[36m2024-01-25 17:50:53.12 INFO     [AcquisitionClass.py:371] Did not start digital generator, check generator_analog_channels[0m
[36m2024-01-25 17:51:00.841 INFO     [AcquisitionClass.py:517] frequency: 10.000 
 amplitude 0.200 
 offset 1.000  
 acquisiton time 20.000 
 points per period 1000.000 
 number of periods 10.000[0m
[36m2024-01-25 17:51:21.31 INFO     [AcquisitionClass.py:630] Shutting down all LEDs for 1 seconds[0m
[36m2024-01-25 17:51:21.109 INFO     [AcquisitionClass.py:371] Did not start digital generator, check generator_analog_channels[0m
[36m2024-01-25 17:51:29.86 INFO     [AcquisitionClass.py:517] frequency: 10.000 
 amplitude 0.200 
 offset 1.000  
 acquisiton time 20.000 
 points per period 1000.000 
 number of periods 10.000[0m
[36m2024-01-25 17:51:49.275 INFO     [AcquisitionClass.py:630] Shutting down all LEDs for 1 seconds[0m
[36m2024-01-25 17:51:49.353 INFO     [AcquisitionClass.py:371] Did not start digital generator, check generator_analog_channels[0m
[36m2024-01-25 17:51:57.211 INFO     [AcquisitionClass.py:517] frequency: 10.000 
 amplitude 0.200 
 offset 1.000  
 acquisiton time 20.000 
 points per period 1000.000 
 number of periods 10.000[0m
[36m2024-01-25 17:52:17.395 INFO     [AcquisitionClass.py:630] Shutting down all LEDs for 1 seconds[0m
[36m2024-01-25 17:52:17.475 INFO     [AcquisitionClass.py:371] Did not start digital generator, check generator_analog_channels[0m
[36m2024-01-25 17:52:25.360 INFO     [AcquisitionClass.py:517] frequency: 10.000 
 amplitude 0.200 
 offset 1.000  
 acquisiton time 20.000 
 points per period 1000.000 
 number of periods 10.000[0m
[36m2024-01-25 17:52:45.547 INFO     [AcquisitionClass.py:630] Shutting down all LEDs for 1 seconds[0m
[36m2024-01-25 17:52:45.623 INFO     [AcquisitionClass.py:371] Did not start digital generator, check generator_analog_channels[0m
[36m2024-01-25 17:52:53.436 INFO     [AcquisitionClass.py:517] frequency: 10.000 
 amplitude 0.200 
 offset 1.000  
 acquisiton time 20.000 
 points per period 1000.000 
 number of periods 10.000[0m
[36m2024-01-25 17:53:13.618 INFO     [AcquisitionClass.py:630] Shutting down all LEDs for 1 seconds[0m
[36m2024-01-25 17:53:13.696 INFO     [AcquisitionClass.py:371] Did not start digital generator, check generator_analog_channels[0m
[36m2024-01-25 17:53:21.555 INFO     [AcquisitionClass.py:517] frequency: 10.000 
 amplitude 0.200 
 offset 1.000  
 acquisiton time 20.000 
 points per period 1000.000 
 number of periods 10.000[0m
[36m2024-01-25 17:53:41.726 INFO     [AcquisitionClass.py:630] Shutting down all LEDs for 1 seconds[0m
[36m2024-01-25 17:53:41.802 INFO     [AcquisitionClass.py:371] Did not start digital generator, check generator_analog_channels[0m
[36m2024-01-25 17:53:49.638 INFO     [AcquisitionClass.py:517] frequency: 10.000 
 amplitude 0.200 
 offset 1.000  
 acquisiton time 20.000 
 points per period 1000.000 
 number of periods 10.000[0m
[36m2024-01-25 17:54:09.812 INFO     [AcquisitionClass.py:630] Shutting down all LEDs for 1 seconds[0m
[36m2024-01-25 17:54:09.891 INFO     [AcquisitionClass.py:371] Did not start digital generator, check generator_analog_channels[0m
[36m2024-01-25 17:54:17.729 INFO     [AcquisitionClass.py:517] frequency: 10.000 
 amplitude 0.200 
 offset 1.000  
 acquisiton time 20.000 
 points per period 1000.000 
 number of periods 10.000[0m
[36m2024-01-25 17:54:37.904 INFO     [AcquisitionClass.py:630] Shutting down all LEDs for 1 seconds[0m
[36m2024-01-25 17:54:37.982 INFO     [AcquisitionClass.py:371] Did not start digital generator, check generator_analog_channels[0m
[36m2024-01-25 17:54:45.896 INFO     [AcquisitionClass.py:517] frequency: 10.000 
 amplitude 0.200 
 offset 1.000  
 acquisiton time 20.000 
 points per period 1000.000 
 number of periods 10.000[0m
[36m2024-01-25 17:55:06.72 INFO     [AcquisitionClass.py:630] Shutting down all LEDs for 1 seconds[0m
[36m2024-01-25 17:55:06.149 INFO     [AcquisitionClass.py:371] Did not start digital generator, check generator_analog_channels[0m
