[32m2024-01-26 17:16:10.84 DEBUG    [DC4100_LED.py:69] Serial<id=0x2a9ada95580, open=True>(port='COM5', baudrate=115200, bytesize=8, parity='N', stopbits=1, timeout=0.1, xonxoff=0, rtscts=0, dsrdtr=False)[0m
[32m2024-01-26 17:16:10.84 DEBUG    [DC4100_LED.py:89] DC4100: Sending o 0 0[0m
[32m2024-01-26 17:16:10.189 DEBUG    [DC4100_LED.py:92] DC4100: Received b''[0m
[32m2024-01-26 17:16:10.189 DEBUG    [DC4100_LED.py:89] DC4100: Sending o 1 0[0m
[32m2024-01-26 17:16:10.299 DEBUG    [DC4100_LED.py:92] DC4100: Received b''[0m
[32m2024-01-26 17:16:10.299 DEBUG    [DC4100_LED.py:89] DC4100: Sending o 2 0[0m
[32m2024-01-26 17:16:10.409 DEBUG    [DC4100_LED.py:92] DC4100: Received b''[0m
[32m2024-01-26 17:16:10.409 DEBUG    [DC4100_LED.py:89] DC4100: Sending o 3 0[0m
[32m2024-01-26 17:16:10.517 DEBUG    [DC4100_LED.py:92] DC4100: Received b''[0m
[1;35m2024-01-26 17:16:10.517 CRITICAL [DC4100_LED.py:164] setting mode[0m
[32m2024-01-26 17:16:10.517 DEBUG    [DC4100_LED.py:89] DC4100: Sending m 2[0m
[32m2024-01-26 17:16:10.626 DEBUG    [DC4100_LED.py:92] DC4100: Received b''[0m
[32m2024-01-26 17:16:11.640 DEBUG    [DC4100_LED.py:89] DC4100: Sending m?[0m
[32m2024-01-26 17:16:11.642 DEBUG    [DC4100_LED.py:92] DC4100: Received b'2\r\n'[0m
[36m2024-01-26 17:16:11.642 INFO     [DC4100_LED.py:215] External Control Mode[0m
[1;35m2024-01-26 17:16:11.642 CRITICAL [DC4100_LED.py:219] 1[0m
[32m2024-01-26 17:16:11.642 DEBUG    [DC4100_LED.py:89] DC4100: Sending o 0 1[0m
[32m2024-01-26 17:16:11.750 DEBUG    [DC4100_LED.py:92] DC4100: Received b''[0m
[1;35m2024-01-26 17:16:11.750 CRITICAL [DC4100_LED.py:219] 2[0m
[32m2024-01-26 17:16:11.750 DEBUG    [DC4100_LED.py:89] DC4100: Sending o 1 1[0m
[32m2024-01-26 17:16:11.859 DEBUG    [DC4100_LED.py:92] DC4100: Received b''[0m
[1;35m2024-01-26 17:16:11.859 CRITICAL [DC4100_LED.py:219] 3[0m
[32m2024-01-26 17:16:11.859 DEBUG    [DC4100_LED.py:89] DC4100: Sending o 2 1[0m
[32m2024-01-26 17:16:11.968 DEBUG    [DC4100_LED.py:92] DC4100: Received b''[0m
[1;35m2024-01-26 17:16:11.968 CRITICAL [DC4100_LED.py:219] 4[0m
[32m2024-01-26 17:16:11.969 DEBUG    [DC4100_LED.py:89] DC4100: Sending o 3 1[0m
[32m2024-01-26 17:16:12.79 DEBUG    [DC4100_LED.py:92] DC4100: Received b''[0m
[32m2024-01-26 17:16:12.79 DEBUG    [DC4100_LED.py:89] DC4100: Sending o 1 1[0m
[32m2024-01-26 17:16:12.187 DEBUG    [DC4100_LED.py:92] DC4100: Received b''[0m
[32m2024-01-26 17:16:12.187 DEBUG    [DC4100_LED.py:89] DC4100: Sending l 1 400[0m
[32m2024-01-26 17:16:12.296 DEBUG    [DC4100_LED.py:92] DC4100: Received b''[0m
[32m2024-01-26 17:16:12.296 DEBUG    [DC4100_LED.py:89] DC4100: Sending o 2 1[0m
[32m2024-01-26 17:16:12.405 DEBUG    [DC4100_LED.py:92] DC4100: Received b''[0m
[32m2024-01-26 17:16:12.405 DEBUG    [DC4100_LED.py:89] DC4100: Sending l 2 150[0m
[32m2024-01-26 17:16:12.514 DEBUG    [DC4100_LED.py:92] DC4100: Received b''[0m
[32m2024-01-26 17:16:12.514 DEBUG    [DC4100_LED.py:89] DC4100: Sending o 3 1[0m
[32m2024-01-26 17:16:12.624 DEBUG    [DC4100_LED.py:92] DC4100: Received b''[0m
[32m2024-01-26 17:16:12.624 DEBUG    [DC4100_LED.py:89] DC4100: Sending l 3 250[0m
[32m2024-01-26 17:16:12.731 DEBUG    [DC4100_LED.py:92] DC4100: Received b''[0m
[32m2024-01-26 17:16:12.731 DEBUG    [DC4100_LED.py:89] DC4100: Sending o 0 0[0m
[32m2024-01-26 17:16:12.840 DEBUG    [DC4100_LED.py:92] DC4100: Received b''[0m
[32m2024-01-26 17:16:14.120 DEBUG    [AcquisitionClass.py:125] 1000[0m
[32m2024-01-26 17:16:14.120 DEBUG    [AcquisitionClass.py:126] 1.0[0m
[32m2024-01-26 17:16:14.121 DEBUG    [AcquisitionClass.py:127] 10000[0m
[32m2024-01-26 17:16:14.121 DEBUG    [AcquisitionClass.py:128] 10[0m
[32m2024-01-26 17:16:14.121 DEBUG    [AcquisitionClass.py:129] 10000[0m
[32m2024-01-26 17:16:14.121 DEBUG    [AcquisitionClass.py:130] 10000[0m
[32m2024-01-26 17:16:14.122 DEBUG    [AcquisitionClass.py:131] 10000[0m
[36m2024-01-26 17:16:30.665 INFO     [AcquisitionClass.py:517] frequency: 10.000 
 amplitude 0.200 
 offset 1.000  
 acquisiton time 12.000 
 points per period 30.000 
 number of periods 10.000[0m
[1;31m2024-01-26 17:16:43.924 ERROR    [AcquisitionClass.py:526] Voltage saturation of the MPPC intensity reader[0m
[1;31m2024-01-26 17:16:43.934 ERROR    [AcquisitionClass.py:530] Voltage saturation of the MPPC fluorescence reader[0m
[36m2024-01-26 17:17:29.754 INFO     [AcquisitionClass.py:630] Shutting down all LEDs for 1 seconds[0m
[36m2024-01-26 17:17:29.754 INFO     [AcquisitionClass.py:366] Did not start analog generator, check generator_analog_channels[0m
[36m2024-01-26 17:17:29.754 INFO     [AcquisitionClass.py:371] Did not start digital generator, check generator_analog_channels[0m
