[32m2024-01-26 17:49:31.852 DEBUG    [AcquisitionClass.py:125] 1000[0m
[32m2024-01-26 17:49:31.852 DEBUG    [AcquisitionClass.py:126] 1.0[0m
[32m2024-01-26 17:49:31.853 DEBUG    [AcquisitionClass.py:127] 10000[0m
[32m2024-01-26 17:49:31.853 DEBUG    [AcquisitionClass.py:128] 10[0m
[32m2024-01-26 17:49:31.853 DEBUG    [AcquisitionClass.py:129] 10000[0m
[32m2024-01-26 17:49:31.853 DEBUG    [AcquisitionClass.py:130] 10000[0m
[32m2024-01-26 17:49:31.854 DEBUG    [AcquisitionClass.py:131] 10000[0m
[32m2024-01-26 17:49:31.854 DEBUG    [AcquisitionClass.py:113] generator_analog_channels: ['ao0', 'ao1']
generator_digital_channels: ['port0/line2']
detector_analog_channels: ['ai0', 'ai1', 'ai2', 'ai3']
detector_digital_channels: ['port0/line5', 'port0/line4', 'port0/line0']
trig_chan_generator: /Dev1/PFI12
trig_chan_generator_edge: RISING
trig_chan_detector: /Dev1/PFI12
trig_chan_detector_edge: RISING
trig_chan: Dev1/Ctr0
excitation_frequency: 10
amplitude: 0.2
offset: 1
phase_shift: 0
num_period: 10
points_per_period: 1000
window: 5
number_of_cycles: 100000
pre_illumination: 30
writing_samples: 10000
p: <alienlab.plot.PlotFigure object at 0x000001B30DE90760>
cop: <alienlab.plot.PlotFigure object at 0x000001B30DE90730>
g: <alienlab.plot.ShowFigure object at 0x000001B30DC5FBB0>
reading_samples: 10000
acq_time: 1.0
writing_rate: 10000
sample_rate: 10000
trigger_frequency: 10[0m
[36m2024-01-26 17:49:31.854 INFO     [AcquisitionClass.py:630] Shutting down all LEDs for 3 seconds[0m
[32m2024-01-26 17:49:52.602 DEBUG    [DC4100_LED.py:69] Serial<id=0x248d31b1d90, open=True>(port='COM5', baudrate=115200, bytesize=8, parity='N', stopbits=1, timeout=0.1, xonxoff=0, rtscts=0, dsrdtr=False)[0m
[32m2024-01-26 17:49:52.603 DEBUG    [DC4100_LED.py:89] DC4100: Sending o 0 0[0m
[32m2024-01-26 17:49:52.712 DEBUG    [DC4100_LED.py:92] DC4100: Received b''[0m
[32m2024-01-26 17:49:52.712 DEBUG    [DC4100_LED.py:89] DC4100: Sending o 1 0[0m
[32m2024-01-26 17:49:52.822 DEBUG    [DC4100_LED.py:92] DC4100: Received b''[0m
[32m2024-01-26 17:49:52.822 DEBUG    [DC4100_LED.py:89] DC4100: Sending o 2 0[0m
[32m2024-01-26 17:49:52.930 DEBUG    [DC4100_LED.py:92] DC4100: Received b''[0m
[32m2024-01-26 17:49:52.930 DEBUG    [DC4100_LED.py:89] DC4100: Sending o 3 0[0m
[32m2024-01-26 17:49:53.39 DEBUG    [DC4100_LED.py:92] DC4100: Received b''[0m
[1;35m2024-01-26 17:49:53.39 CRITICAL [DC4100_LED.py:164] setting mode[0m
[32m2024-01-26 17:49:53.40 DEBUG    [DC4100_LED.py:89] DC4100: Sending m 2[0m
[32m2024-01-26 17:49:53.149 DEBUG    [DC4100_LED.py:92] DC4100: Received b''[0m
[32m2024-01-26 17:49:54.163 DEBUG    [DC4100_LED.py:89] DC4100: Sending m?[0m
[32m2024-01-26 17:49:54.165 DEBUG    [DC4100_LED.py:92] DC4100: Received b'2\r\n'[0m
[36m2024-01-26 17:49:54.165 INFO     [DC4100_LED.py:215] External Control Mode[0m
[1;35m2024-01-26 17:49:54.165 CRITICAL [DC4100_LED.py:219] 1[0m
[32m2024-01-26 17:49:54.165 DEBUG    [DC4100_LED.py:89] DC4100: Sending o 0 1[0m
[32m2024-01-26 17:49:54.271 DEBUG    [DC4100_LED.py:92] DC4100: Received b''[0m
[1;35m2024-01-26 17:49:54.271 CRITICAL [DC4100_LED.py:219] 2[0m
[32m2024-01-26 17:49:54.271 DEBUG    [DC4100_LED.py:89] DC4100: Sending o 1 1[0m
[32m2024-01-26 17:49:54.382 DEBUG    [DC4100_LED.py:92] DC4100: Received b''[0m
[1;35m2024-01-26 17:49:54.382 CRITICAL [DC4100_LED.py:219] 3[0m
[32m2024-01-26 17:49:54.382 DEBUG    [DC4100_LED.py:89] DC4100: Sending o 2 1[0m
[32m2024-01-26 17:49:54.489 DEBUG    [DC4100_LED.py:92] DC4100: Received b''[0m
[1;35m2024-01-26 17:49:54.489 CRITICAL [DC4100_LED.py:219] 4[0m
[32m2024-01-26 17:49:54.489 DEBUG    [DC4100_LED.py:89] DC4100: Sending o 3 1[0m
[32m2024-01-26 17:49:54.598 DEBUG    [DC4100_LED.py:92] DC4100: Received b''[0m
[32m2024-01-26 17:49:54.598 DEBUG    [DC4100_LED.py:89] DC4100: Sending o 1 1[0m
[32m2024-01-26 17:49:54.707 DEBUG    [DC4100_LED.py:92] DC4100: Received b''[0m
[32m2024-01-26 17:49:54.707 DEBUG    [DC4100_LED.py:89] DC4100: Sending l 1 1000[0m
[32m2024-01-26 17:49:54.816 DEBUG    [DC4100_LED.py:92] DC4100: Received b''[0m
[32m2024-01-26 17:49:54.816 DEBUG    [DC4100_LED.py:89] DC4100: Sending o 2 0[0m
[32m2024-01-26 17:49:54.925 DEBUG    [DC4100_LED.py:92] DC4100: Received b''[0m
[32m2024-01-26 17:49:54.925 DEBUG    [DC4100_LED.py:89] DC4100: Sending o 3 0[0m
[32m2024-01-26 17:49:55.34 DEBUG    [DC4100_LED.py:92] DC4100: Received b''[0m
[32m2024-01-26 17:49:55.34 DEBUG    [DC4100_LED.py:89] DC4100: Sending o 0 0[0m
[32m2024-01-26 17:49:55.144 DEBUG    [DC4100_LED.py:92] DC4100: Received b''[0m
[32m2024-01-26 17:49:56.641 DEBUG    [AcquisitionClass.py:125] 1000[0m
[32m2024-01-26 17:49:56.641 DEBUG    [AcquisitionClass.py:126] 1.0[0m
[32m2024-01-26 17:49:56.642 DEBUG    [AcquisitionClass.py:127] 10000[0m
[32m2024-01-26 17:49:56.642 DEBUG    [AcquisitionClass.py:128] 10[0m
[32m2024-01-26 17:49:56.642 DEBUG    [AcquisitionClass.py:129] 10000[0m
[32m2024-01-26 17:49:56.642 DEBUG    [AcquisitionClass.py:130] 10000[0m
[32m2024-01-26 17:49:56.643 DEBUG    [AcquisitionClass.py:131] 10000[0m
[32m2024-01-26 17:50:21.868 DEBUG    [AcquisitionClass.py:125] 1000[0m
[32m2024-01-26 17:50:21.868 DEBUG    [AcquisitionClass.py:126] 1.0[0m
[32m2024-01-26 17:50:21.868 DEBUG    [AcquisitionClass.py:127] 10000[0m
[32m2024-01-26 17:50:21.869 DEBUG    [AcquisitionClass.py:128] 10[0m
[32m2024-01-26 17:50:21.869 DEBUG    [AcquisitionClass.py:129] 10000[0m
[32m2024-01-26 17:50:21.869 DEBUG    [AcquisitionClass.py:130] 10000[0m
[32m2024-01-26 17:50:21.869 DEBUG    [AcquisitionClass.py:131] 10000[0m
[36m2024-01-26 17:50:23.345 INFO     [AcquisitionClass.py:517] frequency: 10.000 
 amplitude 0.200 
 offset 1.000  
 acquisiton time 300.000 
 points per period 1000.000 
 number of periods 10.000[0m
[36m2024-01-26 17:55:23.627 INFO     [AcquisitionClass.py:630] Shutting down all LEDs for 1 seconds[0m
[36m2024-01-26 17:55:23.705 INFO     [AcquisitionClass.py:371] Did not start digital generator, check generator_analog_channels[0m
