[32m2024-01-26 18:00:13.342 DEBUG    [DC4100_LED.py:69] Serial<id=0x24fc18379d0, open=True>(port='COM5', baudrate=115200, bytesize=8, parity='N', stopbits=1, timeout=0.1, xonxoff=0, rtscts=0, dsrdtr=False)[0m
[32m2024-01-26 18:00:13.343 DEBUG    [DC4100_LED.py:89] DC4100: Sending o 0 0[0m
[32m2024-01-26 18:00:13.450 DEBUG    [DC4100_LED.py:92] DC4100: Received b''[0m
[32m2024-01-26 18:00:13.450 DEBUG    [DC4100_LED.py:89] DC4100: Sending o 1 0[0m
[32m2024-01-26 18:00:13.558 DEBUG    [DC4100_LED.py:92] DC4100: Received b''[0m
[32m2024-01-26 18:00:13.558 DEBUG    [DC4100_LED.py:89] DC4100: Sending o 2 0[0m
[32m2024-01-26 18:00:13.682 DEBUG    [DC4100_LED.py:92] DC4100: Received b''[0m
[32m2024-01-26 18:00:13.682 DEBUG    [DC4100_LED.py:89] DC4100: Sending o 3 0[0m
[32m2024-01-26 18:00:13.791 DEBUG    [DC4100_LED.py:92] DC4100: Received b''[0m
[1;35m2024-01-26 18:00:13.791 CRITICAL [DC4100_LED.py:164] setting mode[0m
[32m2024-01-26 18:00:13.791 DEBUG    [DC4100_LED.py:89] DC4100: Sending m 2[0m
[32m2024-01-26 18:00:13.900 DEBUG    [DC4100_LED.py:92] DC4100: Received b''[0m
[32m2024-01-26 18:00:14.900 DEBUG    [DC4100_LED.py:89] DC4100: Sending m?[0m
[32m2024-01-26 18:00:14.902 DEBUG    [DC4100_LED.py:92] DC4100: Received b'2\r\n'[0m
[36m2024-01-26 18:00:14.902 INFO     [DC4100_LED.py:215] External Control Mode[0m
[1;35m2024-01-26 18:00:14.902 CRITICAL [DC4100_LED.py:219] 1[0m
[32m2024-01-26 18:00:14.902 DEBUG    [DC4100_LED.py:89] DC4100: Sending o 0 1[0m
[32m2024-01-26 18:00:15.9 DEBUG    [DC4100_LED.py:92] DC4100: Received b''[0m
[1;35m2024-01-26 18:00:15.9 CRITICAL [DC4100_LED.py:219] 2[0m
[32m2024-01-26 18:00:15.9 DEBUG    [DC4100_LED.py:89] DC4100: Sending o 1 1[0m
[32m2024-01-26 18:00:15.117 DEBUG    [DC4100_LED.py:92] DC4100: Received b''[0m
[1;35m2024-01-26 18:00:15.117 CRITICAL [DC4100_LED.py:219] 3[0m
[32m2024-01-26 18:00:15.117 DEBUG    [DC4100_LED.py:89] DC4100: Sending o 2 1[0m
[32m2024-01-26 18:00:15.226 DEBUG    [DC4100_LED.py:92] DC4100: Received b''[0m
[1;35m2024-01-26 18:00:15.226 CRITICAL [DC4100_LED.py:219] 4[0m
[32m2024-01-26 18:00:15.226 DEBUG    [DC4100_LED.py:89] DC4100: Sending o 3 1[0m
[32m2024-01-26 18:00:15.334 DEBUG    [DC4100_LED.py:92] DC4100: Received b''[0m
[32m2024-01-26 18:00:15.334 DEBUG    [DC4100_LED.py:89] DC4100: Sending o 1 1[0m
[32m2024-01-26 18:00:15.444 DEBUG    [DC4100_LED.py:92] DC4100: Received b''[0m
[32m2024-01-26 18:00:15.444 DEBUG    [DC4100_LED.py:89] DC4100: Sending l 1 1000[0m
[32m2024-01-26 18:00:15.553 DEBUG    [DC4100_LED.py:92] DC4100: Received b''[0m
[32m2024-01-26 18:00:15.553 DEBUG    [DC4100_LED.py:89] DC4100: Sending o 2 0[0m
[32m2024-01-26 18:00:15.663 DEBUG    [DC4100_LED.py:92] DC4100: Received b''[0m
[32m2024-01-26 18:00:15.663 DEBUG    [DC4100_LED.py:89] DC4100: Sending o 3 0[0m
[32m2024-01-26 18:00:15.773 DEBUG    [DC4100_LED.py:92] DC4100: Received b''[0m
[32m2024-01-26 18:00:15.773 DEBUG    [DC4100_LED.py:89] DC4100: Sending o 0 0[0m
[32m2024-01-26 18:00:15.882 DEBUG    [DC4100_LED.py:92] DC4100: Received b''[0m
[32m2024-01-26 18:00:17.383 DEBUG    [AcquisitionClass.py:125] 1000[0m
[32m2024-01-26 18:00:17.383 DEBUG    [AcquisitionClass.py:126] 1.0[0m
[32m2024-01-26 18:00:17.384 DEBUG    [AcquisitionClass.py:127] 10000[0m
[32m2024-01-26 18:00:17.384 DEBUG    [AcquisitionClass.py:128] 10[0m
[32m2024-01-26 18:00:17.384 DEBUG    [AcquisitionClass.py:129] 10000[0m
[32m2024-01-26 18:00:17.384 DEBUG    [AcquisitionClass.py:130] 10000[0m
[32m2024-01-26 18:00:17.385 DEBUG    [AcquisitionClass.py:131] 10000[0m
[32m2024-01-26 18:00:32.525 DEBUG    [AcquisitionClass.py:125] 1000[0m
[32m2024-01-26 18:00:32.525 DEBUG    [AcquisitionClass.py:126] 1.0[0m
[32m2024-01-26 18:00:32.525 DEBUG    [AcquisitionClass.py:127] 10000[0m
[32m2024-01-26 18:00:32.526 DEBUG    [AcquisitionClass.py:128] 10[0m
[32m2024-01-26 18:00:32.526 DEBUG    [AcquisitionClass.py:129] 10000[0m
[32m2024-01-26 18:00:32.526 DEBUG    [AcquisitionClass.py:130] 10000[0m
[32m2024-01-26 18:00:32.526 DEBUG    [AcquisitionClass.py:131] 10000[0m
[36m2024-01-26 18:00:34.3 INFO     [AcquisitionClass.py:517] frequency: 10.000 
 amplitude 0.200 
 offset 1.000  
 acquisiton time 20.000 
 points per period 1000.000 
 number of periods 10.000[0m
[36m2024-01-26 18:00:54.191 INFO     [AcquisitionClass.py:630] Shutting down all LEDs for 1 seconds[0m
[36m2024-01-26 18:00:54.268 INFO     [AcquisitionClass.py:371] Did not start digital generator, check generator_analog_channels[0m
[36m2024-01-26 18:00:57.97 INFO     [AcquisitionClass.py:517] frequency: 10.000 
 amplitude 0.200 
 offset 1.000  
 acquisiton time 20.000 
 points per period 1000.000 
 number of periods 10.000[0m
[36m2024-01-26 18:01:17.277 INFO     [AcquisitionClass.py:630] Shutting down all LEDs for 1 seconds[0m
[36m2024-01-26 18:01:17.355 INFO     [AcquisitionClass.py:371] Did not start digital generator, check generator_analog_channels[0m
[36m2024-01-26 18:01:20.118 INFO     [AcquisitionClass.py:517] frequency: 10.000 
 amplitude 0.200 
 offset 1.000  
 acquisiton time 20.000 
 points per period 1000.000 
 number of periods 10.000[0m
[36m2024-01-26 18:01:40.304 INFO     [AcquisitionClass.py:630] Shutting down all LEDs for 1 seconds[0m
[36m2024-01-26 18:01:40.382 INFO     [AcquisitionClass.py:371] Did not start digital generator, check generator_analog_channels[0m
[36m2024-01-26 18:01:43.193 INFO     [AcquisitionClass.py:517] frequency: 10.000 
 amplitude 0.200 
 offset 1.000  
 acquisiton time 20.000 
 points per period 1000.000 
 number of periods 10.000[0m
[36m2024-01-26 18:02:03.373 INFO     [AcquisitionClass.py:630] Shutting down all LEDs for 1 seconds[0m
[36m2024-01-26 18:02:03.451 INFO     [AcquisitionClass.py:371] Did not start digital generator, check generator_analog_channels[0m
[36m2024-01-26 18:02:06.248 INFO     [AcquisitionClass.py:517] frequency: 10.000 
 amplitude 0.200 
 offset 1.000  
 acquisiton time 20.000 
 points per period 1000.000 
 number of periods 10.000[0m
[36m2024-01-26 18:02:26.432 INFO     [AcquisitionClass.py:630] Shutting down all LEDs for 1 seconds[0m
[36m2024-01-26 18:02:26.510 INFO     [AcquisitionClass.py:371] Did not start digital generator, check generator_analog_channels[0m
[36m2024-01-26 18:02:29.365 INFO     [AcquisitionClass.py:517] frequency: 10.000 
 amplitude 0.200 
 offset 1.000  
 acquisiton time 20.000 
 points per period 1000.000 
 number of periods 10.000[0m
