[32m2024-01-25 15:52:05.757 DEBUG    [DC4100_LED.py:69] Serial<id=0x27c65d94c10, open=True>(port='COM5', baudrate=115200, bytesize=8, parity='N', stopbits=1, timeout=0.1, xonxoff=0, rtscts=0, dsrdtr=False)[0m
[32m2024-01-25 15:52:05.757 DEBUG    [DC4100_LED.py:89] DC4100: Sending o 0 0[0m
[32m2024-01-25 15:52:05.868 DEBUG    [DC4100_LED.py:92] DC4100: Received b''[0m
[32m2024-01-25 15:52:05.868 DEBUG    [DC4100_LED.py:89] DC4100: Sending o 1 0[0m
[32m2024-01-25 15:52:05.979 DEBUG    [DC4100_LED.py:92] DC4100: Received b''[0m
[32m2024-01-25 15:52:05.979 DEBUG    [DC4100_LED.py:89] DC4100: Sending o 2 0[0m
[32m2024-01-25 15:52:06.89 DEBUG    [DC4100_LED.py:92] DC4100: Received b''[0m
[32m2024-01-25 15:52:06.89 DEBUG    [DC4100_LED.py:89] DC4100: Sending o 3 0[0m
[32m2024-01-25 15:52:06.198 DEBUG    [DC4100_LED.py:92] DC4100: Received b''[0m
[1;35m2024-01-25 15:52:06.198 CRITICAL [DC4100_LED.py:164] setting mode[0m
[32m2024-01-25 15:52:06.198 DEBUG    [DC4100_LED.py:89] DC4100: Sending m 2[0m
[32m2024-01-25 15:52:06.309 DEBUG    [DC4100_LED.py:92] DC4100: Received b''[0m
[32m2024-01-25 15:52:07.312 DEBUG    [DC4100_LED.py:89] DC4100: Sending m?[0m
[32m2024-01-25 15:52:07.314 DEBUG    [DC4100_LED.py:92] DC4100: Received b'2\r\n'[0m
[36m2024-01-25 15:52:07.314 INFO     [DC4100_LED.py:215] External Control Mode[0m
[1;35m2024-01-25 15:52:07.314 CRITICAL [DC4100_LED.py:219] 1[0m
[32m2024-01-25 15:52:07.314 DEBUG    [DC4100_LED.py:89] DC4100: Sending o 0 1[0m
[32m2024-01-25 15:52:07.420 DEBUG    [DC4100_LED.py:92] DC4100: Received b''[0m
[1;35m2024-01-25 15:52:07.420 CRITICAL [DC4100_LED.py:219] 2[0m
[32m2024-01-25 15:52:07.420 DEBUG    [DC4100_LED.py:89] DC4100: Sending o 1 1[0m
[32m2024-01-25 15:52:07.530 DEBUG    [DC4100_LED.py:92] DC4100: Received b''[0m
[1;35m2024-01-25 15:52:07.530 CRITICAL [DC4100_LED.py:219] 3[0m
[32m2024-01-25 15:52:07.530 DEBUG    [DC4100_LED.py:89] DC4100: Sending o 2 1[0m
[32m2024-01-25 15:52:07.641 DEBUG    [DC4100_LED.py:92] DC4100: Received b''[0m
[1;35m2024-01-25 15:52:07.641 CRITICAL [DC4100_LED.py:219] 4[0m
[32m2024-01-25 15:52:07.641 DEBUG    [DC4100_LED.py:89] DC4100: Sending o 3 1[0m
[32m2024-01-25 15:52:07.749 DEBUG    [DC4100_LED.py:92] DC4100: Received b''[0m
[32m2024-01-25 15:52:07.749 DEBUG    [DC4100_LED.py:89] DC4100: Sending o 1 1[0m
[32m2024-01-25 15:52:07.857 DEBUG    [DC4100_LED.py:92] DC4100: Received b''[0m
[32m2024-01-25 15:52:07.857 DEBUG    [DC4100_LED.py:89] DC4100: Sending l 1 450[0m
[32m2024-01-25 15:52:07.966 DEBUG    [DC4100_LED.py:92] DC4100: Received b''[0m
[32m2024-01-25 15:52:07.966 DEBUG    [DC4100_LED.py:89] DC4100: Sending o 2 1[0m
[32m2024-01-25 15:52:08.76 DEBUG    [DC4100_LED.py:92] DC4100: Received b''[0m
[32m2024-01-25 15:52:08.76 DEBUG    [DC4100_LED.py:89] DC4100: Sending l 2 10[0m
[32m2024-01-25 15:52:08.186 DEBUG    [DC4100_LED.py:92] DC4100: Received b''[0m
[32m2024-01-25 15:52:08.186 DEBUG    [DC4100_LED.py:89] DC4100: Sending o 3 1[0m
[32m2024-01-25 15:52:08.294 DEBUG    [DC4100_LED.py:92] DC4100: Received b''[0m
[32m2024-01-25 15:52:08.294 DEBUG    [DC4100_LED.py:89] DC4100: Sending l 3 10[0m
[32m2024-01-25 15:52:08.406 DEBUG    [DC4100_LED.py:92] DC4100: Received b''[0m
[32m2024-01-25 15:52:08.406 DEBUG    [DC4100_LED.py:89] DC4100: Sending o 0 1[0m
[32m2024-01-25 15:52:08.516 DEBUG    [DC4100_LED.py:92] DC4100: Received b''[0m
[32m2024-01-25 15:52:08.516 DEBUG    [DC4100_LED.py:89] DC4100: Sending l 0 500[0m
[32m2024-01-25 15:52:08.625 DEBUG    [DC4100_LED.py:92] DC4100: Received b''[0m
[32m2024-01-25 15:52:09.787 DEBUG    [AcquisitionClass.py:125] 1000[0m
[32m2024-01-25 15:52:09.787 DEBUG    [AcquisitionClass.py:126] 1.0[0m
[32m2024-01-25 15:52:09.788 DEBUG    [AcquisitionClass.py:127] 10000[0m
[32m2024-01-25 15:52:09.788 DEBUG    [AcquisitionClass.py:128] 10[0m
[32m2024-01-25 15:52:09.788 DEBUG    [AcquisitionClass.py:129] 10000[0m
[32m2024-01-25 15:52:09.788 DEBUG    [AcquisitionClass.py:130] 10000[0m
[32m2024-01-25 15:52:09.789 DEBUG    [AcquisitionClass.py:131] 10000[0m
[36m2024-01-25 15:53:09.333 INFO     [AcquisitionClass.py:517] frequency: 10.000 
 amplitude 0.200 
 offset 1.000  
 acquisiton time 14652.000 
 points per period 1000.000 
 number of periods 10.000[0m
